ARM GAS  C:\Users\karthik\AppData\Local\Temp\ccPoGzcx.s 			page 1


   1              		.syntax unified
   2              		.cpu cortex-m3
   3              		.fpu softvfp
   4              		.eabi_attribute 20, 1
   5              		.eabi_attribute 21, 1
   6              		.eabi_attribute 23, 3
   7              		.eabi_attribute 24, 1
   8              		.eabi_attribute 25, 1
   9              		.eabi_attribute 26, 1
  10              		.eabi_attribute 30, 1
  11              		.eabi_attribute 34, 1
  12              		.eabi_attribute 18, 4
  13              		.thumb
  14              		.syntax unified
  15              		.file	"main.c"
  16              		.text
  17              	.Ltext0:
  18              		.cfi_sections	.debug_frame
  19              		.section	.text.sendHexBytes,"ax",%progbits
  20              		.align	2
  21              		.global	sendHexBytes
  22              		.thumb
  23              		.thumb_func
  24              		.type	sendHexBytes, %function
  25              	sendHexBytes:
  26              	.LFB64:
  27              		.file 1 "main.c"
   1:main.c        **** #include <project.h>
   2:main.c        **** #include <stdio.h>
   3:main.c        **** #include <math.h>
   4:main.c        **** 
   5:main.c        **** typedef union {
   6:main.c        ****     float f;
   7:main.c        ****     uint8_t bytes[4];
   8:main.c        **** } FloatUnion;
   9:main.c        **** 
  10:main.c        **** char txBuffer[128];
  11:main.c        **** 
  12:main.c        **** void sendHexBytes(uint8_t *data, uint8_t len) {
  28              		.loc 1 12 0
  29              		.cfi_startproc
  30              		@ args = 0, pretend = 0, frame = 0
  31              		@ frame_needed = 0, uses_anonymous_args = 0
  32              	.LVL0:
  33 0000 F8B5     		push	{r3, r4, r5, r6, r7, lr}
  34              		.cfi_def_cfa_offset 24
  35              		.cfi_offset 3, -24
  36              		.cfi_offset 4, -20
  37              		.cfi_offset 5, -16
  38              		.cfi_offset 6, -12
  39              		.cfi_offset 7, -8
  40              		.cfi_offset 14, -4
  41 0002 0746     		mov	r7, r0
  42 0004 0E46     		mov	r6, r1
  43              	.LVL1:
  44              	.LBB2:
  13:main.c        ****     for (uint8_t i = 0; i < len; i++) {
ARM GAS  C:\Users\karthik\AppData\Local\Temp\ccPoGzcx.s 			page 2


  45              		.loc 1 13 0
  46 0006 0024     		movs	r4, #0
  47 0008 0AE0     		b	.L2
  48              	.LVL2:
  49              	.L3:
  14:main.c        ****         sprintf(txBuffer, "0x%02X ", data[i]);
  50              		.loc 1 14 0 discriminator 3
  51 000a 084D     		ldr	r5, .L5
  52 000c 3A5D     		ldrb	r2, [r7, r4]	@ zero_extendqisi2
  53 000e 0849     		ldr	r1, .L5+4
  54 0010 2846     		mov	r0, r5
  55 0012 FFF7FEFF 		bl	sprintf
  56              	.LVL3:
  15:main.c        ****         UART_PutString(txBuffer);
  57              		.loc 1 15 0 discriminator 3
  58 0016 2846     		mov	r0, r5
  59 0018 FFF7FEFF 		bl	UART_PutString
  60              	.LVL4:
  13:main.c        ****     for (uint8_t i = 0; i < len; i++) {
  61              		.loc 1 13 0 discriminator 3
  62 001c 0134     		adds	r4, r4, #1
  63              	.LVL5:
  64 001e E4B2     		uxtb	r4, r4
  65              	.LVL6:
  66              	.L2:
  13:main.c        ****     for (uint8_t i = 0; i < len; i++) {
  67              		.loc 1 13 0 is_stmt 0 discriminator 1
  68 0020 B442     		cmp	r4, r6
  69 0022 F2D3     		bcc	.L3
  70              	.LBE2:
  16:main.c        ****     }
  17:main.c        ****     UART_PutString("\r\n");
  71              		.loc 1 17 0 is_stmt 1
  72 0024 0348     		ldr	r0, .L5+8
  73 0026 FFF7FEFF 		bl	UART_PutString
  74              	.LVL7:
  75 002a F8BD     		pop	{r3, r4, r5, r6, r7, pc}
  76              	.LVL8:
  77              	.L6:
  78              		.align	2
  79              	.L5:
  80 002c 00000000 		.word	txBuffer
  81 0030 00000000 		.word	.LC0
  82 0034 08000000 		.word	.LC1
  83              		.cfi_endproc
  84              	.LFE64:
  85              		.size	sendHexBytes, .-sendHexBytes
  86              		.global	__aeabi_f2iz
  87              		.global	__aeabi_i2f
  88              		.global	__aeabi_fsub
  89              		.global	__aeabi_f2d
  90              		.global	__aeabi_dmul
  91              		.global	__aeabi_d2iz
  92              		.section	.text.sendFloatFormatted,"ax",%progbits
  93              		.align	2
  94              		.global	sendFloatFormatted
  95              		.thumb
ARM GAS  C:\Users\karthik\AppData\Local\Temp\ccPoGzcx.s 			page 3


  96              		.thumb_func
  97              		.type	sendFloatFormatted, %function
  98              	sendFloatFormatted:
  99              	.LFB65:
  18:main.c        **** }
  19:main.c        **** 
  20:main.c        **** void sendFloatFormatted(const char *label, float value) {
 100              		.loc 1 20 0
 101              		.cfi_startproc
 102              		@ args = 0, pretend = 0, frame = 0
 103              		@ frame_needed = 0, uses_anonymous_args = 0
 104              	.LVL9:
 105 0000 70B5     		push	{r4, r5, r6, lr}
 106              		.cfi_def_cfa_offset 16
 107              		.cfi_offset 4, -16
 108              		.cfi_offset 5, -12
 109              		.cfi_offset 6, -8
 110              		.cfi_offset 14, -4
 111 0002 82B0     		sub	sp, sp, #8
 112              		.cfi_def_cfa_offset 24
 113 0004 0546     		mov	r5, r0
 114 0006 0C46     		mov	r4, r1
  21:main.c        ****     int whole = (int)value;
 115              		.loc 1 21 0
 116 0008 0846     		mov	r0, r1
 117              	.LVL10:
 118 000a FFF7FEFF 		bl	__aeabi_f2iz
 119              	.LVL11:
 120 000e 0646     		mov	r6, r0
 121              	.LVL12:
  22:main.c        ****     int frac = (int)((fabs(value - whole)) * 100);
 122              		.loc 1 22 0
 123 0010 FFF7FEFF 		bl	__aeabi_i2f
 124              	.LVL13:
 125 0014 0146     		mov	r1, r0
 126 0016 2046     		mov	r0, r4
 127 0018 FFF7FEFF 		bl	__aeabi_fsub
 128              	.LVL14:
 129 001c 20F00040 		bic	r0, r0, #-2147483648
 130 0020 FFF7FEFF 		bl	__aeabi_f2d
 131              	.LVL15:
 132 0024 0022     		movs	r2, #0
 133 0026 094B     		ldr	r3, .L9
 134 0028 FFF7FEFF 		bl	__aeabi_dmul
 135              	.LVL16:
 136 002c FFF7FEFF 		bl	__aeabi_d2iz
 137              	.LVL17:
  23:main.c        ****     sprintf(txBuffer, "%s: %d.%02d\r\n", label, whole, frac);
 138              		.loc 1 23 0
 139 0030 074C     		ldr	r4, .L9+4
 140              	.LVL18:
 141 0032 0090     		str	r0, [sp]
 142 0034 3346     		mov	r3, r6
 143 0036 2A46     		mov	r2, r5
 144 0038 0649     		ldr	r1, .L9+8
 145 003a 2046     		mov	r0, r4
 146              	.LVL19:
ARM GAS  C:\Users\karthik\AppData\Local\Temp\ccPoGzcx.s 			page 4


 147 003c FFF7FEFF 		bl	sprintf
 148              	.LVL20:
  24:main.c        ****     UART_PutString(txBuffer);
 149              		.loc 1 24 0
 150 0040 2046     		mov	r0, r4
 151 0042 FFF7FEFF 		bl	UART_PutString
 152              	.LVL21:
  25:main.c        **** }
 153              		.loc 1 25 0
 154 0046 02B0     		add	sp, sp, #8
 155              		.cfi_def_cfa_offset 16
 156              		@ sp needed
 157 0048 70BD     		pop	{r4, r5, r6, pc}
 158              	.LVL22:
 159              	.L10:
 160 004a 00BF     		.align	2
 161              	.L9:
 162 004c 00005940 		.word	1079574528
 163 0050 00000000 		.word	txBuffer
 164 0054 0C000000 		.word	.LC2
 165              		.cfi_endproc
 166              	.LFE65:
 167              		.size	sendFloatFormatted, .-sendFloatFormatted
 168              		.global	__aeabi_fadd
 169              		.global	__aeabi_fcmpgt
 170              		.section	.text.main,"ax",%progbits
 171              		.align	2
 172              		.global	main
 173              		.thumb
 174              		.thumb_func
 175              		.type	main, %function
 176              	main:
 177              	.LFB66:
  26:main.c        **** 
  27:main.c        **** int main(void) {
 178              		.loc 1 27 0
 179              		.cfi_startproc
 180              		@ args = 0, pretend = 0, frame = 8
 181              		@ frame_needed = 0, uses_anonymous_args = 0
 182 0000 30B5     		push	{r4, r5, lr}
 183              		.cfi_def_cfa_offset 12
 184              		.cfi_offset 4, -12
 185              		.cfi_offset 5, -8
 186              		.cfi_offset 14, -4
 187 0002 83B0     		sub	sp, sp, #12
 188              		.cfi_def_cfa_offset 24
  28:main.c        ****     CyGlobalIntEnable;
 189              		.loc 1 28 0
 190              		.syntax unified
 191              	@ 28 "main.c" 1
 192 0004 62B6     		CPSIE   i
 193              	@ 0 "" 2
  29:main.c        ****     UART_Start();
 194              		.loc 1 29 0
 195              		.thumb
 196              		.syntax unified
 197 0006 FFF7FEFF 		bl	UART_Start
ARM GAS  C:\Users\karthik\AppData\Local\Temp\ccPoGzcx.s 			page 5


 198              	.LVL23:
  30:main.c        **** 
  31:main.c        ****     float angle = -30.5f;  // Starting value
 199              		.loc 1 31 0
 200 000a 184C     		ldr	r4, .L18
 201              	.LVL24:
 202              	.L15:
  32:main.c        ****     FloatUnion original;
  33:main.c        ****     FloatUnion reconstructed;
  34:main.c        **** 
  35:main.c        ****     for (;;) {
  36:main.c        ****         // Simulate changing sensor reading
  37:main.c        ****         original.f = angle;
 203              		.loc 1 37 0
 204 000c 02AD     		add	r5, sp, #8
 205 000e 45F8044D 		str	r4, [r5, #-4]!	@ float
  38:main.c        **** 
  39:main.c        ****         // Break into bytes and send
  40:main.c        ****         sendFloatFormatted("Original", original.f);
 206              		.loc 1 40 0
 207 0012 2146     		mov	r1, r4
 208 0014 1648     		ldr	r0, .L18+4
 209 0016 FFF7FEFF 		bl	sendFloatFormatted
 210              	.LVL25:
  41:main.c        ****         UART_PutString("Bytes: ");
 211              		.loc 1 41 0
 212 001a 1648     		ldr	r0, .L18+8
 213 001c FFF7FEFF 		bl	UART_PutString
 214              	.LVL26:
  42:main.c        ****         sendHexBytes(original.bytes, 4);
 215              		.loc 1 42 0
 216 0020 0421     		movs	r1, #4
 217 0022 2846     		mov	r0, r5
 218 0024 FFF7FEFF 		bl	sendHexBytes
 219              	.LVL27:
 220              	.LBB3:
  43:main.c        **** 
  44:main.c        ****         // Simulate sending and receiving the same bytes
  45:main.c        ****         for (int i = 0; i < 4; i++) {
 221              		.loc 1 45 0
 222 0028 0023     		movs	r3, #0
 223 002a 06E0     		b	.L12
 224              	.LVL28:
 225              	.L13:
  46:main.c        ****             reconstructed.bytes[i] = original.bytes[i];
 226              		.loc 1 46 0 discriminator 3
 227 002c 02AA     		add	r2, sp, #8
 228 002e 1A44     		add	r2, r2, r3
 229 0030 12F8041C 		ldrb	r1, [r2, #-4]	@ zero_extendqisi2
 230 0034 02F8081C 		strb	r1, [r2, #-8]
  45:main.c        ****             reconstructed.bytes[i] = original.bytes[i];
 231              		.loc 1 45 0 discriminator 3
 232 0038 0133     		adds	r3, r3, #1
 233              	.LVL29:
 234              	.L12:
  45:main.c        ****             reconstructed.bytes[i] = original.bytes[i];
 235              		.loc 1 45 0 is_stmt 0 discriminator 1
ARM GAS  C:\Users\karthik\AppData\Local\Temp\ccPoGzcx.s 			page 6


 236 003a 032B     		cmp	r3, #3
 237 003c F6DD     		ble	.L13
 238              	.LBE3:
  47:main.c        ****         }
  48:main.c        **** 
  49:main.c        ****         // Send reconstructed float
  50:main.c        ****         sendFloatFormatted("Reconstructed", reconstructed.f);
 239              		.loc 1 50 0 is_stmt 1
 240 003e 0099     		ldr	r1, [sp]	@ float
 241 0040 0D48     		ldr	r0, .L18+12
 242 0042 FFF7FEFF 		bl	sendFloatFormatted
 243              	.LVL30:
  51:main.c        **** 
  52:main.c        ****         UART_PutString("-------------------------\r\n");
 244              		.loc 1 52 0
 245 0046 0D48     		ldr	r0, .L18+16
 246 0048 FFF7FEFF 		bl	UART_PutString
 247              	.LVL31:
  53:main.c        **** 
  54:main.c        ****         angle += 0.5f;  // Simulate reading change
 248              		.loc 1 54 0
 249 004c 4FF07C51 		mov	r1, #1056964608
 250 0050 2046     		mov	r0, r4
 251 0052 FFF7FEFF 		bl	__aeabi_fadd
 252              	.LVL32:
 253 0056 0446     		mov	r4, r0
 254              	.LVL33:
  55:main.c        ****         if (angle > 30.0f) angle = -30.0f;  // Cycle
 255              		.loc 1 55 0
 256 0058 0949     		ldr	r1, .L18+20
 257 005a FFF7FEFF 		bl	__aeabi_fcmpgt
 258              	.LVL34:
 259 005e 00B1     		cbz	r0, .L14
 260 0060 084C     		ldr	r4, .L18+24
 261              	.LVL35:
 262              	.L14:
  56:main.c        **** 
  57:main.c        ****         CyDelay(1000);
 263              		.loc 1 57 0
 264 0062 4FF47A70 		mov	r0, #1000
 265 0066 FFF7FEFF 		bl	CyDelay
 266              	.LVL36:
  58:main.c        ****     }
 267              		.loc 1 58 0
 268 006a CFE7     		b	.L15
 269              	.L19:
 270              		.align	2
 271              	.L18:
 272 006c 0000F4C1 		.word	-1040973824
 273 0070 1C000000 		.word	.LC3
 274 0074 28000000 		.word	.LC4
 275 0078 30000000 		.word	.LC5
 276 007c 40000000 		.word	.LC6
 277 0080 0000F041 		.word	1106247680
 278 0084 0000F0C1 		.word	-1041235968
 279              		.cfi_endproc
 280              	.LFE66:
ARM GAS  C:\Users\karthik\AppData\Local\Temp\ccPoGzcx.s 			page 7


 281              		.size	main, .-main
 282              		.comm	txBuffer,128,4
 283              		.section	.rodata.str1.4,"aMS",%progbits,1
 284              		.align	2
 285              	.LC0:
 286 0000 30782530 		.ascii	"0x%02X \000"
 286      32582000 
 287              	.LC1:
 288 0008 0D0A00   		.ascii	"\015\012\000"
 289 000b 00       		.space	1
 290              	.LC2:
 291 000c 25733A20 		.ascii	"%s: %d.%02d\015\012\000"
 291      25642E25 
 291      3032640D 
 291      0A00
 292 001a 0000     		.space	2
 293              	.LC3:
 294 001c 4F726967 		.ascii	"Original\000"
 294      696E616C 
 294      00
 295 0025 000000   		.space	3
 296              	.LC4:
 297 0028 42797465 		.ascii	"Bytes: \000"
 297      733A2000 
 298              	.LC5:
 299 0030 5265636F 		.ascii	"Reconstructed\000"
 299      6E737472 
 299      75637465 
 299      6400
 300 003e 0000     		.space	2
 301              	.LC6:
 302 0040 2D2D2D2D 		.ascii	"-------------------------\015\012\000"
 302      2D2D2D2D 
 302      2D2D2D2D 
 302      2D2D2D2D 
 302      2D2D2D2D 
 303              		.text
 304              	.Letext0:
 305              		.file 2 "c:\\program files (x86)\\cypress\\psoc creator\\4.4\\psoc creator\\import\\gnu\\arm\\5.4.
 306              		.file 3 "c:\\program files (x86)\\cypress\\psoc creator\\4.4\\psoc creator\\import\\gnu\\arm\\5.4.
 307              		.file 4 "Generated_Source\\PSoC5/core_cm3.h"
 308              		.file 5 "c:\\program files (x86)\\cypress\\psoc creator\\4.4\\psoc creator\\import\\gnu\\arm\\5.4.
 309              		.file 6 "Generated_Source\\PSoC5/UART.h"
 310              		.file 7 "Generated_Source\\PSoC5/CyLib.h"
 311              		.section	.debug_info,"",%progbits
 312              	.Ldebug_info0:
 313 0000 6E030000 		.4byte	0x36e
 314 0004 0400     		.2byte	0x4
 315 0006 00000000 		.4byte	.Ldebug_abbrev0
 316 000a 04       		.byte	0x4
 317 000b 01       		.uleb128 0x1
 318 000c 8A000000 		.4byte	.LASF36
 319 0010 0C       		.byte	0xc
 320 0011 E6010000 		.4byte	.LASF37
 321 0015 20000000 		.4byte	.LASF38
 322 0019 00000000 		.4byte	.Ldebug_ranges0+0
 323 001d 00000000 		.4byte	0
ARM GAS  C:\Users\karthik\AppData\Local\Temp\ccPoGzcx.s 			page 8


 324 0021 00000000 		.4byte	.Ldebug_line0
 325 0025 02       		.uleb128 0x2
 326 0026 04       		.byte	0x4
 327 0027 04       		.byte	0x4
 328 0028 71000000 		.4byte	.LASF0
 329 002c 02       		.uleb128 0x2
 330 002d 01       		.byte	0x1
 331 002e 06       		.byte	0x6
 332 002f 20020000 		.4byte	.LASF1
 333 0033 03       		.uleb128 0x3
 334 0034 00000000 		.4byte	.LASF5
 335 0038 02       		.byte	0x2
 336 0039 1D       		.byte	0x1d
 337 003a 3E000000 		.4byte	0x3e
 338 003e 02       		.uleb128 0x2
 339 003f 01       		.byte	0x1
 340 0040 08       		.byte	0x8
 341 0041 7C000000 		.4byte	.LASF2
 342 0045 02       		.uleb128 0x2
 343 0046 02       		.byte	0x2
 344 0047 05       		.byte	0x5
 345 0048 FB010000 		.4byte	.LASF3
 346 004c 02       		.uleb128 0x2
 347 004d 02       		.byte	0x2
 348 004e 07       		.byte	0x7
 349 004f 37010000 		.4byte	.LASF4
 350 0053 03       		.uleb128 0x3
 351 0054 10000000 		.4byte	.LASF6
 352 0058 02       		.byte	0x2
 353 0059 3F       		.byte	0x3f
 354 005a 5E000000 		.4byte	0x5e
 355 005e 02       		.uleb128 0x2
 356 005f 04       		.byte	0x4
 357 0060 05       		.byte	0x5
 358 0061 05020000 		.4byte	.LASF7
 359 0065 02       		.uleb128 0x2
 360 0066 04       		.byte	0x4
 361 0067 07       		.byte	0x7
 362 0068 25010000 		.4byte	.LASF8
 363 006c 02       		.uleb128 0x2
 364 006d 08       		.byte	0x8
 365 006e 05       		.byte	0x5
 366 006f D8010000 		.4byte	.LASF9
 367 0073 02       		.uleb128 0x2
 368 0074 08       		.byte	0x8
 369 0075 07       		.byte	0x7
 370 0076 86010000 		.4byte	.LASF10
 371 007a 04       		.uleb128 0x4
 372 007b 04       		.byte	0x4
 373 007c 05       		.byte	0x5
 374 007d 696E7400 		.ascii	"int\000"
 375 0081 02       		.uleb128 0x2
 376 0082 04       		.byte	0x4
 377 0083 07       		.byte	0x7
 378 0084 74010000 		.4byte	.LASF11
 379 0088 03       		.uleb128 0x3
 380 0089 9D010000 		.4byte	.LASF12
ARM GAS  C:\Users\karthik\AppData\Local\Temp\ccPoGzcx.s 			page 9


 381 008d 03       		.byte	0x3
 382 008e 18       		.byte	0x18
 383 008f 33000000 		.4byte	0x33
 384 0093 03       		.uleb128 0x3
 385 0094 BC010000 		.4byte	.LASF13
 386 0098 03       		.byte	0x3
 387 0099 2C       		.byte	0x2c
 388 009a 53000000 		.4byte	0x53
 389 009e 02       		.uleb128 0x2
 390 009f 08       		.byte	0x8
 391 00a0 04       		.byte	0x4
 392 00a1 68010000 		.4byte	.LASF14
 393 00a5 02       		.uleb128 0x2
 394 00a6 01       		.byte	0x1
 395 00a7 08       		.byte	0x8
 396 00a8 ED010000 		.4byte	.LASF15
 397 00ac 02       		.uleb128 0x2
 398 00ad 08       		.byte	0x8
 399 00ae 04       		.byte	0x4
 400 00af 14020000 		.4byte	.LASF16
 401 00b3 02       		.uleb128 0x2
 402 00b4 04       		.byte	0x4
 403 00b5 07       		.byte	0x7
 404 00b6 C4010000 		.4byte	.LASF17
 405 00ba 05       		.uleb128 0x5
 406 00bb 04       		.byte	0x4
 407 00bc C0000000 		.4byte	0xc0
 408 00c0 06       		.uleb128 0x6
 409 00c1 A5000000 		.4byte	0xa5
 410 00c5 07       		.uleb128 0x7
 411 00c6 04       		.byte	0x4
 412 00c7 01       		.byte	0x1
 413 00c8 05       		.byte	0x5
 414 00c9 E2000000 		.4byte	0xe2
 415 00cd 08       		.uleb128 0x8
 416 00ce 6600     		.ascii	"f\000"
 417 00d0 01       		.byte	0x1
 418 00d1 06       		.byte	0x6
 419 00d2 25000000 		.4byte	0x25
 420 00d6 09       		.uleb128 0x9
 421 00d7 0E020000 		.4byte	.LASF18
 422 00db 01       		.byte	0x1
 423 00dc 07       		.byte	0x7
 424 00dd E2000000 		.4byte	0xe2
 425 00e1 00       		.byte	0
 426 00e2 0A       		.uleb128 0xa
 427 00e3 88000000 		.4byte	0x88
 428 00e7 F2000000 		.4byte	0xf2
 429 00eb 0B       		.uleb128 0xb
 430 00ec B3000000 		.4byte	0xb3
 431 00f0 03       		.byte	0x3
 432 00f1 00       		.byte	0
 433 00f2 03       		.uleb128 0x3
 434 00f3 CD010000 		.4byte	.LASF19
 435 00f7 01       		.byte	0x1
 436 00f8 08       		.byte	0x8
 437 00f9 C5000000 		.4byte	0xc5
ARM GAS  C:\Users\karthik\AppData\Local\Temp\ccPoGzcx.s 			page 10


 438 00fd 0C       		.uleb128 0xc
 439 00fe 18010000 		.4byte	.LASF21
 440 0102 01       		.byte	0x1
 441 0103 0C       		.byte	0xc
 442 0104 00000000 		.4byte	.LFB64
 443 0108 38000000 		.4byte	.LFE64-.LFB64
 444 010c 01       		.uleb128 0x1
 445 010d 9C       		.byte	0x9c
 446 010e 8C010000 		.4byte	0x18c
 447 0112 0D       		.uleb128 0xd
 448 0113 77000000 		.4byte	.LASF20
 449 0117 01       		.byte	0x1
 450 0118 0C       		.byte	0xc
 451 0119 8C010000 		.4byte	0x18c
 452 011d 00000000 		.4byte	.LLST0
 453 0121 0E       		.uleb128 0xe
 454 0122 6C656E00 		.ascii	"len\000"
 455 0126 01       		.byte	0x1
 456 0127 0C       		.byte	0xc
 457 0128 88000000 		.4byte	0x88
 458 012c 2C000000 		.4byte	.LLST1
 459 0130 0F       		.uleb128 0xf
 460 0131 06000000 		.4byte	.LBB2
 461 0135 1E000000 		.4byte	.LBE2-.LBB2
 462 0139 78010000 		.4byte	0x178
 463 013d 10       		.uleb128 0x10
 464 013e 6900     		.ascii	"i\000"
 465 0140 01       		.byte	0x1
 466 0141 0D       		.byte	0xd
 467 0142 88000000 		.4byte	0x88
 468 0146 4D000000 		.4byte	.LLST2
 469 014a 11       		.uleb128 0x11
 470 014b 16000000 		.4byte	.LVL3
 471 014f 45030000 		.4byte	0x345
 472 0153 67010000 		.4byte	0x167
 473 0157 12       		.uleb128 0x12
 474 0158 01       		.uleb128 0x1
 475 0159 50       		.byte	0x50
 476 015a 02       		.uleb128 0x2
 477 015b 75       		.byte	0x75
 478 015c 00       		.sleb128 0
 479 015d 12       		.uleb128 0x12
 480 015e 01       		.uleb128 0x1
 481 015f 51       		.byte	0x51
 482 0160 05       		.uleb128 0x5
 483 0161 03       		.byte	0x3
 484 0162 00000000 		.4byte	.LC0
 485 0166 00       		.byte	0
 486 0167 13       		.uleb128 0x13
 487 0168 1C000000 		.4byte	.LVL4
 488 016c 50030000 		.4byte	0x350
 489 0170 12       		.uleb128 0x12
 490 0171 01       		.uleb128 0x1
 491 0172 50       		.byte	0x50
 492 0173 02       		.uleb128 0x2
 493 0174 75       		.byte	0x75
 494 0175 00       		.sleb128 0
ARM GAS  C:\Users\karthik\AppData\Local\Temp\ccPoGzcx.s 			page 11


 495 0176 00       		.byte	0
 496 0177 00       		.byte	0
 497 0178 13       		.uleb128 0x13
 498 0179 2A000000 		.4byte	.LVL7
 499 017d 50030000 		.4byte	0x350
 500 0181 12       		.uleb128 0x12
 501 0182 01       		.uleb128 0x1
 502 0183 50       		.byte	0x50
 503 0184 05       		.uleb128 0x5
 504 0185 03       		.byte	0x3
 505 0186 08000000 		.4byte	.LC1
 506 018a 00       		.byte	0
 507 018b 00       		.byte	0
 508 018c 05       		.uleb128 0x5
 509 018d 04       		.byte	0x4
 510 018e 88000000 		.4byte	0x88
 511 0192 14       		.uleb128 0x14
 512 0193 5E000000 		.4byte	.LASF22
 513 0197 01       		.byte	0x1
 514 0198 14       		.byte	0x14
 515 0199 00000000 		.4byte	.LFB65
 516 019d 58000000 		.4byte	.LFE65-.LFB65
 517 01a1 01       		.uleb128 0x1
 518 01a2 9C       		.byte	0x9c
 519 01a3 1D020000 		.4byte	0x21d
 520 01a7 0D       		.uleb128 0xd
 521 01a8 3B020000 		.4byte	.LASF23
 522 01ac 01       		.byte	0x1
 523 01ad 14       		.byte	0x14
 524 01ae BA000000 		.4byte	0xba
 525 01b2 77000000 		.4byte	.LLST3
 526 01b6 0D       		.uleb128 0xd
 527 01b7 0A000000 		.4byte	.LASF24
 528 01bb 01       		.byte	0x1
 529 01bc 14       		.byte	0x14
 530 01bd 25000000 		.4byte	0x25
 531 01c1 A3000000 		.4byte	.LLST4
 532 01c5 15       		.uleb128 0x15
 533 01c6 1A000000 		.4byte	.LASF25
 534 01ca 01       		.byte	0x1
 535 01cb 15       		.byte	0x15
 536 01cc 7A000000 		.4byte	0x7a
 537 01d0 D1000000 		.4byte	.LLST5
 538 01d4 15       		.uleb128 0x15
 539 01d5 81010000 		.4byte	.LASF26
 540 01d9 01       		.byte	0x1
 541 01da 16       		.byte	0x16
 542 01db 7A000000 		.4byte	0x7a
 543 01df EF000000 		.4byte	.LLST6
 544 01e3 11       		.uleb128 0x11
 545 01e4 40000000 		.4byte	.LVL20
 546 01e8 45030000 		.4byte	0x345
 547 01ec 0C020000 		.4byte	0x20c
 548 01f0 12       		.uleb128 0x12
 549 01f1 01       		.uleb128 0x1
 550 01f2 50       		.byte	0x50
 551 01f3 02       		.uleb128 0x2
ARM GAS  C:\Users\karthik\AppData\Local\Temp\ccPoGzcx.s 			page 12


 552 01f4 74       		.byte	0x74
 553 01f5 00       		.sleb128 0
 554 01f6 12       		.uleb128 0x12
 555 01f7 01       		.uleb128 0x1
 556 01f8 51       		.byte	0x51
 557 01f9 05       		.uleb128 0x5
 558 01fa 03       		.byte	0x3
 559 01fb 0C000000 		.4byte	.LC2
 560 01ff 12       		.uleb128 0x12
 561 0200 01       		.uleb128 0x1
 562 0201 52       		.byte	0x52
 563 0202 02       		.uleb128 0x2
 564 0203 75       		.byte	0x75
 565 0204 00       		.sleb128 0
 566 0205 12       		.uleb128 0x12
 567 0206 01       		.uleb128 0x1
 568 0207 53       		.byte	0x53
 569 0208 02       		.uleb128 0x2
 570 0209 76       		.byte	0x76
 571 020a 00       		.sleb128 0
 572 020b 00       		.byte	0
 573 020c 13       		.uleb128 0x13
 574 020d 46000000 		.4byte	.LVL21
 575 0211 50030000 		.4byte	0x350
 576 0215 12       		.uleb128 0x12
 577 0216 01       		.uleb128 0x1
 578 0217 50       		.byte	0x50
 579 0218 02       		.uleb128 0x2
 580 0219 74       		.byte	0x74
 581 021a 00       		.sleb128 0
 582 021b 00       		.byte	0
 583 021c 00       		.byte	0
 584 021d 16       		.uleb128 0x16
 585 021e 6F010000 		.4byte	.LASF39
 586 0222 01       		.byte	0x1
 587 0223 1B       		.byte	0x1b
 588 0224 7A000000 		.4byte	0x7a
 589 0228 00000000 		.4byte	.LFB66
 590 022c 88000000 		.4byte	.LFE66-.LFB66
 591 0230 01       		.uleb128 0x1
 592 0231 9C       		.byte	0x9c
 593 0232 13030000 		.4byte	0x313
 594 0236 15       		.uleb128 0x15
 595 0237 55010000 		.4byte	.LASF27
 596 023b 01       		.byte	0x1
 597 023c 1F       		.byte	0x1f
 598 023d 25000000 		.4byte	0x25
 599 0241 0E010000 		.4byte	.LLST7
 600 0245 17       		.uleb128 0x17
 601 0246 B3010000 		.4byte	.LASF28
 602 024a 01       		.byte	0x1
 603 024b 20       		.byte	0x20
 604 024c F2000000 		.4byte	0xf2
 605 0250 02       		.uleb128 0x2
 606 0251 91       		.byte	0x91
 607 0252 6C       		.sleb128 -20
 608 0253 17       		.uleb128 0x17
ARM GAS  C:\Users\karthik\AppData\Local\Temp\ccPoGzcx.s 			page 13


 609 0254 A5010000 		.4byte	.LASF29
 610 0258 01       		.byte	0x1
 611 0259 21       		.byte	0x21
 612 025a F2000000 		.4byte	0xf2
 613 025e 02       		.uleb128 0x2
 614 025f 91       		.byte	0x91
 615 0260 68       		.sleb128 -24
 616 0261 0F       		.uleb128 0xf
 617 0262 28000000 		.4byte	.LBB3
 618 0266 16000000 		.4byte	.LBE3-.LBB3
 619 026a 7C020000 		.4byte	0x27c
 620 026e 10       		.uleb128 0x10
 621 026f 6900     		.ascii	"i\000"
 622 0271 01       		.byte	0x1
 623 0272 2D       		.byte	0x2d
 624 0273 7A000000 		.4byte	0x7a
 625 0277 47010000 		.4byte	.LLST8
 626 027b 00       		.byte	0
 627 027c 18       		.uleb128 0x18
 628 027d 0A000000 		.4byte	.LVL23
 629 0281 5B030000 		.4byte	0x35b
 630 0285 11       		.uleb128 0x11
 631 0286 1A000000 		.4byte	.LVL25
 632 028a 92010000 		.4byte	0x192
 633 028e A3020000 		.4byte	0x2a3
 634 0292 12       		.uleb128 0x12
 635 0293 01       		.uleb128 0x1
 636 0294 50       		.byte	0x50
 637 0295 05       		.uleb128 0x5
 638 0296 03       		.byte	0x3
 639 0297 1C000000 		.4byte	.LC3
 640 029b 12       		.uleb128 0x12
 641 029c 01       		.uleb128 0x1
 642 029d 51       		.byte	0x51
 643 029e 03       		.uleb128 0x3
 644 029f F5       		.byte	0xf5
 645 02a0 04       		.uleb128 0x4
 646 02a1 25       		.uleb128 0x25
 647 02a2 00       		.byte	0
 648 02a3 11       		.uleb128 0x11
 649 02a4 20000000 		.4byte	.LVL26
 650 02a8 50030000 		.4byte	0x350
 651 02ac BA020000 		.4byte	0x2ba
 652 02b0 12       		.uleb128 0x12
 653 02b1 01       		.uleb128 0x1
 654 02b2 50       		.byte	0x50
 655 02b3 05       		.uleb128 0x5
 656 02b4 03       		.byte	0x3
 657 02b5 28000000 		.4byte	.LC4
 658 02b9 00       		.byte	0
 659 02ba 11       		.uleb128 0x11
 660 02bb 28000000 		.4byte	.LVL27
 661 02bf FD000000 		.4byte	0xfd
 662 02c3 D3020000 		.4byte	0x2d3
 663 02c7 12       		.uleb128 0x12
 664 02c8 01       		.uleb128 0x1
 665 02c9 50       		.byte	0x50
ARM GAS  C:\Users\karthik\AppData\Local\Temp\ccPoGzcx.s 			page 14


 666 02ca 02       		.uleb128 0x2
 667 02cb 75       		.byte	0x75
 668 02cc 00       		.sleb128 0
 669 02cd 12       		.uleb128 0x12
 670 02ce 01       		.uleb128 0x1
 671 02cf 51       		.byte	0x51
 672 02d0 01       		.uleb128 0x1
 673 02d1 34       		.byte	0x34
 674 02d2 00       		.byte	0
 675 02d3 11       		.uleb128 0x11
 676 02d4 46000000 		.4byte	.LVL30
 677 02d8 92010000 		.4byte	0x192
 678 02dc EA020000 		.4byte	0x2ea
 679 02e0 12       		.uleb128 0x12
 680 02e1 01       		.uleb128 0x1
 681 02e2 50       		.byte	0x50
 682 02e3 05       		.uleb128 0x5
 683 02e4 03       		.byte	0x3
 684 02e5 30000000 		.4byte	.LC5
 685 02e9 00       		.byte	0
 686 02ea 11       		.uleb128 0x11
 687 02eb 4C000000 		.4byte	.LVL31
 688 02ef 50030000 		.4byte	0x350
 689 02f3 01030000 		.4byte	0x301
 690 02f7 12       		.uleb128 0x12
 691 02f8 01       		.uleb128 0x1
 692 02f9 50       		.byte	0x50
 693 02fa 05       		.uleb128 0x5
 694 02fb 03       		.byte	0x3
 695 02fc 40000000 		.4byte	.LC6
 696 0300 00       		.byte	0
 697 0301 13       		.uleb128 0x13
 698 0302 6A000000 		.4byte	.LVL36
 699 0306 66030000 		.4byte	0x366
 700 030a 12       		.uleb128 0x12
 701 030b 01       		.uleb128 0x1
 702 030c 50       		.byte	0x50
 703 030d 03       		.uleb128 0x3
 704 030e 0A       		.byte	0xa
 705 030f E803     		.2byte	0x3e8
 706 0311 00       		.byte	0
 707 0312 00       		.byte	0
 708 0313 19       		.uleb128 0x19
 709 0314 5B010000 		.4byte	.LASF30
 710 0318 04       		.byte	0x4
 711 0319 1207     		.2byte	0x712
 712 031b 1F030000 		.4byte	0x31f
 713 031f 1A       		.uleb128 0x1a
 714 0320 93000000 		.4byte	0x93
 715 0324 0A       		.uleb128 0xa
 716 0325 A5000000 		.4byte	0xa5
 717 0329 34030000 		.4byte	0x334
 718 032d 0B       		.uleb128 0xb
 719 032e B3000000 		.4byte	0xb3
 720 0332 7F       		.byte	0x7f
 721 0333 00       		.byte	0
 722 0334 1B       		.uleb128 0x1b
ARM GAS  C:\Users\karthik\AppData\Local\Temp\ccPoGzcx.s 			page 15


 723 0335 F2010000 		.4byte	.LASF31
 724 0339 01       		.byte	0x1
 725 033a 0A       		.byte	0xa
 726 033b 24030000 		.4byte	0x324
 727 033f 05       		.uleb128 0x5
 728 0340 03       		.byte	0x3
 729 0341 00000000 		.4byte	txBuffer
 730 0345 1C       		.uleb128 0x1c
 731 0346 41020000 		.4byte	.LASF32
 732 034a 41020000 		.4byte	.LASF32
 733 034e 05       		.byte	0x5
 734 034f E7       		.byte	0xe7
 735 0350 1C       		.uleb128 0x1c
 736 0351 2C020000 		.4byte	.LASF33
 737 0355 2C020000 		.4byte	.LASF33
 738 0359 06       		.byte	0x6
 739 035a 8B       		.byte	0x8b
 740 035b 1C       		.uleb128 0x1c
 741 035c 4A010000 		.4byte	.LASF34
 742 0360 4A010000 		.4byte	.LASF34
 743 0364 06       		.byte	0x6
 744 0365 54       		.byte	0x54
 745 0366 1C       		.uleb128 0x1c
 746 0367 49020000 		.4byte	.LASF35
 747 036b 49020000 		.4byte	.LASF35
 748 036f 07       		.byte	0x7
 749 0370 76       		.byte	0x76
 750 0371 00       		.byte	0
 751              		.section	.debug_abbrev,"",%progbits
 752              	.Ldebug_abbrev0:
 753 0000 01       		.uleb128 0x1
 754 0001 11       		.uleb128 0x11
 755 0002 01       		.byte	0x1
 756 0003 25       		.uleb128 0x25
 757 0004 0E       		.uleb128 0xe
 758 0005 13       		.uleb128 0x13
 759 0006 0B       		.uleb128 0xb
 760 0007 03       		.uleb128 0x3
 761 0008 0E       		.uleb128 0xe
 762 0009 1B       		.uleb128 0x1b
 763 000a 0E       		.uleb128 0xe
 764 000b 55       		.uleb128 0x55
 765 000c 17       		.uleb128 0x17
 766 000d 11       		.uleb128 0x11
 767 000e 01       		.uleb128 0x1
 768 000f 10       		.uleb128 0x10
 769 0010 17       		.uleb128 0x17
 770 0011 00       		.byte	0
 771 0012 00       		.byte	0
 772 0013 02       		.uleb128 0x2
 773 0014 24       		.uleb128 0x24
 774 0015 00       		.byte	0
 775 0016 0B       		.uleb128 0xb
 776 0017 0B       		.uleb128 0xb
 777 0018 3E       		.uleb128 0x3e
 778 0019 0B       		.uleb128 0xb
 779 001a 03       		.uleb128 0x3
ARM GAS  C:\Users\karthik\AppData\Local\Temp\ccPoGzcx.s 			page 16


 780 001b 0E       		.uleb128 0xe
 781 001c 00       		.byte	0
 782 001d 00       		.byte	0
 783 001e 03       		.uleb128 0x3
 784 001f 16       		.uleb128 0x16
 785 0020 00       		.byte	0
 786 0021 03       		.uleb128 0x3
 787 0022 0E       		.uleb128 0xe
 788 0023 3A       		.uleb128 0x3a
 789 0024 0B       		.uleb128 0xb
 790 0025 3B       		.uleb128 0x3b
 791 0026 0B       		.uleb128 0xb
 792 0027 49       		.uleb128 0x49
 793 0028 13       		.uleb128 0x13
 794 0029 00       		.byte	0
 795 002a 00       		.byte	0
 796 002b 04       		.uleb128 0x4
 797 002c 24       		.uleb128 0x24
 798 002d 00       		.byte	0
 799 002e 0B       		.uleb128 0xb
 800 002f 0B       		.uleb128 0xb
 801 0030 3E       		.uleb128 0x3e
 802 0031 0B       		.uleb128 0xb
 803 0032 03       		.uleb128 0x3
 804 0033 08       		.uleb128 0x8
 805 0034 00       		.byte	0
 806 0035 00       		.byte	0
 807 0036 05       		.uleb128 0x5
 808 0037 0F       		.uleb128 0xf
 809 0038 00       		.byte	0
 810 0039 0B       		.uleb128 0xb
 811 003a 0B       		.uleb128 0xb
 812 003b 49       		.uleb128 0x49
 813 003c 13       		.uleb128 0x13
 814 003d 00       		.byte	0
 815 003e 00       		.byte	0
 816 003f 06       		.uleb128 0x6
 817 0040 26       		.uleb128 0x26
 818 0041 00       		.byte	0
 819 0042 49       		.uleb128 0x49
 820 0043 13       		.uleb128 0x13
 821 0044 00       		.byte	0
 822 0045 00       		.byte	0
 823 0046 07       		.uleb128 0x7
 824 0047 17       		.uleb128 0x17
 825 0048 01       		.byte	0x1
 826 0049 0B       		.uleb128 0xb
 827 004a 0B       		.uleb128 0xb
 828 004b 3A       		.uleb128 0x3a
 829 004c 0B       		.uleb128 0xb
 830 004d 3B       		.uleb128 0x3b
 831 004e 0B       		.uleb128 0xb
 832 004f 01       		.uleb128 0x1
 833 0050 13       		.uleb128 0x13
 834 0051 00       		.byte	0
 835 0052 00       		.byte	0
 836 0053 08       		.uleb128 0x8
ARM GAS  C:\Users\karthik\AppData\Local\Temp\ccPoGzcx.s 			page 17


 837 0054 0D       		.uleb128 0xd
 838 0055 00       		.byte	0
 839 0056 03       		.uleb128 0x3
 840 0057 08       		.uleb128 0x8
 841 0058 3A       		.uleb128 0x3a
 842 0059 0B       		.uleb128 0xb
 843 005a 3B       		.uleb128 0x3b
 844 005b 0B       		.uleb128 0xb
 845 005c 49       		.uleb128 0x49
 846 005d 13       		.uleb128 0x13
 847 005e 00       		.byte	0
 848 005f 00       		.byte	0
 849 0060 09       		.uleb128 0x9
 850 0061 0D       		.uleb128 0xd
 851 0062 00       		.byte	0
 852 0063 03       		.uleb128 0x3
 853 0064 0E       		.uleb128 0xe
 854 0065 3A       		.uleb128 0x3a
 855 0066 0B       		.uleb128 0xb
 856 0067 3B       		.uleb128 0x3b
 857 0068 0B       		.uleb128 0xb
 858 0069 49       		.uleb128 0x49
 859 006a 13       		.uleb128 0x13
 860 006b 00       		.byte	0
 861 006c 00       		.byte	0
 862 006d 0A       		.uleb128 0xa
 863 006e 01       		.uleb128 0x1
 864 006f 01       		.byte	0x1
 865 0070 49       		.uleb128 0x49
 866 0071 13       		.uleb128 0x13
 867 0072 01       		.uleb128 0x1
 868 0073 13       		.uleb128 0x13
 869 0074 00       		.byte	0
 870 0075 00       		.byte	0
 871 0076 0B       		.uleb128 0xb
 872 0077 21       		.uleb128 0x21
 873 0078 00       		.byte	0
 874 0079 49       		.uleb128 0x49
 875 007a 13       		.uleb128 0x13
 876 007b 2F       		.uleb128 0x2f
 877 007c 0B       		.uleb128 0xb
 878 007d 00       		.byte	0
 879 007e 00       		.byte	0
 880 007f 0C       		.uleb128 0xc
 881 0080 2E       		.uleb128 0x2e
 882 0081 01       		.byte	0x1
 883 0082 3F       		.uleb128 0x3f
 884 0083 19       		.uleb128 0x19
 885 0084 03       		.uleb128 0x3
 886 0085 0E       		.uleb128 0xe
 887 0086 3A       		.uleb128 0x3a
 888 0087 0B       		.uleb128 0xb
 889 0088 3B       		.uleb128 0x3b
 890 0089 0B       		.uleb128 0xb
 891 008a 27       		.uleb128 0x27
 892 008b 19       		.uleb128 0x19
 893 008c 11       		.uleb128 0x11
ARM GAS  C:\Users\karthik\AppData\Local\Temp\ccPoGzcx.s 			page 18


 894 008d 01       		.uleb128 0x1
 895 008e 12       		.uleb128 0x12
 896 008f 06       		.uleb128 0x6
 897 0090 40       		.uleb128 0x40
 898 0091 18       		.uleb128 0x18
 899 0092 9742     		.uleb128 0x2117
 900 0094 19       		.uleb128 0x19
 901 0095 01       		.uleb128 0x1
 902 0096 13       		.uleb128 0x13
 903 0097 00       		.byte	0
 904 0098 00       		.byte	0
 905 0099 0D       		.uleb128 0xd
 906 009a 05       		.uleb128 0x5
 907 009b 00       		.byte	0
 908 009c 03       		.uleb128 0x3
 909 009d 0E       		.uleb128 0xe
 910 009e 3A       		.uleb128 0x3a
 911 009f 0B       		.uleb128 0xb
 912 00a0 3B       		.uleb128 0x3b
 913 00a1 0B       		.uleb128 0xb
 914 00a2 49       		.uleb128 0x49
 915 00a3 13       		.uleb128 0x13
 916 00a4 02       		.uleb128 0x2
 917 00a5 17       		.uleb128 0x17
 918 00a6 00       		.byte	0
 919 00a7 00       		.byte	0
 920 00a8 0E       		.uleb128 0xe
 921 00a9 05       		.uleb128 0x5
 922 00aa 00       		.byte	0
 923 00ab 03       		.uleb128 0x3
 924 00ac 08       		.uleb128 0x8
 925 00ad 3A       		.uleb128 0x3a
 926 00ae 0B       		.uleb128 0xb
 927 00af 3B       		.uleb128 0x3b
 928 00b0 0B       		.uleb128 0xb
 929 00b1 49       		.uleb128 0x49
 930 00b2 13       		.uleb128 0x13
 931 00b3 02       		.uleb128 0x2
 932 00b4 17       		.uleb128 0x17
 933 00b5 00       		.byte	0
 934 00b6 00       		.byte	0
 935 00b7 0F       		.uleb128 0xf
 936 00b8 0B       		.uleb128 0xb
 937 00b9 01       		.byte	0x1
 938 00ba 11       		.uleb128 0x11
 939 00bb 01       		.uleb128 0x1
 940 00bc 12       		.uleb128 0x12
 941 00bd 06       		.uleb128 0x6
 942 00be 01       		.uleb128 0x1
 943 00bf 13       		.uleb128 0x13
 944 00c0 00       		.byte	0
 945 00c1 00       		.byte	0
 946 00c2 10       		.uleb128 0x10
 947 00c3 34       		.uleb128 0x34
 948 00c4 00       		.byte	0
 949 00c5 03       		.uleb128 0x3
 950 00c6 08       		.uleb128 0x8
ARM GAS  C:\Users\karthik\AppData\Local\Temp\ccPoGzcx.s 			page 19


 951 00c7 3A       		.uleb128 0x3a
 952 00c8 0B       		.uleb128 0xb
 953 00c9 3B       		.uleb128 0x3b
 954 00ca 0B       		.uleb128 0xb
 955 00cb 49       		.uleb128 0x49
 956 00cc 13       		.uleb128 0x13
 957 00cd 02       		.uleb128 0x2
 958 00ce 17       		.uleb128 0x17
 959 00cf 00       		.byte	0
 960 00d0 00       		.byte	0
 961 00d1 11       		.uleb128 0x11
 962 00d2 898201   		.uleb128 0x4109
 963 00d5 01       		.byte	0x1
 964 00d6 11       		.uleb128 0x11
 965 00d7 01       		.uleb128 0x1
 966 00d8 31       		.uleb128 0x31
 967 00d9 13       		.uleb128 0x13
 968 00da 01       		.uleb128 0x1
 969 00db 13       		.uleb128 0x13
 970 00dc 00       		.byte	0
 971 00dd 00       		.byte	0
 972 00de 12       		.uleb128 0x12
 973 00df 8A8201   		.uleb128 0x410a
 974 00e2 00       		.byte	0
 975 00e3 02       		.uleb128 0x2
 976 00e4 18       		.uleb128 0x18
 977 00e5 9142     		.uleb128 0x2111
 978 00e7 18       		.uleb128 0x18
 979 00e8 00       		.byte	0
 980 00e9 00       		.byte	0
 981 00ea 13       		.uleb128 0x13
 982 00eb 898201   		.uleb128 0x4109
 983 00ee 01       		.byte	0x1
 984 00ef 11       		.uleb128 0x11
 985 00f0 01       		.uleb128 0x1
 986 00f1 31       		.uleb128 0x31
 987 00f2 13       		.uleb128 0x13
 988 00f3 00       		.byte	0
 989 00f4 00       		.byte	0
 990 00f5 14       		.uleb128 0x14
 991 00f6 2E       		.uleb128 0x2e
 992 00f7 01       		.byte	0x1
 993 00f8 3F       		.uleb128 0x3f
 994 00f9 19       		.uleb128 0x19
 995 00fa 03       		.uleb128 0x3
 996 00fb 0E       		.uleb128 0xe
 997 00fc 3A       		.uleb128 0x3a
 998 00fd 0B       		.uleb128 0xb
 999 00fe 3B       		.uleb128 0x3b
 1000 00ff 0B       		.uleb128 0xb
 1001 0100 27       		.uleb128 0x27
 1002 0101 19       		.uleb128 0x19
 1003 0102 11       		.uleb128 0x11
 1004 0103 01       		.uleb128 0x1
 1005 0104 12       		.uleb128 0x12
 1006 0105 06       		.uleb128 0x6
 1007 0106 40       		.uleb128 0x40
ARM GAS  C:\Users\karthik\AppData\Local\Temp\ccPoGzcx.s 			page 20


 1008 0107 18       		.uleb128 0x18
 1009 0108 9642     		.uleb128 0x2116
 1010 010a 19       		.uleb128 0x19
 1011 010b 01       		.uleb128 0x1
 1012 010c 13       		.uleb128 0x13
 1013 010d 00       		.byte	0
 1014 010e 00       		.byte	0
 1015 010f 15       		.uleb128 0x15
 1016 0110 34       		.uleb128 0x34
 1017 0111 00       		.byte	0
 1018 0112 03       		.uleb128 0x3
 1019 0113 0E       		.uleb128 0xe
 1020 0114 3A       		.uleb128 0x3a
 1021 0115 0B       		.uleb128 0xb
 1022 0116 3B       		.uleb128 0x3b
 1023 0117 0B       		.uleb128 0xb
 1024 0118 49       		.uleb128 0x49
 1025 0119 13       		.uleb128 0x13
 1026 011a 02       		.uleb128 0x2
 1027 011b 17       		.uleb128 0x17
 1028 011c 00       		.byte	0
 1029 011d 00       		.byte	0
 1030 011e 16       		.uleb128 0x16
 1031 011f 2E       		.uleb128 0x2e
 1032 0120 01       		.byte	0x1
 1033 0121 3F       		.uleb128 0x3f
 1034 0122 19       		.uleb128 0x19
 1035 0123 03       		.uleb128 0x3
 1036 0124 0E       		.uleb128 0xe
 1037 0125 3A       		.uleb128 0x3a
 1038 0126 0B       		.uleb128 0xb
 1039 0127 3B       		.uleb128 0x3b
 1040 0128 0B       		.uleb128 0xb
 1041 0129 27       		.uleb128 0x27
 1042 012a 19       		.uleb128 0x19
 1043 012b 49       		.uleb128 0x49
 1044 012c 13       		.uleb128 0x13
 1045 012d 8701     		.uleb128 0x87
 1046 012f 19       		.uleb128 0x19
 1047 0130 11       		.uleb128 0x11
 1048 0131 01       		.uleb128 0x1
 1049 0132 12       		.uleb128 0x12
 1050 0133 06       		.uleb128 0x6
 1051 0134 40       		.uleb128 0x40
 1052 0135 18       		.uleb128 0x18
 1053 0136 9642     		.uleb128 0x2116
 1054 0138 19       		.uleb128 0x19
 1055 0139 01       		.uleb128 0x1
 1056 013a 13       		.uleb128 0x13
 1057 013b 00       		.byte	0
 1058 013c 00       		.byte	0
 1059 013d 17       		.uleb128 0x17
 1060 013e 34       		.uleb128 0x34
 1061 013f 00       		.byte	0
 1062 0140 03       		.uleb128 0x3
 1063 0141 0E       		.uleb128 0xe
 1064 0142 3A       		.uleb128 0x3a
ARM GAS  C:\Users\karthik\AppData\Local\Temp\ccPoGzcx.s 			page 21


 1065 0143 0B       		.uleb128 0xb
 1066 0144 3B       		.uleb128 0x3b
 1067 0145 0B       		.uleb128 0xb
 1068 0146 49       		.uleb128 0x49
 1069 0147 13       		.uleb128 0x13
 1070 0148 02       		.uleb128 0x2
 1071 0149 18       		.uleb128 0x18
 1072 014a 00       		.byte	0
 1073 014b 00       		.byte	0
 1074 014c 18       		.uleb128 0x18
 1075 014d 898201   		.uleb128 0x4109
 1076 0150 00       		.byte	0
 1077 0151 11       		.uleb128 0x11
 1078 0152 01       		.uleb128 0x1
 1079 0153 31       		.uleb128 0x31
 1080 0154 13       		.uleb128 0x13
 1081 0155 00       		.byte	0
 1082 0156 00       		.byte	0
 1083 0157 19       		.uleb128 0x19
 1084 0158 34       		.uleb128 0x34
 1085 0159 00       		.byte	0
 1086 015a 03       		.uleb128 0x3
 1087 015b 0E       		.uleb128 0xe
 1088 015c 3A       		.uleb128 0x3a
 1089 015d 0B       		.uleb128 0xb
 1090 015e 3B       		.uleb128 0x3b
 1091 015f 05       		.uleb128 0x5
 1092 0160 49       		.uleb128 0x49
 1093 0161 13       		.uleb128 0x13
 1094 0162 3F       		.uleb128 0x3f
 1095 0163 19       		.uleb128 0x19
 1096 0164 3C       		.uleb128 0x3c
 1097 0165 19       		.uleb128 0x19
 1098 0166 00       		.byte	0
 1099 0167 00       		.byte	0
 1100 0168 1A       		.uleb128 0x1a
 1101 0169 35       		.uleb128 0x35
 1102 016a 00       		.byte	0
 1103 016b 49       		.uleb128 0x49
 1104 016c 13       		.uleb128 0x13
 1105 016d 00       		.byte	0
 1106 016e 00       		.byte	0
 1107 016f 1B       		.uleb128 0x1b
 1108 0170 34       		.uleb128 0x34
 1109 0171 00       		.byte	0
 1110 0172 03       		.uleb128 0x3
 1111 0173 0E       		.uleb128 0xe
 1112 0174 3A       		.uleb128 0x3a
 1113 0175 0B       		.uleb128 0xb
 1114 0176 3B       		.uleb128 0x3b
 1115 0177 0B       		.uleb128 0xb
 1116 0178 49       		.uleb128 0x49
 1117 0179 13       		.uleb128 0x13
 1118 017a 3F       		.uleb128 0x3f
 1119 017b 19       		.uleb128 0x19
 1120 017c 02       		.uleb128 0x2
 1121 017d 18       		.uleb128 0x18
ARM GAS  C:\Users\karthik\AppData\Local\Temp\ccPoGzcx.s 			page 22


 1122 017e 00       		.byte	0
 1123 017f 00       		.byte	0
 1124 0180 1C       		.uleb128 0x1c
 1125 0181 2E       		.uleb128 0x2e
 1126 0182 00       		.byte	0
 1127 0183 3F       		.uleb128 0x3f
 1128 0184 19       		.uleb128 0x19
 1129 0185 3C       		.uleb128 0x3c
 1130 0186 19       		.uleb128 0x19
 1131 0187 6E       		.uleb128 0x6e
 1132 0188 0E       		.uleb128 0xe
 1133 0189 03       		.uleb128 0x3
 1134 018a 0E       		.uleb128 0xe
 1135 018b 3A       		.uleb128 0x3a
 1136 018c 0B       		.uleb128 0xb
 1137 018d 3B       		.uleb128 0x3b
 1138 018e 0B       		.uleb128 0xb
 1139 018f 00       		.byte	0
 1140 0190 00       		.byte	0
 1141 0191 00       		.byte	0
 1142              		.section	.debug_loc,"",%progbits
 1143              	.Ldebug_loc0:
 1144              	.LLST0:
 1145 0000 00000000 		.4byte	.LVL0
 1146 0004 0A000000 		.4byte	.LVL2
 1147 0008 0100     		.2byte	0x1
 1148 000a 50       		.byte	0x50
 1149 000b 0A000000 		.4byte	.LVL2
 1150 000f 2C000000 		.4byte	.LVL8
 1151 0013 0100     		.2byte	0x1
 1152 0015 57       		.byte	0x57
 1153 0016 2C000000 		.4byte	.LVL8
 1154 001a 38000000 		.4byte	.LFE64
 1155 001e 0400     		.2byte	0x4
 1156 0020 F3       		.byte	0xf3
 1157 0021 01       		.uleb128 0x1
 1158 0022 50       		.byte	0x50
 1159 0023 9F       		.byte	0x9f
 1160 0024 00000000 		.4byte	0
 1161 0028 00000000 		.4byte	0
 1162              	.LLST1:
 1163 002c 00000000 		.4byte	.LVL0
 1164 0030 0A000000 		.4byte	.LVL2
 1165 0034 0100     		.2byte	0x1
 1166 0036 51       		.byte	0x51
 1167 0037 0A000000 		.4byte	.LVL2
 1168 003b 38000000 		.4byte	.LFE64
 1169 003f 0400     		.2byte	0x4
 1170 0041 F3       		.byte	0xf3
 1171 0042 01       		.uleb128 0x1
 1172 0043 51       		.byte	0x51
 1173 0044 9F       		.byte	0x9f
 1174 0045 00000000 		.4byte	0
 1175 0049 00000000 		.4byte	0
 1176              	.LLST2:
 1177 004d 06000000 		.4byte	.LVL1
 1178 0051 0A000000 		.4byte	.LVL2
ARM GAS  C:\Users\karthik\AppData\Local\Temp\ccPoGzcx.s 			page 23


 1179 0055 0200     		.2byte	0x2
 1180 0057 30       		.byte	0x30
 1181 0058 9F       		.byte	0x9f
 1182 0059 0A000000 		.4byte	.LVL2
 1183 005d 1E000000 		.4byte	.LVL5
 1184 0061 0100     		.2byte	0x1
 1185 0063 54       		.byte	0x54
 1186 0064 20000000 		.4byte	.LVL6
 1187 0068 2C000000 		.4byte	.LVL8
 1188 006c 0100     		.2byte	0x1
 1189 006e 54       		.byte	0x54
 1190 006f 00000000 		.4byte	0
 1191 0073 00000000 		.4byte	0
 1192              	.LLST3:
 1193 0077 00000000 		.4byte	.LVL9
 1194 007b 0A000000 		.4byte	.LVL10
 1195 007f 0100     		.2byte	0x1
 1196 0081 50       		.byte	0x50
 1197 0082 0A000000 		.4byte	.LVL10
 1198 0086 4A000000 		.4byte	.LVL22
 1199 008a 0100     		.2byte	0x1
 1200 008c 55       		.byte	0x55
 1201 008d 4A000000 		.4byte	.LVL22
 1202 0091 58000000 		.4byte	.LFE65
 1203 0095 0400     		.2byte	0x4
 1204 0097 F3       		.byte	0xf3
 1205 0098 01       		.uleb128 0x1
 1206 0099 50       		.byte	0x50
 1207 009a 9F       		.byte	0x9f
 1208 009b 00000000 		.4byte	0
 1209 009f 00000000 		.4byte	0
 1210              	.LLST4:
 1211 00a3 00000000 		.4byte	.LVL9
 1212 00a7 0D000000 		.4byte	.LVL11-1
 1213 00ab 0100     		.2byte	0x1
 1214 00ad 51       		.byte	0x51
 1215 00ae 0D000000 		.4byte	.LVL11-1
 1216 00b2 32000000 		.4byte	.LVL18
 1217 00b6 0100     		.2byte	0x1
 1218 00b8 54       		.byte	0x54
 1219 00b9 32000000 		.4byte	.LVL18
 1220 00bd 58000000 		.4byte	.LFE65
 1221 00c1 0600     		.2byte	0x6
 1222 00c3 F3       		.byte	0xf3
 1223 00c4 03       		.uleb128 0x3
 1224 00c5 F5       		.byte	0xf5
 1225 00c6 01       		.uleb128 0x1
 1226 00c7 25       		.uleb128 0x25
 1227 00c8 9F       		.byte	0x9f
 1228 00c9 00000000 		.4byte	0
 1229 00cd 00000000 		.4byte	0
 1230              	.LLST5:
 1231 00d1 10000000 		.4byte	.LVL12
 1232 00d5 13000000 		.4byte	.LVL13-1
 1233 00d9 0100     		.2byte	0x1
 1234 00db 50       		.byte	0x50
 1235 00dc 13000000 		.4byte	.LVL13-1
ARM GAS  C:\Users\karthik\AppData\Local\Temp\ccPoGzcx.s 			page 24


 1236 00e0 4A000000 		.4byte	.LVL22
 1237 00e4 0100     		.2byte	0x1
 1238 00e6 56       		.byte	0x56
 1239 00e7 00000000 		.4byte	0
 1240 00eb 00000000 		.4byte	0
 1241              	.LLST6:
 1242 00ef 30000000 		.4byte	.LVL17
 1243 00f3 3C000000 		.4byte	.LVL19
 1244 00f7 0100     		.2byte	0x1
 1245 00f9 50       		.byte	0x50
 1246 00fa 3C000000 		.4byte	.LVL19
 1247 00fe 3F000000 		.4byte	.LVL20-1
 1248 0102 0200     		.2byte	0x2
 1249 0104 7D       		.byte	0x7d
 1250 0105 00       		.sleb128 0
 1251 0106 00000000 		.4byte	0
 1252 010a 00000000 		.4byte	0
 1253              	.LLST7:
 1254 010e 0A000000 		.4byte	.LVL23
 1255 0112 0C000000 		.4byte	.LVL24
 1256 0116 0600     		.2byte	0x6
 1257 0118 9E       		.byte	0x9e
 1258 0119 04       		.uleb128 0x4
 1259 011a 0000F4C1 		.4byte	0xc1f40000
 1260 011e 0C000000 		.4byte	.LVL24
 1261 0122 58000000 		.4byte	.LVL33
 1262 0126 0100     		.2byte	0x1
 1263 0128 54       		.byte	0x54
 1264 0129 58000000 		.4byte	.LVL33
 1265 012d 5D000000 		.4byte	.LVL34-1
 1266 0131 0100     		.2byte	0x1
 1267 0133 50       		.byte	0x50
 1268 0134 5D000000 		.4byte	.LVL34-1
 1269 0138 88000000 		.4byte	.LFE66
 1270 013c 0100     		.2byte	0x1
 1271 013e 54       		.byte	0x54
 1272 013f 00000000 		.4byte	0
 1273 0143 00000000 		.4byte	0
 1274              	.LLST8:
 1275 0147 28000000 		.4byte	.LVL27
 1276 014b 2C000000 		.4byte	.LVL28
 1277 014f 0200     		.2byte	0x2
 1278 0151 30       		.byte	0x30
 1279 0152 9F       		.byte	0x9f
 1280 0153 2C000000 		.4byte	.LVL28
 1281 0157 45000000 		.4byte	.LVL30-1
 1282 015b 0100     		.2byte	0x1
 1283 015d 53       		.byte	0x53
 1284 015e 00000000 		.4byte	0
 1285 0162 00000000 		.4byte	0
 1286              		.section	.debug_aranges,"",%progbits
 1287 0000 2C000000 		.4byte	0x2c
 1288 0004 0200     		.2byte	0x2
 1289 0006 00000000 		.4byte	.Ldebug_info0
 1290 000a 04       		.byte	0x4
 1291 000b 00       		.byte	0
 1292 000c 0000     		.2byte	0
ARM GAS  C:\Users\karthik\AppData\Local\Temp\ccPoGzcx.s 			page 25


 1293 000e 0000     		.2byte	0
 1294 0010 00000000 		.4byte	.LFB64
 1295 0014 38000000 		.4byte	.LFE64-.LFB64
 1296 0018 00000000 		.4byte	.LFB65
 1297 001c 58000000 		.4byte	.LFE65-.LFB65
 1298 0020 00000000 		.4byte	.LFB66
 1299 0024 88000000 		.4byte	.LFE66-.LFB66
 1300 0028 00000000 		.4byte	0
 1301 002c 00000000 		.4byte	0
 1302              		.section	.debug_ranges,"",%progbits
 1303              	.Ldebug_ranges0:
 1304 0000 00000000 		.4byte	.LFB64
 1305 0004 38000000 		.4byte	.LFE64
 1306 0008 00000000 		.4byte	.LFB65
 1307 000c 58000000 		.4byte	.LFE65
 1308 0010 00000000 		.4byte	.LFB66
 1309 0014 88000000 		.4byte	.LFE66
 1310 0018 00000000 		.4byte	0
 1311 001c 00000000 		.4byte	0
 1312              		.section	.debug_line,"",%progbits
 1313              	.Ldebug_line0:
 1314 0000 36020000 		.section	.debug_str,"MS",%progbits,1
 1314      0200C701 
 1314      00000201 
 1314      FB0E0D00 
 1314      01010101 
 1315              	.LASF5:
 1316 0000 5F5F7569 		.ascii	"__uint8_t\000"
 1316      6E74385F 
 1316      7400
 1317              	.LASF24:
 1318 000a 76616C75 		.ascii	"value\000"
 1318      6500
 1319              	.LASF6:
 1320 0010 5F5F696E 		.ascii	"__int32_t\000"
 1320      7433325F 
 1320      7400
 1321              	.LASF25:
 1322 001a 77686F6C 		.ascii	"whole\000"
 1322      6500
 1323              	.LASF38:
 1324 0020 433A5C49 		.ascii	"C:\\IIITB\\Summer Term\\Summer Term\\Unions\\Unions"
 1324      49495442 
 1324      5C53756D 
 1324      6D657220 
 1324      5465726D 
 1325 004e 5F416476 		.ascii	"_Advanced.cydsn\000"
 1325      616E6365 
 1325      642E6379 
 1325      64736E00 
 1326              	.LASF22:
 1327 005e 73656E64 		.ascii	"sendFloatFormatted\000"
 1327      466C6F61 
 1327      74466F72 
 1327      6D617474 
 1327      656400
 1328              	.LASF0:
ARM GAS  C:\Users\karthik\AppData\Local\Temp\ccPoGzcx.s 			page 26


 1329 0071 666C6F61 		.ascii	"float\000"
 1329      7400
 1330              	.LASF20:
 1331 0077 64617461 		.ascii	"data\000"
 1331      00
 1332              	.LASF2:
 1333 007c 756E7369 		.ascii	"unsigned char\000"
 1333      676E6564 
 1333      20636861 
 1333      7200
 1334              	.LASF36:
 1335 008a 474E5520 		.ascii	"GNU C11 5.4.1 20160609 (release) [ARM/embedded-5-br"
 1335      43313120 
 1335      352E342E 
 1335      31203230 
 1335      31363036 
 1336 00bd 616E6368 		.ascii	"anch revision 237715] -mcpu=cortex-m3 -mthumb -g -O"
 1336      20726576 
 1336      6973696F 
 1336      6E203233 
 1336      37373135 
 1337 00f0 67202D66 		.ascii	"g -ffunction-sections -ffat-lto-objects\000"
 1337      66756E63 
 1337      74696F6E 
 1337      2D736563 
 1337      74696F6E 
 1338              	.LASF21:
 1339 0118 73656E64 		.ascii	"sendHexBytes\000"
 1339      48657842 
 1339      79746573 
 1339      00
 1340              	.LASF8:
 1341 0125 6C6F6E67 		.ascii	"long unsigned int\000"
 1341      20756E73 
 1341      69676E65 
 1341      6420696E 
 1341      7400
 1342              	.LASF4:
 1343 0137 73686F72 		.ascii	"short unsigned int\000"
 1343      7420756E 
 1343      7369676E 
 1343      65642069 
 1343      6E7400
 1344              	.LASF34:
 1345 014a 55415254 		.ascii	"UART_Start\000"
 1345      5F537461 
 1345      727400
 1346              	.LASF27:
 1347 0155 616E676C 		.ascii	"angle\000"
 1347      6500
 1348              	.LASF30:
 1349 015b 49544D5F 		.ascii	"ITM_RxBuffer\000"
 1349      52784275 
 1349      66666572 
 1349      00
 1350              	.LASF14:
 1351 0168 646F7562 		.ascii	"double\000"
ARM GAS  C:\Users\karthik\AppData\Local\Temp\ccPoGzcx.s 			page 27


 1351      6C6500
 1352              	.LASF39:
 1353 016f 6D61696E 		.ascii	"main\000"
 1353      00
 1354              	.LASF11:
 1355 0174 756E7369 		.ascii	"unsigned int\000"
 1355      676E6564 
 1355      20696E74 
 1355      00
 1356              	.LASF26:
 1357 0181 66726163 		.ascii	"frac\000"
 1357      00
 1358              	.LASF10:
 1359 0186 6C6F6E67 		.ascii	"long long unsigned int\000"
 1359      206C6F6E 
 1359      6720756E 
 1359      7369676E 
 1359      65642069 
 1360              	.LASF12:
 1361 019d 75696E74 		.ascii	"uint8_t\000"
 1361      385F7400 
 1362              	.LASF29:
 1363 01a5 7265636F 		.ascii	"reconstructed\000"
 1363      6E737472 
 1363      75637465 
 1363      6400
 1364              	.LASF28:
 1365 01b3 6F726967 		.ascii	"original\000"
 1365      696E616C 
 1365      00
 1366              	.LASF13:
 1367 01bc 696E7433 		.ascii	"int32_t\000"
 1367      325F7400 
 1368              	.LASF17:
 1369 01c4 73697A65 		.ascii	"sizetype\000"
 1369      74797065 
 1369      00
 1370              	.LASF19:
 1371 01cd 466C6F61 		.ascii	"FloatUnion\000"
 1371      74556E69 
 1371      6F6E00
 1372              	.LASF9:
 1373 01d8 6C6F6E67 		.ascii	"long long int\000"
 1373      206C6F6E 
 1373      6720696E 
 1373      7400
 1374              	.LASF37:
 1375 01e6 6D61696E 		.ascii	"main.c\000"
 1375      2E6300
 1376              	.LASF15:
 1377 01ed 63686172 		.ascii	"char\000"
 1377      00
 1378              	.LASF31:
 1379 01f2 74784275 		.ascii	"txBuffer\000"
 1379      66666572 
 1379      00
 1380              	.LASF3:
ARM GAS  C:\Users\karthik\AppData\Local\Temp\ccPoGzcx.s 			page 28


 1381 01fb 73686F72 		.ascii	"short int\000"
 1381      7420696E 
 1381      7400
 1382              	.LASF7:
 1383 0205 6C6F6E67 		.ascii	"long int\000"
 1383      20696E74 
 1383      00
 1384              	.LASF18:
 1385 020e 62797465 		.ascii	"bytes\000"
 1385      7300
 1386              	.LASF16:
 1387 0214 6C6F6E67 		.ascii	"long double\000"
 1387      20646F75 
 1387      626C6500 
 1388              	.LASF1:
 1389 0220 7369676E 		.ascii	"signed char\000"
 1389      65642063 
 1389      68617200 
 1390              	.LASF33:
 1391 022c 55415254 		.ascii	"UART_PutString\000"
 1391      5F507574 
 1391      53747269 
 1391      6E6700
 1392              	.LASF23:
 1393 023b 6C616265 		.ascii	"label\000"
 1393      6C00
 1394              	.LASF32:
 1395 0241 73707269 		.ascii	"sprintf\000"
 1395      6E746600 
 1396              	.LASF35:
 1397 0249 43794465 		.ascii	"CyDelay\000"
 1397      6C617900 
 1398              		.ident	"GCC: (GNU Tools for ARM Embedded Processors) 5.4.1 20160609 (release) [ARM/embedded-5-bran
