ARM GAS  C:\Users\karthik\AppData\Local\Temp\cc3q6xEi.s 			page 1


   1              		.syntax unified
   2              		.cpu cortex-m3
   3              		.fpu softvfp
   4              		.eabi_attribute 20, 1
   5              		.eabi_attribute 21, 1
   6              		.eabi_attribute 23, 3
   7              		.eabi_attribute 24, 1
   8              		.eabi_attribute 25, 1
   9              		.eabi_attribute 26, 1
  10              		.eabi_attribute 30, 1
  11              		.eabi_attribute 34, 1
  12              		.eabi_attribute 18, 4
  13              		.thumb
  14              		.syntax unified
  15              		.file	"cymetadata.c"
  16              		.text
  17              	.Ltext0:
  18              		.cfi_sections	.debug_frame
  19              		.global	cy_metadata
  20              		.global	cy_meta_flashprotect
  21              		.global	cy_meta_wonvl
  22              		.global	cy_meta_custnvl
  23              		.global	cy_meta_configecc
  24              		.section	.cyconfigecc,"a",%progbits
  25              		.align	2
  26              		.type	cy_meta_configecc, %object
  27              		.size	cy_meta_configecc, 960
  28              	cy_meta_configecc:
  29 0000 02       		.byte	2
  30 0001 52       		.byte	82
  31 0002 00       		.byte	0
  32 0003 40       		.byte	64
  33 0004 01       		.byte	1
  34 0005 64       		.byte	100
  35 0006 00       		.byte	0
  36 0007 40       		.byte	64
  37 0008 03       		.byte	3
  38 0009 65       		.byte	101
  39 000a 00       		.byte	0
  40 000b 40       		.byte	64
  41 000c 65       		.byte	101
  42 000d 08       		.byte	8
  43 000e 01       		.byte	1
  44 000f 40       		.byte	64
  45 0010 34       		.byte	52
  46 0011 09       		.byte	9
  47 0012 01       		.byte	1
  48 0013 40       		.byte	64
  49 0014 1B       		.byte	27
  50 0015 18       		.byte	24
  51 0016 01       		.byte	1
  52 0017 40       		.byte	64
  53 0018 3B       		.byte	59
  54 0019 19       		.byte	25
  55 001a 01       		.byte	1
  56 001b 40       		.byte	64
  57 001c 41       		.byte	65
ARM GAS  C:\Users\karthik\AppData\Local\Temp\cc3q6xEi.s 			page 2


  58 001d 1A       		.byte	26
  59 001e 01       		.byte	1
  60 001f 40       		.byte	64
  61 0020 3B       		.byte	59
  62 0021 1B       		.byte	27
  63 0022 01       		.byte	1
  64 0023 40       		.byte	64
  65 0024 07       		.byte	7
  66 0025 4D       		.byte	77
  67 0026 01       		.byte	1
  68 0027 40       		.byte	64
  69 0028 04       		.byte	4
  70 0029 50       		.byte	80
  71 002a 01       		.byte	1
  72 002b 40       		.byte	64
  73 002c 61       		.byte	97
  74 002d 80       		.byte	-128
  75 002e 64       		.byte	100
  76 002f 40       		.byte	64
  77 0030 88       		.byte	-120
  78 0031 0D       		.byte	13
  79 0032 88       		.byte	-120
  80 0033 38       		.byte	56
  81 0034 89       		.byte	-119
  82 0035 0F       		.byte	15
  83 0036 8A       		.byte	-118
  84 0037 72       		.byte	114
  85 0038 02       		.byte	2
  86 0039 06       		.byte	6
  87 003a 03       		.byte	3
  88 003b 01       		.byte	1
  89 003c 04       		.byte	4
  90 003d 02       		.byte	2
  91 003e 06       		.byte	6
  92 003f 1C       		.byte	28
  93 0040 07       		.byte	7
  94 0041 02       		.byte	2
  95 0042 08       		.byte	8
  96 0043 02       		.byte	2
  97 0044 0A       		.byte	10
  98 0045 0C       		.byte	12
  99 0046 0C       		.byte	12
 100 0047 18       		.byte	24
 101 0048 0E       		.byte	14
 102 0049 06       		.byte	6
 103 004a 16       		.byte	22
 104 004b 10       		.byte	16
 105 004c 1E       		.byte	30
 106 004d 18       		.byte	24
 107 004e 21       		.byte	33
 108 004f 02       		.byte	2
 109 0050 26       		.byte	38
 110 0051 01       		.byte	1
 111 0052 2A       		.byte	42
 112 0053 01       		.byte	1
 113 0054 31       		.byte	49
 114 0055 02       		.byte	2
ARM GAS  C:\Users\karthik\AppData\Local\Temp\cc3q6xEi.s 			page 3


 115 0056 33       		.byte	51
 116 0057 01       		.byte	1
 117 0058 34       		.byte	52
 118 0059 01       		.byte	1
 119 005a 36       		.byte	54
 120 005b 1E       		.byte	30
 121 005c 3A       		.byte	58
 122 005d 80       		.byte	-128
 123 005e 3E       		.byte	62
 124 005f 10       		.byte	16
 125 0060 40       		.byte	64
 126 0061 20       		.byte	32
 127 0062 41       		.byte	65
 128 0063 03       		.byte	3
 129 0064 45       		.byte	69
 130 0065 D0       		.byte	-48
 131 0066 46       		.byte	70
 132 0067 20       		.byte	32
 133 0068 47       		.byte	71
 134 0069 01       		.byte	1
 135 006a 48       		.byte	72
 136 006b 1A       		.byte	26
 137 006c 49       		.byte	73
 138 006d FF       		.byte	-1
 139 006e 4A       		.byte	74
 140 006f FF       		.byte	-1
 141 0070 4B       		.byte	75
 142 0071 FF       		.byte	-1
 143 0072 4D       		.byte	77
 144 0073 A0       		.byte	-96
 145 0074 4F       		.byte	79
 146 0075 04       		.byte	4
 147 0076 50       		.byte	80
 148 0077 18       		.byte	24
 149 0078 52       		.byte	82
 150 0079 80       		.byte	-128
 151 007a 54       		.byte	84
 152 007b 05       		.byte	5
 153 007c 58       		.byte	88
 154 007d 04       		.byte	4
 155 007e 59       		.byte	89
 156 007f 04       		.byte	4
 157 0080 5A       		.byte	90
 158 0081 04       		.byte	4
 159 0082 5B       		.byte	91
 160 0083 04       		.byte	4
 161 0084 5C       		.byte	92
 162 0085 01       		.byte	1
 163 0086 5F       		.byte	95
 164 0087 01       		.byte	1
 165 0088 60       		.byte	96
 166 0089 40       		.byte	64
 167 008a 62       		.byte	98
 168 008b C0       		.byte	-64
 169 008c 64       		.byte	100
 170 008d 40       		.byte	64
 171 008e 65       		.byte	101
ARM GAS  C:\Users\karthik\AppData\Local\Temp\cc3q6xEi.s 			page 4


 172 008f 40       		.byte	64
 173 0090 66       		.byte	102
 174 0091 C0       		.byte	-64
 175 0092 68       		.byte	104
 176 0093 C0       		.byte	-64
 177 0094 6A       		.byte	106
 178 0095 C0       		.byte	-64
 179 0096 6C       		.byte	108
 180 0097 C0       		.byte	-64
 181 0098 6E       		.byte	110
 182 0099 C0       		.byte	-64
 183 009a 84       		.byte	-124
 184 009b 0C       		.byte	12
 185 009c 86       		.byte	-122
 186 009d 71       		.byte	113
 187 009e 8D       		.byte	-115
 188 009f 28       		.byte	40
 189 00a0 8E       		.byte	-114
 190 00a1 03       		.byte	3
 191 00a2 8F       		.byte	-113
 192 00a3 11       		.byte	17
 193 00a4 90       		.byte	-112
 194 00a5 DC       		.byte	-36
 195 00a6 91       		.byte	-111
 196 00a7 02       		.byte	2
 197 00a8 92       		.byte	-110
 198 00a9 22       		.byte	34
 199 00aa 93       		.byte	-109
 200 00ab 14       		.byte	20
 201 00ac 94       		.byte	-108
 202 00ad 10       		.byte	16
 203 00ae 95       		.byte	-107
 204 00af 0D       		.byte	13
 205 00b0 96       		.byte	-106
 206 00b1 40       		.byte	64
 207 00b2 97       		.byte	-105
 208 00b3 30       		.byte	48
 209 00b4 99       		.byte	-103
 210 00b5 0C       		.byte	12
 211 00b6 9B       		.byte	-101
 212 00b7 10       		.byte	16
 213 00b8 9C       		.byte	-100
 214 00b9 09       		.byte	9
 215 00ba 9E       		.byte	-98
 216 00bb D0       		.byte	-48
 217 00bc 9F       		.byte	-97
 218 00bd 20       		.byte	32
 219 00be A0       		.byte	-96
 220 00bf 14       		.byte	20
 221 00c0 A8       		.byte	-88
 222 00c1 10       		.byte	16
 223 00c2 A9       		.byte	-87
 224 00c3 0D       		.byte	13
 225 00c4 AA       		.byte	-86
 226 00c5 AC       		.byte	-84
 227 00c6 AB       		.byte	-85
 228 00c7 10       		.byte	16
ARM GAS  C:\Users\karthik\AppData\Local\Temp\cc3q6xEi.s 			page 5


 229 00c8 AE       		.byte	-82
 230 00c9 20       		.byte	32
 231 00ca B0       		.byte	-80
 232 00cb 1F       		.byte	31
 233 00cc B3       		.byte	-77
 234 00cd 3C       		.byte	60
 235 00ce B4       		.byte	-76
 236 00cf E0       		.byte	-32
 237 00d0 B7       		.byte	-73
 238 00d1 03       		.byte	3
 239 00d2 B9       		.byte	-71
 240 00d3 80       		.byte	-128
 241 00d4 BA       		.byte	-70
 242 00d5 20       		.byte	32
 243 00d6 BB       		.byte	-69
 244 00d7 08       		.byte	8
 245 00d8 C0       		.byte	-64
 246 00d9 65       		.byte	101
 247 00da C1       		.byte	-63
 248 00db 02       		.byte	2
 249 00dc C5       		.byte	-59
 250 00dd 0C       		.byte	12
 251 00de C6       		.byte	-58
 252 00df 0B       		.byte	11
 253 00e0 C7       		.byte	-57
 254 00e1 0E       		.byte	14
 255 00e2 C8       		.byte	-56
 256 00e3 15       		.byte	21
 257 00e4 C9       		.byte	-55
 258 00e5 FF       		.byte	-1
 259 00e6 CA       		.byte	-54
 260 00e7 FF       		.byte	-1
 261 00e8 CB       		.byte	-53
 262 00e9 FF       		.byte	-1
 263 00ea CE       		.byte	-50
 264 00eb F0       		.byte	-16
 265 00ec CF       		.byte	-49
 266 00ed 44       		.byte	68
 267 00ee D0       		.byte	-48
 268 00ef 0C       		.byte	12
 269 00f0 D8       		.byte	-40
 270 00f1 04       		.byte	4
 271 00f2 D9       		.byte	-39
 272 00f3 04       		.byte	4
 273 00f4 DA       		.byte	-38
 274 00f5 04       		.byte	4
 275 00f6 DC       		.byte	-36
 276 00f7 11       		.byte	17
 277 00f8 DD       		.byte	-35
 278 00f9 01       		.byte	1
 279 00fa DF       		.byte	-33
 280 00fb 01       		.byte	1
 281 00fc E6       		.byte	-26
 282 00fd C0       		.byte	-64
 283 00fe EA       		.byte	-22
 284 00ff 40       		.byte	64
 285 0100 EB       		.byte	-21
ARM GAS  C:\Users\karthik\AppData\Local\Temp\cc3q6xEi.s 			page 6


 286 0101 02       		.byte	2
 287 0102 03       		.byte	3
 288 0103 23       		.byte	35
 289 0104 04       		.byte	4
 290 0105 08       		.byte	8
 291 0106 05       		.byte	5
 292 0107 51       		.byte	81
 293 0108 09       		.byte	9
 294 0109 84       		.byte	-124
 295 010a 0B       		.byte	11
 296 010b 90       		.byte	-112
 297 010c 0D       		.byte	13
 298 010d 80       		.byte	-128
 299 010e 0F       		.byte	15
 300 010f 10       		.byte	16
 301 0110 10       		.byte	16
 302 0111 80       		.byte	-128
 303 0112 12       		.byte	18
 304 0113 0A       		.byte	10
 305 0114 16       		.byte	22
 306 0115 20       		.byte	32
 307 0116 17       		.byte	23
 308 0117 20       		.byte	32
 309 0118 18       		.byte	24
 310 0119 08       		.byte	8
 311 011a 19       		.byte	25
 312 011b 20       		.byte	32
 313 011c 1B       		.byte	27
 314 011d 22       		.byte	34
 315 011e 1D       		.byte	29
 316 011f 40       		.byte	64
 317 0120 1E       		.byte	30
 318 0121 08       		.byte	8
 319 0122 1F       		.byte	31
 320 0123 40       		.byte	64
 321 0124 21       		.byte	33
 322 0125 80       		.byte	-128
 323 0126 22       		.byte	34
 324 0127 08       		.byte	8
 325 0128 24       		.byte	36
 326 0129 40       		.byte	64
 327 012a 27       		.byte	39
 328 012b 20       		.byte	32
 329 012c 29       		.byte	41
 330 012d 20       		.byte	32
 331 012e 2F       		.byte	47
 332 012f 80       		.byte	-128
 333 0130 30       		.byte	48
 334 0131 20       		.byte	32
 335 0132 31       		.byte	49
 336 0133 81       		.byte	-127
 337 0134 32       		.byte	50
 338 0135 0A       		.byte	10
 339 0136 3B       		.byte	59
 340 0137 80       		.byte	-128
 341 0138 3C       		.byte	60
 342 0139 02       		.byte	2
ARM GAS  C:\Users\karthik\AppData\Local\Temp\cc3q6xEi.s 			page 7


 343 013a 3E       		.byte	62
 344 013b 08       		.byte	8
 345 013c 43       		.byte	67
 346 013d 20       		.byte	32
 347 013e 46       		.byte	70
 348 013f 20       		.byte	32
 349 0140 47       		.byte	71
 350 0141 20       		.byte	32
 351 0142 48       		.byte	72
 352 0143 30       		.byte	48
 353 0144 49       		.byte	73
 354 0145 10       		.byte	16
 355 0146 4A       		.byte	74
 356 0147 0A       		.byte	10
 357 0148 4F       		.byte	79
 358 0149 01       		.byte	1
 359 014a 50       		.byte	80
 360 014b 80       		.byte	-128
 361 014c 53       		.byte	83
 362 014d 04       		.byte	4
 363 014e 56       		.byte	86
 364 014f 28       		.byte	40
 365 0150 5C       		.byte	92
 366 0151 40       		.byte	64
 367 0152 5E       		.byte	94
 368 0153 08       		.byte	8
 369 0154 5F       		.byte	95
 370 0155 01       		.byte	1
 371 0156 74       		.byte	116
 372 0157 01       		.byte	1
 373 0158 C0       		.byte	-64
 374 0159 F5       		.byte	-11
 375 015a C2       		.byte	-62
 376 015b AD       		.byte	-83
 377 015c C4       		.byte	-60
 378 015d 6B       		.byte	107
 379 015e CA       		.byte	-54
 380 015f 84       		.byte	-124
 381 0160 CC       		.byte	-52
 382 0161 0F       		.byte	15
 383 0162 CE       		.byte	-50
 384 0163 C8       		.byte	-56
 385 0164 D0       		.byte	-48
 386 0165 64       		.byte	100
 387 0166 D2       		.byte	-46
 388 0167 0C       		.byte	12
 389 0168 D6       		.byte	-42
 390 0169 D0       		.byte	-48
 391 016a 07       		.byte	7
 392 016b 01       		.byte	1
 393 016c 13       		.byte	19
 394 016d 01       		.byte	1
 395 016e 2A       		.byte	42
 396 016f 01       		.byte	1
 397 0170 35       		.byte	53
 398 0171 01       		.byte	1
 399 0172 36       		.byte	54
ARM GAS  C:\Users\karthik\AppData\Local\Temp\cc3q6xEi.s 			page 8


 400 0173 01       		.byte	1
 401 0174 3F       		.byte	63
 402 0175 10       		.byte	16
 403 0176 40       		.byte	64
 404 0177 06       		.byte	6
 405 0178 47       		.byte	71
 406 0179 04       		.byte	4
 407 017a 49       		.byte	73
 408 017b FF       		.byte	-1
 409 017c 4A       		.byte	74
 410 017d 07       		.byte	7
 411 017e 4B       		.byte	75
 412 017f FF       		.byte	-1
 413 0180 4C       		.byte	76
 414 0181 40       		.byte	64
 415 0182 4D       		.byte	77
 416 0183 20       		.byte	32
 417 0184 4E       		.byte	78
 418 0185 F0       		.byte	-16
 419 0186 4F       		.byte	79
 420 0187 05       		.byte	5
 421 0188 50       		.byte	80
 422 0189 08       		.byte	8
 423 018a 54       		.byte	84
 424 018b 18       		.byte	24
 425 018c 58       		.byte	88
 426 018d 04       		.byte	4
 427 018e 59       		.byte	89
 428 018f 04       		.byte	4
 429 0190 5A       		.byte	90
 430 0191 04       		.byte	4
 431 0192 5B       		.byte	91
 432 0193 04       		.byte	4
 433 0194 5D       		.byte	93
 434 0195 11       		.byte	17
 435 0196 5F       		.byte	95
 436 0197 01       		.byte	1
 437 0198 60       		.byte	96
 438 0199 40       		.byte	64
 439 019a 61       		.byte	97
 440 019b A8       		.byte	-88
 441 019c 62       		.byte	98
 442 019d 40       		.byte	64
 443 019e 63       		.byte	99
 444 019f 20       		.byte	32
 445 01a0 00       		.byte	0
 446 01a1 20       		.byte	32
 447 01a2 01       		.byte	1
 448 01a3 20       		.byte	32
 449 01a4 03       		.byte	3
 450 01a5 20       		.byte	32
 451 01a6 04       		.byte	4
 452 01a7 08       		.byte	8
 453 01a8 06       		.byte	6
 454 01a9 10       		.byte	16
 455 01aa 0A       		.byte	10
 456 01ab 20       		.byte	32
ARM GAS  C:\Users\karthik\AppData\Local\Temp\cc3q6xEi.s 			page 9


 457 01ac 0B       		.byte	11
 458 01ad 9C       		.byte	-100
 459 01ae 10       		.byte	16
 460 01af A0       		.byte	-96
 461 01b0 12       		.byte	18
 462 01b1 08       		.byte	8
 463 01b2 16       		.byte	22
 464 01b3 08       		.byte	8
 465 01b4 19       		.byte	25
 466 01b5 84       		.byte	-124
 467 01b6 1A       		.byte	26
 468 01b7 48       		.byte	72
 469 01b8 1F       		.byte	31
 470 01b9 80       		.byte	-128
 471 01ba 20       		.byte	32
 472 01bb 89       		.byte	-119
 473 01bc 21       		.byte	33
 474 01bd 01       		.byte	1
 475 01be 23       		.byte	35
 476 01bf 20       		.byte	32
 477 01c0 24       		.byte	36
 478 01c1 08       		.byte	8
 479 01c2 28       		.byte	40
 480 01c3 22       		.byte	34
 481 01c4 2B       		.byte	43
 482 01c5 40       		.byte	64
 483 01c6 33       		.byte	51
 484 01c7 54       		.byte	84
 485 01c8 35       		.byte	53
 486 01c9 01       		.byte	1
 487 01ca 38       		.byte	56
 488 01cb 54       		.byte	84
 489 01cc 39       		.byte	57
 490 01cd 02       		.byte	2
 491 01ce 3C       		.byte	60
 492 01cf 08       		.byte	8
 493 01d0 40       		.byte	64
 494 01d1 55       		.byte	85
 495 01d2 42       		.byte	66
 496 01d3 10       		.byte	16
 497 01d4 49       		.byte	73
 498 01d5 01       		.byte	1
 499 01d6 4B       		.byte	75
 500 01d7 10       		.byte	16
 501 01d8 4C       		.byte	76
 502 01d9 20       		.byte	32
 503 01da 4E       		.byte	78
 504 01db 04       		.byte	4
 505 01dc 50       		.byte	80
 506 01dd 80       		.byte	-128
 507 01de 55       		.byte	85
 508 01df 04       		.byte	4
 509 01e0 58       		.byte	88
 510 01e1 01       		.byte	1
 511 01e2 59       		.byte	89
 512 01e3 24       		.byte	36
 513 01e4 5A       		.byte	90
ARM GAS  C:\Users\karthik\AppData\Local\Temp\cc3q6xEi.s 			page 10


 514 01e5 40       		.byte	64
 515 01e6 5F       		.byte	95
 516 01e7 01       		.byte	1
 517 01e8 65       		.byte	101
 518 01e9 80       		.byte	-128
 519 01ea 66       		.byte	102
 520 01eb 10       		.byte	16
 521 01ec 88       		.byte	-120
 522 01ed 20       		.byte	32
 523 01ee 8A       		.byte	-118
 524 01ef 02       		.byte	2
 525 01f0 93       		.byte	-109
 526 01f1 88       		.byte	-120
 527 01f2 9A       		.byte	-102
 528 01f3 08       		.byte	8
 529 01f4 9B       		.byte	-101
 530 01f5 01       		.byte	1
 531 01f6 A0       		.byte	-96
 532 01f7 10       		.byte	16
 533 01f8 A2       		.byte	-94
 534 01f9 08       		.byte	8
 535 01fa A3       		.byte	-93
 536 01fb 20       		.byte	32
 537 01fc A5       		.byte	-91
 538 01fd 04       		.byte	4
 539 01fe A6       		.byte	-90
 540 01ff 02       		.byte	2
 541 0200 A7       		.byte	-89
 542 0201 80       		.byte	-128
 543 0202 C0       		.byte	-64
 544 0203 06       		.byte	6
 545 0204 C2       		.byte	-62
 546 0205 0E       		.byte	14
 547 0206 C4       		.byte	-60
 548 0207 4E       		.byte	78
 549 0208 CA       		.byte	-54
 550 0209 0B       		.byte	11
 551 020a CC       		.byte	-52
 552 020b 8E       		.byte	-114
 553 020c CE       		.byte	-50
 554 020d 4F       		.byte	79
 555 020e D0       		.byte	-48
 556 020f 0F       		.byte	15
 557 0210 D2       		.byte	-46
 558 0211 24       		.byte	36
 559 0212 D6       		.byte	-42
 560 0213 8F       		.byte	-113
 561 0214 D8       		.byte	-40
 562 0215 30       		.byte	48
 563 0216 00       		.byte	0
 564 0217 01       		.byte	1
 565 0218 01       		.byte	1
 566 0219 1C       		.byte	28
 567 021a 02       		.byte	2
 568 021b 40       		.byte	64
 569 021c 03       		.byte	3
 570 021d 21       		.byte	33
ARM GAS  C:\Users\karthik\AppData\Local\Temp\cc3q6xEi.s 			page 11


 571 021e 04       		.byte	4
 572 021f 33       		.byte	51
 573 0220 05       		.byte	5
 574 0221 18       		.byte	24
 575 0222 06       		.byte	6
 576 0223 0C       		.byte	12
 577 0224 08       		.byte	8
 578 0225 1F       		.byte	31
 579 0226 09       		.byte	9
 580 0227 08       		.byte	8
 581 0228 0A       		.byte	10
 582 0229 20       		.byte	32
 583 022a 0D       		.byte	13
 584 022b 3C       		.byte	60
 585 022c 0E       		.byte	14
 586 022d 23       		.byte	35
 587 022e 0F       		.byte	15
 588 022f 02       		.byte	2
 589 0230 10       		.byte	16
 590 0231 1C       		.byte	28
 591 0232 11       		.byte	17
 592 0233 40       		.byte	64
 593 0234 12       		.byte	18
 594 0235 23       		.byte	35
 595 0236 14       		.byte	20
 596 0237 3F       		.byte	63
 597 0238 15       		.byte	21
 598 0239 3F       		.byte	63
 599 023a 1C       		.byte	28
 600 023b 02       		.byte	2
 601 023c 1D       		.byte	29
 602 023d 10       		.byte	16
 603 023e 20       		.byte	32
 604 023f 08       		.byte	8
 605 0240 21       		.byte	33
 606 0241 04       		.byte	4
 607 0242 24       		.byte	36
 608 0243 04       		.byte	4
 609 0244 27       		.byte	39
 610 0245 04       		.byte	4
 611 0246 28       		.byte	40
 612 0247 0C       		.byte	12
 613 0248 29       		.byte	41
 614 0249 27       		.byte	39
 615 024a 2B       		.byte	43
 616 024b 18       		.byte	24
 617 024c 2C       		.byte	44
 618 024d 03       		.byte	3
 619 024e 2F       		.byte	47
 620 024f 23       		.byte	35
 621 0250 30       		.byte	48
 622 0251 10       		.byte	16
 623 0252 31       		.byte	49
 624 0253 1F       		.byte	31
 625 0254 32       		.byte	50
 626 0255 40       		.byte	64
 627 0256 34       		.byte	52
ARM GAS  C:\Users\karthik\AppData\Local\Temp\cc3q6xEi.s 			page 12


 628 0257 0F       		.byte	15
 629 0258 35       		.byte	53
 630 0259 38       		.byte	56
 631 025a 36       		.byte	54
 632 025b 2C       		.byte	44
 633 025c 37       		.byte	55
 634 025d 40       		.byte	64
 635 025e 3A       		.byte	58
 636 025f A0       		.byte	-96
 637 0260 3B       		.byte	59
 638 0261 0A       		.byte	10
 639 0262 3E       		.byte	62
 640 0263 01       		.byte	1
 641 0264 3F       		.byte	63
 642 0265 40       		.byte	64
 643 0266 56       		.byte	86
 644 0267 02       		.byte	2
 645 0268 57       		.byte	87
 646 0269 13       		.byte	19
 647 026a 58       		.byte	88
 648 026b 04       		.byte	4
 649 026c 59       		.byte	89
 650 026d 04       		.byte	4
 651 026e 5B       		.byte	91
 652 026f 04       		.byte	4
 653 0270 5C       		.byte	92
 654 0271 11       		.byte	17
 655 0272 5D       		.byte	93
 656 0273 10       		.byte	16
 657 0274 5F       		.byte	95
 658 0275 01       		.byte	1
 659 0276 84       		.byte	-124
 660 0277 01       		.byte	1
 661 0278 88       		.byte	-120
 662 0279 01       		.byte	1
 663 027a 8D       		.byte	-115
 664 027b 04       		.byte	4
 665 027c 8F       		.byte	-113
 666 027d 01       		.byte	1
 667 027e 95       		.byte	-107
 668 027f 07       		.byte	7
 669 0280 99       		.byte	-103
 670 0281 07       		.byte	7
 671 0282 9D       		.byte	-99
 672 0283 01       		.byte	1
 673 0284 9F       		.byte	-97
 674 0285 06       		.byte	6
 675 0286 A1       		.byte	-95
 676 0287 02       		.byte	2
 677 0288 A3       		.byte	-93
 678 0289 01       		.byte	1
 679 028a AC       		.byte	-84
 680 028b 01       		.byte	1
 681 028c B0       		.byte	-80
 682 028d 01       		.byte	1
 683 028e B1       		.byte	-79
 684 028f 07       		.byte	7
ARM GAS  C:\Users\karthik\AppData\Local\Temp\cc3q6xEi.s 			page 13


 685 0290 D8       		.byte	-40
 686 0291 04       		.byte	4
 687 0292 D9       		.byte	-39
 688 0293 04       		.byte	4
 689 0294 DC       		.byte	-36
 690 0295 11       		.byte	17
 691 0296 DF       		.byte	-33
 692 0297 01       		.byte	1
 693 0298 00       		.byte	0
 694 0299 64       		.byte	100
 695 029a 03       		.byte	3
 696 029b 80       		.byte	-128
 697 029c 07       		.byte	7
 698 029d 14       		.byte	20
 699 029e 08       		.byte	8
 700 029f 02       		.byte	2
 701 02a0 09       		.byte	9
 702 02a1 48       		.byte	72
 703 02a2 0A       		.byte	10
 704 02a3 10       		.byte	16
 705 02a4 0B       		.byte	11
 706 02a5 40       		.byte	64
 707 02a6 10       		.byte	16
 708 02a7 80       		.byte	-128
 709 02a8 12       		.byte	18
 710 02a9 02       		.byte	2
 711 02aa 13       		.byte	19
 712 02ab 14       		.byte	20
 713 02ac 15       		.byte	21
 714 02ad 40       		.byte	64
 715 02ae 18       		.byte	24
 716 02af 06       		.byte	6
 717 02b0 19       		.byte	25
 718 02b1 95       		.byte	-107
 719 02b2 1B       		.byte	27
 720 02b3 40       		.byte	64
 721 02b4 1C       		.byte	28
 722 02b5 40       		.byte	64
 723 02b6 1F       		.byte	31
 724 02b7 02       		.byte	2
 725 02b8 21       		.byte	33
 726 02b9 48       		.byte	72
 727 02ba 22       		.byte	34
 728 02bb 10       		.byte	16
 729 02bc 23       		.byte	35
 730 02bd 40       		.byte	64
 731 02be 26       		.byte	38
 732 02bf 02       		.byte	2
 733 02c0 27       		.byte	39
 734 02c1 40       		.byte	64
 735 02c2 29       		.byte	41
 736 02c3 14       		.byte	20
 737 02c4 2B       		.byte	43
 738 02c5 82       		.byte	-126
 739 02c6 2F       		.byte	47
 740 02c7 80       		.byte	-128
 741 02c8 30       		.byte	48
ARM GAS  C:\Users\karthik\AppData\Local\Temp\cc3q6xEi.s 			page 14


 742 02c9 80       		.byte	-128
 743 02ca 31       		.byte	49
 744 02cb 08       		.byte	8
 745 02cc 33       		.byte	51
 746 02cd 01       		.byte	1
 747 02ce 37       		.byte	55
 748 02cf 54       		.byte	84
 749 02d0 38       		.byte	56
 750 02d1 2A       		.byte	42
 751 02d2 3B       		.byte	59
 752 02d3 40       		.byte	64
 753 02d4 3C       		.byte	60
 754 02d5 80       		.byte	-128
 755 02d6 3D       		.byte	61
 756 02d7 80       		.byte	-128
 757 02d8 59       		.byte	89
 758 02d9 01       		.byte	1
 759 02da 69       		.byte	105
 760 02db 40       		.byte	64
 761 02dc 6B       		.byte	107
 762 02dd 14       		.byte	20
 763 02de 70       		.byte	112
 764 02df 94       		.byte	-108
 765 02e0 73       		.byte	115
 766 02e1 14       		.byte	20
 767 02e2 81       		.byte	-127
 768 02e3 40       		.byte	64
 769 02e4 88       		.byte	-120
 770 02e5 30       		.byte	48
 771 02e6 89       		.byte	-119
 772 02e7 80       		.byte	-128
 773 02e8 8B       		.byte	-117
 774 02e9 80       		.byte	-128
 775 02ea 94       		.byte	-108
 776 02eb 44       		.byte	68
 777 02ec 96       		.byte	-106
 778 02ed 30       		.byte	48
 779 02ee 9B       		.byte	-101
 780 02ef 01       		.byte	1
 781 02f0 9C       		.byte	-100
 782 02f1 22       		.byte	34
 783 02f2 9F       		.byte	-97
 784 02f3 54       		.byte	84
 785 02f4 A0       		.byte	-96
 786 02f5 40       		.byte	64
 787 02f6 A7       		.byte	-89
 788 02f7 40       		.byte	64
 789 02f8 AC       		.byte	-84
 790 02f9 01       		.byte	1
 791 02fa AF       		.byte	-81
 792 02fb 04       		.byte	4
 793 02fc B7       		.byte	-73
 794 02fd 21       		.byte	33
 795 02fe C0       		.byte	-64
 796 02ff 6F       		.byte	111
 797 0300 C2       		.byte	-62
 798 0301 0D       		.byte	13
ARM GAS  C:\Users\karthik\AppData\Local\Temp\cc3q6xEi.s 			page 15


 799 0302 C4       		.byte	-60
 800 0303 8F       		.byte	-113
 801 0304 CA       		.byte	-54
 802 0305 8F       		.byte	-113
 803 0306 CC       		.byte	-52
 804 0307 7B       		.byte	123
 805 0308 CE       		.byte	-50
 806 0309 1F       		.byte	31
 807 030a D6       		.byte	-42
 808 030b 01       		.byte	1
 809 030c E0       		.byte	-32
 810 030d 01       		.byte	1
 811 030e 10       		.byte	16
 812 030f 40       		.byte	64
 813 0310 71       		.byte	113
 814 0311 02       		.byte	2
 815 0312 81       		.byte	-127
 816 0313 02       		.byte	2
 817 0314 88       		.byte	-120
 818 0315 40       		.byte	64
 819 0316 C4       		.byte	-60
 820 0317 08       		.byte	8
 821 0318 DC       		.byte	-36
 822 0319 01       		.byte	1
 823 031a E2       		.byte	-30
 824 031b 01       		.byte	1
 825 031c 00       		.byte	0
 826 031d 03       		.byte	3
 827 031e 0C       		.byte	12
 828 031f 03       		.byte	3
 829 0320 10       		.byte	16
 830 0321 03       		.byte	3
 831 0322 1C       		.byte	28
 832 0323 03       		.byte	3
 833 0324 00       		.byte	0
 834 0325 22       		.byte	34
 835 0326 00       		.byte	0
 836 0327 18       		.byte	24
 837 0328 07       		.byte	7
 838 0329 43       		.byte	67
 839 032a 00       		.byte	0
 840 032b 00       		.byte	0
 841 032c 00       		.byte	0
 842 032d 43       		.byte	67
 843 032e 04       		.byte	4
 844 032f 00       		.byte	0
 845 0330 00       		.byte	0
 846 0331 00       		.byte	0
 847 0332 00       		.byte	0
 848 0333 03       		.byte	3
 849 0334 02       		.byte	2
 850 0335 00       		.byte	0
 851 0336 04       		.byte	4
 852 0337 00       		.byte	0
 853 0338 00       		.byte	0
 854 0339 30       		.byte	48
 855 033a 10       		.byte	16
ARM GAS  C:\Users\karthik\AppData\Local\Temp\cc3q6xEi.s 			page 16


 856 033b 00       		.byte	0
 857 033c 08       		.byte	8
 858 033d 30       		.byte	48
 859 033e 00       		.byte	0
 860 033f 00       		.byte	0
 861 0340 00       		.byte	0
 862 0341 03       		.byte	3
 863 0342 00       		.byte	0
 864 0343 04       		.byte	4
 865 0344 00       		.byte	0
 866 0345 00       		.byte	0
 867 0346 10       		.byte	16
 868 0347 43       		.byte	67
 869 0348 00       		.byte	0
 870 0349 11       		.byte	17
 871 034a 05       		.byte	5
 872 034b 28       		.byte	40
 873 034c 07       		.byte	7
 874 034d 00       		.byte	0
 875 034e 00       		.byte	0
 876 034f 00       		.byte	0
 877 0350 00       		.byte	0
 878 0351 00       		.byte	0
 879 0352 00       		.byte	0
 880 0353 43       		.byte	67
 881 0354 04       		.byte	4
 882 0355 30       		.byte	48
 883 0356 08       		.byte	8
 884 0357 03       		.byte	3
 885 0358 03       		.byte	3
 886 0359 40       		.byte	64
 887 035a 10       		.byte	16
 888 035b 0C       		.byte	12
 889 035c 20       		.byte	32
 890 035d 20       		.byte	32
 891 035e 00       		.byte	0
 892 035f 00       		.byte	0
 893 0360 00       		.byte	0
 894 0361 00       		.byte	0
 895 0362 55       		.byte	85
 896 0363 40       		.byte	64
 897 0364 24       		.byte	36
 898 0365 03       		.byte	3
 899 0366 06       		.byte	6
 900 0367 00       		.byte	0
 901 0368 01       		.byte	1
 902 0369 E0       		.byte	-32
 903 036a 0C       		.byte	12
 904 036b 00       		.byte	0
 905 036c 06       		.byte	6
 906 036d FF       		.byte	-1
 907 036e FF       		.byte	-1
 908 036f FF       		.byte	-1
 909 0370 62       		.byte	98
 910 0371 A0       		.byte	-96
 911 0372 F0       		.byte	-16
 912 0373 41       		.byte	65
ARM GAS  C:\Users\karthik\AppData\Local\Temp\cc3q6xEi.s 			page 17


 913 0374 0C       		.byte	12
 914 0375 00       		.byte	0
 915 0376 00       		.byte	0
 916 0377 00       		.byte	0
 917 0378 01       		.byte	1
 918 0379 00       		.byte	0
 919 037a 00       		.byte	0
 920 037b 00       		.byte	0
 921 037c 04       		.byte	4
 922 037d 04       		.byte	4
 923 037e 04       		.byte	4
 924 037f 04       		.byte	4
 925 0380 10       		.byte	16
 926 0381 11       		.byte	17
 927 0382 00       		.byte	0
 928 0383 01       		.byte	1
 929 0384 00       		.byte	0
 930 0385 00       		.byte	0
 931 0386 00       		.byte	0
 932 0387 00       		.byte	0
 933 0388 00       		.byte	0
 934 0389 00       		.byte	0
 935 038a 40       		.byte	64
 936 038b 02       		.byte	2
 937 038c 00       		.byte	0
 938 038d 10       		.byte	16
 939 038e 30       		.byte	48
 940 038f 10       		.byte	16
 941 0390 00       		.byte	0
 942 0391 10       		.byte	16
 943 0392 10       		.byte	16
 944 0393 12       		.byte	18
 945 0394 00       		.byte	0
 946 0395 00       		.byte	0
 947 0396 00       		.byte	0
 948 0397 00       		.byte	0
 949 0398 00       		.byte	0
 950 0399 00       		.byte	0
 951 039a 00       		.byte	0
 952 039b 00       		.byte	0
 953 039c 00       		.byte	0
 954 039d 00       		.byte	0
 955 039e 00       		.byte	0
 956 039f 00       		.byte	0
 957 03a0 00       		.byte	0
 958 03a1 00       		.byte	0
 959 03a2 00       		.byte	0
 960 03a3 00       		.byte	0
 961 03a4 80       		.byte	-128
 962 03a5 00       		.byte	0
 963 03a6 40       		.byte	64
 964 03a7 80       		.byte	-128
 965 03a8 80       		.byte	-128
 966 03a9 00       		.byte	0
 967 03aa 80       		.byte	-128
 968 03ab 00       		.byte	0
 969 03ac 00       		.byte	0
ARM GAS  C:\Users\karthik\AppData\Local\Temp\cc3q6xEi.s 			page 18


 970 03ad 00       		.byte	0
 971 03ae 00       		.byte	0
 972 03af 00       		.byte	0
 973 03b0 00       		.byte	0
 974 03b1 0B       		.byte	11
 975 03b2 0B       		.byte	11
 976 03b3 00       		.byte	0
 977 03b4 00       		.byte	0
 978 03b5 00       		.byte	0
 979 03b6 00       		.byte	0
 980 03b7 00       		.byte	0
 981 03b8 00       		.byte	0
 982 03b9 02       		.byte	2
 983 03ba 02       		.byte	2
 984 03bb 00       		.byte	0
 985 03bc 00       		.byte	0
 986 03bd 00       		.byte	0
 987 03be 00       		.byte	0
 988 03bf 00       		.byte	0
 989              		.section	.cywolatch,"a",%progbits
 990              		.align	2
 991              		.type	cy_meta_wonvl, %object
 992              		.size	cy_meta_wonvl, 4
 993              	cy_meta_wonvl:
 994 0000 BC       		.byte	-68
 995 0001 90       		.byte	-112
 996 0002 AC       		.byte	-84
 997 0003 AF       		.byte	-81
 998              		.section	.cycustnvl,"a",%progbits
 999              		.align	2
 1000              		.type	cy_meta_custnvl, %object
 1001              		.size	cy_meta_custnvl, 4
 1002              	cy_meta_custnvl:
 1003 0000 00       		.byte	0
 1004 0001 00       		.byte	0
 1005 0002 40       		.byte	64
 1006 0003 05       		.byte	5
 1007              		.section	.cymeta,"a",%progbits
 1008              		.align	2
 1009              		.type	cy_metadata, %object
 1010              		.size	cy_metadata, 12
 1011              	cy_metadata:
 1012 0000 00       		.byte	0
 1013 0001 01       		.byte	1
 1014 0002 2E       		.byte	46
 1015 0003 16       		.byte	22
 1016 0004 10       		.byte	16
 1017 0005 69       		.byte	105
 1018 0006 00       		.byte	0
 1019 0007 01       		.byte	1
 1020 0008 00       		.byte	0
 1021 0009 00       		.byte	0
 1022 000a 00       		.byte	0
 1023 000b 00       		.byte	0
 1024              		.section	.cyflashprotect,"a",%progbits
 1025              		.align	2
 1026              		.type	cy_meta_flashprotect, %object
ARM GAS  C:\Users\karthik\AppData\Local\Temp\cc3q6xEi.s 			page 19


 1027              		.size	cy_meta_flashprotect, 256
 1028              	cy_meta_flashprotect:
 1029 0000 00000000 		.space	256
 1029      00000000 
 1029      00000000 
 1029      00000000 
 1029      00000000 
 1030              		.text
 1031              	.Letext0:
 1032              		.file 1 "c:\\program files (x86)\\cypress\\psoc creator\\4.4\\psoc creator\\import\\gnu\\arm\\5.4.
 1033              		.file 2 "c:\\program files (x86)\\cypress\\psoc creator\\4.4\\psoc creator\\import\\gnu\\arm\\5.4.
 1034              		.file 3 "Generated_Source\\PSoC5\\cymetadata.c"
 1035              		.section	.debug_info,"",%progbits
 1036              	.Ldebug_info0:
 1037 0000 31010000 		.4byte	0x131
 1038 0004 0400     		.2byte	0x4
 1039 0006 00000000 		.4byte	.Ldebug_abbrev0
 1040 000a 04       		.byte	0x4
 1041 000b 01       		.uleb128 0x1
 1042 000c 24000000 		.4byte	.LASF17
 1043 0010 0C       		.byte	0xc
 1044 0011 BC010000 		.4byte	.LASF18
 1045 0015 51010000 		.4byte	.LASF19
 1046 0019 00000000 		.4byte	.Ldebug_line0
 1047 001d 02       		.uleb128 0x2
 1048 001e 01       		.byte	0x1
 1049 001f 06       		.byte	0x6
 1050 0020 B0010000 		.4byte	.LASF0
 1051 0024 03       		.uleb128 0x3
 1052 0025 00000000 		.4byte	.LASF9
 1053 0029 01       		.byte	0x1
 1054 002a 1D       		.byte	0x1d
 1055 002b 2F000000 		.4byte	0x2f
 1056 002f 02       		.uleb128 0x2
 1057 0030 01       		.byte	0x1
 1058 0031 08       		.byte	0x8
 1059 0032 16000000 		.4byte	.LASF1
 1060 0036 02       		.uleb128 0x2
 1061 0037 02       		.byte	0x2
 1062 0038 05       		.byte	0x5
 1063 0039 9D010000 		.4byte	.LASF2
 1064 003d 02       		.uleb128 0x2
 1065 003e 02       		.byte	0x2
 1066 003f 07       		.byte	0x7
 1067 0040 C4000000 		.4byte	.LASF3
 1068 0044 02       		.uleb128 0x2
 1069 0045 04       		.byte	0x4
 1070 0046 05       		.byte	0x5
 1071 0047 A7010000 		.4byte	.LASF4
 1072 004b 02       		.uleb128 0x2
 1073 004c 04       		.byte	0x4
 1074 004d 07       		.byte	0x7
 1075 004e B2000000 		.4byte	.LASF5
 1076 0052 02       		.uleb128 0x2
 1077 0053 08       		.byte	0x8
 1078 0054 05       		.byte	0x5
 1079 0055 8F010000 		.4byte	.LASF6
ARM GAS  C:\Users\karthik\AppData\Local\Temp\cc3q6xEi.s 			page 20


 1080 0059 02       		.uleb128 0x2
 1081 005a 08       		.byte	0x8
 1082 005b 07       		.byte	0x7
 1083 005c 06010000 		.4byte	.LASF7
 1084 0060 04       		.uleb128 0x4
 1085 0061 04       		.byte	0x4
 1086 0062 05       		.byte	0x5
 1087 0063 696E7400 		.ascii	"int\000"
 1088 0067 02       		.uleb128 0x2
 1089 0068 04       		.byte	0x4
 1090 0069 07       		.byte	0x7
 1091 006a F9000000 		.4byte	.LASF8
 1092 006e 03       		.uleb128 0x3
 1093 006f 1D010000 		.4byte	.LASF10
 1094 0073 02       		.byte	0x2
 1095 0074 18       		.byte	0x18
 1096 0075 24000000 		.4byte	0x24
 1097 0079 05       		.uleb128 0x5
 1098 007a 91000000 		.4byte	0x91
 1099 007e 8A000000 		.4byte	0x8a
 1100 0082 06       		.uleb128 0x6
 1101 0083 8A000000 		.4byte	0x8a
 1102 0087 BF03     		.2byte	0x3bf
 1103 0089 00       		.byte	0
 1104 008a 02       		.uleb128 0x2
 1105 008b 04       		.byte	0x4
 1106 008c 07       		.byte	0x7
 1107 008d 48010000 		.4byte	.LASF11
 1108 0091 07       		.uleb128 0x7
 1109 0092 6E000000 		.4byte	0x6e
 1110 0096 08       		.uleb128 0x8
 1111 0097 E7000000 		.4byte	.LASF12
 1112 009b 03       		.byte	0x3
 1113 009c 1F       		.byte	0x1f
 1114 009d A7000000 		.4byte	0xa7
 1115 00a1 05       		.uleb128 0x5
 1116 00a2 03       		.byte	0x3
 1117 00a3 00000000 		.4byte	cy_meta_configecc
 1118 00a7 07       		.uleb128 0x7
 1119 00a8 79000000 		.4byte	0x79
 1120 00ac 05       		.uleb128 0x5
 1121 00ad 91000000 		.4byte	0x91
 1122 00b1 BC000000 		.4byte	0xbc
 1123 00b5 09       		.uleb128 0x9
 1124 00b6 8A000000 		.4byte	0x8a
 1125 00ba 03       		.byte	0x3
 1126 00bb 00       		.byte	0
 1127 00bc 08       		.uleb128 0x8
 1128 00bd D7000000 		.4byte	.LASF13
 1129 00c1 03       		.byte	0x3
 1130 00c2 A4       		.byte	0xa4
 1131 00c3 CD000000 		.4byte	0xcd
 1132 00c7 05       		.uleb128 0x5
 1133 00c8 03       		.byte	0x3
 1134 00c9 00000000 		.4byte	cy_meta_custnvl
 1135 00cd 07       		.uleb128 0x7
 1136 00ce AC000000 		.4byte	0xac
ARM GAS  C:\Users\karthik\AppData\Local\Temp\cc3q6xEi.s 			page 21


 1137 00d2 08       		.uleb128 0x8
 1138 00d3 3A010000 		.4byte	.LASF14
 1139 00d7 03       		.byte	0x3
 1140 00d8 B2       		.byte	0xb2
 1141 00d9 E3000000 		.4byte	0xe3
 1142 00dd 05       		.uleb128 0x5
 1143 00de 03       		.byte	0x3
 1144 00df 00000000 		.4byte	cy_meta_wonvl
 1145 00e3 07       		.uleb128 0x7
 1146 00e4 AC000000 		.4byte	0xac
 1147 00e8 05       		.uleb128 0x5
 1148 00e9 91000000 		.4byte	0x91
 1149 00ed F8000000 		.4byte	0xf8
 1150 00f1 09       		.uleb128 0x9
 1151 00f2 8A000000 		.4byte	0x8a
 1152 00f6 FF       		.byte	0xff
 1153 00f7 00       		.byte	0
 1154 00f8 08       		.uleb128 0x8
 1155 00f9 25010000 		.4byte	.LASF15
 1156 00fd 03       		.byte	0x3
 1157 00fe C0       		.byte	0xc0
 1158 00ff 09010000 		.4byte	0x109
 1159 0103 05       		.uleb128 0x5
 1160 0104 03       		.byte	0x3
 1161 0105 00000000 		.4byte	cy_meta_flashprotect
 1162 0109 07       		.uleb128 0x7
 1163 010a E8000000 		.4byte	0xe8
 1164 010e 05       		.uleb128 0x5
 1165 010f 91000000 		.4byte	0x91
 1166 0113 1E010000 		.4byte	0x11e
 1167 0117 09       		.uleb128 0x9
 1168 0118 8A000000 		.4byte	0x8a
 1169 011c 0B       		.byte	0xb
 1170 011d 00       		.byte	0
 1171 011e 08       		.uleb128 0x8
 1172 011f 0A000000 		.4byte	.LASF16
 1173 0123 03       		.byte	0x3
 1174 0124 ED       		.byte	0xed
 1175 0125 2F010000 		.4byte	0x12f
 1176 0129 05       		.uleb128 0x5
 1177 012a 03       		.byte	0x3
 1178 012b 00000000 		.4byte	cy_metadata
 1179 012f 07       		.uleb128 0x7
 1180 0130 0E010000 		.4byte	0x10e
 1181 0134 00       		.byte	0
 1182              		.section	.debug_abbrev,"",%progbits
 1183              	.Ldebug_abbrev0:
 1184 0000 01       		.uleb128 0x1
 1185 0001 11       		.uleb128 0x11
 1186 0002 01       		.byte	0x1
 1187 0003 25       		.uleb128 0x25
 1188 0004 0E       		.uleb128 0xe
 1189 0005 13       		.uleb128 0x13
 1190 0006 0B       		.uleb128 0xb
 1191 0007 03       		.uleb128 0x3
 1192 0008 0E       		.uleb128 0xe
 1193 0009 1B       		.uleb128 0x1b
ARM GAS  C:\Users\karthik\AppData\Local\Temp\cc3q6xEi.s 			page 22


 1194 000a 0E       		.uleb128 0xe
 1195 000b 10       		.uleb128 0x10
 1196 000c 17       		.uleb128 0x17
 1197 000d 00       		.byte	0
 1198 000e 00       		.byte	0
 1199 000f 02       		.uleb128 0x2
 1200 0010 24       		.uleb128 0x24
 1201 0011 00       		.byte	0
 1202 0012 0B       		.uleb128 0xb
 1203 0013 0B       		.uleb128 0xb
 1204 0014 3E       		.uleb128 0x3e
 1205 0015 0B       		.uleb128 0xb
 1206 0016 03       		.uleb128 0x3
 1207 0017 0E       		.uleb128 0xe
 1208 0018 00       		.byte	0
 1209 0019 00       		.byte	0
 1210 001a 03       		.uleb128 0x3
 1211 001b 16       		.uleb128 0x16
 1212 001c 00       		.byte	0
 1213 001d 03       		.uleb128 0x3
 1214 001e 0E       		.uleb128 0xe
 1215 001f 3A       		.uleb128 0x3a
 1216 0020 0B       		.uleb128 0xb
 1217 0021 3B       		.uleb128 0x3b
 1218 0022 0B       		.uleb128 0xb
 1219 0023 49       		.uleb128 0x49
 1220 0024 13       		.uleb128 0x13
 1221 0025 00       		.byte	0
 1222 0026 00       		.byte	0
 1223 0027 04       		.uleb128 0x4
 1224 0028 24       		.uleb128 0x24
 1225 0029 00       		.byte	0
 1226 002a 0B       		.uleb128 0xb
 1227 002b 0B       		.uleb128 0xb
 1228 002c 3E       		.uleb128 0x3e
 1229 002d 0B       		.uleb128 0xb
 1230 002e 03       		.uleb128 0x3
 1231 002f 08       		.uleb128 0x8
 1232 0030 00       		.byte	0
 1233 0031 00       		.byte	0
 1234 0032 05       		.uleb128 0x5
 1235 0033 01       		.uleb128 0x1
 1236 0034 01       		.byte	0x1
 1237 0035 49       		.uleb128 0x49
 1238 0036 13       		.uleb128 0x13
 1239 0037 01       		.uleb128 0x1
 1240 0038 13       		.uleb128 0x13
 1241 0039 00       		.byte	0
 1242 003a 00       		.byte	0
 1243 003b 06       		.uleb128 0x6
 1244 003c 21       		.uleb128 0x21
 1245 003d 00       		.byte	0
 1246 003e 49       		.uleb128 0x49
 1247 003f 13       		.uleb128 0x13
 1248 0040 2F       		.uleb128 0x2f
 1249 0041 05       		.uleb128 0x5
 1250 0042 00       		.byte	0
ARM GAS  C:\Users\karthik\AppData\Local\Temp\cc3q6xEi.s 			page 23


 1251 0043 00       		.byte	0
 1252 0044 07       		.uleb128 0x7
 1253 0045 26       		.uleb128 0x26
 1254 0046 00       		.byte	0
 1255 0047 49       		.uleb128 0x49
 1256 0048 13       		.uleb128 0x13
 1257 0049 00       		.byte	0
 1258 004a 00       		.byte	0
 1259 004b 08       		.uleb128 0x8
 1260 004c 34       		.uleb128 0x34
 1261 004d 00       		.byte	0
 1262 004e 03       		.uleb128 0x3
 1263 004f 0E       		.uleb128 0xe
 1264 0050 3A       		.uleb128 0x3a
 1265 0051 0B       		.uleb128 0xb
 1266 0052 3B       		.uleb128 0x3b
 1267 0053 0B       		.uleb128 0xb
 1268 0054 49       		.uleb128 0x49
 1269 0055 13       		.uleb128 0x13
 1270 0056 3F       		.uleb128 0x3f
 1271 0057 19       		.uleb128 0x19
 1272 0058 02       		.uleb128 0x2
 1273 0059 18       		.uleb128 0x18
 1274 005a 00       		.byte	0
 1275 005b 00       		.byte	0
 1276 005c 09       		.uleb128 0x9
 1277 005d 21       		.uleb128 0x21
 1278 005e 00       		.byte	0
 1279 005f 49       		.uleb128 0x49
 1280 0060 13       		.uleb128 0x13
 1281 0061 2F       		.uleb128 0x2f
 1282 0062 0B       		.uleb128 0xb
 1283 0063 00       		.byte	0
 1284 0064 00       		.byte	0
 1285 0065 00       		.byte	0
 1286              		.section	.debug_aranges,"",%progbits
 1287 0000 14000000 		.4byte	0x14
 1288 0004 0200     		.2byte	0x2
 1289 0006 00000000 		.4byte	.Ldebug_info0
 1290 000a 04       		.byte	0x4
 1291 000b 00       		.byte	0
 1292 000c 0000     		.2byte	0
 1293 000e 0000     		.2byte	0
 1294 0010 00000000 		.4byte	0
 1295 0014 00000000 		.4byte	0
 1296              		.section	.debug_line,"",%progbits
 1297              	.Ldebug_line0:
 1298 0000 3D010000 		.section	.debug_str,"MS",%progbits,1
 1298      02003701 
 1298      00000201 
 1298      FB0E0D00 
 1298      01010101 
 1299              	.LASF9:
 1300 0000 5F5F7569 		.ascii	"__uint8_t\000"
 1300      6E74385F 
 1300      7400
 1301              	.LASF16:
ARM GAS  C:\Users\karthik\AppData\Local\Temp\cc3q6xEi.s 			page 24


 1302 000a 63795F6D 		.ascii	"cy_metadata\000"
 1302      65746164 
 1302      61746100 
 1303              	.LASF1:
 1304 0016 756E7369 		.ascii	"unsigned char\000"
 1304      676E6564 
 1304      20636861 
 1304      7200
 1305              	.LASF17:
 1306 0024 474E5520 		.ascii	"GNU C11 5.4.1 20160609 (release) [ARM/embedded-5-br"
 1306      43313120 
 1306      352E342E 
 1306      31203230 
 1306      31363036 
 1307 0057 616E6368 		.ascii	"anch revision 237715] -mcpu=cortex-m3 -mthumb -g -O"
 1307      20726576 
 1307      6973696F 
 1307      6E203233 
 1307      37373135 
 1308 008a 67202D66 		.ascii	"g -ffunction-sections -ffat-lto-objects\000"
 1308      66756E63 
 1308      74696F6E 
 1308      2D736563 
 1308      74696F6E 
 1309              	.LASF5:
 1310 00b2 6C6F6E67 		.ascii	"long unsigned int\000"
 1310      20756E73 
 1310      69676E65 
 1310      6420696E 
 1310      7400
 1311              	.LASF3:
 1312 00c4 73686F72 		.ascii	"short unsigned int\000"
 1312      7420756E 
 1312      7369676E 
 1312      65642069 
 1312      6E7400
 1313              	.LASF13:
 1314 00d7 63795F6D 		.ascii	"cy_meta_custnvl\000"
 1314      6574615F 
 1314      63757374 
 1314      6E766C00 
 1315              	.LASF12:
 1316 00e7 63795F6D 		.ascii	"cy_meta_configecc\000"
 1316      6574615F 
 1316      636F6E66 
 1316      69676563 
 1316      6300
 1317              	.LASF8:
 1318 00f9 756E7369 		.ascii	"unsigned int\000"
 1318      676E6564 
 1318      20696E74 
 1318      00
 1319              	.LASF7:
 1320 0106 6C6F6E67 		.ascii	"long long unsigned int\000"
 1320      206C6F6E 
 1320      6720756E 
 1320      7369676E 
ARM GAS  C:\Users\karthik\AppData\Local\Temp\cc3q6xEi.s 			page 25


 1320      65642069 
 1321              	.LASF10:
 1322 011d 75696E74 		.ascii	"uint8_t\000"
 1322      385F7400 
 1323              	.LASF15:
 1324 0125 63795F6D 		.ascii	"cy_meta_flashprotect\000"
 1324      6574615F 
 1324      666C6173 
 1324      6870726F 
 1324      74656374 
 1325              	.LASF14:
 1326 013a 63795F6D 		.ascii	"cy_meta_wonvl\000"
 1326      6574615F 
 1326      776F6E76 
 1326      6C00
 1327              	.LASF11:
 1328 0148 73697A65 		.ascii	"sizetype\000"
 1328      74797065 
 1328      00
 1329              	.LASF19:
 1330 0151 433A5C49 		.ascii	"C:\\IIITB\\Summer Term\\Summer Term\\freertos_test\\"
 1330      49495442 
 1330      5C53756D 
 1330      6D657220 
 1330      5465726D 
 1331 0180 3030334D 		.ascii	"003Mutex.cydsn\000"
 1331      75746578 
 1331      2E637964 
 1331      736E00
 1332              	.LASF6:
 1333 018f 6C6F6E67 		.ascii	"long long int\000"
 1333      206C6F6E 
 1333      6720696E 
 1333      7400
 1334              	.LASF2:
 1335 019d 73686F72 		.ascii	"short int\000"
 1335      7420696E 
 1335      7400
 1336              	.LASF4:
 1337 01a7 6C6F6E67 		.ascii	"long int\000"
 1337      20696E74 
 1337      00
 1338              	.LASF0:
 1339 01b0 7369676E 		.ascii	"signed char\000"
 1339      65642063 
 1339      68617200 
 1340              	.LASF18:
 1341 01bc 47656E65 		.ascii	"Generated_Source\\PSoC5\\cymetadata.c\000"
 1341      72617465 
 1341      645F536F 
 1341      75726365 
 1341      5C50536F 
 1342              		.ident	"GCC: (GNU Tools for ARM Embedded Processors) 5.4.1 20160609 (release) [ARM/embedded-5-bran
