ARM GAS  C:\Users\karthik\AppData\Local\Temp\ccz4juWb.s 			page 1


   1              		.syntax unified
   2              		.cpu cortex-m3
   3              		.fpu softvfp
   4              		.eabi_attribute 20, 1
   5              		.eabi_attribute 21, 1
   6              		.eabi_attribute 23, 3
   7              		.eabi_attribute 24, 1
   8              		.eabi_attribute 25, 1
   9              		.eabi_attribute 26, 1
  10              		.eabi_attribute 30, 1
  11              		.eabi_attribute 34, 1
  12              		.eabi_attribute 18, 4
  13              		.thumb
  14              		.syntax unified
  15              		.file	"main.c"
  16              		.text
  17              	.Ltext0:
  18              		.cfi_sections	.debug_frame
  19              		.section	.text.uart_input_task,"ax",%progbits
  20              		.align	2
  21              		.global	uart_input_task
  22              		.thumb
  23              		.thumb_func
  24              		.type	uart_input_task, %function
  25              	uart_input_task:
  26              	.LFB69:
  27              		.file 1 "main.c"
   1:main.c        **** #include <stdio.h>
   2:main.c        **** #include <stdlib.h>
   3:main.c        **** #include <string.h>
   4:main.c        **** #include "project.h"
   5:main.c        **** #include "FreeRTOS.h"
   6:main.c        **** #include "task.h"
   7:main.c        **** #include "semphr.h"
   8:main.c        **** 
   9:main.c        **** extern void FreeRTOS_Start();
  10:main.c        **** 
  11:main.c        **** #define CMD_OFF     1
  12:main.c        **** #define CMD_ON      2
  13:main.c        **** #define CMD_BLINK   3
  14:main.c        **** #define CMD_BREATHE 4
  15:main.c        **** 
  16:main.c        **** SemaphoreHandle_t led_mutex;
  17:main.c        **** QueueHandle_t led_cmd_queue;
  18:main.c        **** uint8_t current_cmd = 0;
  19:main.c        **** 
  20:main.c        **** void uart_input_task(void *ptr) {
  28              		.loc 1 20 0
  29              		.cfi_startproc
  30              		@ args = 0, pretend = 0, frame = 16
  31              		@ frame_needed = 0, uses_anonymous_args = 0
  32              	.LVL0:
  33 0000 30B5     		push	{r4, r5, lr}
  34              		.cfi_def_cfa_offset 12
  35              		.cfi_offset 4, -12
  36              		.cfi_offset 5, -8
  37              		.cfi_offset 14, -4
ARM GAS  C:\Users\karthik\AppData\Local\Temp\ccz4juWb.s 			page 2


  38 0002 85B0     		sub	sp, sp, #20
  39              		.cfi_def_cfa_offset 32
  40              	.LVL1:
  21:main.c        ****     char buffer[10];
  22:main.c        ****     uint8_t index = 0;
  41              		.loc 1 22 0
  42 0004 0024     		movs	r4, #0
  43              	.LVL2:
  44              	.L7:
  45              	.LBB2:
  23:main.c        **** 
  24:main.c        ****     while (1) {
  25:main.c        ****         char ch = UART_GetChar();
  46              		.loc 1 25 0
  47 0006 FFF7FEFF 		bl	UART_GetChar
  48              	.LVL3:
  26:main.c        ****         if (ch != 0u && ch != 0xFF) {
  49              		.loc 1 26 0
  50 000a 431E     		subs	r3, r0, #1
  51 000c DBB2     		uxtb	r3, r3
  52 000e FD2B     		cmp	r3, #253
  53 0010 2CD8     		bhi	.L2
  27:main.c        ****             if (ch == '\r' || ch == '\n') {
  54              		.loc 1 27 0
  55 0012 0D28     		cmp	r0, #13
  56 0014 01D0     		beq	.L3
  57              		.loc 1 27 0 is_stmt 0 discriminator 1
  58 0016 0A28     		cmp	r0, #10
  59 0018 1DD1     		bne	.L4
  60              	.L3:
  61              	.LBB3:
  28:main.c        ****                 buffer[index] = '\0';
  62              		.loc 1 28 0 is_stmt 1
  63 001a 04AB     		add	r3, sp, #16
  64 001c 1C44     		add	r4, r4, r3
  65              	.LVL4:
  66 001e 0023     		movs	r3, #0
  67 0020 04F80C3C 		strb	r3, [r4, #-12]
  68              	.LVL5:
  29:main.c        ****                 index = 0;
  30:main.c        ****                 uint8_t cmd = atoi(buffer);
  69              		.loc 1 30 0
  70 0024 01A8     		add	r0, sp, #4
  71              	.LVL6:
  72 0026 FFF7FEFF 		bl	atoi
  73              	.LVL7:
  74 002a C0B2     		uxtb	r0, r0
  75 002c 8DF80300 		strb	r0, [sp, #3]
  31:main.c        **** 
  32:main.c        ****                 if (cmd >= 1 && cmd <= 4) {
  76              		.loc 1 32 0
  77 0030 0138     		subs	r0, r0, #1
  78 0032 C0B2     		uxtb	r0, r0
  79 0034 0328     		cmp	r0, #3
  80 0036 09D8     		bhi	.L5
  33:main.c        ****                     xQueueSend(led_cmd_queue, &cmd, portMAX_DELAY);
  81              		.loc 1 33 0
ARM GAS  C:\Users\karthik\AppData\Local\Temp\ccz4juWb.s 			page 3


  82 0038 0023     		movs	r3, #0
  83 003a 4FF0FF32 		mov	r2, #-1
  84 003e 0DF10301 		add	r1, sp, #3
  85 0042 0C48     		ldr	r0, .L9
  86 0044 0068     		ldr	r0, [r0]
  87 0046 FFF7FEFF 		bl	xQueueGenericSend
  88              	.LVL8:
  89 004a 02E0     		b	.L6
  90              	.L5:
  34:main.c        ****                 } else {
  35:main.c        ****                     UART_PutString("\r\nInvalid input. Use 1 to 4.\r\n");
  91              		.loc 1 35 0
  92 004c 0A48     		ldr	r0, .L9+4
  93 004e FFF7FEFF 		bl	UART_PutString
  94              	.LVL9:
  95              	.L6:
  29:main.c        ****                 uint8_t cmd = atoi(buffer);
  96              		.loc 1 29 0
  97 0052 0024     		movs	r4, #0
  98              	.LBE3:
  27:main.c        ****                 buffer[index] = '\0';
  99              		.loc 1 27 0
 100 0054 0AE0     		b	.L2
 101              	.LVL10:
 102              	.L4:
  36:main.c        ****                 }
  37:main.c        ****             } else if (index < sizeof(buffer) - 1) {
 103              		.loc 1 37 0
 104 0056 082C     		cmp	r4, #8
 105 0058 08D8     		bhi	.L2
  38:main.c        ****                 buffer[index++] = ch;
 106              		.loc 1 38 0
 107 005a 651C     		adds	r5, r4, #1
 108 005c EDB2     		uxtb	r5, r5
 109              	.LVL11:
 110 005e 04AB     		add	r3, sp, #16
 111 0060 1C44     		add	r4, r4, r3
 112 0062 04F80C0C 		strb	r0, [r4, #-12]
  39:main.c        ****                 UART_PutChar(ch);
 113              		.loc 1 39 0
 114 0066 FFF7FEFF 		bl	UART_PutChar
 115              	.LVL12:
  38:main.c        ****                 buffer[index++] = ch;
 116              		.loc 1 38 0
 117 006a 2C46     		mov	r4, r5
 118              	.LVL13:
 119              	.L2:
  40:main.c        ****             }
  41:main.c        ****         }
  42:main.c        ****         vTaskDelay(pdMS_TO_TICKS(10));
 120              		.loc 1 42 0
 121 006c 0A20     		movs	r0, #10
 122 006e FFF7FEFF 		bl	vTaskDelay
 123              	.LVL14:
 124              	.LBE2:
  43:main.c        ****     }
 125              		.loc 1 43 0
ARM GAS  C:\Users\karthik\AppData\Local\Temp\ccz4juWb.s 			page 4


 126 0072 C8E7     		b	.L7
 127              	.L10:
 128              		.align	2
 129              	.L9:
 130 0074 00000000 		.word	led_cmd_queue
 131 0078 00000000 		.word	.LC0
 132              		.cfi_endproc
 133              	.LFE69:
 134              		.size	uart_input_task, .-uart_input_task
 135              		.section	.text.led_control_task,"ax",%progbits
 136              		.align	2
 137              		.global	led_control_task
 138              		.thumb
 139              		.thumb_func
 140              		.type	led_control_task, %function
 141              	led_control_task:
 142              	.LFB70:
  44:main.c        **** }
  45:main.c        **** 
  46:main.c        **** void led_control_task(void *ptr) {
 143              		.loc 1 46 0
 144              		.cfi_startproc
 145              		@ args = 0, pretend = 0, frame = 8
 146              		@ frame_needed = 0, uses_anonymous_args = 0
 147              	.LVL15:
 148 0000 00B5     		push	{lr}
 149              		.cfi_def_cfa_offset 4
 150              		.cfi_offset 14, -4
 151 0002 83B0     		sub	sp, sp, #12
 152              		.cfi_def_cfa_offset 16
 153              	.LVL16:
 154              	.L12:
  47:main.c        ****     uint8_t cmd;
  48:main.c        ****     while (1) {
  49:main.c        ****         if (xQueueReceive(led_cmd_queue, &cmd, portMAX_DELAY) == pdPASS) {
 155              		.loc 1 49 0
 156 0004 4FF0FF32 		mov	r2, #-1
 157 0008 0DF10701 		add	r1, sp, #7
 158 000c 1D4B     		ldr	r3, .L22
 159 000e 1868     		ldr	r0, [r3]
 160 0010 FFF7FEFF 		bl	xQueueReceive
 161              	.LVL17:
 162 0014 0128     		cmp	r0, #1
 163 0016 F5D1     		bne	.L12
  50:main.c        ****             current_cmd = cmd;
 164              		.loc 1 50 0
 165 0018 9DF80720 		ldrb	r2, [sp, #7]	@ zero_extendqisi2
 166 001c 1A4B     		ldr	r3, .L22+4
 167 001e 1A70     		strb	r2, [r3]
  51:main.c        ****             if (xSemaphoreTake(led_mutex, portMAX_DELAY)) {
 168              		.loc 1 51 0
 169 0020 4FF0FF31 		mov	r1, #-1
 170 0024 194B     		ldr	r3, .L22+8
 171 0026 1868     		ldr	r0, [r3]
 172 0028 FFF7FEFF 		bl	xQueueSemaphoreTake
 173              	.LVL18:
 174 002c 0028     		cmp	r0, #0
ARM GAS  C:\Users\karthik\AppData\Local\Temp\ccz4juWb.s 			page 5


 175 002e E9D0     		beq	.L12
  52:main.c        ****                 switch (cmd) {
 176              		.loc 1 52 0
 177 0030 9DF80730 		ldrb	r3, [sp, #7]	@ zero_extendqisi2
 178 0034 013B     		subs	r3, r3, #1
 179 0036 032B     		cmp	r3, #3
 180 0038 1CD8     		bhi	.L14
 181 003a DFE803F0 		tbb	[pc, r3]
 182              	.L16:
 183 003e 0B       		.byte	(.L15-.L16)/2
 184 003f 02       		.byte	(.L17-.L16)/2
 185 0040 14       		.byte	(.L18-.L16)/2
 186 0041 18       		.byte	(.L19-.L16)/2
 187              		.p2align 1
 188              	.L17:
  53:main.c        ****                     case CMD_ON:
  54:main.c        ****                         PWM_Stop();
 189              		.loc 1 54 0
 190 0042 FFF7FEFF 		bl	PWM_Stop
 191              	.LVL19:
  55:main.c        ****                         led_Write(0); // LED ON (active-low)
 192              		.loc 1 55 0
 193 0046 0020     		movs	r0, #0
 194 0048 FFF7FEFF 		bl	led_Write
 195              	.LVL20:
  56:main.c        ****                         UART_PutString("\r\nLED OFF\r\n");
 196              		.loc 1 56 0
 197 004c 1048     		ldr	r0, .L22+12
 198 004e FFF7FEFF 		bl	UART_PutString
 199              	.LVL21:
  57:main.c        ****                         break;
 200              		.loc 1 57 0
 201 0052 0FE0     		b	.L14
 202              	.L15:
  58:main.c        ****                     case CMD_OFF:
  59:main.c        ****                         PWM_Stop();
 203              		.loc 1 59 0
 204 0054 FFF7FEFF 		bl	PWM_Stop
 205              	.LVL22:
  60:main.c        ****                         led_Write(1); // LED OFF (active-low)
 206              		.loc 1 60 0
 207 0058 0120     		movs	r0, #1
 208 005a FFF7FEFF 		bl	led_Write
 209              	.LVL23:
  61:main.c        ****                         UART_PutString("\r\nLED ON\r\n");
 210              		.loc 1 61 0
 211 005e 0D48     		ldr	r0, .L22+16
 212 0060 FFF7FEFF 		bl	UART_PutString
 213              	.LVL24:
  62:main.c        ****                         break;
 214              		.loc 1 62 0
 215 0064 06E0     		b	.L14
 216              	.L18:
  63:main.c        ****                     case CMD_BLINK:
  64:main.c        ****                         UART_PutString("\r\nBlink mode enabled\r\n");
 217              		.loc 1 64 0
 218 0066 0C48     		ldr	r0, .L22+20
ARM GAS  C:\Users\karthik\AppData\Local\Temp\ccz4juWb.s 			page 6


 219 0068 FFF7FEFF 		bl	UART_PutString
 220              	.LVL25:
  65:main.c        ****                         break;
 221              		.loc 1 65 0
 222 006c 02E0     		b	.L14
 223              	.L19:
  66:main.c        ****                     case CMD_BREATHE:
  67:main.c        ****                         UART_PutString("\r\nPulse brightness mode enabled\r\n");
 224              		.loc 1 67 0
 225 006e 0B48     		ldr	r0, .L22+24
 226 0070 FFF7FEFF 		bl	UART_PutString
 227              	.LVL26:
 228              	.L14:
  68:main.c        ****                         break;
  69:main.c        ****                 }
  70:main.c        ****                 xSemaphoreGive(led_mutex);
 229              		.loc 1 70 0
 230 0074 0023     		movs	r3, #0
 231 0076 1A46     		mov	r2, r3
 232 0078 1946     		mov	r1, r3
 233 007a 0448     		ldr	r0, .L22+8
 234 007c 0068     		ldr	r0, [r0]
 235 007e FFF7FEFF 		bl	xQueueGenericSend
 236              	.LVL27:
 237 0082 BFE7     		b	.L12
 238              	.L23:
 239              		.align	2
 240              	.L22:
 241 0084 00000000 		.word	led_cmd_queue
 242 0088 00000000 		.word	.LANCHOR0
 243 008c 00000000 		.word	led_mutex
 244 0090 20000000 		.word	.LC1
 245 0094 2C000000 		.word	.LC2
 246 0098 38000000 		.word	.LC3
 247 009c 50000000 		.word	.LC4
 248              		.cfi_endproc
 249              	.LFE70:
 250              		.size	led_control_task, .-led_control_task
 251              		.section	.text.breathe_task,"ax",%progbits
 252              		.align	2
 253              		.global	breathe_task
 254              		.thumb
 255              		.thumb_func
 256              		.type	breathe_task, %function
 257              	breathe_task:
 258              	.LFB72:
  71:main.c        ****             }
  72:main.c        ****         }
  73:main.c        ****     }
  74:main.c        **** }
  75:main.c        **** 
  76:main.c        **** void blink_task(void *ptr) {
  77:main.c        ****     while (1) {
  78:main.c        ****         if (current_cmd == CMD_BLINK) {
  79:main.c        ****             if (xSemaphoreTake(led_mutex, portMAX_DELAY)) {
  80:main.c        ****                 led_Write(!led_Read()); // Toggle LED
  81:main.c        ****                 xSemaphoreGive(led_mutex);
ARM GAS  C:\Users\karthik\AppData\Local\Temp\ccz4juWb.s 			page 7


  82:main.c        ****             }
  83:main.c        ****         }
  84:main.c        ****         vTaskDelay(pdMS_TO_TICKS(500));
  85:main.c        ****     }
  86:main.c        **** }
  87:main.c        **** 
  88:main.c        **** void breathe_task(void *ptr) {
 259              		.loc 1 88 0
 260              		.cfi_startproc
 261              		@ args = 0, pretend = 0, frame = 0
 262              		@ frame_needed = 0, uses_anonymous_args = 0
 263              	.LVL28:
 264 0000 70B5     		push	{r4, r5, r6, lr}
 265              		.cfi_def_cfa_offset 16
 266              		.cfi_offset 4, -16
 267              		.cfi_offset 5, -12
 268              		.cfi_offset 6, -8
 269              		.cfi_offset 14, -4
 270              	.LVL29:
  89:main.c        ****     uint8_t brightness = 0;
  90:main.c        ****     int8_t step = 5;
 271              		.loc 1 90 0
 272 0002 0525     		movs	r5, #5
  89:main.c        ****     uint8_t brightness = 0;
 273              		.loc 1 89 0
 274 0004 0024     		movs	r4, #0
 275              	.LVL30:
 276              	.L25:
  91:main.c        **** 
  92:main.c        ****     while (1) {
  93:main.c        ****         if (current_cmd == CMD_BREATHE) {
 277              		.loc 1 93 0
 278 0006 244B     		ldr	r3, .L30
 279 0008 1B78     		ldrb	r3, [r3]	@ zero_extendqisi2
 280 000a 042B     		cmp	r3, #4
 281 000c 40D1     		bne	.L26
  94:main.c        ****             if (xSemaphoreTake(led_mutex, portMAX_DELAY)) {
 282              		.loc 1 94 0
 283 000e 4FF0FF31 		mov	r1, #-1
 284 0012 224B     		ldr	r3, .L30+4
 285 0014 1868     		ldr	r0, [r3]
 286 0016 FFF7FEFF 		bl	xQueueSemaphoreTake
 287              	.LVL31:
 288 001a 0028     		cmp	r0, #0
 289 001c F3D0     		beq	.L25
  95:main.c        ****                 led_Write(0); // LED ON
 290              		.loc 1 95 0
 291 001e 0020     		movs	r0, #0
 292 0020 FFF7FEFF 		bl	led_Write
 293              	.LVL32:
  96:main.c        ****                 xSemaphoreGive(led_mutex);
 294              		.loc 1 96 0
 295 0024 1D4E     		ldr	r6, .L30+4
 296 0026 0023     		movs	r3, #0
 297 0028 1A46     		mov	r2, r3
 298 002a 1946     		mov	r1, r3
 299 002c 3068     		ldr	r0, [r6]
ARM GAS  C:\Users\karthik\AppData\Local\Temp\ccz4juWb.s 			page 8


 300 002e FFF7FEFF 		bl	xQueueGenericSend
 301              	.LVL33:
  97:main.c        ****                 vTaskDelay(pdMS_TO_TICKS(brightness));
 302              		.loc 1 97 0
 303 0032 4FF47A70 		mov	r0, #1000
 304 0036 00FB04F3 		mul	r3, r0, r4
 305 003a 1948     		ldr	r0, .L30+8
 306 003c A0FB0330 		umull	r3, r0, r0, r3
 307 0040 8009     		lsrs	r0, r0, #6
 308 0042 FFF7FEFF 		bl	vTaskDelay
 309              	.LVL34:
  98:main.c        **** 
  99:main.c        ****                 if (xSemaphoreTake(led_mutex, portMAX_DELAY)) {
 310              		.loc 1 99 0
 311 0046 4FF0FF31 		mov	r1, #-1
 312 004a 3068     		ldr	r0, [r6]
 313 004c FFF7FEFF 		bl	xQueueSemaphoreTake
 314              	.LVL35:
 315 0050 40B1     		cbz	r0, .L28
 100:main.c        ****                     led_Write(1); // LED OFF
 316              		.loc 1 100 0
 317 0052 0120     		movs	r0, #1
 318 0054 FFF7FEFF 		bl	led_Write
 319              	.LVL36:
 101:main.c        ****                     xSemaphoreGive(led_mutex);
 320              		.loc 1 101 0
 321 0058 0023     		movs	r3, #0
 322 005a 1A46     		mov	r2, r3
 323 005c 1946     		mov	r1, r3
 324 005e 3068     		ldr	r0, [r6]
 325 0060 FFF7FEFF 		bl	xQueueGenericSend
 326              	.LVL37:
 327              	.L28:
 102:main.c        ****                 }
 103:main.c        ****                 vTaskDelay(pdMS_TO_TICKS(100 - brightness));
 328              		.loc 1 103 0
 329 0064 C4F16400 		rsb	r0, r4, #100
 330 0068 4FF47A73 		mov	r3, #1000
 331 006c 03FB00F3 		mul	r3, r3, r0
 332 0070 0B48     		ldr	r0, .L30+8
 333 0072 A0FB0330 		umull	r3, r0, r0, r3
 334 0076 8009     		lsrs	r0, r0, #6
 335 0078 FFF7FEFF 		bl	vTaskDelay
 336              	.LVL38:
 104:main.c        **** 
 105:main.c        ****                 brightness += step;
 337              		.loc 1 105 0
 338 007c EAB2     		uxtb	r2, r5
 339 007e 1444     		add	r4, r4, r2
 340              	.LVL39:
 341 0080 E4B2     		uxtb	r4, r4
 342              	.LVL40:
 106:main.c        ****                 if (brightness >= 100 || brightness <= 0) step = -step;
 343              		.loc 1 106 0
 344 0082 631E     		subs	r3, r4, #1
 345 0084 DBB2     		uxtb	r3, r3
 346 0086 622B     		cmp	r3, #98
ARM GAS  C:\Users\karthik\AppData\Local\Temp\ccz4juWb.s 			page 9


 347 0088 BDD9     		bls	.L25
 348              		.loc 1 106 0 is_stmt 0 discriminator 1
 349 008a 5542     		negs	r5, r2
 350              	.LVL41:
 351 008c 6DB2     		sxtb	r5, r5
 352              	.LVL42:
 353 008e BAE7     		b	.L25
 354              	.L26:
 107:main.c        ****             }
 108:main.c        ****         } else {
 109:main.c        ****             vTaskDelay(pdMS_TO_TICKS(100));
 355              		.loc 1 109 0 is_stmt 1
 356 0090 6420     		movs	r0, #100
 357 0092 FFF7FEFF 		bl	vTaskDelay
 358              	.LVL43:
 359 0096 B6E7     		b	.L25
 360              	.L31:
 361              		.align	2
 362              	.L30:
 363 0098 00000000 		.word	.LANCHOR0
 364 009c 00000000 		.word	led_mutex
 365 00a0 D34D6210 		.word	274877907
 366              		.cfi_endproc
 367              	.LFE72:
 368              		.size	breathe_task, .-breathe_task
 369              		.section	.text.blink_task,"ax",%progbits
 370              		.align	2
 371              		.global	blink_task
 372              		.thumb
 373              		.thumb_func
 374              		.type	blink_task, %function
 375              	blink_task:
 376              	.LFB71:
  76:main.c        ****     while (1) {
 377              		.loc 1 76 0
 378              		.cfi_startproc
 379              		@ Volatile: function does not return.
 380              		@ args = 0, pretend = 0, frame = 0
 381              		@ frame_needed = 0, uses_anonymous_args = 0
 382              	.LVL44:
 383 0000 08B5     		push	{r3, lr}
 384              		.cfi_def_cfa_offset 8
 385              		.cfi_offset 3, -8
 386              		.cfi_offset 14, -4
 387              	.LVL45:
 388              	.L34:
  78:main.c        ****             if (xSemaphoreTake(led_mutex, portMAX_DELAY)) {
 389              		.loc 1 78 0
 390 0002 0F4B     		ldr	r3, .L36
 391 0004 1B78     		ldrb	r3, [r3]	@ zero_extendqisi2
 392 0006 032B     		cmp	r3, #3
 393 0008 14D1     		bne	.L33
  79:main.c        ****                 led_Write(!led_Read()); // Toggle LED
 394              		.loc 1 79 0
 395 000a 4FF0FF31 		mov	r1, #-1
 396 000e 0D4B     		ldr	r3, .L36+4
 397 0010 1868     		ldr	r0, [r3]
ARM GAS  C:\Users\karthik\AppData\Local\Temp\ccz4juWb.s 			page 10


 398 0012 FFF7FEFF 		bl	xQueueSemaphoreTake
 399              	.LVL46:
 400 0016 68B1     		cbz	r0, .L33
  80:main.c        ****                 xSemaphoreGive(led_mutex);
 401              		.loc 1 80 0
 402 0018 FFF7FEFF 		bl	led_Read
 403              	.LVL47:
 404 001c B0FA80F0 		clz	r0, r0
 405 0020 4009     		lsrs	r0, r0, #5
 406 0022 FFF7FEFF 		bl	led_Write
 407              	.LVL48:
  81:main.c        ****             }
 408              		.loc 1 81 0
 409 0026 0023     		movs	r3, #0
 410 0028 1A46     		mov	r2, r3
 411 002a 1946     		mov	r1, r3
 412 002c 0548     		ldr	r0, .L36+4
 413 002e 0068     		ldr	r0, [r0]
 414 0030 FFF7FEFF 		bl	xQueueGenericSend
 415              	.LVL49:
 416              	.L33:
  84:main.c        ****     }
 417              		.loc 1 84 0
 418 0034 4FF4FA70 		mov	r0, #500
 419 0038 FFF7FEFF 		bl	vTaskDelay
 420              	.LVL50:
  85:main.c        **** }
 421              		.loc 1 85 0
 422 003c E1E7     		b	.L34
 423              	.L37:
 424 003e 00BF     		.align	2
 425              	.L36:
 426 0040 00000000 		.word	.LANCHOR0
 427 0044 00000000 		.word	led_mutex
 428              		.cfi_endproc
 429              	.LFE71:
 430              		.size	blink_task, .-blink_task
 431              		.section	.text.main,"ax",%progbits
 432              		.align	2
 433              		.global	main
 434              		.thumb
 435              		.thumb_func
 436              		.type	main, %function
 437              	main:
 438              	.LFB73:
 110:main.c        ****         }
 111:main.c        ****     }
 112:main.c        **** }
 113:main.c        **** 
 114:main.c        **** int main(void)
 115:main.c        **** {
 439              		.loc 1 115 0
 440              		.cfi_startproc
 441              		@ Volatile: function does not return.
 442              		@ args = 0, pretend = 0, frame = 0
 443              		@ frame_needed = 0, uses_anonymous_args = 0
 444 0000 00B5     		push	{lr}
ARM GAS  C:\Users\karthik\AppData\Local\Temp\ccz4juWb.s 			page 11


 445              		.cfi_def_cfa_offset 4
 446              		.cfi_offset 14, -4
 447 0002 83B0     		sub	sp, sp, #12
 448              		.cfi_def_cfa_offset 16
 116:main.c        ****     CyGlobalIntEnable;
 449              		.loc 1 116 0
 450              		.syntax unified
 451              	@ 116 "main.c" 1
 452 0004 62B6     		CPSIE   i
 453              	@ 0 "" 2
 117:main.c        ****     FreeRTOS_Start();
 454              		.loc 1 117 0
 455              		.thumb
 456              		.syntax unified
 457 0006 FFF7FEFF 		bl	FreeRTOS_Start
 458              	.LVL51:
 118:main.c        **** 
 119:main.c        ****     UART_Start();
 459              		.loc 1 119 0
 460 000a FFF7FEFF 		bl	UART_Start
 461              	.LVL52:
 120:main.c        ****     UART_ClearTxBuffer();
 462              		.loc 1 120 0
 463 000e FFF7FEFF 		bl	UART_ClearTxBuffer
 464              	.LVL53:
 121:main.c        ****     UART_PutString("FreeRTOS system starting...\r\n");
 465              		.loc 1 121 0
 466 0012 2748     		ldr	r0, .L44
 467 0014 FFF7FEFF 		bl	UART_PutString
 468              	.LVL54:
 122:main.c        ****     UART_PutString("Enter 1=ON, 2=OFF, 3=BLINK, 4=PULSE\r\n");
 469              		.loc 1 122 0
 470 0018 2648     		ldr	r0, .L44+4
 471 001a FFF7FEFF 		bl	UART_PutString
 472              	.LVL55:
 123:main.c        **** 
 124:main.c        ****     PWM_Start();
 473              		.loc 1 124 0
 474 001e FFF7FEFF 		bl	PWM_Start
 475              	.LVL56:
 125:main.c        ****     PWM_WriteCompare(0);
 476              		.loc 1 125 0
 477 0022 0020     		movs	r0, #0
 478 0024 FFF7FEFF 		bl	PWM_WriteCompare
 479              	.LVL57:
 126:main.c        ****     PWM_Stop();
 480              		.loc 1 126 0
 481 0028 FFF7FEFF 		bl	PWM_Stop
 482              	.LVL58:
 127:main.c        **** 
 128:main.c        ****     led_Write(0); // LED OFF initially (active-low)
 483              		.loc 1 128 0
 484 002c 0020     		movs	r0, #0
 485 002e FFF7FEFF 		bl	led_Write
 486              	.LVL59:
 129:main.c        **** 
 130:main.c        ****     led_mutex = xSemaphoreCreateMutex();
ARM GAS  C:\Users\karthik\AppData\Local\Temp\ccz4juWb.s 			page 12


 487              		.loc 1 130 0
 488 0032 0120     		movs	r0, #1
 489 0034 FFF7FEFF 		bl	xQueueCreateMutex
 490              	.LVL60:
 491 0038 1F4C     		ldr	r4, .L44+8
 492 003a 2060     		str	r0, [r4]
 131:main.c        ****     led_cmd_queue = xQueueCreate(5, sizeof(uint8_t));
 493              		.loc 1 131 0
 494 003c 0022     		movs	r2, #0
 495 003e 0121     		movs	r1, #1
 496 0040 0520     		movs	r0, #5
 497 0042 FFF7FEFF 		bl	xQueueGenericCreate
 498              	.LVL61:
 499 0046 1D4B     		ldr	r3, .L44+12
 500 0048 1860     		str	r0, [r3]
 132:main.c        **** 
 133:main.c        ****     if (led_mutex == NULL || led_cmd_queue == NULL) {
 501              		.loc 1 133 0
 502 004a 2368     		ldr	r3, [r4]
 503 004c 03B1     		cbz	r3, .L39
 504              		.loc 1 133 0 is_stmt 0 discriminator 1
 505 004e 18B9     		cbnz	r0, .L40
 506              	.L39:
 134:main.c        ****         UART_PutString("Failed to create RTOS objects\r\n");
 507              		.loc 1 134 0 is_stmt 1
 508 0050 1B48     		ldr	r0, .L44+16
 509 0052 FFF7FEFF 		bl	UART_PutString
 510              	.LVL62:
 511              	.L41:
 512 0056 FEE7     		b	.L41
 513              	.L40:
 135:main.c        ****         while (1);
 136:main.c        ****     }
 137:main.c        **** 
 138:main.c        ****     xTaskCreate(uart_input_task, "UART Task", 256, NULL, 3, NULL);
 514              		.loc 1 138 0
 515 0058 0024     		movs	r4, #0
 516 005a 0194     		str	r4, [sp, #4]
 517 005c 0323     		movs	r3, #3
 518 005e 0093     		str	r3, [sp]
 519 0060 2346     		mov	r3, r4
 520 0062 4FF48072 		mov	r2, #256
 521 0066 1749     		ldr	r1, .L44+20
 522 0068 1748     		ldr	r0, .L44+24
 523 006a FFF7FEFF 		bl	xTaskCreate
 524              	.LVL63:
 139:main.c        ****     xTaskCreate(led_control_task, "LED Task", 256, NULL, 2, NULL);
 525              		.loc 1 139 0
 526 006e 0194     		str	r4, [sp, #4]
 527 0070 0223     		movs	r3, #2
 528 0072 0093     		str	r3, [sp]
 529 0074 2346     		mov	r3, r4
 530 0076 4FF48072 		mov	r2, #256
 531 007a 1449     		ldr	r1, .L44+28
 532 007c 1448     		ldr	r0, .L44+32
 533 007e FFF7FEFF 		bl	xTaskCreate
 534              	.LVL64:
ARM GAS  C:\Users\karthik\AppData\Local\Temp\ccz4juWb.s 			page 13


 140:main.c        ****     xTaskCreate(blink_task, "Blink Task", 200, NULL, 1, NULL);
 535              		.loc 1 140 0
 536 0082 0194     		str	r4, [sp, #4]
 537 0084 0125     		movs	r5, #1
 538 0086 0095     		str	r5, [sp]
 539 0088 2346     		mov	r3, r4
 540 008a C822     		movs	r2, #200
 541 008c 1149     		ldr	r1, .L44+36
 542 008e 1248     		ldr	r0, .L44+40
 543 0090 FFF7FEFF 		bl	xTaskCreate
 544              	.LVL65:
 141:main.c        ****     xTaskCreate(breathe_task, "Breathe Task", 200, NULL, 1, NULL);
 545              		.loc 1 141 0
 546 0094 0194     		str	r4, [sp, #4]
 547 0096 0095     		str	r5, [sp]
 548 0098 2346     		mov	r3, r4
 549 009a C822     		movs	r2, #200
 550 009c 0F49     		ldr	r1, .L44+44
 551 009e 1048     		ldr	r0, .L44+48
 552 00a0 FFF7FEFF 		bl	xTaskCreate
 553              	.LVL66:
 142:main.c        **** 
 143:main.c        ****     UART_PutString("RTOS Scheduler starting...\r\n");
 554              		.loc 1 143 0
 555 00a4 0F48     		ldr	r0, .L44+52
 556 00a6 FFF7FEFF 		bl	UART_PutString
 557              	.LVL67:
 144:main.c        ****     vTaskStartScheduler();
 558              		.loc 1 144 0
 559 00aa FFF7FEFF 		bl	vTaskStartScheduler
 560              	.LVL68:
 561              	.L42:
 562 00ae FEE7     		b	.L42
 563              	.L45:
 564              		.align	2
 565              	.L44:
 566 00b0 74000000 		.word	.LC5
 567 00b4 94000000 		.word	.LC6
 568 00b8 00000000 		.word	led_mutex
 569 00bc 00000000 		.word	led_cmd_queue
 570 00c0 BC000000 		.word	.LC7
 571 00c4 DC000000 		.word	.LC8
 572 00c8 00000000 		.word	uart_input_task
 573 00cc E8000000 		.word	.LC9
 574 00d0 00000000 		.word	led_control_task
 575 00d4 F4000000 		.word	.LC10
 576 00d8 00000000 		.word	blink_task
 577 00dc 00010000 		.word	.LC11
 578 00e0 00000000 		.word	breathe_task
 579 00e4 10010000 		.word	.LC12
 580              		.cfi_endproc
 581              	.LFE73:
 582              		.size	main, .-main
 583              		.global	current_cmd
 584              		.comm	led_cmd_queue,4,4
 585              		.comm	led_mutex,4,4
 586              		.section	.rodata.str1.4,"aMS",%progbits,1
ARM GAS  C:\Users\karthik\AppData\Local\Temp\ccz4juWb.s 			page 14


 587              		.align	2
 588              	.LC0:
 589 0000 0D0A496E 		.ascii	"\015\012Invalid input. Use 1 to 4.\015\012\000"
 589      76616C69 
 589      6420696E 
 589      7075742E 
 589      20557365 
 590 001f 00       		.space	1
 591              	.LC1:
 592 0020 0D0A4C45 		.ascii	"\015\012LED OFF\015\012\000"
 592      44204F46 
 592      460D0A00 
 593              	.LC2:
 594 002c 0D0A4C45 		.ascii	"\015\012LED ON\015\012\000"
 594      44204F4E 
 594      0D0A00
 595 0037 00       		.space	1
 596              	.LC3:
 597 0038 0D0A426C 		.ascii	"\015\012Blink mode enabled\015\012\000"
 597      696E6B20 
 597      6D6F6465 
 597      20656E61 
 597      626C6564 
 598 004f 00       		.space	1
 599              	.LC4:
 600 0050 0D0A5075 		.ascii	"\015\012Pulse brightness mode enabled\015\012\000"
 600      6C736520 
 600      62726967 
 600      68746E65 
 600      7373206D 
 601 0072 0000     		.space	2
 602              	.LC5:
 603 0074 46726565 		.ascii	"FreeRTOS system starting...\015\012\000"
 603      52544F53 
 603      20737973 
 603      74656D20 
 603      73746172 
 604 0092 0000     		.space	2
 605              	.LC6:
 606 0094 456E7465 		.ascii	"Enter 1=ON, 2=OFF, 3=BLINK, 4=PULSE\015\012\000"
 606      7220313D 
 606      4F4E2C20 
 606      323D4F46 
 606      462C2033 
 607 00ba 0000     		.space	2
 608              	.LC7:
 609 00bc 4661696C 		.ascii	"Failed to create RTOS objects\015\012\000"
 609      65642074 
 609      6F206372 
 609      65617465 
 609      2052544F 
 610              	.LC8:
 611 00dc 55415254 		.ascii	"UART Task\000"
 611      20546173 
 611      6B00
 612 00e6 0000     		.space	2
 613              	.LC9:
ARM GAS  C:\Users\karthik\AppData\Local\Temp\ccz4juWb.s 			page 15


 614 00e8 4C454420 		.ascii	"LED Task\000"
 614      5461736B 
 614      00
 615 00f1 000000   		.space	3
 616              	.LC10:
 617 00f4 426C696E 		.ascii	"Blink Task\000"
 617      6B205461 
 617      736B00
 618 00ff 00       		.space	1
 619              	.LC11:
 620 0100 42726561 		.ascii	"Breathe Task\000"
 620      74686520 
 620      5461736B 
 620      00
 621 010d 000000   		.space	3
 622              	.LC12:
 623 0110 52544F53 		.ascii	"RTOS Scheduler starting...\015\012\000"
 623      20536368 
 623      6564756C 
 623      65722073 
 623      74617274 
 624              		.bss
 625              		.set	.LANCHOR0,. + 0
 626              		.type	current_cmd, %object
 627              		.size	current_cmd, 1
 628              	current_cmd:
 629 0000 00       		.space	1
 630              		.text
 631              	.Letext0:
 632              		.file 2 "c:\\program files (x86)\\cypress\\psoc creator\\4.4\\psoc creator\\import\\gnu\\arm\\5.4.
 633              		.file 3 "c:\\program files (x86)\\cypress\\psoc creator\\4.4\\psoc creator\\import\\gnu\\arm\\5.4.
 634              		.file 4 "..\\FreeRTOS\\Source\\portable\\GCC\\ARM_CM3/portmacro.h"
 635              		.file 5 "..\\FreeRTOS\\Source\\include/queue.h"
 636              		.file 6 "..\\FreeRTOS\\Source\\include/semphr.h"
 637              		.file 7 "Generated_Source\\PSoC5/core_cm3.h"
 638              		.file 8 "c:\\program files (x86)\\cypress\\psoc creator\\4.4\\psoc creator\\import\\gnu\\arm\\5.4.
 639              		.file 9 "Generated_Source\\PSoC5/UART.h"
 640              		.file 10 "..\\FreeRTOS\\Source\\include/task.h"
 641              		.file 11 "Generated_Source\\PSoC5/PWM.h"
 642              		.file 12 "Generated_Source\\PSoC5/led.h"
 643              		.section	.debug_info,"",%progbits
 644              	.Ldebug_info0:
 645 0000 DA070000 		.4byte	0x7da
 646 0004 0400     		.2byte	0x4
 647 0006 00000000 		.4byte	.Ldebug_abbrev0
 648 000a 04       		.byte	0x4
 649 000b 01       		.uleb128 0x1
 650 000c 0F030000 		.4byte	.LASF58
 651 0010 0C       		.byte	0xc
 652 0011 A2020000 		.4byte	.LASF59
 653 0015 64020000 		.4byte	.LASF60
 654 0019 00000000 		.4byte	.Ldebug_ranges0+0
 655 001d 00000000 		.4byte	0
 656 0021 00000000 		.4byte	.Ldebug_line0
 657 0025 02       		.uleb128 0x2
 658 0026 08       		.byte	0x8
 659 0027 07       		.byte	0x7
ARM GAS  C:\Users\karthik\AppData\Local\Temp\ccz4juWb.s 			page 16


 660 0028 A4010000 		.4byte	.LASF0
 661 002c 02       		.uleb128 0x2
 662 002d 04       		.byte	0x4
 663 002e 07       		.byte	0x7
 664 002f C4010000 		.4byte	.LASF1
 665 0033 03       		.uleb128 0x3
 666 0034 24020000 		.4byte	.LASF3
 667 0038 02       		.byte	0x2
 668 0039 1B       		.byte	0x1b
 669 003a 3E000000 		.4byte	0x3e
 670 003e 02       		.uleb128 0x2
 671 003f 01       		.byte	0x1
 672 0040 06       		.byte	0x6
 673 0041 98010000 		.4byte	.LASF2
 674 0045 03       		.uleb128 0x3
 675 0046 0C010000 		.4byte	.LASF4
 676 004a 02       		.byte	0x2
 677 004b 1D       		.byte	0x1d
 678 004c 50000000 		.4byte	0x50
 679 0050 02       		.uleb128 0x2
 680 0051 01       		.byte	0x1
 681 0052 08       		.byte	0x8
 682 0053 8A010000 		.4byte	.LASF5
 683 0057 02       		.uleb128 0x2
 684 0058 02       		.byte	0x2
 685 0059 05       		.byte	0x5
 686 005a 28000000 		.4byte	.LASF6
 687 005e 02       		.uleb128 0x2
 688 005f 02       		.byte	0x2
 689 0060 07       		.byte	0x7
 690 0061 11020000 		.4byte	.LASF7
 691 0065 03       		.uleb128 0x3
 692 0066 D3020000 		.4byte	.LASF8
 693 006a 02       		.byte	0x2
 694 006b 3F       		.byte	0x3f
 695 006c 70000000 		.4byte	0x70
 696 0070 02       		.uleb128 0x2
 697 0071 04       		.byte	0x4
 698 0072 05       		.byte	0x5
 699 0073 F8000000 		.4byte	.LASF9
 700 0077 03       		.uleb128 0x3
 701 0078 42000000 		.4byte	.LASF10
 702 007c 02       		.byte	0x2
 703 007d 41       		.byte	0x41
 704 007e 82000000 		.4byte	0x82
 705 0082 02       		.uleb128 0x2
 706 0083 04       		.byte	0x4
 707 0084 07       		.byte	0x7
 708 0085 A9020000 		.4byte	.LASF11
 709 0089 02       		.uleb128 0x2
 710 008a 08       		.byte	0x8
 711 008b 05       		.byte	0x5
 712 008c B1000000 		.4byte	.LASF12
 713 0090 04       		.uleb128 0x4
 714 0091 04       		.byte	0x4
 715 0092 05       		.byte	0x5
 716 0093 696E7400 		.ascii	"int\000"
ARM GAS  C:\Users\karthik\AppData\Local\Temp\ccz4juWb.s 			page 17


 717 0097 02       		.uleb128 0x2
 718 0098 08       		.byte	0x8
 719 0099 04       		.byte	0x4
 720 009a 58010000 		.4byte	.LASF13
 721 009e 05       		.uleb128 0x5
 722 009f 04       		.byte	0x4
 723 00a0 02       		.uleb128 0x2
 724 00a1 04       		.byte	0x4
 725 00a2 07       		.byte	0x7
 726 00a3 EF020000 		.4byte	.LASF14
 727 00a7 02       		.uleb128 0x2
 728 00a8 01       		.byte	0x1
 729 00a9 08       		.byte	0x8
 730 00aa 2D020000 		.4byte	.LASF15
 731 00ae 03       		.uleb128 0x3
 732 00af 0E000000 		.4byte	.LASF16
 733 00b3 03       		.byte	0x3
 734 00b4 14       		.byte	0x14
 735 00b5 33000000 		.4byte	0x33
 736 00b9 03       		.uleb128 0x3
 737 00ba DD020000 		.4byte	.LASF17
 738 00be 03       		.byte	0x3
 739 00bf 18       		.byte	0x18
 740 00c0 45000000 		.4byte	0x45
 741 00c4 03       		.uleb128 0x3
 742 00c5 3D020000 		.4byte	.LASF18
 743 00c9 03       		.byte	0x3
 744 00ca 2C       		.byte	0x2c
 745 00cb 65000000 		.4byte	0x65
 746 00cf 03       		.uleb128 0x3
 747 00d0 BB010000 		.4byte	.LASF19
 748 00d4 03       		.byte	0x3
 749 00d5 30       		.byte	0x30
 750 00d6 77000000 		.4byte	0x77
 751 00da 02       		.uleb128 0x2
 752 00db 04       		.byte	0x4
 753 00dc 04       		.byte	0x4
 754 00dd 9C000000 		.4byte	.LASF20
 755 00e1 02       		.uleb128 0x2
 756 00e2 08       		.byte	0x8
 757 00e3 04       		.byte	0x4
 758 00e4 BB020000 		.4byte	.LASF21
 759 00e8 03       		.uleb128 0x3
 760 00e9 01010000 		.4byte	.LASF22
 761 00ed 04       		.byte	0x4
 762 00ee 38       		.byte	0x38
 763 00ef 70000000 		.4byte	0x70
 764 00f3 03       		.uleb128 0x3
 765 00f4 4D010000 		.4byte	.LASF23
 766 00f8 04       		.byte	0x4
 767 00f9 3F       		.byte	0x3f
 768 00fa CF000000 		.4byte	0xcf
 769 00fe 03       		.uleb128 0x3
 770 00ff 16010000 		.4byte	.LASF24
 771 0103 05       		.byte	0x5
 772 0104 30       		.byte	0x30
 773 0105 09010000 		.4byte	0x109
ARM GAS  C:\Users\karthik\AppData\Local\Temp\ccz4juWb.s 			page 18


 774 0109 06       		.uleb128 0x6
 775 010a 04       		.byte	0x4
 776 010b 0F010000 		.4byte	0x10f
 777 010f 07       		.uleb128 0x7
 778 0110 01020000 		.4byte	.LASF61
 779 0114 03       		.uleb128 0x3
 780 0115 78010000 		.4byte	.LASF25
 781 0119 06       		.byte	0x6
 782 011a 25       		.byte	0x25
 783 011b FE000000 		.4byte	0xfe
 784 011f 08       		.uleb128 0x8
 785 0120 6F000000 		.4byte	.LASF28
 786 0124 01       		.byte	0x1
 787 0125 14       		.byte	0x14
 788 0126 00000000 		.4byte	.LFB69
 789 012a 7C000000 		.4byte	.LFE69-.LFB69
 790 012e 01       		.uleb128 0x1
 791 012f 9C       		.byte	0x9c
 792 0130 FC010000 		.4byte	0x1fc
 793 0134 09       		.uleb128 0x9
 794 0135 70747200 		.ascii	"ptr\000"
 795 0139 01       		.byte	0x1
 796 013a 14       		.byte	0x14
 797 013b 9E000000 		.4byte	0x9e
 798 013f 00000000 		.4byte	.LLST0
 799 0143 0A       		.uleb128 0xa
 800 0144 51020000 		.4byte	.LASF26
 801 0148 01       		.byte	0x1
 802 0149 15       		.byte	0x15
 803 014a FC010000 		.4byte	0x1fc
 804 014e 02       		.uleb128 0x2
 805 014f 91       		.byte	0x91
 806 0150 64       		.sleb128 -28
 807 0151 0B       		.uleb128 0xb
 808 0152 69000000 		.4byte	.LASF27
 809 0156 01       		.byte	0x1
 810 0157 16       		.byte	0x16
 811 0158 B9000000 		.4byte	0xb9
 812 015c 21000000 		.4byte	.LLST1
 813 0160 0C       		.uleb128 0xc
 814 0161 06000000 		.4byte	.LBB2
 815 0165 6C000000 		.4byte	.LBE2-.LBB2
 816 0169 0D       		.uleb128 0xd
 817 016a 636800   		.ascii	"ch\000"
 818 016d 01       		.byte	0x1
 819 016e 19       		.byte	0x19
 820 016f A7000000 		.4byte	0xa7
 821 0173 6D000000 		.4byte	.LLST2
 822 0177 0E       		.uleb128 0xe
 823 0178 1A000000 		.4byte	.LBB3
 824 017c 3A000000 		.4byte	.LBE3-.LBB3
 825 0180 D9010000 		.4byte	0x1d9
 826 0184 0F       		.uleb128 0xf
 827 0185 636D6400 		.ascii	"cmd\000"
 828 0189 01       		.byte	0x1
 829 018a 1E       		.byte	0x1e
 830 018b B9000000 		.4byte	0xb9
ARM GAS  C:\Users\karthik\AppData\Local\Temp\ccz4juWb.s 			page 19


 831 018f 02       		.uleb128 0x2
 832 0190 91       		.byte	0x91
 833 0191 63       		.sleb128 -29
 834 0192 10       		.uleb128 0x10
 835 0193 2A000000 		.4byte	.LVL7
 836 0197 F9060000 		.4byte	0x6f9
 837 019b A6010000 		.4byte	0x1a6
 838 019f 11       		.uleb128 0x11
 839 01a0 01       		.uleb128 0x1
 840 01a1 50       		.byte	0x50
 841 01a2 02       		.uleb128 0x2
 842 01a3 91       		.byte	0x91
 843 01a4 64       		.sleb128 -28
 844 01a5 00       		.byte	0
 845 01a6 10       		.uleb128 0x10
 846 01a7 4A000000 		.4byte	.LVL8
 847 01ab 04070000 		.4byte	0x704
 848 01af C5010000 		.4byte	0x1c5
 849 01b3 11       		.uleb128 0x11
 850 01b4 01       		.uleb128 0x1
 851 01b5 51       		.byte	0x51
 852 01b6 02       		.uleb128 0x2
 853 01b7 91       		.byte	0x91
 854 01b8 63       		.sleb128 -29
 855 01b9 11       		.uleb128 0x11
 856 01ba 01       		.uleb128 0x1
 857 01bb 52       		.byte	0x52
 858 01bc 02       		.uleb128 0x2
 859 01bd 09       		.byte	0x9
 860 01be FF       		.byte	0xff
 861 01bf 11       		.uleb128 0x11
 862 01c0 01       		.uleb128 0x1
 863 01c1 53       		.byte	0x53
 864 01c2 01       		.uleb128 0x1
 865 01c3 30       		.byte	0x30
 866 01c4 00       		.byte	0
 867 01c5 12       		.uleb128 0x12
 868 01c6 52000000 		.4byte	.LVL9
 869 01ca 10070000 		.4byte	0x710
 870 01ce 11       		.uleb128 0x11
 871 01cf 01       		.uleb128 0x1
 872 01d0 50       		.byte	0x50
 873 01d1 05       		.uleb128 0x5
 874 01d2 03       		.byte	0x3
 875 01d3 00000000 		.4byte	.LC0
 876 01d7 00       		.byte	0
 877 01d8 00       		.byte	0
 878 01d9 13       		.uleb128 0x13
 879 01da 0A000000 		.4byte	.LVL3
 880 01de 1B070000 		.4byte	0x71b
 881 01e2 13       		.uleb128 0x13
 882 01e3 6A000000 		.4byte	.LVL12
 883 01e7 26070000 		.4byte	0x726
 884 01eb 12       		.uleb128 0x12
 885 01ec 72000000 		.4byte	.LVL14
 886 01f0 31070000 		.4byte	0x731
 887 01f4 11       		.uleb128 0x11
ARM GAS  C:\Users\karthik\AppData\Local\Temp\ccz4juWb.s 			page 20


 888 01f5 01       		.uleb128 0x1
 889 01f6 50       		.byte	0x50
 890 01f7 01       		.uleb128 0x1
 891 01f8 3A       		.byte	0x3a
 892 01f9 00       		.byte	0
 893 01fa 00       		.byte	0
 894 01fb 00       		.byte	0
 895 01fc 14       		.uleb128 0x14
 896 01fd A7000000 		.4byte	0xa7
 897 0201 0C020000 		.4byte	0x20c
 898 0205 15       		.uleb128 0x15
 899 0206 A0000000 		.4byte	0xa0
 900 020a 09       		.byte	0x9
 901 020b 00       		.byte	0
 902 020c 08       		.uleb128 0x8
 903 020d C2020000 		.4byte	.LASF29
 904 0211 01       		.byte	0x1
 905 0212 2E       		.byte	0x2e
 906 0213 00000000 		.4byte	.LFB70
 907 0217 A0000000 		.4byte	.LFE70-.LFB70
 908 021b 01       		.uleb128 0x1
 909 021c 9C       		.byte	0x9c
 910 021d 1A030000 		.4byte	0x31a
 911 0221 09       		.uleb128 0x9
 912 0222 70747200 		.ascii	"ptr\000"
 913 0226 01       		.byte	0x1
 914 0227 2E       		.byte	0x2e
 915 0228 9E000000 		.4byte	0x9e
 916 022c 8B000000 		.4byte	.LLST3
 917 0230 0F       		.uleb128 0xf
 918 0231 636D6400 		.ascii	"cmd\000"
 919 0235 01       		.byte	0x1
 920 0236 2F       		.byte	0x2f
 921 0237 B9000000 		.4byte	0xb9
 922 023b 02       		.uleb128 0x2
 923 023c 91       		.byte	0x91
 924 023d 77       		.sleb128 -9
 925 023e 10       		.uleb128 0x10
 926 023f 14000000 		.4byte	.LVL17
 927 0243 3D070000 		.4byte	0x73d
 928 0247 58020000 		.4byte	0x258
 929 024b 11       		.uleb128 0x11
 930 024c 01       		.uleb128 0x1
 931 024d 51       		.byte	0x51
 932 024e 02       		.uleb128 0x2
 933 024f 91       		.byte	0x91
 934 0250 77       		.sleb128 -9
 935 0251 11       		.uleb128 0x11
 936 0252 01       		.uleb128 0x1
 937 0253 52       		.byte	0x52
 938 0254 02       		.uleb128 0x2
 939 0255 09       		.byte	0x9
 940 0256 FF       		.byte	0xff
 941 0257 00       		.byte	0
 942 0258 10       		.uleb128 0x10
 943 0259 2C000000 		.4byte	.LVL18
 944 025d 49070000 		.4byte	0x749
ARM GAS  C:\Users\karthik\AppData\Local\Temp\ccz4juWb.s 			page 21


 945 0261 6C020000 		.4byte	0x26c
 946 0265 11       		.uleb128 0x11
 947 0266 01       		.uleb128 0x1
 948 0267 51       		.byte	0x51
 949 0268 02       		.uleb128 0x2
 950 0269 09       		.byte	0x9
 951 026a FF       		.byte	0xff
 952 026b 00       		.byte	0
 953 026c 13       		.uleb128 0x13
 954 026d 46000000 		.4byte	.LVL19
 955 0271 55070000 		.4byte	0x755
 956 0275 10       		.uleb128 0x10
 957 0276 4C000000 		.4byte	.LVL20
 958 027a 60070000 		.4byte	0x760
 959 027e 88020000 		.4byte	0x288
 960 0282 11       		.uleb128 0x11
 961 0283 01       		.uleb128 0x1
 962 0284 50       		.byte	0x50
 963 0285 01       		.uleb128 0x1
 964 0286 30       		.byte	0x30
 965 0287 00       		.byte	0
 966 0288 10       		.uleb128 0x10
 967 0289 52000000 		.4byte	.LVL21
 968 028d 10070000 		.4byte	0x710
 969 0291 9F020000 		.4byte	0x29f
 970 0295 11       		.uleb128 0x11
 971 0296 01       		.uleb128 0x1
 972 0297 50       		.byte	0x50
 973 0298 05       		.uleb128 0x5
 974 0299 03       		.byte	0x3
 975 029a 20000000 		.4byte	.LC1
 976 029e 00       		.byte	0
 977 029f 13       		.uleb128 0x13
 978 02a0 58000000 		.4byte	.LVL22
 979 02a4 55070000 		.4byte	0x755
 980 02a8 10       		.uleb128 0x10
 981 02a9 5E000000 		.4byte	.LVL23
 982 02ad 60070000 		.4byte	0x760
 983 02b1 BB020000 		.4byte	0x2bb
 984 02b5 11       		.uleb128 0x11
 985 02b6 01       		.uleb128 0x1
 986 02b7 50       		.byte	0x50
 987 02b8 01       		.uleb128 0x1
 988 02b9 31       		.byte	0x31
 989 02ba 00       		.byte	0
 990 02bb 10       		.uleb128 0x10
 991 02bc 64000000 		.4byte	.LVL24
 992 02c0 10070000 		.4byte	0x710
 993 02c4 D2020000 		.4byte	0x2d2
 994 02c8 11       		.uleb128 0x11
 995 02c9 01       		.uleb128 0x1
 996 02ca 50       		.byte	0x50
 997 02cb 05       		.uleb128 0x5
 998 02cc 03       		.byte	0x3
 999 02cd 2C000000 		.4byte	.LC2
 1000 02d1 00       		.byte	0
 1001 02d2 10       		.uleb128 0x10
ARM GAS  C:\Users\karthik\AppData\Local\Temp\ccz4juWb.s 			page 22


 1002 02d3 6C000000 		.4byte	.LVL25
 1003 02d7 10070000 		.4byte	0x710
 1004 02db E9020000 		.4byte	0x2e9
 1005 02df 11       		.uleb128 0x11
 1006 02e0 01       		.uleb128 0x1
 1007 02e1 50       		.byte	0x50
 1008 02e2 05       		.uleb128 0x5
 1009 02e3 03       		.byte	0x3
 1010 02e4 38000000 		.4byte	.LC3
 1011 02e8 00       		.byte	0
 1012 02e9 10       		.uleb128 0x10
 1013 02ea 74000000 		.4byte	.LVL26
 1014 02ee 10070000 		.4byte	0x710
 1015 02f2 00030000 		.4byte	0x300
 1016 02f6 11       		.uleb128 0x11
 1017 02f7 01       		.uleb128 0x1
 1018 02f8 50       		.byte	0x50
 1019 02f9 05       		.uleb128 0x5
 1020 02fa 03       		.byte	0x3
 1021 02fb 50000000 		.4byte	.LC4
 1022 02ff 00       		.byte	0
 1023 0300 12       		.uleb128 0x12
 1024 0301 82000000 		.4byte	.LVL27
 1025 0305 04070000 		.4byte	0x704
 1026 0309 11       		.uleb128 0x11
 1027 030a 01       		.uleb128 0x1
 1028 030b 51       		.byte	0x51
 1029 030c 01       		.uleb128 0x1
 1030 030d 30       		.byte	0x30
 1031 030e 11       		.uleb128 0x11
 1032 030f 01       		.uleb128 0x1
 1033 0310 52       		.byte	0x52
 1034 0311 01       		.uleb128 0x1
 1035 0312 30       		.byte	0x30
 1036 0313 11       		.uleb128 0x11
 1037 0314 01       		.uleb128 0x1
 1038 0315 53       		.byte	0x53
 1039 0316 01       		.uleb128 0x1
 1040 0317 30       		.byte	0x30
 1041 0318 00       		.byte	0
 1042 0319 00       		.byte	0
 1043 031a 08       		.uleb128 0x8
 1044 031b 32010000 		.4byte	.LASF30
 1045 031f 01       		.byte	0x1
 1046 0320 58       		.byte	0x58
 1047 0321 00000000 		.4byte	.LFB72
 1048 0325 A4000000 		.4byte	.LFE72-.LFB72
 1049 0329 01       		.uleb128 0x1
 1050 032a 9C       		.byte	0x9c
 1051 032b 52040000 		.4byte	0x452
 1052 032f 09       		.uleb128 0x9
 1053 0330 70747200 		.ascii	"ptr\000"
 1054 0334 01       		.byte	0x1
 1055 0335 58       		.byte	0x58
 1056 0336 9E000000 		.4byte	0x9e
 1057 033a AC000000 		.4byte	.LLST4
 1058 033e 0B       		.uleb128 0xb
ARM GAS  C:\Users\karthik\AppData\Local\Temp\ccz4juWb.s 			page 23


 1059 033f F6010000 		.4byte	.LASF31
 1060 0343 01       		.byte	0x1
 1061 0344 59       		.byte	0x59
 1062 0345 B9000000 		.4byte	0xb9
 1063 0349 CD000000 		.4byte	.LLST5
 1064 034d 0B       		.uleb128 0xb
 1065 034e 9D030000 		.4byte	.LASF32
 1066 0352 01       		.byte	0x1
 1067 0353 5A       		.byte	0x5a
 1068 0354 AE000000 		.4byte	0xae
 1069 0358 F7000000 		.4byte	.LLST6
 1070 035c 10       		.uleb128 0x10
 1071 035d 1A000000 		.4byte	.LVL31
 1072 0361 49070000 		.4byte	0x749
 1073 0365 70030000 		.4byte	0x370
 1074 0369 11       		.uleb128 0x11
 1075 036a 01       		.uleb128 0x1
 1076 036b 51       		.byte	0x51
 1077 036c 02       		.uleb128 0x2
 1078 036d 09       		.byte	0x9
 1079 036e FF       		.byte	0xff
 1080 036f 00       		.byte	0
 1081 0370 10       		.uleb128 0x10
 1082 0371 24000000 		.4byte	.LVL32
 1083 0375 60070000 		.4byte	0x760
 1084 0379 83030000 		.4byte	0x383
 1085 037d 11       		.uleb128 0x11
 1086 037e 01       		.uleb128 0x1
 1087 037f 50       		.byte	0x50
 1088 0380 01       		.uleb128 0x1
 1089 0381 30       		.byte	0x30
 1090 0382 00       		.byte	0
 1091 0383 10       		.uleb128 0x10
 1092 0384 32000000 		.4byte	.LVL33
 1093 0388 04070000 		.4byte	0x704
 1094 038c A0030000 		.4byte	0x3a0
 1095 0390 11       		.uleb128 0x11
 1096 0391 01       		.uleb128 0x1
 1097 0392 51       		.byte	0x51
 1098 0393 01       		.uleb128 0x1
 1099 0394 30       		.byte	0x30
 1100 0395 11       		.uleb128 0x11
 1101 0396 01       		.uleb128 0x1
 1102 0397 52       		.byte	0x52
 1103 0398 01       		.uleb128 0x1
 1104 0399 30       		.byte	0x30
 1105 039a 11       		.uleb128 0x11
 1106 039b 01       		.uleb128 0x1
 1107 039c 53       		.byte	0x53
 1108 039d 01       		.uleb128 0x1
 1109 039e 30       		.byte	0x30
 1110 039f 00       		.byte	0
 1111 03a0 10       		.uleb128 0x10
 1112 03a1 46000000 		.4byte	.LVL34
 1113 03a5 31070000 		.4byte	0x731
 1114 03a9 CD030000 		.4byte	0x3cd
 1115 03ad 11       		.uleb128 0x11
ARM GAS  C:\Users\karthik\AppData\Local\Temp\ccz4juWb.s 			page 24


 1116 03ae 01       		.uleb128 0x1
 1117 03af 50       		.byte	0x50
 1118 03b0 1B       		.uleb128 0x1b
 1119 03b1 74       		.byte	0x74
 1120 03b2 00       		.sleb128 0
 1121 03b3 0A       		.byte	0xa
 1122 03b4 E803     		.2byte	0x3e8
 1123 03b6 1E       		.byte	0x1e
 1124 03b7 F7       		.byte	0xf7
 1125 03b8 2C       		.uleb128 0x2c
 1126 03b9 F7       		.byte	0xf7
 1127 03ba 25       		.uleb128 0x25
 1128 03bb 0C       		.byte	0xc
 1129 03bc D34D6210 		.4byte	0x10624dd3
 1130 03c0 F7       		.byte	0xf7
 1131 03c1 25       		.uleb128 0x25
 1132 03c2 1E       		.byte	0x1e
 1133 03c3 08       		.byte	0x8
 1134 03c4 20       		.byte	0x20
 1135 03c5 F7       		.byte	0xf7
 1136 03c6 25       		.uleb128 0x25
 1137 03c7 25       		.byte	0x25
 1138 03c8 F7       		.byte	0xf7
 1139 03c9 2C       		.uleb128 0x2c
 1140 03ca 36       		.byte	0x36
 1141 03cb 25       		.byte	0x25
 1142 03cc 00       		.byte	0
 1143 03cd 10       		.uleb128 0x10
 1144 03ce 50000000 		.4byte	.LVL35
 1145 03d2 49070000 		.4byte	0x749
 1146 03d6 E1030000 		.4byte	0x3e1
 1147 03da 11       		.uleb128 0x11
 1148 03db 01       		.uleb128 0x1
 1149 03dc 51       		.byte	0x51
 1150 03dd 02       		.uleb128 0x2
 1151 03de 09       		.byte	0x9
 1152 03df FF       		.byte	0xff
 1153 03e0 00       		.byte	0
 1154 03e1 10       		.uleb128 0x10
 1155 03e2 58000000 		.4byte	.LVL36
 1156 03e6 60070000 		.4byte	0x760
 1157 03ea F4030000 		.4byte	0x3f4
 1158 03ee 11       		.uleb128 0x11
 1159 03ef 01       		.uleb128 0x1
 1160 03f0 50       		.byte	0x50
 1161 03f1 01       		.uleb128 0x1
 1162 03f2 31       		.byte	0x31
 1163 03f3 00       		.byte	0
 1164 03f4 10       		.uleb128 0x10
 1165 03f5 64000000 		.4byte	.LVL37
 1166 03f9 04070000 		.4byte	0x704
 1167 03fd 11040000 		.4byte	0x411
 1168 0401 11       		.uleb128 0x11
 1169 0402 01       		.uleb128 0x1
 1170 0403 51       		.byte	0x51
 1171 0404 01       		.uleb128 0x1
 1172 0405 30       		.byte	0x30
ARM GAS  C:\Users\karthik\AppData\Local\Temp\ccz4juWb.s 			page 25


 1173 0406 11       		.uleb128 0x11
 1174 0407 01       		.uleb128 0x1
 1175 0408 52       		.byte	0x52
 1176 0409 01       		.uleb128 0x1
 1177 040a 30       		.byte	0x30
 1178 040b 11       		.uleb128 0x11
 1179 040c 01       		.uleb128 0x1
 1180 040d 53       		.byte	0x53
 1181 040e 01       		.uleb128 0x1
 1182 040f 30       		.byte	0x30
 1183 0410 00       		.byte	0
 1184 0411 10       		.uleb128 0x10
 1185 0412 7C000000 		.4byte	.LVL38
 1186 0416 31070000 		.4byte	0x731
 1187 041a 41040000 		.4byte	0x441
 1188 041e 11       		.uleb128 0x11
 1189 041f 01       		.uleb128 0x1
 1190 0420 50       		.byte	0x50
 1191 0421 1E       		.uleb128 0x1e
 1192 0422 08       		.byte	0x8
 1193 0423 64       		.byte	0x64
 1194 0424 74       		.byte	0x74
 1195 0425 00       		.sleb128 0
 1196 0426 1C       		.byte	0x1c
 1197 0427 0A       		.byte	0xa
 1198 0428 E803     		.2byte	0x3e8
 1199 042a 1E       		.byte	0x1e
 1200 042b F7       		.byte	0xf7
 1201 042c 2C       		.uleb128 0x2c
 1202 042d F7       		.byte	0xf7
 1203 042e 25       		.uleb128 0x25
 1204 042f 0C       		.byte	0xc
 1205 0430 D34D6210 		.4byte	0x10624dd3
 1206 0434 F7       		.byte	0xf7
 1207 0435 25       		.uleb128 0x25
 1208 0436 1E       		.byte	0x1e
 1209 0437 08       		.byte	0x8
 1210 0438 20       		.byte	0x20
 1211 0439 F7       		.byte	0xf7
 1212 043a 25       		.uleb128 0x25
 1213 043b 25       		.byte	0x25
 1214 043c F7       		.byte	0xf7
 1215 043d 2C       		.uleb128 0x2c
 1216 043e 36       		.byte	0x36
 1217 043f 25       		.byte	0x25
 1218 0440 00       		.byte	0
 1219 0441 12       		.uleb128 0x12
 1220 0442 96000000 		.4byte	.LVL43
 1221 0446 31070000 		.4byte	0x731
 1222 044a 11       		.uleb128 0x11
 1223 044b 01       		.uleb128 0x1
 1224 044c 50       		.byte	0x50
 1225 044d 02       		.uleb128 0x2
 1226 044e 08       		.byte	0x8
 1227 044f 64       		.byte	0x64
 1228 0450 00       		.byte	0
 1229 0451 00       		.byte	0
ARM GAS  C:\Users\karthik\AppData\Local\Temp\ccz4juWb.s 			page 26


 1230 0452 08       		.uleb128 0x8
 1231 0453 7F000000 		.4byte	.LASF33
 1232 0457 01       		.byte	0x1
 1233 0458 4C       		.byte	0x4c
 1234 0459 00000000 		.4byte	.LFB71
 1235 045d 48000000 		.4byte	.LFE71-.LFB71
 1236 0461 01       		.uleb128 0x1
 1237 0462 9C       		.byte	0x9c
 1238 0463 CB040000 		.4byte	0x4cb
 1239 0467 09       		.uleb128 0x9
 1240 0468 70747200 		.ascii	"ptr\000"
 1241 046c 01       		.byte	0x1
 1242 046d 4C       		.byte	0x4c
 1243 046e 9E000000 		.4byte	0x9e
 1244 0472 2C010000 		.4byte	.LLST7
 1245 0476 10       		.uleb128 0x10
 1246 0477 16000000 		.4byte	.LVL46
 1247 047b 49070000 		.4byte	0x749
 1248 047f 8A040000 		.4byte	0x48a
 1249 0483 11       		.uleb128 0x11
 1250 0484 01       		.uleb128 0x1
 1251 0485 51       		.byte	0x51
 1252 0486 02       		.uleb128 0x2
 1253 0487 09       		.byte	0x9
 1254 0488 FF       		.byte	0xff
 1255 0489 00       		.byte	0
 1256 048a 13       		.uleb128 0x13
 1257 048b 1C000000 		.4byte	.LVL47
 1258 048f 6B070000 		.4byte	0x76b
 1259 0493 13       		.uleb128 0x13
 1260 0494 26000000 		.4byte	.LVL48
 1261 0498 60070000 		.4byte	0x760
 1262 049c 10       		.uleb128 0x10
 1263 049d 34000000 		.4byte	.LVL49
 1264 04a1 04070000 		.4byte	0x704
 1265 04a5 B9040000 		.4byte	0x4b9
 1266 04a9 11       		.uleb128 0x11
 1267 04aa 01       		.uleb128 0x1
 1268 04ab 51       		.byte	0x51
 1269 04ac 01       		.uleb128 0x1
 1270 04ad 30       		.byte	0x30
 1271 04ae 11       		.uleb128 0x11
 1272 04af 01       		.uleb128 0x1
 1273 04b0 52       		.byte	0x52
 1274 04b1 01       		.uleb128 0x1
 1275 04b2 30       		.byte	0x30
 1276 04b3 11       		.uleb128 0x11
 1277 04b4 01       		.uleb128 0x1
 1278 04b5 53       		.byte	0x53
 1279 04b6 01       		.uleb128 0x1
 1280 04b7 30       		.byte	0x30
 1281 04b8 00       		.byte	0
 1282 04b9 12       		.uleb128 0x12
 1283 04ba 3C000000 		.4byte	.LVL50
 1284 04be 31070000 		.4byte	0x731
 1285 04c2 11       		.uleb128 0x11
 1286 04c3 01       		.uleb128 0x1
ARM GAS  C:\Users\karthik\AppData\Local\Temp\ccz4juWb.s 			page 27


 1287 04c4 50       		.byte	0x50
 1288 04c5 03       		.uleb128 0x3
 1289 04c6 0A       		.byte	0xa
 1290 04c7 F401     		.2byte	0x1f4
 1291 04c9 00       		.byte	0
 1292 04ca 00       		.byte	0
 1293 04cb 16       		.uleb128 0x16
 1294 04cc 3D000000 		.4byte	.LASF62
 1295 04d0 01       		.byte	0x1
 1296 04d1 72       		.byte	0x72
 1297 04d2 90000000 		.4byte	0x90
 1298 04d6 00000000 		.4byte	.LFB73
 1299 04da E8000000 		.4byte	.LFE73-.LFB73
 1300 04de 01       		.uleb128 0x1
 1301 04df 9C       		.byte	0x9c
 1302 04e0 B5060000 		.4byte	0x6b5
 1303 04e4 13       		.uleb128 0x13
 1304 04e5 0A000000 		.4byte	.LVL51
 1305 04e9 76070000 		.4byte	0x776
 1306 04ed 13       		.uleb128 0x13
 1307 04ee 0E000000 		.4byte	.LVL52
 1308 04f2 81070000 		.4byte	0x781
 1309 04f6 13       		.uleb128 0x13
 1310 04f7 12000000 		.4byte	.LVL53
 1311 04fb 8C070000 		.4byte	0x78c
 1312 04ff 10       		.uleb128 0x10
 1313 0500 18000000 		.4byte	.LVL54
 1314 0504 10070000 		.4byte	0x710
 1315 0508 16050000 		.4byte	0x516
 1316 050c 11       		.uleb128 0x11
 1317 050d 01       		.uleb128 0x1
 1318 050e 50       		.byte	0x50
 1319 050f 05       		.uleb128 0x5
 1320 0510 03       		.byte	0x3
 1321 0511 74000000 		.4byte	.LC5
 1322 0515 00       		.byte	0
 1323 0516 10       		.uleb128 0x10
 1324 0517 1E000000 		.4byte	.LVL55
 1325 051b 10070000 		.4byte	0x710
 1326 051f 2D050000 		.4byte	0x52d
 1327 0523 11       		.uleb128 0x11
 1328 0524 01       		.uleb128 0x1
 1329 0525 50       		.byte	0x50
 1330 0526 05       		.uleb128 0x5
 1331 0527 03       		.byte	0x3
 1332 0528 94000000 		.4byte	.LC6
 1333 052c 00       		.byte	0
 1334 052d 13       		.uleb128 0x13
 1335 052e 22000000 		.4byte	.LVL56
 1336 0532 97070000 		.4byte	0x797
 1337 0536 10       		.uleb128 0x10
 1338 0537 28000000 		.4byte	.LVL57
 1339 053b A2070000 		.4byte	0x7a2
 1340 053f 49050000 		.4byte	0x549
 1341 0543 11       		.uleb128 0x11
 1342 0544 01       		.uleb128 0x1
 1343 0545 50       		.byte	0x50
ARM GAS  C:\Users\karthik\AppData\Local\Temp\ccz4juWb.s 			page 28


 1344 0546 01       		.uleb128 0x1
 1345 0547 30       		.byte	0x30
 1346 0548 00       		.byte	0
 1347 0549 13       		.uleb128 0x13
 1348 054a 2C000000 		.4byte	.LVL58
 1349 054e 55070000 		.4byte	0x755
 1350 0552 10       		.uleb128 0x10
 1351 0553 32000000 		.4byte	.LVL59
 1352 0557 60070000 		.4byte	0x760
 1353 055b 65050000 		.4byte	0x565
 1354 055f 11       		.uleb128 0x11
 1355 0560 01       		.uleb128 0x1
 1356 0561 50       		.byte	0x50
 1357 0562 01       		.uleb128 0x1
 1358 0563 30       		.byte	0x30
 1359 0564 00       		.byte	0
 1360 0565 10       		.uleb128 0x10
 1361 0566 38000000 		.4byte	.LVL60
 1362 056a AD070000 		.4byte	0x7ad
 1363 056e 78050000 		.4byte	0x578
 1364 0572 11       		.uleb128 0x11
 1365 0573 01       		.uleb128 0x1
 1366 0574 50       		.byte	0x50
 1367 0575 01       		.uleb128 0x1
 1368 0576 31       		.byte	0x31
 1369 0577 00       		.byte	0
 1370 0578 10       		.uleb128 0x10
 1371 0579 46000000 		.4byte	.LVL61
 1372 057d B9070000 		.4byte	0x7b9
 1373 0581 95050000 		.4byte	0x595
 1374 0585 11       		.uleb128 0x11
 1375 0586 01       		.uleb128 0x1
 1376 0587 50       		.byte	0x50
 1377 0588 01       		.uleb128 0x1
 1378 0589 35       		.byte	0x35
 1379 058a 11       		.uleb128 0x11
 1380 058b 01       		.uleb128 0x1
 1381 058c 51       		.byte	0x51
 1382 058d 01       		.uleb128 0x1
 1383 058e 31       		.byte	0x31
 1384 058f 11       		.uleb128 0x11
 1385 0590 01       		.uleb128 0x1
 1386 0591 52       		.byte	0x52
 1387 0592 01       		.uleb128 0x1
 1388 0593 30       		.byte	0x30
 1389 0594 00       		.byte	0
 1390 0595 10       		.uleb128 0x10
 1391 0596 56000000 		.4byte	.LVL62
 1392 059a 10070000 		.4byte	0x710
 1393 059e AC050000 		.4byte	0x5ac
 1394 05a2 11       		.uleb128 0x11
 1395 05a3 01       		.uleb128 0x1
 1396 05a4 50       		.byte	0x50
 1397 05a5 05       		.uleb128 0x5
 1398 05a6 03       		.byte	0x3
 1399 05a7 BC000000 		.4byte	.LC7
 1400 05ab 00       		.byte	0
ARM GAS  C:\Users\karthik\AppData\Local\Temp\ccz4juWb.s 			page 29


 1401 05ac 10       		.uleb128 0x10
 1402 05ad 6E000000 		.4byte	.LVL63
 1403 05b1 C5070000 		.4byte	0x7c5
 1404 05b5 E6050000 		.4byte	0x5e6
 1405 05b9 11       		.uleb128 0x11
 1406 05ba 01       		.uleb128 0x1
 1407 05bb 50       		.byte	0x50
 1408 05bc 05       		.uleb128 0x5
 1409 05bd 03       		.byte	0x3
 1410 05be 00000000 		.4byte	uart_input_task
 1411 05c2 11       		.uleb128 0x11
 1412 05c3 01       		.uleb128 0x1
 1413 05c4 51       		.byte	0x51
 1414 05c5 05       		.uleb128 0x5
 1415 05c6 03       		.byte	0x3
 1416 05c7 DC000000 		.4byte	.LC8
 1417 05cb 11       		.uleb128 0x11
 1418 05cc 01       		.uleb128 0x1
 1419 05cd 52       		.byte	0x52
 1420 05ce 03       		.uleb128 0x3
 1421 05cf 0A       		.byte	0xa
 1422 05d0 0001     		.2byte	0x100
 1423 05d2 11       		.uleb128 0x11
 1424 05d3 01       		.uleb128 0x1
 1425 05d4 53       		.byte	0x53
 1426 05d5 02       		.uleb128 0x2
 1427 05d6 74       		.byte	0x74
 1428 05d7 00       		.sleb128 0
 1429 05d8 11       		.uleb128 0x11
 1430 05d9 02       		.uleb128 0x2
 1431 05da 7D       		.byte	0x7d
 1432 05db 00       		.sleb128 0
 1433 05dc 01       		.uleb128 0x1
 1434 05dd 33       		.byte	0x33
 1435 05de 11       		.uleb128 0x11
 1436 05df 02       		.uleb128 0x2
 1437 05e0 7D       		.byte	0x7d
 1438 05e1 04       		.sleb128 4
 1439 05e2 02       		.uleb128 0x2
 1440 05e3 74       		.byte	0x74
 1441 05e4 00       		.sleb128 0
 1442 05e5 00       		.byte	0
 1443 05e6 10       		.uleb128 0x10
 1444 05e7 82000000 		.4byte	.LVL64
 1445 05eb C5070000 		.4byte	0x7c5
 1446 05ef 20060000 		.4byte	0x620
 1447 05f3 11       		.uleb128 0x11
 1448 05f4 01       		.uleb128 0x1
 1449 05f5 50       		.byte	0x50
 1450 05f6 05       		.uleb128 0x5
 1451 05f7 03       		.byte	0x3
 1452 05f8 00000000 		.4byte	led_control_task
 1453 05fc 11       		.uleb128 0x11
 1454 05fd 01       		.uleb128 0x1
 1455 05fe 51       		.byte	0x51
 1456 05ff 05       		.uleb128 0x5
 1457 0600 03       		.byte	0x3
ARM GAS  C:\Users\karthik\AppData\Local\Temp\ccz4juWb.s 			page 30


 1458 0601 E8000000 		.4byte	.LC9
 1459 0605 11       		.uleb128 0x11
 1460 0606 01       		.uleb128 0x1
 1461 0607 52       		.byte	0x52
 1462 0608 03       		.uleb128 0x3
 1463 0609 0A       		.byte	0xa
 1464 060a 0001     		.2byte	0x100
 1465 060c 11       		.uleb128 0x11
 1466 060d 01       		.uleb128 0x1
 1467 060e 53       		.byte	0x53
 1468 060f 02       		.uleb128 0x2
 1469 0610 74       		.byte	0x74
 1470 0611 00       		.sleb128 0
 1471 0612 11       		.uleb128 0x11
 1472 0613 02       		.uleb128 0x2
 1473 0614 7D       		.byte	0x7d
 1474 0615 00       		.sleb128 0
 1475 0616 01       		.uleb128 0x1
 1476 0617 32       		.byte	0x32
 1477 0618 11       		.uleb128 0x11
 1478 0619 02       		.uleb128 0x2
 1479 061a 7D       		.byte	0x7d
 1480 061b 04       		.sleb128 4
 1481 061c 02       		.uleb128 0x2
 1482 061d 74       		.byte	0x74
 1483 061e 00       		.sleb128 0
 1484 061f 00       		.byte	0
 1485 0620 10       		.uleb128 0x10
 1486 0621 94000000 		.4byte	.LVL65
 1487 0625 C5070000 		.4byte	0x7c5
 1488 0629 5A060000 		.4byte	0x65a
 1489 062d 11       		.uleb128 0x11
 1490 062e 01       		.uleb128 0x1
 1491 062f 50       		.byte	0x50
 1492 0630 05       		.uleb128 0x5
 1493 0631 03       		.byte	0x3
 1494 0632 00000000 		.4byte	blink_task
 1495 0636 11       		.uleb128 0x11
 1496 0637 01       		.uleb128 0x1
 1497 0638 51       		.byte	0x51
 1498 0639 05       		.uleb128 0x5
 1499 063a 03       		.byte	0x3
 1500 063b F4000000 		.4byte	.LC10
 1501 063f 11       		.uleb128 0x11
 1502 0640 01       		.uleb128 0x1
 1503 0641 52       		.byte	0x52
 1504 0642 02       		.uleb128 0x2
 1505 0643 08       		.byte	0x8
 1506 0644 C8       		.byte	0xc8
 1507 0645 11       		.uleb128 0x11
 1508 0646 01       		.uleb128 0x1
 1509 0647 53       		.byte	0x53
 1510 0648 02       		.uleb128 0x2
 1511 0649 74       		.byte	0x74
 1512 064a 00       		.sleb128 0
 1513 064b 11       		.uleb128 0x11
 1514 064c 02       		.uleb128 0x2
ARM GAS  C:\Users\karthik\AppData\Local\Temp\ccz4juWb.s 			page 31


 1515 064d 7D       		.byte	0x7d
 1516 064e 00       		.sleb128 0
 1517 064f 02       		.uleb128 0x2
 1518 0650 75       		.byte	0x75
 1519 0651 00       		.sleb128 0
 1520 0652 11       		.uleb128 0x11
 1521 0653 02       		.uleb128 0x2
 1522 0654 7D       		.byte	0x7d
 1523 0655 04       		.sleb128 4
 1524 0656 02       		.uleb128 0x2
 1525 0657 74       		.byte	0x74
 1526 0658 00       		.sleb128 0
 1527 0659 00       		.byte	0
 1528 065a 10       		.uleb128 0x10
 1529 065b A4000000 		.4byte	.LVL66
 1530 065f C5070000 		.4byte	0x7c5
 1531 0663 94060000 		.4byte	0x694
 1532 0667 11       		.uleb128 0x11
 1533 0668 01       		.uleb128 0x1
 1534 0669 50       		.byte	0x50
 1535 066a 05       		.uleb128 0x5
 1536 066b 03       		.byte	0x3
 1537 066c 00000000 		.4byte	breathe_task
 1538 0670 11       		.uleb128 0x11
 1539 0671 01       		.uleb128 0x1
 1540 0672 51       		.byte	0x51
 1541 0673 05       		.uleb128 0x5
 1542 0674 03       		.byte	0x3
 1543 0675 00010000 		.4byte	.LC11
 1544 0679 11       		.uleb128 0x11
 1545 067a 01       		.uleb128 0x1
 1546 067b 52       		.byte	0x52
 1547 067c 02       		.uleb128 0x2
 1548 067d 08       		.byte	0x8
 1549 067e C8       		.byte	0xc8
 1550 067f 11       		.uleb128 0x11
 1551 0680 01       		.uleb128 0x1
 1552 0681 53       		.byte	0x53
 1553 0682 02       		.uleb128 0x2
 1554 0683 74       		.byte	0x74
 1555 0684 00       		.sleb128 0
 1556 0685 11       		.uleb128 0x11
 1557 0686 02       		.uleb128 0x2
 1558 0687 7D       		.byte	0x7d
 1559 0688 00       		.sleb128 0
 1560 0689 02       		.uleb128 0x2
 1561 068a 75       		.byte	0x75
 1562 068b 00       		.sleb128 0
 1563 068c 11       		.uleb128 0x11
 1564 068d 02       		.uleb128 0x2
 1565 068e 7D       		.byte	0x7d
 1566 068f 04       		.sleb128 4
 1567 0690 02       		.uleb128 0x2
 1568 0691 74       		.byte	0x74
 1569 0692 00       		.sleb128 0
 1570 0693 00       		.byte	0
 1571 0694 10       		.uleb128 0x10
ARM GAS  C:\Users\karthik\AppData\Local\Temp\ccz4juWb.s 			page 32


 1572 0695 AA000000 		.4byte	.LVL67
 1573 0699 10070000 		.4byte	0x710
 1574 069d AB060000 		.4byte	0x6ab
 1575 06a1 11       		.uleb128 0x11
 1576 06a2 01       		.uleb128 0x1
 1577 06a3 50       		.byte	0x50
 1578 06a4 05       		.uleb128 0x5
 1579 06a5 03       		.byte	0x3
 1580 06a6 10010000 		.4byte	.LC12
 1581 06aa 00       		.byte	0
 1582 06ab 13       		.uleb128 0x13
 1583 06ac AE000000 		.4byte	.LVL68
 1584 06b0 D1070000 		.4byte	0x7d1
 1585 06b4 00       		.byte	0
 1586 06b5 17       		.uleb128 0x17
 1587 06b6 02030000 		.4byte	.LASF34
 1588 06ba 07       		.byte	0x7
 1589 06bb 1207     		.2byte	0x712
 1590 06bd C1060000 		.4byte	0x6c1
 1591 06c1 18       		.uleb128 0x18
 1592 06c2 C4000000 		.4byte	0xc4
 1593 06c6 19       		.uleb128 0x19
 1594 06c7 F8020000 		.4byte	.LASF35
 1595 06cb 01       		.byte	0x1
 1596 06cc 10       		.byte	0x10
 1597 06cd 14010000 		.4byte	0x114
 1598 06d1 05       		.uleb128 0x5
 1599 06d2 03       		.byte	0x3
 1600 06d3 00000000 		.4byte	led_mutex
 1601 06d7 19       		.uleb128 0x19
 1602 06d8 24010000 		.4byte	.LASF36
 1603 06dc 01       		.byte	0x1
 1604 06dd 11       		.byte	0x11
 1605 06de FE000000 		.4byte	0xfe
 1606 06e2 05       		.uleb128 0x5
 1607 06e3 03       		.byte	0x3
 1608 06e4 00000000 		.4byte	led_cmd_queue
 1609 06e8 19       		.uleb128 0x19
 1610 06e9 58020000 		.4byte	.LASF37
 1611 06ed 01       		.byte	0x1
 1612 06ee 12       		.byte	0x12
 1613 06ef B9000000 		.4byte	0xb9
 1614 06f3 05       		.uleb128 0x5
 1615 06f4 03       		.byte	0x3
 1616 06f5 00000000 		.4byte	current_cmd
 1617 06f9 1A       		.uleb128 0x1a
 1618 06fa 48010000 		.4byte	.LASF38
 1619 06fe 48010000 		.4byte	.LASF38
 1620 0702 08       		.byte	0x8
 1621 0703 4D       		.byte	0x4d
 1622 0704 1B       		.uleb128 0x1b
 1623 0705 8A000000 		.4byte	.LASF39
 1624 0709 8A000000 		.4byte	.LASF39
 1625 070d 05       		.byte	0x5
 1626 070e 8A02     		.2byte	0x28a
 1627 0710 1A       		.uleb128 0x1a
 1628 0711 5A000000 		.4byte	.LASF40
ARM GAS  C:\Users\karthik\AppData\Local\Temp\ccz4juWb.s 			page 33


 1629 0715 5A000000 		.4byte	.LASF40
 1630 0719 09       		.byte	0x9
 1631 071a 8B       		.byte	0x8b
 1632 071b 1A       		.uleb128 0x1a
 1633 071c 4D000000 		.4byte	.LASF41
 1634 0720 4D000000 		.4byte	.LASF41
 1635 0724 09       		.byte	0x9
 1636 0725 71       		.byte	0x71
 1637 0726 1A       		.uleb128 0x1a
 1638 0727 A2030000 		.4byte	.LASF42
 1639 072b A2030000 		.4byte	.LASF42
 1640 072f 09       		.byte	0x9
 1641 0730 8A       		.byte	0x8a
 1642 0731 1B       		.uleb128 0x1b
 1643 0732 32000000 		.4byte	.LASF43
 1644 0736 32000000 		.4byte	.LASF43
 1645 073a 0A       		.byte	0xa
 1646 073b F602     		.2byte	0x2f6
 1647 073d 1B       		.uleb128 0x1b
 1648 073e 00000000 		.4byte	.LASF44
 1649 0742 00000000 		.4byte	.LASF44
 1650 0746 05       		.byte	0x5
 1651 0747 6403     		.2byte	0x364
 1652 0749 1B       		.uleb128 0x1b
 1653 074a D1010000 		.4byte	.LASF45
 1654 074e D1010000 		.4byte	.LASF45
 1655 0752 05       		.byte	0x5
 1656 0753 8A05     		.2byte	0x58a
 1657 0755 1A       		.uleb128 0x1a
 1658 0756 3F010000 		.4byte	.LASF46
 1659 075a 3F010000 		.4byte	.LASF46
 1660 075e 0B       		.byte	0xb
 1661 075f 93       		.byte	0x93
 1662 0760 1A       		.uleb128 0x1a
 1663 0761 15000000 		.4byte	.LASF47
 1664 0765 15000000 		.4byte	.LASF47
 1665 0769 0C       		.byte	0xc
 1666 076a 26       		.byte	0x26
 1667 076b 1A       		.uleb128 0x1a
 1668 076c 1F000000 		.4byte	.LASF48
 1669 0770 1F000000 		.4byte	.LASF48
 1670 0774 0C       		.byte	0xc
 1671 0775 29       		.byte	0x29
 1672 0776 1A       		.uleb128 0x1a
 1673 0777 A2000000 		.4byte	.LASF49
 1674 077b A2000000 		.4byte	.LASF49
 1675 077f 01       		.byte	0x1
 1676 0780 09       		.byte	0x9
 1677 0781 1A       		.uleb128 0x1a
 1678 0782 32020000 		.4byte	.LASF50
 1679 0786 32020000 		.4byte	.LASF50
 1680 078a 09       		.byte	0x9
 1681 078b 54       		.byte	0x54
 1682 078c 1A       		.uleb128 0x1a
 1683 078d BF000000 		.4byte	.LASF51
 1684 0791 BF000000 		.4byte	.LASF51
 1685 0795 09       		.byte	0x9
ARM GAS  C:\Users\karthik\AppData\Local\Temp\ccz4juWb.s 			page 34


 1686 0796 8F       		.byte	0x8f
 1687 0797 1A       		.uleb128 0x1a
 1688 0798 E5020000 		.4byte	.LASF52
 1689 079c E5020000 		.4byte	.LASF52
 1690 07a0 0B       		.byte	0xb
 1691 07a1 92       		.byte	0x92
 1692 07a2 1A       		.uleb128 0x1a
 1693 07a3 E5010000 		.4byte	.LASF53
 1694 07a7 E5010000 		.4byte	.LASF53
 1695 07ab 0B       		.byte	0xb
 1696 07ac C3       		.byte	0xc3
 1697 07ad 1B       		.uleb128 0x1b
 1698 07ae D2000000 		.4byte	.LASF54
 1699 07b2 D2000000 		.4byte	.LASF54
 1700 07b6 05       		.byte	0x5
 1701 07b7 8605     		.2byte	0x586
 1702 07b9 1B       		.uleb128 0x1b
 1703 07ba 64010000 		.4byte	.LASF55
 1704 07be 64010000 		.4byte	.LASF55
 1705 07c2 05       		.byte	0x5
 1706 07c3 D805     		.2byte	0x5d8
 1707 07c5 1B       		.uleb128 0x1b
 1708 07c6 45020000 		.4byte	.LASF56
 1709 07ca 45020000 		.4byte	.LASF56
 1710 07ce 0A       		.byte	0xa
 1711 07cf 4A01     		.2byte	0x14a
 1712 07d1 1B       		.uleb128 0x1b
 1713 07d2 E4000000 		.4byte	.LASF57
 1714 07d6 E4000000 		.4byte	.LASF57
 1715 07da 0A       		.byte	0xa
 1716 07db 9704     		.2byte	0x497
 1717 07dd 00       		.byte	0
 1718              		.section	.debug_abbrev,"",%progbits
 1719              	.Ldebug_abbrev0:
 1720 0000 01       		.uleb128 0x1
 1721 0001 11       		.uleb128 0x11
 1722 0002 01       		.byte	0x1
 1723 0003 25       		.uleb128 0x25
 1724 0004 0E       		.uleb128 0xe
 1725 0005 13       		.uleb128 0x13
 1726 0006 0B       		.uleb128 0xb
 1727 0007 03       		.uleb128 0x3
 1728 0008 0E       		.uleb128 0xe
 1729 0009 1B       		.uleb128 0x1b
 1730 000a 0E       		.uleb128 0xe
 1731 000b 55       		.uleb128 0x55
 1732 000c 17       		.uleb128 0x17
 1733 000d 11       		.uleb128 0x11
 1734 000e 01       		.uleb128 0x1
 1735 000f 10       		.uleb128 0x10
 1736 0010 17       		.uleb128 0x17
 1737 0011 00       		.byte	0
 1738 0012 00       		.byte	0
 1739 0013 02       		.uleb128 0x2
 1740 0014 24       		.uleb128 0x24
 1741 0015 00       		.byte	0
 1742 0016 0B       		.uleb128 0xb
ARM GAS  C:\Users\karthik\AppData\Local\Temp\ccz4juWb.s 			page 35


 1743 0017 0B       		.uleb128 0xb
 1744 0018 3E       		.uleb128 0x3e
 1745 0019 0B       		.uleb128 0xb
 1746 001a 03       		.uleb128 0x3
 1747 001b 0E       		.uleb128 0xe
 1748 001c 00       		.byte	0
 1749 001d 00       		.byte	0
 1750 001e 03       		.uleb128 0x3
 1751 001f 16       		.uleb128 0x16
 1752 0020 00       		.byte	0
 1753 0021 03       		.uleb128 0x3
 1754 0022 0E       		.uleb128 0xe
 1755 0023 3A       		.uleb128 0x3a
 1756 0024 0B       		.uleb128 0xb
 1757 0025 3B       		.uleb128 0x3b
 1758 0026 0B       		.uleb128 0xb
 1759 0027 49       		.uleb128 0x49
 1760 0028 13       		.uleb128 0x13
 1761 0029 00       		.byte	0
 1762 002a 00       		.byte	0
 1763 002b 04       		.uleb128 0x4
 1764 002c 24       		.uleb128 0x24
 1765 002d 00       		.byte	0
 1766 002e 0B       		.uleb128 0xb
 1767 002f 0B       		.uleb128 0xb
 1768 0030 3E       		.uleb128 0x3e
 1769 0031 0B       		.uleb128 0xb
 1770 0032 03       		.uleb128 0x3
 1771 0033 08       		.uleb128 0x8
 1772 0034 00       		.byte	0
 1773 0035 00       		.byte	0
 1774 0036 05       		.uleb128 0x5
 1775 0037 0F       		.uleb128 0xf
 1776 0038 00       		.byte	0
 1777 0039 0B       		.uleb128 0xb
 1778 003a 0B       		.uleb128 0xb
 1779 003b 00       		.byte	0
 1780 003c 00       		.byte	0
 1781 003d 06       		.uleb128 0x6
 1782 003e 0F       		.uleb128 0xf
 1783 003f 00       		.byte	0
 1784 0040 0B       		.uleb128 0xb
 1785 0041 0B       		.uleb128 0xb
 1786 0042 49       		.uleb128 0x49
 1787 0043 13       		.uleb128 0x13
 1788 0044 00       		.byte	0
 1789 0045 00       		.byte	0
 1790 0046 07       		.uleb128 0x7
 1791 0047 13       		.uleb128 0x13
 1792 0048 00       		.byte	0
 1793 0049 03       		.uleb128 0x3
 1794 004a 0E       		.uleb128 0xe
 1795 004b 3C       		.uleb128 0x3c
 1796 004c 19       		.uleb128 0x19
 1797 004d 00       		.byte	0
 1798 004e 00       		.byte	0
 1799 004f 08       		.uleb128 0x8
ARM GAS  C:\Users\karthik\AppData\Local\Temp\ccz4juWb.s 			page 36


 1800 0050 2E       		.uleb128 0x2e
 1801 0051 01       		.byte	0x1
 1802 0052 3F       		.uleb128 0x3f
 1803 0053 19       		.uleb128 0x19
 1804 0054 03       		.uleb128 0x3
 1805 0055 0E       		.uleb128 0xe
 1806 0056 3A       		.uleb128 0x3a
 1807 0057 0B       		.uleb128 0xb
 1808 0058 3B       		.uleb128 0x3b
 1809 0059 0B       		.uleb128 0xb
 1810 005a 27       		.uleb128 0x27
 1811 005b 19       		.uleb128 0x19
 1812 005c 8701     		.uleb128 0x87
 1813 005e 19       		.uleb128 0x19
 1814 005f 11       		.uleb128 0x11
 1815 0060 01       		.uleb128 0x1
 1816 0061 12       		.uleb128 0x12
 1817 0062 06       		.uleb128 0x6
 1818 0063 40       		.uleb128 0x40
 1819 0064 18       		.uleb128 0x18
 1820 0065 9742     		.uleb128 0x2117
 1821 0067 19       		.uleb128 0x19
 1822 0068 01       		.uleb128 0x1
 1823 0069 13       		.uleb128 0x13
 1824 006a 00       		.byte	0
 1825 006b 00       		.byte	0
 1826 006c 09       		.uleb128 0x9
 1827 006d 05       		.uleb128 0x5
 1828 006e 00       		.byte	0
 1829 006f 03       		.uleb128 0x3
 1830 0070 08       		.uleb128 0x8
 1831 0071 3A       		.uleb128 0x3a
 1832 0072 0B       		.uleb128 0xb
 1833 0073 3B       		.uleb128 0x3b
 1834 0074 0B       		.uleb128 0xb
 1835 0075 49       		.uleb128 0x49
 1836 0076 13       		.uleb128 0x13
 1837 0077 02       		.uleb128 0x2
 1838 0078 17       		.uleb128 0x17
 1839 0079 00       		.byte	0
 1840 007a 00       		.byte	0
 1841 007b 0A       		.uleb128 0xa
 1842 007c 34       		.uleb128 0x34
 1843 007d 00       		.byte	0
 1844 007e 03       		.uleb128 0x3
 1845 007f 0E       		.uleb128 0xe
 1846 0080 3A       		.uleb128 0x3a
 1847 0081 0B       		.uleb128 0xb
 1848 0082 3B       		.uleb128 0x3b
 1849 0083 0B       		.uleb128 0xb
 1850 0084 49       		.uleb128 0x49
 1851 0085 13       		.uleb128 0x13
 1852 0086 02       		.uleb128 0x2
 1853 0087 18       		.uleb128 0x18
 1854 0088 00       		.byte	0
 1855 0089 00       		.byte	0
 1856 008a 0B       		.uleb128 0xb
ARM GAS  C:\Users\karthik\AppData\Local\Temp\ccz4juWb.s 			page 37


 1857 008b 34       		.uleb128 0x34
 1858 008c 00       		.byte	0
 1859 008d 03       		.uleb128 0x3
 1860 008e 0E       		.uleb128 0xe
 1861 008f 3A       		.uleb128 0x3a
 1862 0090 0B       		.uleb128 0xb
 1863 0091 3B       		.uleb128 0x3b
 1864 0092 0B       		.uleb128 0xb
 1865 0093 49       		.uleb128 0x49
 1866 0094 13       		.uleb128 0x13
 1867 0095 02       		.uleb128 0x2
 1868 0096 17       		.uleb128 0x17
 1869 0097 00       		.byte	0
 1870 0098 00       		.byte	0
 1871 0099 0C       		.uleb128 0xc
 1872 009a 0B       		.uleb128 0xb
 1873 009b 01       		.byte	0x1
 1874 009c 11       		.uleb128 0x11
 1875 009d 01       		.uleb128 0x1
 1876 009e 12       		.uleb128 0x12
 1877 009f 06       		.uleb128 0x6
 1878 00a0 00       		.byte	0
 1879 00a1 00       		.byte	0
 1880 00a2 0D       		.uleb128 0xd
 1881 00a3 34       		.uleb128 0x34
 1882 00a4 00       		.byte	0
 1883 00a5 03       		.uleb128 0x3
 1884 00a6 08       		.uleb128 0x8
 1885 00a7 3A       		.uleb128 0x3a
 1886 00a8 0B       		.uleb128 0xb
 1887 00a9 3B       		.uleb128 0x3b
 1888 00aa 0B       		.uleb128 0xb
 1889 00ab 49       		.uleb128 0x49
 1890 00ac 13       		.uleb128 0x13
 1891 00ad 02       		.uleb128 0x2
 1892 00ae 17       		.uleb128 0x17
 1893 00af 00       		.byte	0
 1894 00b0 00       		.byte	0
 1895 00b1 0E       		.uleb128 0xe
 1896 00b2 0B       		.uleb128 0xb
 1897 00b3 01       		.byte	0x1
 1898 00b4 11       		.uleb128 0x11
 1899 00b5 01       		.uleb128 0x1
 1900 00b6 12       		.uleb128 0x12
 1901 00b7 06       		.uleb128 0x6
 1902 00b8 01       		.uleb128 0x1
 1903 00b9 13       		.uleb128 0x13
 1904 00ba 00       		.byte	0
 1905 00bb 00       		.byte	0
 1906 00bc 0F       		.uleb128 0xf
 1907 00bd 34       		.uleb128 0x34
 1908 00be 00       		.byte	0
 1909 00bf 03       		.uleb128 0x3
 1910 00c0 08       		.uleb128 0x8
 1911 00c1 3A       		.uleb128 0x3a
 1912 00c2 0B       		.uleb128 0xb
 1913 00c3 3B       		.uleb128 0x3b
ARM GAS  C:\Users\karthik\AppData\Local\Temp\ccz4juWb.s 			page 38


 1914 00c4 0B       		.uleb128 0xb
 1915 00c5 49       		.uleb128 0x49
 1916 00c6 13       		.uleb128 0x13
 1917 00c7 02       		.uleb128 0x2
 1918 00c8 18       		.uleb128 0x18
 1919 00c9 00       		.byte	0
 1920 00ca 00       		.byte	0
 1921 00cb 10       		.uleb128 0x10
 1922 00cc 898201   		.uleb128 0x4109
 1923 00cf 01       		.byte	0x1
 1924 00d0 11       		.uleb128 0x11
 1925 00d1 01       		.uleb128 0x1
 1926 00d2 31       		.uleb128 0x31
 1927 00d3 13       		.uleb128 0x13
 1928 00d4 01       		.uleb128 0x1
 1929 00d5 13       		.uleb128 0x13
 1930 00d6 00       		.byte	0
 1931 00d7 00       		.byte	0
 1932 00d8 11       		.uleb128 0x11
 1933 00d9 8A8201   		.uleb128 0x410a
 1934 00dc 00       		.byte	0
 1935 00dd 02       		.uleb128 0x2
 1936 00de 18       		.uleb128 0x18
 1937 00df 9142     		.uleb128 0x2111
 1938 00e1 18       		.uleb128 0x18
 1939 00e2 00       		.byte	0
 1940 00e3 00       		.byte	0
 1941 00e4 12       		.uleb128 0x12
 1942 00e5 898201   		.uleb128 0x4109
 1943 00e8 01       		.byte	0x1
 1944 00e9 11       		.uleb128 0x11
 1945 00ea 01       		.uleb128 0x1
 1946 00eb 31       		.uleb128 0x31
 1947 00ec 13       		.uleb128 0x13
 1948 00ed 00       		.byte	0
 1949 00ee 00       		.byte	0
 1950 00ef 13       		.uleb128 0x13
 1951 00f0 898201   		.uleb128 0x4109
 1952 00f3 00       		.byte	0
 1953 00f4 11       		.uleb128 0x11
 1954 00f5 01       		.uleb128 0x1
 1955 00f6 31       		.uleb128 0x31
 1956 00f7 13       		.uleb128 0x13
 1957 00f8 00       		.byte	0
 1958 00f9 00       		.byte	0
 1959 00fa 14       		.uleb128 0x14
 1960 00fb 01       		.uleb128 0x1
 1961 00fc 01       		.byte	0x1
 1962 00fd 49       		.uleb128 0x49
 1963 00fe 13       		.uleb128 0x13
 1964 00ff 01       		.uleb128 0x1
 1965 0100 13       		.uleb128 0x13
 1966 0101 00       		.byte	0
 1967 0102 00       		.byte	0
 1968 0103 15       		.uleb128 0x15
 1969 0104 21       		.uleb128 0x21
 1970 0105 00       		.byte	0
ARM GAS  C:\Users\karthik\AppData\Local\Temp\ccz4juWb.s 			page 39


 1971 0106 49       		.uleb128 0x49
 1972 0107 13       		.uleb128 0x13
 1973 0108 2F       		.uleb128 0x2f
 1974 0109 0B       		.uleb128 0xb
 1975 010a 00       		.byte	0
 1976 010b 00       		.byte	0
 1977 010c 16       		.uleb128 0x16
 1978 010d 2E       		.uleb128 0x2e
 1979 010e 01       		.byte	0x1
 1980 010f 3F       		.uleb128 0x3f
 1981 0110 19       		.uleb128 0x19
 1982 0111 03       		.uleb128 0x3
 1983 0112 0E       		.uleb128 0xe
 1984 0113 3A       		.uleb128 0x3a
 1985 0114 0B       		.uleb128 0xb
 1986 0115 3B       		.uleb128 0x3b
 1987 0116 0B       		.uleb128 0xb
 1988 0117 27       		.uleb128 0x27
 1989 0118 19       		.uleb128 0x19
 1990 0119 49       		.uleb128 0x49
 1991 011a 13       		.uleb128 0x13
 1992 011b 8701     		.uleb128 0x87
 1993 011d 19       		.uleb128 0x19
 1994 011e 11       		.uleb128 0x11
 1995 011f 01       		.uleb128 0x1
 1996 0120 12       		.uleb128 0x12
 1997 0121 06       		.uleb128 0x6
 1998 0122 40       		.uleb128 0x40
 1999 0123 18       		.uleb128 0x18
 2000 0124 9742     		.uleb128 0x2117
 2001 0126 19       		.uleb128 0x19
 2002 0127 01       		.uleb128 0x1
 2003 0128 13       		.uleb128 0x13
 2004 0129 00       		.byte	0
 2005 012a 00       		.byte	0
 2006 012b 17       		.uleb128 0x17
 2007 012c 34       		.uleb128 0x34
 2008 012d 00       		.byte	0
 2009 012e 03       		.uleb128 0x3
 2010 012f 0E       		.uleb128 0xe
 2011 0130 3A       		.uleb128 0x3a
 2012 0131 0B       		.uleb128 0xb
 2013 0132 3B       		.uleb128 0x3b
 2014 0133 05       		.uleb128 0x5
 2015 0134 49       		.uleb128 0x49
 2016 0135 13       		.uleb128 0x13
 2017 0136 3F       		.uleb128 0x3f
 2018 0137 19       		.uleb128 0x19
 2019 0138 3C       		.uleb128 0x3c
 2020 0139 19       		.uleb128 0x19
 2021 013a 00       		.byte	0
 2022 013b 00       		.byte	0
 2023 013c 18       		.uleb128 0x18
 2024 013d 35       		.uleb128 0x35
 2025 013e 00       		.byte	0
 2026 013f 49       		.uleb128 0x49
 2027 0140 13       		.uleb128 0x13
ARM GAS  C:\Users\karthik\AppData\Local\Temp\ccz4juWb.s 			page 40


 2028 0141 00       		.byte	0
 2029 0142 00       		.byte	0
 2030 0143 19       		.uleb128 0x19
 2031 0144 34       		.uleb128 0x34
 2032 0145 00       		.byte	0
 2033 0146 03       		.uleb128 0x3
 2034 0147 0E       		.uleb128 0xe
 2035 0148 3A       		.uleb128 0x3a
 2036 0149 0B       		.uleb128 0xb
 2037 014a 3B       		.uleb128 0x3b
 2038 014b 0B       		.uleb128 0xb
 2039 014c 49       		.uleb128 0x49
 2040 014d 13       		.uleb128 0x13
 2041 014e 3F       		.uleb128 0x3f
 2042 014f 19       		.uleb128 0x19
 2043 0150 02       		.uleb128 0x2
 2044 0151 18       		.uleb128 0x18
 2045 0152 00       		.byte	0
 2046 0153 00       		.byte	0
 2047 0154 1A       		.uleb128 0x1a
 2048 0155 2E       		.uleb128 0x2e
 2049 0156 00       		.byte	0
 2050 0157 3F       		.uleb128 0x3f
 2051 0158 19       		.uleb128 0x19
 2052 0159 3C       		.uleb128 0x3c
 2053 015a 19       		.uleb128 0x19
 2054 015b 6E       		.uleb128 0x6e
 2055 015c 0E       		.uleb128 0xe
 2056 015d 03       		.uleb128 0x3
 2057 015e 0E       		.uleb128 0xe
 2058 015f 3A       		.uleb128 0x3a
 2059 0160 0B       		.uleb128 0xb
 2060 0161 3B       		.uleb128 0x3b
 2061 0162 0B       		.uleb128 0xb
 2062 0163 00       		.byte	0
 2063 0164 00       		.byte	0
 2064 0165 1B       		.uleb128 0x1b
 2065 0166 2E       		.uleb128 0x2e
 2066 0167 00       		.byte	0
 2067 0168 3F       		.uleb128 0x3f
 2068 0169 19       		.uleb128 0x19
 2069 016a 3C       		.uleb128 0x3c
 2070 016b 19       		.uleb128 0x19
 2071 016c 6E       		.uleb128 0x6e
 2072 016d 0E       		.uleb128 0xe
 2073 016e 03       		.uleb128 0x3
 2074 016f 0E       		.uleb128 0xe
 2075 0170 3A       		.uleb128 0x3a
 2076 0171 0B       		.uleb128 0xb
 2077 0172 3B       		.uleb128 0x3b
 2078 0173 05       		.uleb128 0x5
 2079 0174 00       		.byte	0
 2080 0175 00       		.byte	0
 2081 0176 00       		.byte	0
 2082              		.section	.debug_loc,"",%progbits
 2083              	.Ldebug_loc0:
 2084              	.LLST0:
ARM GAS  C:\Users\karthik\AppData\Local\Temp\ccz4juWb.s 			page 41


 2085 0000 00000000 		.4byte	.LVL0
 2086 0004 06000000 		.4byte	.LVL2
 2087 0008 0100     		.2byte	0x1
 2088 000a 50       		.byte	0x50
 2089 000b 06000000 		.4byte	.LVL2
 2090 000f 7C000000 		.4byte	.LFE69
 2091 0013 0400     		.2byte	0x4
 2092 0015 F3       		.byte	0xf3
 2093 0016 01       		.uleb128 0x1
 2094 0017 50       		.byte	0x50
 2095 0018 9F       		.byte	0x9f
 2096 0019 00000000 		.4byte	0
 2097 001d 00000000 		.4byte	0
 2098              	.LLST1:
 2099 0021 04000000 		.4byte	.LVL1
 2100 0025 06000000 		.4byte	.LVL2
 2101 0029 0200     		.2byte	0x2
 2102 002b 30       		.byte	0x30
 2103 002c 9F       		.byte	0x9f
 2104 002d 06000000 		.4byte	.LVL2
 2105 0031 1E000000 		.4byte	.LVL4
 2106 0035 0100     		.2byte	0x1
 2107 0037 54       		.byte	0x54
 2108 0038 24000000 		.4byte	.LVL5
 2109 003c 56000000 		.4byte	.LVL10
 2110 0040 0200     		.2byte	0x2
 2111 0042 30       		.byte	0x30
 2112 0043 9F       		.byte	0x9f
 2113 0044 56000000 		.4byte	.LVL10
 2114 0048 5E000000 		.4byte	.LVL11
 2115 004c 0100     		.2byte	0x1
 2116 004e 54       		.byte	0x54
 2117 004f 5E000000 		.4byte	.LVL11
 2118 0053 6C000000 		.4byte	.LVL13
 2119 0057 0100     		.2byte	0x1
 2120 0059 55       		.byte	0x55
 2121 005a 6C000000 		.4byte	.LVL13
 2122 005e 7C000000 		.4byte	.LFE69
 2123 0062 0100     		.2byte	0x1
 2124 0064 54       		.byte	0x54
 2125 0065 00000000 		.4byte	0
 2126 0069 00000000 		.4byte	0
 2127              	.LLST2:
 2128 006d 0A000000 		.4byte	.LVL3
 2129 0071 26000000 		.4byte	.LVL6
 2130 0075 0100     		.2byte	0x1
 2131 0077 50       		.byte	0x50
 2132 0078 56000000 		.4byte	.LVL10
 2133 007c 69000000 		.4byte	.LVL12-1
 2134 0080 0100     		.2byte	0x1
 2135 0082 50       		.byte	0x50
 2136 0083 00000000 		.4byte	0
 2137 0087 00000000 		.4byte	0
 2138              	.LLST3:
 2139 008b 00000000 		.4byte	.LVL15
 2140 008f 04000000 		.4byte	.LVL16
 2141 0093 0100     		.2byte	0x1
ARM GAS  C:\Users\karthik\AppData\Local\Temp\ccz4juWb.s 			page 42


 2142 0095 50       		.byte	0x50
 2143 0096 04000000 		.4byte	.LVL16
 2144 009a A0000000 		.4byte	.LFE70
 2145 009e 0400     		.2byte	0x4
 2146 00a0 F3       		.byte	0xf3
 2147 00a1 01       		.uleb128 0x1
 2148 00a2 50       		.byte	0x50
 2149 00a3 9F       		.byte	0x9f
 2150 00a4 00000000 		.4byte	0
 2151 00a8 00000000 		.4byte	0
 2152              	.LLST4:
 2153 00ac 00000000 		.4byte	.LVL28
 2154 00b0 06000000 		.4byte	.LVL30
 2155 00b4 0100     		.2byte	0x1
 2156 00b6 50       		.byte	0x50
 2157 00b7 06000000 		.4byte	.LVL30
 2158 00bb A4000000 		.4byte	.LFE72
 2159 00bf 0400     		.2byte	0x4
 2160 00c1 F3       		.byte	0xf3
 2161 00c2 01       		.uleb128 0x1
 2162 00c3 50       		.byte	0x50
 2163 00c4 9F       		.byte	0x9f
 2164 00c5 00000000 		.4byte	0
 2165 00c9 00000000 		.4byte	0
 2166              	.LLST5:
 2167 00cd 02000000 		.4byte	.LVL29
 2168 00d1 06000000 		.4byte	.LVL30
 2169 00d5 0200     		.2byte	0x2
 2170 00d7 30       		.byte	0x30
 2171 00d8 9F       		.byte	0x9f
 2172 00d9 06000000 		.4byte	.LVL30
 2173 00dd 80000000 		.4byte	.LVL39
 2174 00e1 0100     		.2byte	0x1
 2175 00e3 54       		.byte	0x54
 2176 00e4 82000000 		.4byte	.LVL40
 2177 00e8 A4000000 		.4byte	.LFE72
 2178 00ec 0100     		.2byte	0x1
 2179 00ee 54       		.byte	0x54
 2180 00ef 00000000 		.4byte	0
 2181 00f3 00000000 		.4byte	0
 2182              	.LLST6:
 2183 00f7 02000000 		.4byte	.LVL29
 2184 00fb 06000000 		.4byte	.LVL30
 2185 00ff 0200     		.2byte	0x2
 2186 0101 35       		.byte	0x35
 2187 0102 9F       		.byte	0x9f
 2188 0103 06000000 		.4byte	.LVL30
 2189 0107 8C000000 		.4byte	.LVL41
 2190 010b 0100     		.2byte	0x1
 2191 010d 55       		.byte	0x55
 2192 010e 8C000000 		.4byte	.LVL41
 2193 0112 8E000000 		.4byte	.LVL42
 2194 0116 0100     		.2byte	0x1
 2195 0118 52       		.byte	0x52
 2196 0119 8E000000 		.4byte	.LVL42
 2197 011d A4000000 		.4byte	.LFE72
 2198 0121 0100     		.2byte	0x1
ARM GAS  C:\Users\karthik\AppData\Local\Temp\ccz4juWb.s 			page 43


 2199 0123 55       		.byte	0x55
 2200 0124 00000000 		.4byte	0
 2201 0128 00000000 		.4byte	0
 2202              	.LLST7:
 2203 012c 00000000 		.4byte	.LVL44
 2204 0130 02000000 		.4byte	.LVL45
 2205 0134 0100     		.2byte	0x1
 2206 0136 50       		.byte	0x50
 2207 0137 02000000 		.4byte	.LVL45
 2208 013b 48000000 		.4byte	.LFE71
 2209 013f 0400     		.2byte	0x4
 2210 0141 F3       		.byte	0xf3
 2211 0142 01       		.uleb128 0x1
 2212 0143 50       		.byte	0x50
 2213 0144 9F       		.byte	0x9f
 2214 0145 00000000 		.4byte	0
 2215 0149 00000000 		.4byte	0
 2216              		.section	.debug_aranges,"",%progbits
 2217 0000 3C000000 		.4byte	0x3c
 2218 0004 0200     		.2byte	0x2
 2219 0006 00000000 		.4byte	.Ldebug_info0
 2220 000a 04       		.byte	0x4
 2221 000b 00       		.byte	0
 2222 000c 0000     		.2byte	0
 2223 000e 0000     		.2byte	0
 2224 0010 00000000 		.4byte	.LFB69
 2225 0014 7C000000 		.4byte	.LFE69-.LFB69
 2226 0018 00000000 		.4byte	.LFB70
 2227 001c A0000000 		.4byte	.LFE70-.LFB70
 2228 0020 00000000 		.4byte	.LFB72
 2229 0024 A4000000 		.4byte	.LFE72-.LFB72
 2230 0028 00000000 		.4byte	.LFB71
 2231 002c 48000000 		.4byte	.LFE71-.LFB71
 2232 0030 00000000 		.4byte	.LFB73
 2233 0034 E8000000 		.4byte	.LFE73-.LFB73
 2234 0038 00000000 		.4byte	0
 2235 003c 00000000 		.4byte	0
 2236              		.section	.debug_ranges,"",%progbits
 2237              	.Ldebug_ranges0:
 2238 0000 00000000 		.4byte	.LFB69
 2239 0004 7C000000 		.4byte	.LFE69
 2240 0008 00000000 		.4byte	.LFB70
 2241 000c A0000000 		.4byte	.LFE70
 2242 0010 00000000 		.4byte	.LFB72
 2243 0014 A4000000 		.4byte	.LFE72
 2244 0018 00000000 		.4byte	.LFB71
 2245 001c 48000000 		.4byte	.LFE71
 2246 0020 00000000 		.4byte	.LFB73
 2247 0024 E8000000 		.4byte	.LFE73
 2248 0028 00000000 		.4byte	0
 2249 002c 00000000 		.4byte	0
 2250              		.section	.debug_line,"",%progbits
 2251              	.Ldebug_line0:
 2252 0000 F8020000 		.section	.debug_str,"MS",%progbits,1
 2252      02004202 
 2252      00000201 
 2252      FB0E0D00 
ARM GAS  C:\Users\karthik\AppData\Local\Temp\ccz4juWb.s 			page 44


 2252      01010101 
 2253              	.LASF44:
 2254 0000 78517565 		.ascii	"xQueueReceive\000"
 2254      75655265 
 2254      63656976 
 2254      6500
 2255              	.LASF16:
 2256 000e 696E7438 		.ascii	"int8_t\000"
 2256      5F7400
 2257              	.LASF47:
 2258 0015 6C65645F 		.ascii	"led_Write\000"
 2258      57726974 
 2258      6500
 2259              	.LASF48:
 2260 001f 6C65645F 		.ascii	"led_Read\000"
 2260      52656164 
 2260      00
 2261              	.LASF6:
 2262 0028 73686F72 		.ascii	"short int\000"
 2262      7420696E 
 2262      7400
 2263              	.LASF43:
 2264 0032 76546173 		.ascii	"vTaskDelay\000"
 2264      6B44656C 
 2264      617900
 2265              	.LASF62:
 2266 003d 6D61696E 		.ascii	"main\000"
 2266      00
 2267              	.LASF10:
 2268 0042 5F5F7569 		.ascii	"__uint32_t\000"
 2268      6E743332 
 2268      5F7400
 2269              	.LASF41:
 2270 004d 55415254 		.ascii	"UART_GetChar\000"
 2270      5F476574 
 2270      43686172 
 2270      00
 2271              	.LASF40:
 2272 005a 55415254 		.ascii	"UART_PutString\000"
 2272      5F507574 
 2272      53747269 
 2272      6E6700
 2273              	.LASF27:
 2274 0069 696E6465 		.ascii	"index\000"
 2274      7800
 2275              	.LASF28:
 2276 006f 75617274 		.ascii	"uart_input_task\000"
 2276      5F696E70 
 2276      75745F74 
 2276      61736B00 
 2277              	.LASF33:
 2278 007f 626C696E 		.ascii	"blink_task\000"
 2278      6B5F7461 
 2278      736B00
 2279              	.LASF39:
 2280 008a 78517565 		.ascii	"xQueueGenericSend\000"
 2280      75654765 
ARM GAS  C:\Users\karthik\AppData\Local\Temp\ccz4juWb.s 			page 45


 2280      6E657269 
 2280      6353656E 
 2280      6400
 2281              	.LASF20:
 2282 009c 666C6F61 		.ascii	"float\000"
 2282      7400
 2283              	.LASF49:
 2284 00a2 46726565 		.ascii	"FreeRTOS_Start\000"
 2284      52544F53 
 2284      5F537461 
 2284      727400
 2285              	.LASF12:
 2286 00b1 6C6F6E67 		.ascii	"long long int\000"
 2286      206C6F6E 
 2286      6720696E 
 2286      7400
 2287              	.LASF51:
 2288 00bf 55415254 		.ascii	"UART_ClearTxBuffer\000"
 2288      5F436C65 
 2288      61725478 
 2288      42756666 
 2288      657200
 2289              	.LASF54:
 2290 00d2 78517565 		.ascii	"xQueueCreateMutex\000"
 2290      75654372 
 2290      65617465 
 2290      4D757465 
 2290      7800
 2291              	.LASF57:
 2292 00e4 76546173 		.ascii	"vTaskStartScheduler\000"
 2292      6B537461 
 2292      72745363 
 2292      68656475 
 2292      6C657200 
 2293              	.LASF9:
 2294 00f8 6C6F6E67 		.ascii	"long int\000"
 2294      20696E74 
 2294      00
 2295              	.LASF22:
 2296 0101 42617365 		.ascii	"BaseType_t\000"
 2296      54797065 
 2296      5F7400
 2297              	.LASF4:
 2298 010c 5F5F7569 		.ascii	"__uint8_t\000"
 2298      6E74385F 
 2298      7400
 2299              	.LASF24:
 2300 0116 51756575 		.ascii	"QueueHandle_t\000"
 2300      6548616E 
 2300      646C655F 
 2300      7400
 2301              	.LASF36:
 2302 0124 6C65645F 		.ascii	"led_cmd_queue\000"
 2302      636D645F 
 2302      71756575 
 2302      6500
 2303              	.LASF30:
ARM GAS  C:\Users\karthik\AppData\Local\Temp\ccz4juWb.s 			page 46


 2304 0132 62726561 		.ascii	"breathe_task\000"
 2304      7468655F 
 2304      7461736B 
 2304      00
 2305              	.LASF46:
 2306 013f 50574D5F 		.ascii	"PWM_Stop\000"
 2306      53746F70 
 2306      00
 2307              	.LASF38:
 2308 0148 61746F69 		.ascii	"atoi\000"
 2308      00
 2309              	.LASF23:
 2310 014d 5469636B 		.ascii	"TickType_t\000"
 2310      54797065 
 2310      5F7400
 2311              	.LASF13:
 2312 0158 6C6F6E67 		.ascii	"long double\000"
 2312      20646F75 
 2312      626C6500 
 2313              	.LASF55:
 2314 0164 78517565 		.ascii	"xQueueGenericCreate\000"
 2314      75654765 
 2314      6E657269 
 2314      63437265 
 2314      61746500 
 2315              	.LASF25:
 2316 0178 53656D61 		.ascii	"SemaphoreHandle_t\000"
 2316      70686F72 
 2316      6548616E 
 2316      646C655F 
 2316      7400
 2317              	.LASF5:
 2318 018a 756E7369 		.ascii	"unsigned char\000"
 2318      676E6564 
 2318      20636861 
 2318      7200
 2319              	.LASF2:
 2320 0198 7369676E 		.ascii	"signed char\000"
 2320      65642063 
 2320      68617200 
 2321              	.LASF0:
 2322 01a4 6C6F6E67 		.ascii	"long long unsigned int\000"
 2322      206C6F6E 
 2322      6720756E 
 2322      7369676E 
 2322      65642069 
 2323              	.LASF19:
 2324 01bb 75696E74 		.ascii	"uint32_t\000"
 2324      33325F74 
 2324      00
 2325              	.LASF1:
 2326 01c4 756E7369 		.ascii	"unsigned int\000"
 2326      676E6564 
 2326      20696E74 
 2326      00
 2327              	.LASF45:
 2328 01d1 78517565 		.ascii	"xQueueSemaphoreTake\000"
ARM GAS  C:\Users\karthik\AppData\Local\Temp\ccz4juWb.s 			page 47


 2328      75655365 
 2328      6D617068 
 2328      6F726554 
 2328      616B6500 
 2329              	.LASF53:
 2330 01e5 50574D5F 		.ascii	"PWM_WriteCompare\000"
 2330      57726974 
 2330      65436F6D 
 2330      70617265 
 2330      00
 2331              	.LASF31:
 2332 01f6 62726967 		.ascii	"brightness\000"
 2332      68746E65 
 2332      737300
 2333              	.LASF61:
 2334 0201 51756575 		.ascii	"QueueDefinition\000"
 2334      65446566 
 2334      696E6974 
 2334      696F6E00 
 2335              	.LASF7:
 2336 0211 73686F72 		.ascii	"short unsigned int\000"
 2336      7420756E 
 2336      7369676E 
 2336      65642069 
 2336      6E7400
 2337              	.LASF3:
 2338 0224 5F5F696E 		.ascii	"__int8_t\000"
 2338      74385F74 
 2338      00
 2339              	.LASF15:
 2340 022d 63686172 		.ascii	"char\000"
 2340      00
 2341              	.LASF50:
 2342 0232 55415254 		.ascii	"UART_Start\000"
 2342      5F537461 
 2342      727400
 2343              	.LASF18:
 2344 023d 696E7433 		.ascii	"int32_t\000"
 2344      325F7400 
 2345              	.LASF56:
 2346 0245 78546173 		.ascii	"xTaskCreate\000"
 2346      6B437265 
 2346      61746500 
 2347              	.LASF26:
 2348 0251 62756666 		.ascii	"buffer\000"
 2348      657200
 2349              	.LASF37:
 2350 0258 63757272 		.ascii	"current_cmd\000"
 2350      656E745F 
 2350      636D6400 
 2351              	.LASF60:
 2352 0264 433A5C49 		.ascii	"C:\\IIITB\\Summer Term\\Summer Term\\freertos_test\\"
 2352      49495442 
 2352      5C53756D 
 2352      6D657220 
 2352      5465726D 
 2353 0293 3030334D 		.ascii	"003Mutex.cydsn\000"
ARM GAS  C:\Users\karthik\AppData\Local\Temp\ccz4juWb.s 			page 48


 2353      75746578 
 2353      2E637964 
 2353      736E00
 2354              	.LASF59:
 2355 02a2 6D61696E 		.ascii	"main.c\000"
 2355      2E6300
 2356              	.LASF11:
 2357 02a9 6C6F6E67 		.ascii	"long unsigned int\000"
 2357      20756E73 
 2357      69676E65 
 2357      6420696E 
 2357      7400
 2358              	.LASF21:
 2359 02bb 646F7562 		.ascii	"double\000"
 2359      6C6500
 2360              	.LASF29:
 2361 02c2 6C65645F 		.ascii	"led_control_task\000"
 2361      636F6E74 
 2361      726F6C5F 
 2361      7461736B 
 2361      00
 2362              	.LASF8:
 2363 02d3 5F5F696E 		.ascii	"__int32_t\000"
 2363      7433325F 
 2363      7400
 2364              	.LASF17:
 2365 02dd 75696E74 		.ascii	"uint8_t\000"
 2365      385F7400 
 2366              	.LASF52:
 2367 02e5 50574D5F 		.ascii	"PWM_Start\000"
 2367      53746172 
 2367      7400
 2368              	.LASF14:
 2369 02ef 73697A65 		.ascii	"sizetype\000"
 2369      74797065 
 2369      00
 2370              	.LASF35:
 2371 02f8 6C65645F 		.ascii	"led_mutex\000"
 2371      6D757465 
 2371      7800
 2372              	.LASF34:
 2373 0302 49544D5F 		.ascii	"ITM_RxBuffer\000"
 2373      52784275 
 2373      66666572 
 2373      00
 2374              	.LASF58:
 2375 030f 474E5520 		.ascii	"GNU C11 5.4.1 20160609 (release) [ARM/embedded-5-br"
 2375      43313120 
 2375      352E342E 
 2375      31203230 
 2375      31363036 
 2376 0342 616E6368 		.ascii	"anch revision 237715] -mcpu=cortex-m3 -mthumb -g -O"
 2376      20726576 
 2376      6973696F 
 2376      6E203233 
 2376      37373135 
 2377 0375 67202D66 		.ascii	"g -ffunction-sections -ffat-lto-objects\000"
ARM GAS  C:\Users\karthik\AppData\Local\Temp\ccz4juWb.s 			page 49


 2377      66756E63 
 2377      74696F6E 
 2377      2D736563 
 2377      74696F6E 
 2378              	.LASF32:
 2379 039d 73746570 		.ascii	"step\000"
 2379      00
 2380              	.LASF42:
 2381 03a2 55415254 		.ascii	"UART_PutChar\000"
 2381      5F507574 
 2381      43686172 
 2381      00
 2382              		.ident	"GCC: (GNU Tools for ARM Embedded Processors) 5.4.1 20160609 (release) [ARM/embedded-5-bran
