ARM GAS  C:\Users\karthik\AppData\Local\Temp\ccp4C5ye.s 			page 1


   1              		.syntax unified
   2              		.cpu cortex-m3
   3              		.fpu softvfp
   4              		.eabi_attribute 20, 1
   5              		.eabi_attribute 21, 1
   6              		.eabi_attribute 23, 3
   7              		.eabi_attribute 24, 1
   8              		.eabi_attribute 25, 1
   9              		.eabi_attribute 26, 1
  10              		.eabi_attribute 30, 1
  11              		.eabi_attribute 34, 1
  12              		.eabi_attribute 18, 4
  13              		.thumb
  14              		.syntax unified
  15              		.file	"main.c"
  16              		.text
  17              	.Ltext0:
  18              		.cfi_sections	.debug_frame
  19              		.section	.text.led_task,"ax",%progbits
  20              		.align	2
  21              		.global	led_task
  22              		.thumb
  23              		.thumb_func
  24              		.type	led_task, %function
  25              	led_task:
  26              	.LFB69:
  27              		.file 1 "main.c"
   1:main.c        **** #include <stdio.h>
   2:main.c        **** #include <stdlib.h>
   3:main.c        **** #include <math.h>
   4:main.c        **** #include <string.h>
   5:main.c        **** #include "project.h"
   6:main.c        **** #include "FreeRTOS.h"
   7:main.c        **** #include "task.h"
   8:main.c        **** #include "timers.h"
   9:main.c        **** #include "queue.h"
  10:main.c        **** #include "semphr.h"
  11:main.c        **** 
  12:main.c        **** extern void FreeRTOS_Start();
  13:main.c        **** 
  14:main.c        **** void led_task(void *ptr){
  28              		.loc 1 14 0
  29              		.cfi_startproc
  30              		@ args = 0, pretend = 0, frame = 0
  31              		@ frame_needed = 0, uses_anonymous_args = 0
  32              	.LVL0:
  33 0000 10B5     		push	{r4, lr}
  34              		.cfi_def_cfa_offset 8
  35              		.cfi_offset 4, -8
  36              		.cfi_offset 14, -4
  37              	.LVL1:
  38              	.L4:
  39              	.LBB2:
  15:main.c        ****     while(1){
  16:main.c        ****         uint8_t led_state = !led_Read();  // Toggle state
  40              		.loc 1 16 0
  41 0002 FFF7FEFF 		bl	led_Read
ARM GAS  C:\Users\karthik\AppData\Local\Temp\ccp4C5ye.s 			page 2


  42              	.LVL2:
  43 0006 0446     		mov	r4, r0
  44              	.LVL3:
  17:main.c        ****         led_Write(led_state);             // Write to LED pin
  45              		.loc 1 17 0
  46 0008 B0FA80F0 		clz	r0, r0
  47              	.LVL4:
  48 000c 4009     		lsrs	r0, r0, #5
  49 000e FFF7FEFF 		bl	led_Write
  50              	.LVL5:
  18:main.c        ****         if(led_state)
  51              		.loc 1 18 0
  52 0012 1CB9     		cbnz	r4, .L2
  19:main.c        ****             UART_PutString("LED ON\r\n");
  53              		.loc 1 19 0
  54 0014 0548     		ldr	r0, .L6
  55 0016 FFF7FEFF 		bl	UART_PutString
  56              	.LVL6:
  57 001a 02E0     		b	.L3
  58              	.L2:
  20:main.c        ****         else
  21:main.c        ****             UART_PutString("LED OFF\r\n");
  59              		.loc 1 21 0
  60 001c 0448     		ldr	r0, .L6+4
  61 001e FFF7FEFF 		bl	UART_PutString
  62              	.LVL7:
  63              	.L3:
  22:main.c        ****         vTaskDelay(1000); // Delay 1 second (1000 ticks)
  64              		.loc 1 22 0
  65 0022 4FF47A70 		mov	r0, #1000
  66 0026 FFF7FEFF 		bl	vTaskDelay
  67              	.LVL8:
  68              	.LBE2:
  23:main.c        ****     }
  69              		.loc 1 23 0
  70 002a EAE7     		b	.L4
  71              	.L7:
  72              		.align	2
  73              	.L6:
  74 002c 00000000 		.word	.LC0
  75 0030 0C000000 		.word	.LC1
  76              		.cfi_endproc
  77              	.LFE69:
  78              		.size	led_task, .-led_task
  79              		.section	.text.main,"ax",%progbits
  80              		.align	2
  81              		.global	main
  82              		.thumb
  83              		.thumb_func
  84              		.type	main, %function
  85              	main:
  86              	.LFB70:
  24:main.c        **** }
  25:main.c        **** 
  26:main.c        **** int main(void)
  27:main.c        **** {
  87              		.loc 1 27 0
ARM GAS  C:\Users\karthik\AppData\Local\Temp\ccp4C5ye.s 			page 3


  88              		.cfi_startproc
  89              		@ Volatile: function does not return.
  90              		@ args = 0, pretend = 0, frame = 0
  91              		@ frame_needed = 0, uses_anonymous_args = 0
  92 0000 00B5     		push	{lr}
  93              		.cfi_def_cfa_offset 4
  94              		.cfi_offset 14, -4
  95 0002 83B0     		sub	sp, sp, #12
  96              		.cfi_def_cfa_offset 16
  28:main.c        ****     CyGlobalIntEnable;
  97              		.loc 1 28 0
  98              		.syntax unified
  99              	@ 28 "main.c" 1
 100 0004 62B6     		CPSIE   i
 101              	@ 0 "" 2
  29:main.c        ****     FreeRTOS_Start();
 102              		.loc 1 29 0
 103              		.thumb
 104              		.syntax unified
 105 0006 FFF7FEFF 		bl	FreeRTOS_Start
 106              	.LVL9:
  30:main.c        ****     UART_Start();
 107              		.loc 1 30 0
 108 000a FFF7FEFF 		bl	UART_Start
 109              	.LVL10:
  31:main.c        ****     UART_ClearTxBuffer();
 110              		.loc 1 31 0
 111 000e FFF7FEFF 		bl	UART_ClearTxBuffer
 112              	.LVL11:
  32:main.c        ****     xTaskCreate(led_task, "LED_UART_Task", 200, NULL, 5, NULL);
 113              		.loc 1 32 0
 114 0012 0023     		movs	r3, #0
 115 0014 0193     		str	r3, [sp, #4]
 116 0016 0522     		movs	r2, #5
 117 0018 0092     		str	r2, [sp]
 118 001a C822     		movs	r2, #200
 119 001c 0349     		ldr	r1, .L11
 120 001e 0448     		ldr	r0, .L11+4
 121 0020 FFF7FEFF 		bl	xTaskCreate
 122              	.LVL12:
  33:main.c        ****     vTaskStartScheduler();
 123              		.loc 1 33 0
 124 0024 FFF7FEFF 		bl	vTaskStartScheduler
 125              	.LVL13:
 126              	.L9:
 127 0028 FEE7     		b	.L9
 128              	.L12:
 129 002a 00BF     		.align	2
 130              	.L11:
 131 002c 18000000 		.word	.LC2
 132 0030 00000000 		.word	led_task
 133              		.cfi_endproc
 134              	.LFE70:
 135              		.size	main, .-main
 136              		.section	.rodata.str1.4,"aMS",%progbits,1
 137              		.align	2
 138              	.LC0:
ARM GAS  C:\Users\karthik\AppData\Local\Temp\ccp4C5ye.s 			page 4


 139 0000 4C454420 		.ascii	"LED ON\015\012\000"
 139      4F4E0D0A 
 139      00
 140 0009 000000   		.space	3
 141              	.LC1:
 142 000c 4C454420 		.ascii	"LED OFF\015\012\000"
 142      4F46460D 
 142      0A00
 143 0016 0000     		.space	2
 144              	.LC2:
 145 0018 4C45445F 		.ascii	"LED_UART_Task\000"
 145      55415254 
 145      5F546173 
 145      6B00
 146              		.text
 147              	.Letext0:
 148              		.file 2 "c:\\program files (x86)\\cypress\\psoc creator\\4.4\\psoc creator\\import\\gnu\\arm\\5.4.
 149              		.file 3 "c:\\program files (x86)\\cypress\\psoc creator\\4.4\\psoc creator\\import\\gnu\\arm\\5.4.
 150              		.file 4 "Generated_Source\\PSoC5/led.h"
 151              		.file 5 "Generated_Source\\PSoC5/UART.h"
 152              		.file 6 "..\\FreeRTOS\\Source\\include/task.h"
 153              		.file 7 "Generated_Source\\PSoC5/core_cm3.h"
 154              		.section	.debug_info,"",%progbits
 155              	.Ldebug_info0:
 156 0000 41020000 		.4byte	0x241
 157 0004 0400     		.2byte	0x4
 158 0006 00000000 		.4byte	.Ldebug_abbrev0
 159 000a 04       		.byte	0x4
 160 000b 01       		.uleb128 0x1
 161 000c 62000000 		.4byte	.LASF27
 162 0010 0C       		.byte	0xc
 163 0011 D5010000 		.4byte	.LASF28
 164 0015 30010000 		.4byte	.LASF29
 165 0019 00000000 		.4byte	.Ldebug_ranges0+0
 166 001d 00000000 		.4byte	0
 167 0021 00000000 		.4byte	.Ldebug_line0
 168 0025 02       		.uleb128 0x2
 169 0026 01       		.byte	0x1
 170 0027 06       		.byte	0x6
 171 0028 1E020000 		.4byte	.LASF0
 172 002c 03       		.uleb128 0x3
 173 002d 00000000 		.4byte	.LASF4
 174 0031 02       		.byte	0x2
 175 0032 1D       		.byte	0x1d
 176 0033 37000000 		.4byte	0x37
 177 0037 02       		.uleb128 0x2
 178 0038 01       		.byte	0x1
 179 0039 08       		.byte	0x8
 180 003a 54000000 		.4byte	.LASF1
 181 003e 02       		.uleb128 0x2
 182 003f 02       		.byte	0x2
 183 0040 05       		.byte	0x5
 184 0041 E1010000 		.4byte	.LASF2
 185 0045 02       		.uleb128 0x2
 186 0046 02       		.byte	0x2
 187 0047 07       		.byte	0x7
 188 0048 14000000 		.4byte	.LASF3
ARM GAS  C:\Users\karthik\AppData\Local\Temp\ccp4C5ye.s 			page 5


 189 004c 03       		.uleb128 0x3
 190 004d 0A000000 		.4byte	.LASF5
 191 0051 02       		.byte	0x2
 192 0052 3F       		.byte	0x3f
 193 0053 57000000 		.4byte	0x57
 194 0057 02       		.uleb128 0x2
 195 0058 04       		.byte	0x4
 196 0059 05       		.byte	0x5
 197 005a FE010000 		.4byte	.LASF6
 198 005e 02       		.uleb128 0x2
 199 005f 04       		.byte	0x4
 200 0060 07       		.byte	0x7
 201 0061 FA000000 		.4byte	.LASF7
 202 0065 02       		.uleb128 0x2
 203 0066 08       		.byte	0x8
 204 0067 05       		.byte	0x5
 205 0068 C7010000 		.4byte	.LASF8
 206 006c 02       		.uleb128 0x2
 207 006d 08       		.byte	0x8
 208 006e 07       		.byte	0x7
 209 006f 88010000 		.4byte	.LASF9
 210 0073 04       		.uleb128 0x4
 211 0074 04       		.byte	0x4
 212 0075 05       		.byte	0x5
 213 0076 696E7400 		.ascii	"int\000"
 214 007a 02       		.uleb128 0x2
 215 007b 04       		.byte	0x4
 216 007c 07       		.byte	0x7
 217 007d 72010000 		.4byte	.LASF10
 218 0081 02       		.uleb128 0x2
 219 0082 08       		.byte	0x8
 220 0083 04       		.byte	0x4
 221 0084 12020000 		.4byte	.LASF11
 222 0088 05       		.uleb128 0x5
 223 0089 04       		.byte	0x4
 224 008a 02       		.uleb128 0x2
 225 008b 04       		.byte	0x4
 226 008c 07       		.byte	0x7
 227 008d BE010000 		.4byte	.LASF12
 228 0091 02       		.uleb128 0x2
 229 0092 01       		.byte	0x1
 230 0093 08       		.byte	0x8
 231 0094 DC010000 		.4byte	.LASF13
 232 0098 03       		.uleb128 0x3
 233 0099 9F010000 		.4byte	.LASF14
 234 009d 03       		.byte	0x3
 235 009e 18       		.byte	0x18
 236 009f 2C000000 		.4byte	0x2c
 237 00a3 03       		.uleb128 0x3
 238 00a4 B6010000 		.4byte	.LASF15
 239 00a8 03       		.byte	0x3
 240 00a9 2C       		.byte	0x2c
 241 00aa 4C000000 		.4byte	0x4c
 242 00ae 02       		.uleb128 0x2
 243 00af 08       		.byte	0x8
 244 00b0 04       		.byte	0x4
 245 00b1 24010000 		.4byte	.LASF16
ARM GAS  C:\Users\karthik\AppData\Local\Temp\ccp4C5ye.s 			page 6


 246 00b5 02       		.uleb128 0x2
 247 00b6 04       		.byte	0x4
 248 00b7 04       		.byte	0x4
 249 00b8 4E000000 		.4byte	.LASF17
 250 00bc 06       		.uleb128 0x6
 251 00bd 7F010000 		.4byte	.LASF30
 252 00c1 01       		.byte	0x1
 253 00c2 0E       		.byte	0xe
 254 00c3 00000000 		.4byte	.LFB69
 255 00c7 34000000 		.4byte	.LFE69-.LFB69
 256 00cb 01       		.uleb128 0x1
 257 00cc 9C       		.byte	0x9c
 258 00cd 58010000 		.4byte	0x158
 259 00d1 07       		.uleb128 0x7
 260 00d2 70747200 		.ascii	"ptr\000"
 261 00d6 01       		.byte	0x1
 262 00d7 0E       		.byte	0xe
 263 00d8 88000000 		.4byte	0x88
 264 00dc 00000000 		.4byte	.LLST0
 265 00e0 08       		.uleb128 0x8
 266 00e1 02000000 		.4byte	.LBB2
 267 00e5 28000000 		.4byte	.LBE2-.LBB2
 268 00e9 09       		.uleb128 0x9
 269 00ea F0000000 		.4byte	.LASF31
 270 00ee 01       		.byte	0x1
 271 00ef 10       		.byte	0x10
 272 00f0 98000000 		.4byte	0x98
 273 00f4 21000000 		.4byte	.LLST1
 274 00f8 0A       		.uleb128 0xa
 275 00f9 06000000 		.4byte	.LVL2
 276 00fd DE010000 		.4byte	0x1de
 277 0101 0B       		.uleb128 0xb
 278 0102 12000000 		.4byte	.LVL5
 279 0106 E9010000 		.4byte	0x1e9
 280 010a 17010000 		.4byte	0x117
 281 010e 0C       		.uleb128 0xc
 282 010f 01       		.uleb128 0x1
 283 0110 50       		.byte	0x50
 284 0111 04       		.uleb128 0x4
 285 0112 74       		.byte	0x74
 286 0113 00       		.sleb128 0
 287 0114 30       		.byte	0x30
 288 0115 29       		.byte	0x29
 289 0116 00       		.byte	0
 290 0117 0B       		.uleb128 0xb
 291 0118 1A000000 		.4byte	.LVL6
 292 011c F4010000 		.4byte	0x1f4
 293 0120 2E010000 		.4byte	0x12e
 294 0124 0C       		.uleb128 0xc
 295 0125 01       		.uleb128 0x1
 296 0126 50       		.byte	0x50
 297 0127 05       		.uleb128 0x5
 298 0128 03       		.byte	0x3
 299 0129 00000000 		.4byte	.LC0
 300 012d 00       		.byte	0
 301 012e 0B       		.uleb128 0xb
 302 012f 22000000 		.4byte	.LVL7
ARM GAS  C:\Users\karthik\AppData\Local\Temp\ccp4C5ye.s 			page 7


 303 0133 F4010000 		.4byte	0x1f4
 304 0137 45010000 		.4byte	0x145
 305 013b 0C       		.uleb128 0xc
 306 013c 01       		.uleb128 0x1
 307 013d 50       		.byte	0x50
 308 013e 05       		.uleb128 0x5
 309 013f 03       		.byte	0x3
 310 0140 0C000000 		.4byte	.LC1
 311 0144 00       		.byte	0
 312 0145 0D       		.uleb128 0xd
 313 0146 2A000000 		.4byte	.LVL8
 314 014a FF010000 		.4byte	0x1ff
 315 014e 0C       		.uleb128 0xc
 316 014f 01       		.uleb128 0x1
 317 0150 50       		.byte	0x50
 318 0151 03       		.uleb128 0x3
 319 0152 0A       		.byte	0xa
 320 0153 E803     		.2byte	0x3e8
 321 0155 00       		.byte	0
 322 0156 00       		.byte	0
 323 0157 00       		.byte	0
 324 0158 0E       		.uleb128 0xe
 325 0159 2B010000 		.4byte	.LASF32
 326 015d 01       		.byte	0x1
 327 015e 1A       		.byte	0x1a
 328 015f 73000000 		.4byte	0x73
 329 0163 00000000 		.4byte	.LFB70
 330 0167 34000000 		.4byte	.LFE70-.LFB70
 331 016b 01       		.uleb128 0x1
 332 016c 9C       		.byte	0x9c
 333 016d CD010000 		.4byte	0x1cd
 334 0171 0A       		.uleb128 0xa
 335 0172 0A000000 		.4byte	.LVL9
 336 0176 0B020000 		.4byte	0x20b
 337 017a 0A       		.uleb128 0xa
 338 017b 0E000000 		.4byte	.LVL10
 339 017f 16020000 		.4byte	0x216
 340 0183 0A       		.uleb128 0xa
 341 0184 12000000 		.4byte	.LVL11
 342 0188 21020000 		.4byte	0x221
 343 018c 0B       		.uleb128 0xb
 344 018d 24000000 		.4byte	.LVL12
 345 0191 2C020000 		.4byte	0x22c
 346 0195 C3010000 		.4byte	0x1c3
 347 0199 0C       		.uleb128 0xc
 348 019a 01       		.uleb128 0x1
 349 019b 50       		.byte	0x50
 350 019c 05       		.uleb128 0x5
 351 019d 03       		.byte	0x3
 352 019e 00000000 		.4byte	led_task
 353 01a2 0C       		.uleb128 0xc
 354 01a3 01       		.uleb128 0x1
 355 01a4 51       		.byte	0x51
 356 01a5 05       		.uleb128 0x5
 357 01a6 03       		.byte	0x3
 358 01a7 18000000 		.4byte	.LC2
 359 01ab 0C       		.uleb128 0xc
ARM GAS  C:\Users\karthik\AppData\Local\Temp\ccp4C5ye.s 			page 8


 360 01ac 01       		.uleb128 0x1
 361 01ad 52       		.byte	0x52
 362 01ae 02       		.uleb128 0x2
 363 01af 08       		.byte	0x8
 364 01b0 C8       		.byte	0xc8
 365 01b1 0C       		.uleb128 0xc
 366 01b2 01       		.uleb128 0x1
 367 01b3 53       		.byte	0x53
 368 01b4 01       		.uleb128 0x1
 369 01b5 30       		.byte	0x30
 370 01b6 0C       		.uleb128 0xc
 371 01b7 02       		.uleb128 0x2
 372 01b8 7D       		.byte	0x7d
 373 01b9 00       		.sleb128 0
 374 01ba 01       		.uleb128 0x1
 375 01bb 35       		.byte	0x35
 376 01bc 0C       		.uleb128 0xc
 377 01bd 02       		.uleb128 0x2
 378 01be 7D       		.byte	0x7d
 379 01bf 04       		.sleb128 4
 380 01c0 01       		.uleb128 0x1
 381 01c1 30       		.byte	0x30
 382 01c2 00       		.byte	0
 383 01c3 0A       		.uleb128 0xa
 384 01c4 28000000 		.4byte	.LVL13
 385 01c8 38020000 		.4byte	0x238
 386 01cc 00       		.byte	0
 387 01cd 0F       		.uleb128 0xf
 388 01ce 17010000 		.4byte	.LASF33
 389 01d2 07       		.byte	0x7
 390 01d3 1207     		.2byte	0x712
 391 01d5 D9010000 		.4byte	0x1d9
 392 01d9 10       		.uleb128 0x10
 393 01da A3000000 		.4byte	0xa3
 394 01de 11       		.uleb128 0x11
 395 01df 3B000000 		.4byte	.LASF18
 396 01e3 3B000000 		.4byte	.LASF18
 397 01e7 04       		.byte	0x4
 398 01e8 29       		.byte	0x29
 399 01e9 11       		.uleb128 0x11
 400 01ea 44000000 		.4byte	.LASF19
 401 01ee 44000000 		.4byte	.LASF19
 402 01f2 04       		.byte	0x4
 403 01f3 26       		.byte	0x26
 404 01f4 11       		.uleb128 0x11
 405 01f5 2A020000 		.4byte	.LASF20
 406 01f9 2A020000 		.4byte	.LASF20
 407 01fd 05       		.byte	0x5
 408 01fe 8B       		.byte	0x8b
 409 01ff 12       		.uleb128 0x12
 410 0200 07020000 		.4byte	.LASF21
 411 0204 07020000 		.4byte	.LASF21
 412 0208 06       		.byte	0x6
 413 0209 F602     		.2byte	0x2f6
 414 020b 11       		.uleb128 0x11
 415 020c A7010000 		.4byte	.LASF22
 416 0210 A7010000 		.4byte	.LASF22
ARM GAS  C:\Users\karthik\AppData\Local\Temp\ccp4C5ye.s 			page 9


 417 0214 01       		.byte	0x1
 418 0215 0C       		.byte	0xc
 419 0216 11       		.uleb128 0x11
 420 0217 0C010000 		.4byte	.LASF23
 421 021b 0C010000 		.4byte	.LASF23
 422 021f 05       		.byte	0x5
 423 0220 54       		.byte	0x54
 424 0221 11       		.uleb128 0x11
 425 0222 EB010000 		.4byte	.LASF24
 426 0226 EB010000 		.4byte	.LASF24
 427 022a 05       		.byte	0x5
 428 022b 8F       		.byte	0x8f
 429 022c 12       		.uleb128 0x12
 430 022d 39020000 		.4byte	.LASF25
 431 0231 39020000 		.4byte	.LASF25
 432 0235 06       		.byte	0x6
 433 0236 4A01     		.2byte	0x14a
 434 0238 12       		.uleb128 0x12
 435 0239 27000000 		.4byte	.LASF26
 436 023d 27000000 		.4byte	.LASF26
 437 0241 06       		.byte	0x6
 438 0242 9704     		.2byte	0x497
 439 0244 00       		.byte	0
 440              		.section	.debug_abbrev,"",%progbits
 441              	.Ldebug_abbrev0:
 442 0000 01       		.uleb128 0x1
 443 0001 11       		.uleb128 0x11
 444 0002 01       		.byte	0x1
 445 0003 25       		.uleb128 0x25
 446 0004 0E       		.uleb128 0xe
 447 0005 13       		.uleb128 0x13
 448 0006 0B       		.uleb128 0xb
 449 0007 03       		.uleb128 0x3
 450 0008 0E       		.uleb128 0xe
 451 0009 1B       		.uleb128 0x1b
 452 000a 0E       		.uleb128 0xe
 453 000b 55       		.uleb128 0x55
 454 000c 17       		.uleb128 0x17
 455 000d 11       		.uleb128 0x11
 456 000e 01       		.uleb128 0x1
 457 000f 10       		.uleb128 0x10
 458 0010 17       		.uleb128 0x17
 459 0011 00       		.byte	0
 460 0012 00       		.byte	0
 461 0013 02       		.uleb128 0x2
 462 0014 24       		.uleb128 0x24
 463 0015 00       		.byte	0
 464 0016 0B       		.uleb128 0xb
 465 0017 0B       		.uleb128 0xb
 466 0018 3E       		.uleb128 0x3e
 467 0019 0B       		.uleb128 0xb
 468 001a 03       		.uleb128 0x3
 469 001b 0E       		.uleb128 0xe
 470 001c 00       		.byte	0
 471 001d 00       		.byte	0
 472 001e 03       		.uleb128 0x3
 473 001f 16       		.uleb128 0x16
ARM GAS  C:\Users\karthik\AppData\Local\Temp\ccp4C5ye.s 			page 10


 474 0020 00       		.byte	0
 475 0021 03       		.uleb128 0x3
 476 0022 0E       		.uleb128 0xe
 477 0023 3A       		.uleb128 0x3a
 478 0024 0B       		.uleb128 0xb
 479 0025 3B       		.uleb128 0x3b
 480 0026 0B       		.uleb128 0xb
 481 0027 49       		.uleb128 0x49
 482 0028 13       		.uleb128 0x13
 483 0029 00       		.byte	0
 484 002a 00       		.byte	0
 485 002b 04       		.uleb128 0x4
 486 002c 24       		.uleb128 0x24
 487 002d 00       		.byte	0
 488 002e 0B       		.uleb128 0xb
 489 002f 0B       		.uleb128 0xb
 490 0030 3E       		.uleb128 0x3e
 491 0031 0B       		.uleb128 0xb
 492 0032 03       		.uleb128 0x3
 493 0033 08       		.uleb128 0x8
 494 0034 00       		.byte	0
 495 0035 00       		.byte	0
 496 0036 05       		.uleb128 0x5
 497 0037 0F       		.uleb128 0xf
 498 0038 00       		.byte	0
 499 0039 0B       		.uleb128 0xb
 500 003a 0B       		.uleb128 0xb
 501 003b 00       		.byte	0
 502 003c 00       		.byte	0
 503 003d 06       		.uleb128 0x6
 504 003e 2E       		.uleb128 0x2e
 505 003f 01       		.byte	0x1
 506 0040 3F       		.uleb128 0x3f
 507 0041 19       		.uleb128 0x19
 508 0042 03       		.uleb128 0x3
 509 0043 0E       		.uleb128 0xe
 510 0044 3A       		.uleb128 0x3a
 511 0045 0B       		.uleb128 0xb
 512 0046 3B       		.uleb128 0x3b
 513 0047 0B       		.uleb128 0xb
 514 0048 27       		.uleb128 0x27
 515 0049 19       		.uleb128 0x19
 516 004a 8701     		.uleb128 0x87
 517 004c 19       		.uleb128 0x19
 518 004d 11       		.uleb128 0x11
 519 004e 01       		.uleb128 0x1
 520 004f 12       		.uleb128 0x12
 521 0050 06       		.uleb128 0x6
 522 0051 40       		.uleb128 0x40
 523 0052 18       		.uleb128 0x18
 524 0053 9742     		.uleb128 0x2117
 525 0055 19       		.uleb128 0x19
 526 0056 01       		.uleb128 0x1
 527 0057 13       		.uleb128 0x13
 528 0058 00       		.byte	0
 529 0059 00       		.byte	0
 530 005a 07       		.uleb128 0x7
ARM GAS  C:\Users\karthik\AppData\Local\Temp\ccp4C5ye.s 			page 11


 531 005b 05       		.uleb128 0x5
 532 005c 00       		.byte	0
 533 005d 03       		.uleb128 0x3
 534 005e 08       		.uleb128 0x8
 535 005f 3A       		.uleb128 0x3a
 536 0060 0B       		.uleb128 0xb
 537 0061 3B       		.uleb128 0x3b
 538 0062 0B       		.uleb128 0xb
 539 0063 49       		.uleb128 0x49
 540 0064 13       		.uleb128 0x13
 541 0065 02       		.uleb128 0x2
 542 0066 17       		.uleb128 0x17
 543 0067 00       		.byte	0
 544 0068 00       		.byte	0
 545 0069 08       		.uleb128 0x8
 546 006a 0B       		.uleb128 0xb
 547 006b 01       		.byte	0x1
 548 006c 11       		.uleb128 0x11
 549 006d 01       		.uleb128 0x1
 550 006e 12       		.uleb128 0x12
 551 006f 06       		.uleb128 0x6
 552 0070 00       		.byte	0
 553 0071 00       		.byte	0
 554 0072 09       		.uleb128 0x9
 555 0073 34       		.uleb128 0x34
 556 0074 00       		.byte	0
 557 0075 03       		.uleb128 0x3
 558 0076 0E       		.uleb128 0xe
 559 0077 3A       		.uleb128 0x3a
 560 0078 0B       		.uleb128 0xb
 561 0079 3B       		.uleb128 0x3b
 562 007a 0B       		.uleb128 0xb
 563 007b 49       		.uleb128 0x49
 564 007c 13       		.uleb128 0x13
 565 007d 02       		.uleb128 0x2
 566 007e 17       		.uleb128 0x17
 567 007f 00       		.byte	0
 568 0080 00       		.byte	0
 569 0081 0A       		.uleb128 0xa
 570 0082 898201   		.uleb128 0x4109
 571 0085 00       		.byte	0
 572 0086 11       		.uleb128 0x11
 573 0087 01       		.uleb128 0x1
 574 0088 31       		.uleb128 0x31
 575 0089 13       		.uleb128 0x13
 576 008a 00       		.byte	0
 577 008b 00       		.byte	0
 578 008c 0B       		.uleb128 0xb
 579 008d 898201   		.uleb128 0x4109
 580 0090 01       		.byte	0x1
 581 0091 11       		.uleb128 0x11
 582 0092 01       		.uleb128 0x1
 583 0093 31       		.uleb128 0x31
 584 0094 13       		.uleb128 0x13
 585 0095 01       		.uleb128 0x1
 586 0096 13       		.uleb128 0x13
 587 0097 00       		.byte	0
ARM GAS  C:\Users\karthik\AppData\Local\Temp\ccp4C5ye.s 			page 12


 588 0098 00       		.byte	0
 589 0099 0C       		.uleb128 0xc
 590 009a 8A8201   		.uleb128 0x410a
 591 009d 00       		.byte	0
 592 009e 02       		.uleb128 0x2
 593 009f 18       		.uleb128 0x18
 594 00a0 9142     		.uleb128 0x2111
 595 00a2 18       		.uleb128 0x18
 596 00a3 00       		.byte	0
 597 00a4 00       		.byte	0
 598 00a5 0D       		.uleb128 0xd
 599 00a6 898201   		.uleb128 0x4109
 600 00a9 01       		.byte	0x1
 601 00aa 11       		.uleb128 0x11
 602 00ab 01       		.uleb128 0x1
 603 00ac 31       		.uleb128 0x31
 604 00ad 13       		.uleb128 0x13
 605 00ae 00       		.byte	0
 606 00af 00       		.byte	0
 607 00b0 0E       		.uleb128 0xe
 608 00b1 2E       		.uleb128 0x2e
 609 00b2 01       		.byte	0x1
 610 00b3 3F       		.uleb128 0x3f
 611 00b4 19       		.uleb128 0x19
 612 00b5 03       		.uleb128 0x3
 613 00b6 0E       		.uleb128 0xe
 614 00b7 3A       		.uleb128 0x3a
 615 00b8 0B       		.uleb128 0xb
 616 00b9 3B       		.uleb128 0x3b
 617 00ba 0B       		.uleb128 0xb
 618 00bb 27       		.uleb128 0x27
 619 00bc 19       		.uleb128 0x19
 620 00bd 49       		.uleb128 0x49
 621 00be 13       		.uleb128 0x13
 622 00bf 8701     		.uleb128 0x87
 623 00c1 19       		.uleb128 0x19
 624 00c2 11       		.uleb128 0x11
 625 00c3 01       		.uleb128 0x1
 626 00c4 12       		.uleb128 0x12
 627 00c5 06       		.uleb128 0x6
 628 00c6 40       		.uleb128 0x40
 629 00c7 18       		.uleb128 0x18
 630 00c8 9742     		.uleb128 0x2117
 631 00ca 19       		.uleb128 0x19
 632 00cb 01       		.uleb128 0x1
 633 00cc 13       		.uleb128 0x13
 634 00cd 00       		.byte	0
 635 00ce 00       		.byte	0
 636 00cf 0F       		.uleb128 0xf
 637 00d0 34       		.uleb128 0x34
 638 00d1 00       		.byte	0
 639 00d2 03       		.uleb128 0x3
 640 00d3 0E       		.uleb128 0xe
 641 00d4 3A       		.uleb128 0x3a
 642 00d5 0B       		.uleb128 0xb
 643 00d6 3B       		.uleb128 0x3b
 644 00d7 05       		.uleb128 0x5
ARM GAS  C:\Users\karthik\AppData\Local\Temp\ccp4C5ye.s 			page 13


 645 00d8 49       		.uleb128 0x49
 646 00d9 13       		.uleb128 0x13
 647 00da 3F       		.uleb128 0x3f
 648 00db 19       		.uleb128 0x19
 649 00dc 3C       		.uleb128 0x3c
 650 00dd 19       		.uleb128 0x19
 651 00de 00       		.byte	0
 652 00df 00       		.byte	0
 653 00e0 10       		.uleb128 0x10
 654 00e1 35       		.uleb128 0x35
 655 00e2 00       		.byte	0
 656 00e3 49       		.uleb128 0x49
 657 00e4 13       		.uleb128 0x13
 658 00e5 00       		.byte	0
 659 00e6 00       		.byte	0
 660 00e7 11       		.uleb128 0x11
 661 00e8 2E       		.uleb128 0x2e
 662 00e9 00       		.byte	0
 663 00ea 3F       		.uleb128 0x3f
 664 00eb 19       		.uleb128 0x19
 665 00ec 3C       		.uleb128 0x3c
 666 00ed 19       		.uleb128 0x19
 667 00ee 6E       		.uleb128 0x6e
 668 00ef 0E       		.uleb128 0xe
 669 00f0 03       		.uleb128 0x3
 670 00f1 0E       		.uleb128 0xe
 671 00f2 3A       		.uleb128 0x3a
 672 00f3 0B       		.uleb128 0xb
 673 00f4 3B       		.uleb128 0x3b
 674 00f5 0B       		.uleb128 0xb
 675 00f6 00       		.byte	0
 676 00f7 00       		.byte	0
 677 00f8 12       		.uleb128 0x12
 678 00f9 2E       		.uleb128 0x2e
 679 00fa 00       		.byte	0
 680 00fb 3F       		.uleb128 0x3f
 681 00fc 19       		.uleb128 0x19
 682 00fd 3C       		.uleb128 0x3c
 683 00fe 19       		.uleb128 0x19
 684 00ff 6E       		.uleb128 0x6e
 685 0100 0E       		.uleb128 0xe
 686 0101 03       		.uleb128 0x3
 687 0102 0E       		.uleb128 0xe
 688 0103 3A       		.uleb128 0x3a
 689 0104 0B       		.uleb128 0xb
 690 0105 3B       		.uleb128 0x3b
 691 0106 05       		.uleb128 0x5
 692 0107 00       		.byte	0
 693 0108 00       		.byte	0
 694 0109 00       		.byte	0
 695              		.section	.debug_loc,"",%progbits
 696              	.Ldebug_loc0:
 697              	.LLST0:
 698 0000 00000000 		.4byte	.LVL0
 699 0004 02000000 		.4byte	.LVL1
 700 0008 0100     		.2byte	0x1
 701 000a 50       		.byte	0x50
ARM GAS  C:\Users\karthik\AppData\Local\Temp\ccp4C5ye.s 			page 14


 702 000b 02000000 		.4byte	.LVL1
 703 000f 34000000 		.4byte	.LFE69
 704 0013 0400     		.2byte	0x4
 705 0015 F3       		.byte	0xf3
 706 0016 01       		.uleb128 0x1
 707 0017 50       		.byte	0x50
 708 0018 9F       		.byte	0x9f
 709 0019 00000000 		.4byte	0
 710 001d 00000000 		.4byte	0
 711              	.LLST1:
 712 0021 08000000 		.4byte	.LVL3
 713 0025 0C000000 		.4byte	.LVL4
 714 0029 0500     		.2byte	0x5
 715 002b 70       		.byte	0x70
 716 002c 00       		.sleb128 0
 717 002d 30       		.byte	0x30
 718 002e 29       		.byte	0x29
 719 002f 9F       		.byte	0x9f
 720 0030 0C000000 		.4byte	.LVL4
 721 0034 34000000 		.4byte	.LFE69
 722 0038 0500     		.2byte	0x5
 723 003a 74       		.byte	0x74
 724 003b 00       		.sleb128 0
 725 003c 30       		.byte	0x30
 726 003d 29       		.byte	0x29
 727 003e 9F       		.byte	0x9f
 728 003f 00000000 		.4byte	0
 729 0043 00000000 		.4byte	0
 730              		.section	.debug_aranges,"",%progbits
 731 0000 24000000 		.4byte	0x24
 732 0004 0200     		.2byte	0x2
 733 0006 00000000 		.4byte	.Ldebug_info0
 734 000a 04       		.byte	0x4
 735 000b 00       		.byte	0
 736 000c 0000     		.2byte	0
 737 000e 0000     		.2byte	0
 738 0010 00000000 		.4byte	.LFB69
 739 0014 34000000 		.4byte	.LFE69-.LFB69
 740 0018 00000000 		.4byte	.LFB70
 741 001c 34000000 		.4byte	.LFE70-.LFB70
 742 0020 00000000 		.4byte	0
 743 0024 00000000 		.4byte	0
 744              		.section	.debug_ranges,"",%progbits
 745              	.Ldebug_ranges0:
 746 0000 00000000 		.4byte	.LFB69
 747 0004 34000000 		.4byte	.LFE69
 748 0008 00000000 		.4byte	.LFB70
 749 000c 34000000 		.4byte	.LFE70
 750 0010 00000000 		.4byte	0
 751 0014 00000000 		.4byte	0
 752              		.section	.debug_line,"",%progbits
 753              	.Ldebug_line0:
 754 0000 A8010000 		.section	.debug_str,"MS",%progbits,1
 754      02007701 
 754      00000201 
 754      FB0E0D00 
 754      01010101 
ARM GAS  C:\Users\karthik\AppData\Local\Temp\ccp4C5ye.s 			page 15


 755              	.LASF4:
 756 0000 5F5F7569 		.ascii	"__uint8_t\000"
 756      6E74385F 
 756      7400
 757              	.LASF5:
 758 000a 5F5F696E 		.ascii	"__int32_t\000"
 758      7433325F 
 758      7400
 759              	.LASF3:
 760 0014 73686F72 		.ascii	"short unsigned int\000"
 760      7420756E 
 760      7369676E 
 760      65642069 
 760      6E7400
 761              	.LASF26:
 762 0027 76546173 		.ascii	"vTaskStartScheduler\000"
 762      6B537461 
 762      72745363 
 762      68656475 
 762      6C657200 
 763              	.LASF18:
 764 003b 6C65645F 		.ascii	"led_Read\000"
 764      52656164 
 764      00
 765              	.LASF19:
 766 0044 6C65645F 		.ascii	"led_Write\000"
 766      57726974 
 766      6500
 767              	.LASF17:
 768 004e 666C6F61 		.ascii	"float\000"
 768      7400
 769              	.LASF1:
 770 0054 756E7369 		.ascii	"unsigned char\000"
 770      676E6564 
 770      20636861 
 770      7200
 771              	.LASF27:
 772 0062 474E5520 		.ascii	"GNU C11 5.4.1 20160609 (release) [ARM/embedded-5-br"
 772      43313120 
 772      352E342E 
 772      31203230 
 772      31363036 
 773 0095 616E6368 		.ascii	"anch revision 237715] -mcpu=cortex-m3 -mthumb -g -O"
 773      20726576 
 773      6973696F 
 773      6E203233 
 773      37373135 
 774 00c8 67202D66 		.ascii	"g -ffunction-sections -ffat-lto-objects\000"
 774      66756E63 
 774      74696F6E 
 774      2D736563 
 774      74696F6E 
 775              	.LASF31:
 776 00f0 6C65645F 		.ascii	"led_state\000"
 776      73746174 
 776      6500
 777              	.LASF7:
ARM GAS  C:\Users\karthik\AppData\Local\Temp\ccp4C5ye.s 			page 16


 778 00fa 6C6F6E67 		.ascii	"long unsigned int\000"
 778      20756E73 
 778      69676E65 
 778      6420696E 
 778      7400
 779              	.LASF23:
 780 010c 55415254 		.ascii	"UART_Start\000"
 780      5F537461 
 780      727400
 781              	.LASF33:
 782 0117 49544D5F 		.ascii	"ITM_RxBuffer\000"
 782      52784275 
 782      66666572 
 782      00
 783              	.LASF16:
 784 0124 646F7562 		.ascii	"double\000"
 784      6C6500
 785              	.LASF32:
 786 012b 6D61696E 		.ascii	"main\000"
 786      00
 787              	.LASF29:
 788 0130 433A5C49 		.ascii	"C:\\IIITB\\Summer Term\\Summer Term\\freertos_test\\"
 788      49495442 
 788      5C53756D 
 788      6D657220 
 788      5465726D 
 789 015f 3030314C 		.ascii	"001LED_Blink.cydsn\000"
 789      45445F42 
 789      6C696E6B 
 789      2E637964 
 789      736E00
 790              	.LASF10:
 791 0172 756E7369 		.ascii	"unsigned int\000"
 791      676E6564 
 791      20696E74 
 791      00
 792              	.LASF30:
 793 017f 6C65645F 		.ascii	"led_task\000"
 793      7461736B 
 793      00
 794              	.LASF9:
 795 0188 6C6F6E67 		.ascii	"long long unsigned int\000"
 795      206C6F6E 
 795      6720756E 
 795      7369676E 
 795      65642069 
 796              	.LASF14:
 797 019f 75696E74 		.ascii	"uint8_t\000"
 797      385F7400 
 798              	.LASF22:
 799 01a7 46726565 		.ascii	"FreeRTOS_Start\000"
 799      52544F53 
 799      5F537461 
 799      727400
 800              	.LASF15:
 801 01b6 696E7433 		.ascii	"int32_t\000"
 801      325F7400 
ARM GAS  C:\Users\karthik\AppData\Local\Temp\ccp4C5ye.s 			page 17


 802              	.LASF12:
 803 01be 73697A65 		.ascii	"sizetype\000"
 803      74797065 
 803      00
 804              	.LASF8:
 805 01c7 6C6F6E67 		.ascii	"long long int\000"
 805      206C6F6E 
 805      6720696E 
 805      7400
 806              	.LASF28:
 807 01d5 6D61696E 		.ascii	"main.c\000"
 807      2E6300
 808              	.LASF13:
 809 01dc 63686172 		.ascii	"char\000"
 809      00
 810              	.LASF2:
 811 01e1 73686F72 		.ascii	"short int\000"
 811      7420696E 
 811      7400
 812              	.LASF24:
 813 01eb 55415254 		.ascii	"UART_ClearTxBuffer\000"
 813      5F436C65 
 813      61725478 
 813      42756666 
 813      657200
 814              	.LASF6:
 815 01fe 6C6F6E67 		.ascii	"long int\000"
 815      20696E74 
 815      00
 816              	.LASF21:
 817 0207 76546173 		.ascii	"vTaskDelay\000"
 817      6B44656C 
 817      617900
 818              	.LASF11:
 819 0212 6C6F6E67 		.ascii	"long double\000"
 819      20646F75 
 819      626C6500 
 820              	.LASF0:
 821 021e 7369676E 		.ascii	"signed char\000"
 821      65642063 
 821      68617200 
 822              	.LASF20:
 823 022a 55415254 		.ascii	"UART_PutString\000"
 823      5F507574 
 823      53747269 
 823      6E6700
 824              	.LASF25:
 825 0239 78546173 		.ascii	"xTaskCreate\000"
 825      6B437265 
 825      61746500 
 826              		.ident	"GCC: (GNU Tools for ARM Embedded Processors) 5.4.1 20160609 (release) [ARM/embedded-5-bran
