ARM GAS  C:\Users\karthik\AppData\Local\Temp\ccJ0AMeE.s 			page 1


   1              		.syntax unified
   2              		.cpu cortex-m3
   3              		.fpu softvfp
   4              		.eabi_attribute 20, 1
   5              		.eabi_attribute 21, 1
   6              		.eabi_attribute 23, 3
   7              		.eabi_attribute 24, 1
   8              		.eabi_attribute 25, 1
   9              		.eabi_attribute 26, 1
  10              		.eabi_attribute 30, 1
  11              		.eabi_attribute 34, 1
  12              		.eabi_attribute 18, 4
  13              		.thumb
  14              		.syntax unified
  15              		.file	"cymetadata.c"
  16              		.text
  17              	.Ltext0:
  18              		.cfi_sections	.debug_frame
  19              		.global	cy_metadata
  20              		.global	cy_meta_flashprotect
  21              		.global	cy_meta_wonvl
  22              		.global	cy_meta_custnvl
  23              		.global	cy_meta_configecc
  24              		.section	.cyconfigecc,"a",%progbits
  25              		.align	2
  26              		.type	cy_meta_configecc, %object
  27              		.size	cy_meta_configecc, 400
  28              	cy_meta_configecc:
  29 0000 02       		.byte	2
  30 0001 52       		.byte	82
  31 0002 00       		.byte	0
  32 0003 40       		.byte	64
  33 0004 01       		.byte	1
  34 0005 65       		.byte	101
  35 0006 00       		.byte	0
  36 0007 40       		.byte	64
  37 0008 01       		.byte	1
  38 0009 15       		.byte	21
  39 000a 01       		.byte	1
  40 000b 40       		.byte	64
  41 000c 59       		.byte	89
  42 000d 1A       		.byte	26
  43 000e 01       		.byte	1
  44 000f 40       		.byte	64
  45 0010 30       		.byte	48
  46 0011 1B       		.byte	27
  47 0012 01       		.byte	1
  48 0013 40       		.byte	64
  49 0014 02       		.byte	2
  50 0015 40       		.byte	64
  51 0016 01       		.byte	1
  52 0017 40       		.byte	64
  53 0018 01       		.byte	1
  54 0019 41       		.byte	65
  55 001a 01       		.byte	1
  56 001b 40       		.byte	64
  57 001c 01       		.byte	1
ARM GAS  C:\Users\karthik\AppData\Local\Temp\ccJ0AMeE.s 			page 2


  58 001d 42       		.byte	66
  59 001e 01       		.byte	1
  60 001f 40       		.byte	64
  61 0020 01       		.byte	1
  62 0021 43       		.byte	67
  63 0022 01       		.byte	1
  64 0023 40       		.byte	64
  65 0024 01       		.byte	1
  66 0025 48       		.byte	72
  67 0026 01       		.byte	1
  68 0027 40       		.byte	64
  69 0028 03       		.byte	3
  70 0029 49       		.byte	73
  71 002a 01       		.byte	1
  72 002b 40       		.byte	64
  73 002c 04       		.byte	4
  74 002d 4D       		.byte	77
  75 002e 01       		.byte	1
  76 002f 40       		.byte	64
  77 0030 02       		.byte	2
  78 0031 50       		.byte	80
  79 0032 01       		.byte	1
  80 0033 40       		.byte	64
  81 0034 01       		.byte	1
  82 0035 51       		.byte	81
  83 0036 01       		.byte	1
  84 0037 40       		.byte	64
  85 0038 60       		.byte	96
  86 0039 80       		.byte	-128
  87 003a 61       		.byte	97
  88 003b 80       		.byte	-128
  89 003c 8B       		.byte	-117
  90 003d 0F       		.byte	15
  91 003e E6       		.byte	-26
  92 003f 02       		.byte	2
  93 0040 04       		.byte	4
  94 0041 09       		.byte	9
  95 0042 06       		.byte	6
  96 0043 10       		.byte	16
  97 0044 07       		.byte	7
  98 0045 0C       		.byte	12
  99 0046 09       		.byte	9
 100 0047 80       		.byte	-128
 101 0048 0A       		.byte	10
 102 0049 03       		.byte	3
 103 004a 0B       		.byte	11
 104 004b 13       		.byte	19
 105 004c 0C       		.byte	12
 106 004d 14       		.byte	20
 107 004e 0F       		.byte	15
 108 004f 08       		.byte	8
 109 0050 10       		.byte	16
 110 0051 30       		.byte	48
 111 0052 12       		.byte	18
 112 0053 0C       		.byte	12
 113 0054 14       		.byte	20
 114 0055 1C       		.byte	28
ARM GAS  C:\Users\karthik\AppData\Local\Temp\ccJ0AMeE.s 			page 3


 115 0056 15       		.byte	21
 116 0057 2C       		.byte	44
 117 0058 16       		.byte	22
 118 0059 22       		.byte	34
 119 005a 17       		.byte	23
 120 005b 43       		.byte	67
 121 005c 1C       		.byte	28
 122 005d 2C       		.byte	44
 123 005e 1E       		.byte	30
 124 005f 11       		.byte	17
 125 0060 20       		.byte	32
 126 0061 10       		.byte	16
 127 0062 21       		.byte	33
 128 0063 71       		.byte	113
 129 0064 23       		.byte	35
 130 0065 06       		.byte	6
 131 0066 26       		.byte	38
 132 0067 20       		.byte	32
 133 0068 2A       		.byte	42
 134 0069 20       		.byte	32
 135 006a 2D       		.byte	45
 136 006b 71       		.byte	113
 137 006c 2F       		.byte	47
 138 006d 0E       		.byte	14
 139 006e 30       		.byte	48
 140 006f 20       		.byte	32
 141 0070 32       		.byte	50
 142 0071 1F       		.byte	31
 143 0072 33       		.byte	51
 144 0073 0F       		.byte	15
 145 0074 35       		.byte	53
 146 0075 C0       		.byte	-64
 147 0076 37       		.byte	55
 148 0077 30       		.byte	48
 149 0078 39       		.byte	57
 150 0079 A0       		.byte	-96
 151 007a 3B       		.byte	59
 152 007b 08       		.byte	8
 153 007c 3E       		.byte	62
 154 007d 01       		.byte	1
 155 007e 3F       		.byte	63
 156 007f 40       		.byte	64
 157 0080 40       		.byte	64
 158 0081 01       		.byte	1
 159 0082 46       		.byte	70
 160 0083 04       		.byte	4
 161 0084 49       		.byte	73
 162 0085 FF       		.byte	-1
 163 0086 4A       		.byte	74
 164 0087 07       		.byte	7
 165 0088 4B       		.byte	75
 166 0089 FF       		.byte	-1
 167 008a 4C       		.byte	76
 168 008b 40       		.byte	64
 169 008c 4D       		.byte	77
 170 008d 20       		.byte	32
 171 008e 4E       		.byte	78
ARM GAS  C:\Users\karthik\AppData\Local\Temp\ccJ0AMeE.s 			page 4


 172 008f F0       		.byte	-16
 173 0090 4F       		.byte	79
 174 0091 05       		.byte	5
 175 0092 50       		.byte	80
 176 0093 08       		.byte	8
 177 0094 58       		.byte	88
 178 0095 04       		.byte	4
 179 0096 59       		.byte	89
 180 0097 04       		.byte	4
 181 0098 5A       		.byte	90
 182 0099 04       		.byte	4
 183 009a 5F       		.byte	95
 184 009b 01       		.byte	1
 185 009c 60       		.byte	96
 186 009d 40       		.byte	64
 187 009e 61       		.byte	97
 188 009f A8       		.byte	-88
 189 00a0 62       		.byte	98
 190 00a1 40       		.byte	64
 191 00a2 63       		.byte	99
 192 00a3 20       		.byte	32
 193 00a4 82       		.byte	-126
 194 00a5 20       		.byte	32
 195 00a6 86       		.byte	-122
 196 00a7 15       		.byte	21
 197 00a8 88       		.byte	-120
 198 00a9 40       		.byte	64
 199 00aa 8C       		.byte	-116
 200 00ab 03       		.byte	3
 201 00ac 8E       		.byte	-114
 202 00ad 1C       		.byte	28
 203 00ae 90       		.byte	-112
 204 00af 80       		.byte	-128
 205 00b0 94       		.byte	-108
 206 00b1 03       		.byte	3
 207 00b2 96       		.byte	-106
 208 00b3 04       		.byte	4
 209 00b4 9C       		.byte	-100
 210 00b5 03       		.byte	3
 211 00b6 9E       		.byte	-98
 212 00b7 34       		.byte	52
 213 00b8 A4       		.byte	-92
 214 00b9 2A       		.byte	42
 215 00ba A6       		.byte	-90
 216 00bb 14       		.byte	20
 217 00bc AA       		.byte	-86
 218 00bd 28       		.byte	40
 219 00be B0       		.byte	-80
 220 00bf 0F       		.byte	15
 221 00c0 B2       		.byte	-78
 222 00c1 40       		.byte	64
 223 00c2 B4       		.byte	-76
 224 00c3 80       		.byte	-128
 225 00c4 B6       		.byte	-74
 226 00c5 38       		.byte	56
 227 00c6 BA       		.byte	-70
 228 00c7 82       		.byte	-126
ARM GAS  C:\Users\karthik\AppData\Local\Temp\ccJ0AMeE.s 			page 5


 229 00c8 BE       		.byte	-66
 230 00c9 14       		.byte	20
 231 00ca C0       		.byte	-64
 232 00cb 43       		.byte	67
 233 00cc C1       		.byte	-63
 234 00cd 01       		.byte	1
 235 00ce C6       		.byte	-58
 236 00cf CE       		.byte	-50
 237 00d0 C7       		.byte	-57
 238 00d1 B0       		.byte	-80
 239 00d2 C8       		.byte	-56
 240 00d3 2C       		.byte	44
 241 00d4 C9       		.byte	-55
 242 00d5 FF       		.byte	-1
 243 00d6 CA       		.byte	-54
 244 00d7 FF       		.byte	-1
 245 00d8 CB       		.byte	-53
 246 00d9 FF       		.byte	-1
 247 00da CE       		.byte	-50
 248 00db F0       		.byte	-16
 249 00dc CF       		.byte	-49
 250 00dd 44       		.byte	68
 251 00de D0       		.byte	-48
 252 00df 0C       		.byte	12
 253 00e0 D4       		.byte	-44
 254 00e1 01       		.byte	1
 255 00e2 D6       		.byte	-42
 256 00e3 04       		.byte	4
 257 00e4 D8       		.byte	-40
 258 00e5 04       		.byte	4
 259 00e6 DA       		.byte	-38
 260 00e7 04       		.byte	4
 261 00e8 DB       		.byte	-37
 262 00e9 04       		.byte	4
 263 00ea DF       		.byte	-33
 264 00eb 01       		.byte	1
 265 00ec E6       		.byte	-26
 266 00ed C0       		.byte	-64
 267 00ee EA       		.byte	-22
 268 00ef 40       		.byte	64
 269 00f0 EB       		.byte	-21
 270 00f1 02       		.byte	2
 271 00f2 00       		.byte	0
 272 00f3 14       		.byte	20
 273 00f4 02       		.byte	2
 274 00f5 01       		.byte	1
 275 00f6 04       		.byte	4
 276 00f7 50       		.byte	80
 277 00f8 06       		.byte	6
 278 00f9 50       		.byte	80
 279 00fa 09       		.byte	9
 280 00fb 8A       		.byte	-118
 281 00fc 0D       		.byte	13
 282 00fd 80       		.byte	-128
 283 00fe 0F       		.byte	15
 284 00ff A0       		.byte	-96
 285 0100 10       		.byte	16
ARM GAS  C:\Users\karthik\AppData\Local\Temp\ccJ0AMeE.s 			page 6


 286 0101 20       		.byte	32
 287 0102 11       		.byte	17
 288 0103 20       		.byte	32
 289 0104 12       		.byte	18
 290 0105 40       		.byte	64
 291 0106 13       		.byte	19
 292 0107 20       		.byte	32
 293 0108 15       		.byte	21
 294 0109 28       		.byte	40
 295 010a 18       		.byte	24
 296 010b 10       		.byte	16
 297 010c 1A       		.byte	26
 298 010d 40       		.byte	64
 299 010e 1C       		.byte	28
 300 010f 40       		.byte	64
 301 0110 1D       		.byte	29
 302 0111 C3       		.byte	-61
 303 0112 1E       		.byte	30
 304 0113 24       		.byte	36
 305 0114 20       		.byte	32
 306 0115 05       		.byte	5
 307 0116 21       		.byte	33
 308 0117 1C       		.byte	28
 309 0118 29       		.byte	41
 310 0119 41       		.byte	65
 311 011a 31       		.byte	49
 312 011b 08       		.byte	8
 313 011c 38       		.byte	56
 314 011d 24       		.byte	36
 315 011e 3A       		.byte	58
 316 011f 40       		.byte	64
 317 0120 40       		.byte	64
 318 0121 01       		.byte	1
 319 0122 45       		.byte	69
 320 0123 82       		.byte	-126
 321 0124 46       		.byte	70
 322 0125 10       		.byte	16
 323 0126 50       		.byte	80
 324 0127 30       		.byte	48
 325 0128 52       		.byte	82
 326 0129 50       		.byte	80
 327 012a 55       		.byte	85
 328 012b 10       		.byte	16
 329 012c 56       		.byte	86
 330 012d 01       		.byte	1
 331 012e 57       		.byte	87
 332 012f 50       		.byte	80
 333 0130 5D       		.byte	93
 334 0131 01       		.byte	1
 335 0132 5E       		.byte	94
 336 0133 44       		.byte	68
 337 0134 5F       		.byte	95
 338 0135 20       		.byte	32
 339 0136 67       		.byte	103
 340 0137 40       		.byte	64
 341 0138 79       		.byte	121
 342 0139 01       		.byte	1
ARM GAS  C:\Users\karthik\AppData\Local\Temp\ccJ0AMeE.s 			page 7


 343 013a 7B       		.byte	123
 344 013b 40       		.byte	64
 345 013c 87       		.byte	-121
 346 013d 40       		.byte	64
 347 013e 8A       		.byte	-118
 348 013f 10       		.byte	16
 349 0140 C0       		.byte	-64
 350 0141 F7       		.byte	-9
 351 0142 C2       		.byte	-62
 352 0143 BD       		.byte	-67
 353 0144 C4       		.byte	-60
 354 0145 6E       		.byte	110
 355 0146 CA       		.byte	-54
 356 0147 09       		.byte	9
 357 0148 CC       		.byte	-52
 358 0149 02       		.byte	2
 359 014a CE       		.byte	-50
 360 014b 0E       		.byte	14
 361 014c D0       		.byte	-48
 362 014d D8       		.byte	-40
 363 014e D6       		.byte	-42
 364 014f F0       		.byte	-16
 365 0150 D8       		.byte	-40
 366 0151 80       		.byte	-128
 367 0152 32       		.byte	50
 368 0153 20       		.byte	32
 369 0154 CC       		.byte	-52
 370 0155 10       		.byte	16
 371 0156 A6       		.byte	-90
 372 0157 20       		.byte	32
 373 0158 A6       		.byte	-90
 374 0159 20       		.byte	32
 375 015a A6       		.byte	-90
 376 015b 20       		.byte	32
 377 015c A6       		.byte	-90
 378 015d 20       		.byte	32
 379 015e 86       		.byte	-122
 380 015f 20       		.byte	32
 381 0160 A6       		.byte	-90
 382 0161 20       		.byte	32
 383 0162 E6       		.byte	-26
 384 0163 40       		.byte	64
 385 0164 75       		.byte	117
 386 0165 02       		.byte	2
 387 0166 89       		.byte	-119
 388 0167 02       		.byte	2
 389 0168 DE       		.byte	-34
 390 0169 04       		.byte	4
 391 016a E0       		.byte	-32
 392 016b 01       		.byte	1
 393 016c 10       		.byte	16
 394 016d 01       		.byte	1
 395 016e 1C       		.byte	28
 396 016f 01       		.byte	1
 397 0170 00       		.byte	0
 398 0171 03       		.byte	3
 399 0172 00       		.byte	0
ARM GAS  C:\Users\karthik\AppData\Local\Temp\ccJ0AMeE.s 			page 8


 400 0173 00       		.byte	0
 401 0174 80       		.byte	-128
 402 0175 00       		.byte	0
 403 0176 00       		.byte	0
 404 0177 80       		.byte	-128
 405 0178 80       		.byte	-128
 406 0179 00       		.byte	0
 407 017a 80       		.byte	-128
 408 017b 00       		.byte	0
 409 017c 00       		.byte	0
 410 017d 00       		.byte	0
 411 017e 00       		.byte	0
 412 017f 00       		.byte	0
 413 0180 00       		.byte	0
 414 0181 0B       		.byte	11
 415 0182 0B       		.byte	11
 416 0183 00       		.byte	0
 417 0184 00       		.byte	0
 418 0185 00       		.byte	0
 419 0186 00       		.byte	0
 420 0187 00       		.byte	0
 421 0188 00       		.byte	0
 422 0189 02       		.byte	2
 423 018a 02       		.byte	2
 424 018b 00       		.byte	0
 425 018c 00       		.byte	0
 426 018d 00       		.byte	0
 427 018e 00       		.byte	0
 428 018f 00       		.byte	0
 429              		.section	.cywolatch,"a",%progbits
 430              		.align	2
 431              		.type	cy_meta_wonvl, %object
 432              		.size	cy_meta_wonvl, 4
 433              	cy_meta_wonvl:
 434 0000 BC       		.byte	-68
 435 0001 90       		.byte	-112
 436 0002 AC       		.byte	-84
 437 0003 AF       		.byte	-81
 438              		.section	.cycustnvl,"a",%progbits
 439              		.align	2
 440              		.type	cy_meta_custnvl, %object
 441              		.size	cy_meta_custnvl, 4
 442              	cy_meta_custnvl:
 443 0000 00       		.byte	0
 444 0001 00       		.byte	0
 445 0002 40       		.byte	64
 446 0003 05       		.byte	5
 447              		.section	.cymeta,"a",%progbits
 448              		.align	2
 449              		.type	cy_metadata, %object
 450              		.size	cy_metadata, 12
 451              	cy_metadata:
 452 0000 00       		.byte	0
 453 0001 01       		.byte	1
 454 0002 2E       		.byte	46
 455 0003 16       		.byte	22
 456 0004 10       		.byte	16
ARM GAS  C:\Users\karthik\AppData\Local\Temp\ccJ0AMeE.s 			page 9


 457 0005 69       		.byte	105
 458 0006 00       		.byte	0
 459 0007 01       		.byte	1
 460 0008 00       		.byte	0
 461 0009 00       		.byte	0
 462 000a 00       		.byte	0
 463 000b 00       		.byte	0
 464              		.section	.cyflashprotect,"a",%progbits
 465              		.align	2
 466              		.type	cy_meta_flashprotect, %object
 467              		.size	cy_meta_flashprotect, 256
 468              	cy_meta_flashprotect:
 469 0000 00000000 		.space	256
 469      00000000 
 469      00000000 
 469      00000000 
 469      00000000 
 470              		.text
 471              	.Letext0:
 472              		.file 1 "c:\\program files (x86)\\cypress\\psoc creator\\4.4\\psoc creator\\import\\gnu\\arm\\5.4.
 473              		.file 2 "c:\\program files (x86)\\cypress\\psoc creator\\4.4\\psoc creator\\import\\gnu\\arm\\5.4.
 474              		.file 3 "Generated_Source\\PSoC5\\cymetadata.c"
 475              		.section	.debug_info,"",%progbits
 476              	.Ldebug_info0:
 477 0000 31010000 		.4byte	0x131
 478 0004 0400     		.2byte	0x4
 479 0006 00000000 		.4byte	.Ldebug_abbrev0
 480 000a 04       		.byte	0x4
 481 000b 01       		.uleb128 0x1
 482 000c 24000000 		.4byte	.LASF17
 483 0010 0C       		.byte	0xc
 484 0011 D4010000 		.4byte	.LASF18
 485 0015 5F010000 		.4byte	.LASF19
 486 0019 00000000 		.4byte	.Ldebug_line0
 487 001d 02       		.uleb128 0x2
 488 001e 01       		.byte	0x1
 489 001f 06       		.byte	0x6
 490 0020 C8010000 		.4byte	.LASF0
 491 0024 03       		.uleb128 0x3
 492 0025 00000000 		.4byte	.LASF9
 493 0029 01       		.byte	0x1
 494 002a 1D       		.byte	0x1d
 495 002b 2F000000 		.4byte	0x2f
 496 002f 02       		.uleb128 0x2
 497 0030 01       		.byte	0x1
 498 0031 08       		.byte	0x8
 499 0032 16000000 		.4byte	.LASF1
 500 0036 02       		.uleb128 0x2
 501 0037 02       		.byte	0x2
 502 0038 05       		.byte	0x5
 503 0039 B5010000 		.4byte	.LASF2
 504 003d 02       		.uleb128 0x2
 505 003e 02       		.byte	0x2
 506 003f 07       		.byte	0x7
 507 0040 C4000000 		.4byte	.LASF3
 508 0044 02       		.uleb128 0x2
 509 0045 04       		.byte	0x4
ARM GAS  C:\Users\karthik\AppData\Local\Temp\ccJ0AMeE.s 			page 10


 510 0046 05       		.byte	0x5
 511 0047 BF010000 		.4byte	.LASF4
 512 004b 02       		.uleb128 0x2
 513 004c 04       		.byte	0x4
 514 004d 07       		.byte	0x7
 515 004e B2000000 		.4byte	.LASF5
 516 0052 02       		.uleb128 0x2
 517 0053 08       		.byte	0x8
 518 0054 05       		.byte	0x5
 519 0055 51010000 		.4byte	.LASF6
 520 0059 02       		.uleb128 0x2
 521 005a 08       		.byte	0x8
 522 005b 07       		.byte	0x7
 523 005c 06010000 		.4byte	.LASF7
 524 0060 04       		.uleb128 0x4
 525 0061 04       		.byte	0x4
 526 0062 05       		.byte	0x5
 527 0063 696E7400 		.ascii	"int\000"
 528 0067 02       		.uleb128 0x2
 529 0068 04       		.byte	0x4
 530 0069 07       		.byte	0x7
 531 006a F9000000 		.4byte	.LASF8
 532 006e 03       		.uleb128 0x3
 533 006f 1D010000 		.4byte	.LASF10
 534 0073 02       		.byte	0x2
 535 0074 18       		.byte	0x18
 536 0075 24000000 		.4byte	0x24
 537 0079 05       		.uleb128 0x5
 538 007a 91000000 		.4byte	0x91
 539 007e 8A000000 		.4byte	0x8a
 540 0082 06       		.uleb128 0x6
 541 0083 8A000000 		.4byte	0x8a
 542 0087 8F01     		.2byte	0x18f
 543 0089 00       		.byte	0
 544 008a 02       		.uleb128 0x2
 545 008b 04       		.byte	0x4
 546 008c 07       		.byte	0x7
 547 008d 48010000 		.4byte	.LASF11
 548 0091 07       		.uleb128 0x7
 549 0092 6E000000 		.4byte	0x6e
 550 0096 08       		.uleb128 0x8
 551 0097 E7000000 		.4byte	.LASF12
 552 009b 03       		.byte	0x3
 553 009c 1F       		.byte	0x1f
 554 009d A7000000 		.4byte	0xa7
 555 00a1 05       		.uleb128 0x5
 556 00a2 03       		.byte	0x3
 557 00a3 00000000 		.4byte	cy_meta_configecc
 558 00a7 07       		.uleb128 0x7
 559 00a8 79000000 		.4byte	0x79
 560 00ac 05       		.uleb128 0x5
 561 00ad 91000000 		.4byte	0x91
 562 00b1 BC000000 		.4byte	0xbc
 563 00b5 09       		.uleb128 0x9
 564 00b6 8A000000 		.4byte	0x8a
 565 00ba 03       		.byte	0x3
 566 00bb 00       		.byte	0
ARM GAS  C:\Users\karthik\AppData\Local\Temp\ccJ0AMeE.s 			page 11


 567 00bc 08       		.uleb128 0x8
 568 00bd D7000000 		.4byte	.LASF13
 569 00c1 03       		.byte	0x3
 570 00c2 5E       		.byte	0x5e
 571 00c3 CD000000 		.4byte	0xcd
 572 00c7 05       		.uleb128 0x5
 573 00c8 03       		.byte	0x3
 574 00c9 00000000 		.4byte	cy_meta_custnvl
 575 00cd 07       		.uleb128 0x7
 576 00ce AC000000 		.4byte	0xac
 577 00d2 08       		.uleb128 0x8
 578 00d3 3A010000 		.4byte	.LASF14
 579 00d7 03       		.byte	0x3
 580 00d8 6C       		.byte	0x6c
 581 00d9 E3000000 		.4byte	0xe3
 582 00dd 05       		.uleb128 0x5
 583 00de 03       		.byte	0x3
 584 00df 00000000 		.4byte	cy_meta_wonvl
 585 00e3 07       		.uleb128 0x7
 586 00e4 AC000000 		.4byte	0xac
 587 00e8 05       		.uleb128 0x5
 588 00e9 91000000 		.4byte	0x91
 589 00ed F8000000 		.4byte	0xf8
 590 00f1 09       		.uleb128 0x9
 591 00f2 8A000000 		.4byte	0x8a
 592 00f6 FF       		.byte	0xff
 593 00f7 00       		.byte	0
 594 00f8 08       		.uleb128 0x8
 595 00f9 25010000 		.4byte	.LASF15
 596 00fd 03       		.byte	0x3
 597 00fe 7A       		.byte	0x7a
 598 00ff 09010000 		.4byte	0x109
 599 0103 05       		.uleb128 0x5
 600 0104 03       		.byte	0x3
 601 0105 00000000 		.4byte	cy_meta_flashprotect
 602 0109 07       		.uleb128 0x7
 603 010a E8000000 		.4byte	0xe8
 604 010e 05       		.uleb128 0x5
 605 010f 91000000 		.4byte	0x91
 606 0113 1E010000 		.4byte	0x11e
 607 0117 09       		.uleb128 0x9
 608 0118 8A000000 		.4byte	0x8a
 609 011c 0B       		.byte	0xb
 610 011d 00       		.byte	0
 611 011e 08       		.uleb128 0x8
 612 011f 0A000000 		.4byte	.LASF16
 613 0123 03       		.byte	0x3
 614 0124 A7       		.byte	0xa7
 615 0125 2F010000 		.4byte	0x12f
 616 0129 05       		.uleb128 0x5
 617 012a 03       		.byte	0x3
 618 012b 00000000 		.4byte	cy_metadata
 619 012f 07       		.uleb128 0x7
 620 0130 0E010000 		.4byte	0x10e
 621 0134 00       		.byte	0
 622              		.section	.debug_abbrev,"",%progbits
 623              	.Ldebug_abbrev0:
ARM GAS  C:\Users\karthik\AppData\Local\Temp\ccJ0AMeE.s 			page 12


 624 0000 01       		.uleb128 0x1
 625 0001 11       		.uleb128 0x11
 626 0002 01       		.byte	0x1
 627 0003 25       		.uleb128 0x25
 628 0004 0E       		.uleb128 0xe
 629 0005 13       		.uleb128 0x13
 630 0006 0B       		.uleb128 0xb
 631 0007 03       		.uleb128 0x3
 632 0008 0E       		.uleb128 0xe
 633 0009 1B       		.uleb128 0x1b
 634 000a 0E       		.uleb128 0xe
 635 000b 10       		.uleb128 0x10
 636 000c 17       		.uleb128 0x17
 637 000d 00       		.byte	0
 638 000e 00       		.byte	0
 639 000f 02       		.uleb128 0x2
 640 0010 24       		.uleb128 0x24
 641 0011 00       		.byte	0
 642 0012 0B       		.uleb128 0xb
 643 0013 0B       		.uleb128 0xb
 644 0014 3E       		.uleb128 0x3e
 645 0015 0B       		.uleb128 0xb
 646 0016 03       		.uleb128 0x3
 647 0017 0E       		.uleb128 0xe
 648 0018 00       		.byte	0
 649 0019 00       		.byte	0
 650 001a 03       		.uleb128 0x3
 651 001b 16       		.uleb128 0x16
 652 001c 00       		.byte	0
 653 001d 03       		.uleb128 0x3
 654 001e 0E       		.uleb128 0xe
 655 001f 3A       		.uleb128 0x3a
 656 0020 0B       		.uleb128 0xb
 657 0021 3B       		.uleb128 0x3b
 658 0022 0B       		.uleb128 0xb
 659 0023 49       		.uleb128 0x49
 660 0024 13       		.uleb128 0x13
 661 0025 00       		.byte	0
 662 0026 00       		.byte	0
 663 0027 04       		.uleb128 0x4
 664 0028 24       		.uleb128 0x24
 665 0029 00       		.byte	0
 666 002a 0B       		.uleb128 0xb
 667 002b 0B       		.uleb128 0xb
 668 002c 3E       		.uleb128 0x3e
 669 002d 0B       		.uleb128 0xb
 670 002e 03       		.uleb128 0x3
 671 002f 08       		.uleb128 0x8
 672 0030 00       		.byte	0
 673 0031 00       		.byte	0
 674 0032 05       		.uleb128 0x5
 675 0033 01       		.uleb128 0x1
 676 0034 01       		.byte	0x1
 677 0035 49       		.uleb128 0x49
 678 0036 13       		.uleb128 0x13
 679 0037 01       		.uleb128 0x1
 680 0038 13       		.uleb128 0x13
ARM GAS  C:\Users\karthik\AppData\Local\Temp\ccJ0AMeE.s 			page 13


 681 0039 00       		.byte	0
 682 003a 00       		.byte	0
 683 003b 06       		.uleb128 0x6
 684 003c 21       		.uleb128 0x21
 685 003d 00       		.byte	0
 686 003e 49       		.uleb128 0x49
 687 003f 13       		.uleb128 0x13
 688 0040 2F       		.uleb128 0x2f
 689 0041 05       		.uleb128 0x5
 690 0042 00       		.byte	0
 691 0043 00       		.byte	0
 692 0044 07       		.uleb128 0x7
 693 0045 26       		.uleb128 0x26
 694 0046 00       		.byte	0
 695 0047 49       		.uleb128 0x49
 696 0048 13       		.uleb128 0x13
 697 0049 00       		.byte	0
 698 004a 00       		.byte	0
 699 004b 08       		.uleb128 0x8
 700 004c 34       		.uleb128 0x34
 701 004d 00       		.byte	0
 702 004e 03       		.uleb128 0x3
 703 004f 0E       		.uleb128 0xe
 704 0050 3A       		.uleb128 0x3a
 705 0051 0B       		.uleb128 0xb
 706 0052 3B       		.uleb128 0x3b
 707 0053 0B       		.uleb128 0xb
 708 0054 49       		.uleb128 0x49
 709 0055 13       		.uleb128 0x13
 710 0056 3F       		.uleb128 0x3f
 711 0057 19       		.uleb128 0x19
 712 0058 02       		.uleb128 0x2
 713 0059 18       		.uleb128 0x18
 714 005a 00       		.byte	0
 715 005b 00       		.byte	0
 716 005c 09       		.uleb128 0x9
 717 005d 21       		.uleb128 0x21
 718 005e 00       		.byte	0
 719 005f 49       		.uleb128 0x49
 720 0060 13       		.uleb128 0x13
 721 0061 2F       		.uleb128 0x2f
 722 0062 0B       		.uleb128 0xb
 723 0063 00       		.byte	0
 724 0064 00       		.byte	0
 725 0065 00       		.byte	0
 726              		.section	.debug_aranges,"",%progbits
 727 0000 14000000 		.4byte	0x14
 728 0004 0200     		.2byte	0x2
 729 0006 00000000 		.4byte	.Ldebug_info0
 730 000a 04       		.byte	0x4
 731 000b 00       		.byte	0
 732 000c 0000     		.2byte	0
 733 000e 0000     		.2byte	0
 734 0010 00000000 		.4byte	0
 735 0014 00000000 		.4byte	0
 736              		.section	.debug_line,"",%progbits
 737              	.Ldebug_line0:
ARM GAS  C:\Users\karthik\AppData\Local\Temp\ccJ0AMeE.s 			page 14


 738 0000 3D010000 		.section	.debug_str,"MS",%progbits,1
 738      02003701 
 738      00000201 
 738      FB0E0D00 
 738      01010101 
 739              	.LASF9:
 740 0000 5F5F7569 		.ascii	"__uint8_t\000"
 740      6E74385F 
 740      7400
 741              	.LASF16:
 742 000a 63795F6D 		.ascii	"cy_metadata\000"
 742      65746164 
 742      61746100 
 743              	.LASF1:
 744 0016 756E7369 		.ascii	"unsigned char\000"
 744      676E6564 
 744      20636861 
 744      7200
 745              	.LASF17:
 746 0024 474E5520 		.ascii	"GNU C11 5.4.1 20160609 (release) [ARM/embedded-5-br"
 746      43313120 
 746      352E342E 
 746      31203230 
 746      31363036 
 747 0057 616E6368 		.ascii	"anch revision 237715] -mcpu=cortex-m3 -mthumb -g -O"
 747      20726576 
 747      6973696F 
 747      6E203233 
 747      37373135 
 748 008a 67202D66 		.ascii	"g -ffunction-sections -ffat-lto-objects\000"
 748      66756E63 
 748      74696F6E 
 748      2D736563 
 748      74696F6E 
 749              	.LASF5:
 750 00b2 6C6F6E67 		.ascii	"long unsigned int\000"
 750      20756E73 
 750      69676E65 
 750      6420696E 
 750      7400
 751              	.LASF3:
 752 00c4 73686F72 		.ascii	"short unsigned int\000"
 752      7420756E 
 752      7369676E 
 752      65642069 
 752      6E7400
 753              	.LASF13:
 754 00d7 63795F6D 		.ascii	"cy_meta_custnvl\000"
 754      6574615F 
 754      63757374 
 754      6E766C00 
 755              	.LASF12:
 756 00e7 63795F6D 		.ascii	"cy_meta_configecc\000"
 756      6574615F 
 756      636F6E66 
 756      69676563 
 756      6300
ARM GAS  C:\Users\karthik\AppData\Local\Temp\ccJ0AMeE.s 			page 15


 757              	.LASF8:
 758 00f9 756E7369 		.ascii	"unsigned int\000"
 758      676E6564 
 758      20696E74 
 758      00
 759              	.LASF7:
 760 0106 6C6F6E67 		.ascii	"long long unsigned int\000"
 760      206C6F6E 
 760      6720756E 
 760      7369676E 
 760      65642069 
 761              	.LASF10:
 762 011d 75696E74 		.ascii	"uint8_t\000"
 762      385F7400 
 763              	.LASF15:
 764 0125 63795F6D 		.ascii	"cy_meta_flashprotect\000"
 764      6574615F 
 764      666C6173 
 764      6870726F 
 764      74656374 
 765              	.LASF14:
 766 013a 63795F6D 		.ascii	"cy_meta_wonvl\000"
 766      6574615F 
 766      776F6E76 
 766      6C00
 767              	.LASF11:
 768 0148 73697A65 		.ascii	"sizetype\000"
 768      74797065 
 768      00
 769              	.LASF6:
 770 0151 6C6F6E67 		.ascii	"long long int\000"
 770      206C6F6E 
 770      6720696E 
 770      7400
 771              	.LASF19:
 772 015f 433A5C55 		.ascii	"C:\\Users\\karthik\\Downloads\\freertos_test.cywrk."
 772      73657273 
 772      5C6B6172 
 772      7468696B 
 772      5C446F77 
 773 018e 41726368 		.ascii	"Archive01\\freertos_test\\Design01.cydsn\000"
 773      69766530 
 773      315C6672 
 773      65657274 
 773      6F735F74 
 774              	.LASF2:
 775 01b5 73686F72 		.ascii	"short int\000"
 775      7420696E 
 775      7400
 776              	.LASF4:
 777 01bf 6C6F6E67 		.ascii	"long int\000"
 777      20696E74 
 777      00
 778              	.LASF0:
 779 01c8 7369676E 		.ascii	"signed char\000"
 779      65642063 
 779      68617200 
ARM GAS  C:\Users\karthik\AppData\Local\Temp\ccJ0AMeE.s 			page 16


 780              	.LASF18:
 781 01d4 47656E65 		.ascii	"Generated_Source\\PSoC5\\cymetadata.c\000"
 781      72617465 
 781      645F536F 
 781      75726365 
 781      5C50536F 
 782              		.ident	"GCC: (GNU Tools for ARM Embedded Processors) 5.4.1 20160609 (release) [ARM/embedded-5-bran
