ARM GAS  C:\Users\karthik\AppData\Local\Temp\cckOEOg9.s 			page 1


   1              		.syntax unified
   2              		.cpu cortex-m3
   3              		.fpu softvfp
   4              		.eabi_attribute 20, 1
   5              		.eabi_attribute 21, 1
   6              		.eabi_attribute 23, 3
   7              		.eabi_attribute 24, 1
   8              		.eabi_attribute 25, 1
   9              		.eabi_attribute 26, 1
  10              		.eabi_attribute 30, 1
  11              		.eabi_attribute 34, 1
  12              		.eabi_attribute 18, 4
  13              		.thumb
  14              		.syntax unified
  15              		.file	"main.c"
  16              		.text
  17              	.Ltext0:
  18              		.cfi_sections	.debug_frame
  19              		.section	.text.uart_input_task,"ax",%progbits
  20              		.align	2
  21              		.global	uart_input_task
  22              		.thumb
  23              		.thumb_func
  24              		.type	uart_input_task, %function
  25              	uart_input_task:
  26              	.LFB69:
  27              		.file 1 "main.c"
   1:main.c        **** #include <stdio.h>
   2:main.c        **** #include <stdlib.h>
   3:main.c        **** #include <string.h>
   4:main.c        **** #include "project.h"
   5:main.c        **** #include "FreeRTOS.h"
   6:main.c        **** #include "task.h"
   7:main.c        **** #include "queue.h"
   8:main.c        **** 
   9:main.c        **** extern void FreeRTOS_Start();
  10:main.c        **** 
  11:main.c        **** QueueHandle_t cmd_queue;
  12:main.c        **** 
  13:main.c        **** void uart_input_task(void *ptr) {
  28              		.loc 1 13 0
  29              		.cfi_startproc
  30              		@ args = 0, pretend = 0, frame = 24
  31              		@ frame_needed = 0, uses_anonymous_args = 0
  32              	.LVL0:
  33 0000 30B5     		push	{r4, r5, lr}
  34              		.cfi_def_cfa_offset 12
  35              		.cfi_offset 4, -12
  36              		.cfi_offset 5, -8
  37              		.cfi_offset 14, -4
  38 0002 87B0     		sub	sp, sp, #28
  39              		.cfi_def_cfa_offset 40
  40              	.LVL1:
  14:main.c        ****     char buffer[20];
  15:main.c        ****     uint8_t index = 0;
  41              		.loc 1 15 0
  42 0004 0024     		movs	r4, #0
ARM GAS  C:\Users\karthik\AppData\Local\Temp\cckOEOg9.s 			page 2


  43              	.LVL2:
  44              	.L6:
  45              	.LBB2:
  16:main.c        ****     while(1) {
  17:main.c        ****         char ch = UART_GetChar();
  46              		.loc 1 17 0
  47 0006 FFF7FEFF 		bl	UART_GetChar
  48              	.LVL3:
  18:main.c        ****         if (ch != 0u && ch != 0xFF) {
  49              		.loc 1 18 0
  50 000a 431E     		subs	r3, r0, #1
  51 000c DBB2     		uxtb	r3, r3
  52 000e FD2B     		cmp	r3, #253
  53 0010 2BD8     		bhi	.L2
  19:main.c        ****             if (ch == '\r' || ch == '\n') {
  54              		.loc 1 19 0
  55 0012 0D28     		cmp	r0, #13
  56 0014 01D0     		beq	.L3
  57              		.loc 1 19 0 is_stmt 0 discriminator 1
  58 0016 0A28     		cmp	r0, #10
  59 0018 1CD1     		bne	.L4
  60              	.L3:
  61              	.LBB3:
  20:main.c        ****                 buffer[index] = '\0';
  62              		.loc 1 20 0 is_stmt 1
  63 001a 06AB     		add	r3, sp, #24
  64 001c 1C44     		add	r4, r4, r3
  65              	.LVL4:
  66 001e 0023     		movs	r3, #0
  67 0020 04F8143C 		strb	r3, [r4, #-20]
  68              	.LVL5:
  21:main.c        ****                 index = 0;
  22:main.c        ****                 char *cmd = pvPortMalloc(strlen(buffer) + 1);
  69              		.loc 1 22 0
  70 0024 01A8     		add	r0, sp, #4
  71              	.LVL6:
  72 0026 FFF7FEFF 		bl	strlen
  73              	.LVL7:
  74 002a 0130     		adds	r0, r0, #1
  75 002c FFF7FEFF 		bl	pvPortMalloc
  76              	.LVL8:
  77 0030 0090     		str	r0, [sp]
  23:main.c        ****                 if (cmd != NULL) {
  78              		.loc 1 23 0
  79 0032 50B1     		cbz	r0, .L5
  24:main.c        ****                     strcpy(cmd, buffer);
  80              		.loc 1 24 0
  81 0034 01A9     		add	r1, sp, #4
  82 0036 FFF7FEFF 		bl	strcpy
  83              	.LVL9:
  25:main.c        ****                     xQueueSend(cmd_queue, &cmd, portMAX_DELAY);
  84              		.loc 1 25 0
  85 003a 0023     		movs	r3, #0
  86 003c 4FF0FF32 		mov	r2, #-1
  87 0040 6946     		mov	r1, sp
  88 0042 0C48     		ldr	r0, .L8
  89 0044 0068     		ldr	r0, [r0]
ARM GAS  C:\Users\karthik\AppData\Local\Temp\cckOEOg9.s 			page 3


  90 0046 FFF7FEFF 		bl	xQueueGenericSend
  91              	.LVL10:
  92              	.L5:
  26:main.c        ****                 }
  27:main.c        ****                 UART_PutString("\r\n> ");
  93              		.loc 1 27 0
  94 004a 0B48     		ldr	r0, .L8+4
  95 004c FFF7FEFF 		bl	UART_PutString
  96              	.LVL11:
  21:main.c        ****                 char *cmd = pvPortMalloc(strlen(buffer) + 1);
  97              		.loc 1 21 0
  98 0050 0024     		movs	r4, #0
  99              	.LBE3:
  19:main.c        ****                 buffer[index] = '\0';
 100              		.loc 1 19 0
 101 0052 0AE0     		b	.L2
 102              	.LVL12:
 103              	.L4:
  28:main.c        ****             } else if (index < sizeof(buffer) - 1) {
 104              		.loc 1 28 0
 105 0054 122C     		cmp	r4, #18
 106 0056 08D8     		bhi	.L2
  29:main.c        ****                 buffer[index++] = ch;
 107              		.loc 1 29 0
 108 0058 651C     		adds	r5, r4, #1
 109 005a EDB2     		uxtb	r5, r5
 110              	.LVL13:
 111 005c 06AB     		add	r3, sp, #24
 112 005e 1C44     		add	r4, r4, r3
 113 0060 04F8140C 		strb	r0, [r4, #-20]
  30:main.c        ****                 UART_PutChar(ch);
 114              		.loc 1 30 0
 115 0064 FFF7FEFF 		bl	UART_PutChar
 116              	.LVL14:
  29:main.c        ****                 buffer[index++] = ch;
 117              		.loc 1 29 0
 118 0068 2C46     		mov	r4, r5
 119              	.LVL15:
 120              	.L2:
  31:main.c        ****             }
  32:main.c        ****         }
  33:main.c        ****         vTaskDelay(10);
 121              		.loc 1 33 0
 122 006a 0A20     		movs	r0, #10
 123 006c FFF7FEFF 		bl	vTaskDelay
 124              	.LVL16:
 125              	.LBE2:
  34:main.c        ****     }
 126              		.loc 1 34 0
 127 0070 C9E7     		b	.L6
 128              	.L9:
 129 0072 00BF     		.align	2
 130              	.L8:
 131 0074 00000000 		.word	cmd_queue
 132 0078 00000000 		.word	.LC0
 133              		.cfi_endproc
 134              	.LFE69:
ARM GAS  C:\Users\karthik\AppData\Local\Temp\cckOEOg9.s 			page 4


 135              		.size	uart_input_task, .-uart_input_task
 136              		.section	.text.led_task,"ax",%progbits
 137              		.align	2
 138              		.global	led_task
 139              		.thumb
 140              		.thumb_func
 141              		.type	led_task, %function
 142              	led_task:
 143              	.LFB70:
  35:main.c        **** }
  36:main.c        **** 
  37:main.c        **** void led_task(void *ptr) {
 144              		.loc 1 37 0
 145              		.cfi_startproc
 146              		@ args = 0, pretend = 0, frame = 8
 147              		@ frame_needed = 0, uses_anonymous_args = 0
 148              	.LVL17:
 149 0000 10B5     		push	{r4, lr}
 150              		.cfi_def_cfa_offset 8
 151              		.cfi_offset 4, -8
 152              		.cfi_offset 14, -4
 153 0002 82B0     		sub	sp, sp, #8
 154              		.cfi_def_cfa_offset 16
 155              	.LVL18:
 156              	.L11:
  38:main.c        ****     char *cmd;
  39:main.c        ****     while(1) {
  40:main.c        ****         if (xQueueReceive(cmd_queue, &cmd, portMAX_DELAY) == pdTRUE) {
 157              		.loc 1 40 0
 158 0004 4FF0FF32 		mov	r2, #-1
 159 0008 01A9     		add	r1, sp, #4
 160 000a 364B     		ldr	r3, .L25
 161 000c 1868     		ldr	r0, [r3]
 162 000e FFF7FEFF 		bl	xQueueReceive
 163              	.LVL19:
 164 0012 0128     		cmp	r0, #1
 165 0014 F6D1     		bne	.L11
  41:main.c        ****             if (strcasecmp(cmd, "on") == 0) {
 166              		.loc 1 41 0
 167 0016 019C     		ldr	r4, [sp, #4]
 168 0018 3349     		ldr	r1, .L25+4
 169 001a 2046     		mov	r0, r4
 170 001c FFF7FEFF 		bl	strcasecmp
 171              	.LVL20:
 172 0020 30B9     		cbnz	r0, .L12
  42:main.c        ****                 Pin_LED_Write(1);
 173              		.loc 1 42 0
 174 0022 0120     		movs	r0, #1
 175 0024 FFF7FEFF 		bl	Pin_LED_Write
 176              	.LVL21:
  43:main.c        ****                 UART_PutString("\r\nLED turned ON\r\n");
 177              		.loc 1 43 0
 178 0028 3048     		ldr	r0, .L25+8
 179 002a FFF7FEFF 		bl	UART_PutString
 180              	.LVL22:
 181 002e 55E0     		b	.L13
 182              	.L12:
ARM GAS  C:\Users\karthik\AppData\Local\Temp\cckOEOg9.s 			page 5


  44:main.c        ****             } else if (strcasecmp(cmd, "off") == 0) {
 183              		.loc 1 44 0
 184 0030 2F49     		ldr	r1, .L25+12
 185 0032 2046     		mov	r0, r4
 186 0034 FFF7FEFF 		bl	strcasecmp
 187              	.LVL23:
 188 0038 28B9     		cbnz	r0, .L14
  45:main.c        ****                 Pin_LED_Write(0);
 189              		.loc 1 45 0
 190 003a FFF7FEFF 		bl	Pin_LED_Write
 191              	.LVL24:
  46:main.c        ****                 UART_PutString("\r\nLED turned OFF\r\n");
 192              		.loc 1 46 0
 193 003e 2D48     		ldr	r0, .L25+16
 194 0040 FFF7FEFF 		bl	UART_PutString
 195              	.LVL25:
 196 0044 4AE0     		b	.L13
 197              	.L14:
  47:main.c        ****             } else if (strcasecmp(cmd, "status") == 0) {
 198              		.loc 1 47 0
 199 0046 2C49     		ldr	r1, .L25+20
 200 0048 2046     		mov	r0, r4
 201 004a FFF7FEFF 		bl	strcasecmp
 202              	.LVL26:
 203 004e 40B9     		cbnz	r0, .L15
  48:main.c        ****                 UART_PutString(Pin_LED_Read() ? "\r\nLED is ON\r\n" : "\r\nLED is OFF\r\n");
 204              		.loc 1 48 0
 205 0050 FFF7FEFF 		bl	Pin_LED_Read
 206              	.LVL27:
 207 0054 08B1     		cbz	r0, .L23
 208 0056 2948     		ldr	r0, .L25+24
 209 0058 00E0     		b	.L16
 210              	.L23:
 211 005a 2948     		ldr	r0, .L25+28
 212              	.L16:
 213              		.loc 1 48 0 is_stmt 0 discriminator 4
 214 005c FFF7FEFF 		bl	UART_PutString
 215              	.LVL28:
 216 0060 3CE0     		b	.L13
 217              	.L15:
  49:main.c        ****             } else if (strcasecmp(cmd, "blink") == 0) {
 218              		.loc 1 49 0 is_stmt 1
 219 0062 2849     		ldr	r1, .L25+32
 220 0064 2046     		mov	r0, r4
 221 0066 FFF7FEFF 		bl	strcasecmp
 222              	.LVL29:
 223 006a C8B9     		cbnz	r0, .L17
  50:main.c        ****                 UART_PutString("\r\nBlinking LED...\r\n");
 224              		.loc 1 50 0
 225 006c 2648     		ldr	r0, .L25+36
 226 006e FFF7FEFF 		bl	UART_PutString
 227              	.LVL30:
 228              	.LBB4:
  51:main.c        ****                 for (int i = 0; i < 3; i++) {
 229              		.loc 1 51 0
 230 0072 0024     		movs	r4, #0
 231 0074 0EE0     		b	.L18
ARM GAS  C:\Users\karthik\AppData\Local\Temp\cckOEOg9.s 			page 6


 232              	.LVL31:
 233              	.L19:
  52:main.c        ****                     Pin_LED_Write(1);
 234              		.loc 1 52 0 discriminator 3
 235 0076 0120     		movs	r0, #1
 236 0078 FFF7FEFF 		bl	Pin_LED_Write
 237              	.LVL32:
  53:main.c        ****                     vTaskDelay(pdMS_TO_TICKS(300));
 238              		.loc 1 53 0 discriminator 3
 239 007c 4FF49670 		mov	r0, #300
 240 0080 FFF7FEFF 		bl	vTaskDelay
 241              	.LVL33:
  54:main.c        ****                     Pin_LED_Write(0);
 242              		.loc 1 54 0 discriminator 3
 243 0084 0020     		movs	r0, #0
 244 0086 FFF7FEFF 		bl	Pin_LED_Write
 245              	.LVL34:
  55:main.c        ****                     vTaskDelay(pdMS_TO_TICKS(300));
 246              		.loc 1 55 0 discriminator 3
 247 008a 4FF49670 		mov	r0, #300
 248 008e FFF7FEFF 		bl	vTaskDelay
 249              	.LVL35:
  51:main.c        ****                     Pin_LED_Write(1);
 250              		.loc 1 51 0 discriminator 3
 251 0092 0134     		adds	r4, r4, #1
 252              	.LVL36:
 253              	.L18:
  51:main.c        ****                     Pin_LED_Write(1);
 254              		.loc 1 51 0 is_stmt 0 discriminator 1
 255 0094 022C     		cmp	r4, #2
 256 0096 EEDD     		ble	.L19
 257              	.LBE4:
  56:main.c        ****                 }
  57:main.c        ****                 UART_PutString("\r\nDone blinking\r\n");
 258              		.loc 1 57 0 is_stmt 1
 259 0098 1C48     		ldr	r0, .L25+40
 260 009a FFF7FEFF 		bl	UART_PutString
 261              	.LVL37:
 262 009e 1DE0     		b	.L13
 263              	.LVL38:
 264              	.L17:
  58:main.c        ****             } else if (strcasecmp(cmd, "sleep") == 0) {
 265              		.loc 1 58 0
 266 00a0 1B49     		ldr	r1, .L25+44
 267 00a2 2046     		mov	r0, r4
 268 00a4 FFF7FEFF 		bl	strcasecmp
 269              	.LVL39:
 270 00a8 60B9     		cbnz	r0, .L20
  59:main.c        ****                 Pin_LED_Write(0);
 271              		.loc 1 59 0
 272 00aa FFF7FEFF 		bl	Pin_LED_Write
 273              	.LVL40:
  60:main.c        ****                 UART_PutString("\r\nSleeping for 5 seconds...\r\n");
 274              		.loc 1 60 0
 275 00ae 1948     		ldr	r0, .L25+48
 276 00b0 FFF7FEFF 		bl	UART_PutString
 277              	.LVL41:
ARM GAS  C:\Users\karthik\AppData\Local\Temp\cckOEOg9.s 			page 7


  61:main.c        ****                 vTaskDelay(pdMS_TO_TICKS(5000));
 278              		.loc 1 61 0
 279 00b4 41F28830 		movw	r0, #5000
 280 00b8 FFF7FEFF 		bl	vTaskDelay
 281              	.LVL42:
  62:main.c        ****                 UART_PutString("\r\nWoke up from sleep\r\n");
 282              		.loc 1 62 0
 283 00bc 1648     		ldr	r0, .L25+52
 284 00be FFF7FEFF 		bl	UART_PutString
 285              	.LVL43:
 286 00c2 0BE0     		b	.L13
 287              	.L20:
  63:main.c        ****             } else if (strcasecmp(cmd, "help") == 0) {
 288              		.loc 1 63 0
 289 00c4 1549     		ldr	r1, .L25+56
 290 00c6 2046     		mov	r0, r4
 291 00c8 FFF7FEFF 		bl	strcasecmp
 292              	.LVL44:
 293 00cc 18B9     		cbnz	r0, .L21
  64:main.c        ****                 UART_PutString(
 294              		.loc 1 64 0
 295 00ce 1448     		ldr	r0, .L25+60
 296 00d0 FFF7FEFF 		bl	UART_PutString
 297              	.LVL45:
 298 00d4 02E0     		b	.L13
 299              	.L21:
  65:main.c        ****                     "\r\nAvailable Commands:\r\n"
  66:main.c        ****                     "on     - Turn LED ON\r\n"
  67:main.c        ****                     "off    - Turn LED OFF\r\n"
  68:main.c        ****                     "status - Show LED state\r\n"
  69:main.c        ****                     "blink  - Blink LED 3 times\r\n"
  70:main.c        ****                     "sleep  - Pause for 5 seconds\r\n"
  71:main.c        ****                     "help   - Show this help message\r\n"
  72:main.c        ****                 );
  73:main.c        ****             } else {
  74:main.c        ****                 UART_PutString("\r\nInvalid command\r\n");
 300              		.loc 1 74 0
 301 00d6 1348     		ldr	r0, .L25+64
 302 00d8 FFF7FEFF 		bl	UART_PutString
 303              	.LVL46:
 304              	.L13:
  75:main.c        ****             }
  76:main.c        ****             vPortFree(cmd);
 305              		.loc 1 76 0
 306 00dc 0198     		ldr	r0, [sp, #4]
 307 00de FFF7FEFF 		bl	vPortFree
 308              	.LVL47:
 309 00e2 8FE7     		b	.L11
 310              	.L26:
 311              		.align	2
 312              	.L25:
 313 00e4 00000000 		.word	cmd_queue
 314 00e8 28000000 		.word	.LC3
 315 00ec 2C000000 		.word	.LC4
 316 00f0 40000000 		.word	.LC5
 317 00f4 44000000 		.word	.LC6
 318 00f8 58000000 		.word	.LC7
ARM GAS  C:\Users\karthik\AppData\Local\Temp\cckOEOg9.s 			page 8


 319 00fc 08000000 		.word	.LC1
 320 0100 18000000 		.word	.LC2
 321 0104 60000000 		.word	.LC8
 322 0108 68000000 		.word	.LC9
 323 010c 7C000000 		.word	.LC10
 324 0110 90000000 		.word	.LC11
 325 0114 98000000 		.word	.LC12
 326 0118 B8000000 		.word	.LC13
 327 011c D0000000 		.word	.LC14
 328 0120 D8000000 		.word	.LC15
 329 0124 94010000 		.word	.LC16
 330              		.cfi_endproc
 331              	.LFE70:
 332              		.size	led_task, .-led_task
 333              		.section	.text.main,"ax",%progbits
 334              		.align	2
 335              		.global	main
 336              		.thumb
 337              		.thumb_func
 338              		.type	main, %function
 339              	main:
 340              	.LFB71:
  77:main.c        ****         }
  78:main.c        ****     }
  79:main.c        **** }
  80:main.c        **** 
  81:main.c        **** int main(void) {
 341              		.loc 1 81 0
 342              		.cfi_startproc
 343              		@ Volatile: function does not return.
 344              		@ args = 0, pretend = 0, frame = 0
 345              		@ frame_needed = 0, uses_anonymous_args = 0
 346 0000 00B5     		push	{lr}
 347              		.cfi_def_cfa_offset 4
 348              		.cfi_offset 14, -4
 349 0002 83B0     		sub	sp, sp, #12
 350              		.cfi_def_cfa_offset 16
  82:main.c        ****     CyGlobalIntEnable;
 351              		.loc 1 82 0
 352              		.syntax unified
 353              	@ 82 "main.c" 1
 354 0004 62B6     		CPSIE   i
 355              	@ 0 "" 2
  83:main.c        ****     FreeRTOS_Start();
 356              		.loc 1 83 0
 357              		.thumb
 358              		.syntax unified
 359 0006 FFF7FEFF 		bl	FreeRTOS_Start
 360              	.LVL48:
  84:main.c        ****     UART_Start();
 361              		.loc 1 84 0
 362 000a FFF7FEFF 		bl	UART_Start
 363              	.LVL49:
  85:main.c        ****     UART_ClearTxBuffer();
 364              		.loc 1 85 0
 365 000e FFF7FEFF 		bl	UART_ClearTxBuffer
 366              	.LVL50:
ARM GAS  C:\Users\karthik\AppData\Local\Temp\cckOEOg9.s 			page 9


  86:main.c        ****     cmd_queue = xQueueCreate(5, sizeof(char *));
 367              		.loc 1 86 0
 368 0012 0022     		movs	r2, #0
 369 0014 0421     		movs	r1, #4
 370 0016 0520     		movs	r0, #5
 371 0018 FFF7FEFF 		bl	xQueueGenericCreate
 372              	.LVL51:
 373 001c 104C     		ldr	r4, .L32
 374 001e 2060     		str	r0, [r4]
  87:main.c        ****     UART_PutString("Enter on/off/status/blink/sleep/help to control the LED\r\n> ");
 375              		.loc 1 87 0
 376 0020 1048     		ldr	r0, .L32+4
 377 0022 FFF7FEFF 		bl	UART_PutString
 378              	.LVL52:
  88:main.c        ****     if(cmd_queue == NULL) {
 379              		.loc 1 88 0
 380 0026 2368     		ldr	r3, [r4]
 381 0028 1BB9     		cbnz	r3, .L28
  89:main.c        ****         UART_PutString("Failed to create queue\r\n");
 382              		.loc 1 89 0
 383 002a 0F48     		ldr	r0, .L32+8
 384 002c FFF7FEFF 		bl	UART_PutString
 385              	.LVL53:
 386              	.L29:
 387 0030 FEE7     		b	.L29
 388              	.L28:
  90:main.c        ****         while(1);
  91:main.c        ****     }
  92:main.c        ****     xTaskCreate(uart_input_task, "UART Task", 200, NULL, 3, NULL);
 389              		.loc 1 92 0
 390 0032 0024     		movs	r4, #0
 391 0034 0194     		str	r4, [sp, #4]
 392 0036 0323     		movs	r3, #3
 393 0038 0093     		str	r3, [sp]
 394 003a 2346     		mov	r3, r4
 395 003c C822     		movs	r2, #200
 396 003e 0B49     		ldr	r1, .L32+12
 397 0040 0B48     		ldr	r0, .L32+16
 398 0042 FFF7FEFF 		bl	xTaskCreate
 399              	.LVL54:
  93:main.c        ****     xTaskCreate(led_task, "LED Task", 200, NULL, 2, NULL);
 400              		.loc 1 93 0
 401 0046 0194     		str	r4, [sp, #4]
 402 0048 0223     		movs	r3, #2
 403 004a 0093     		str	r3, [sp]
 404 004c 2346     		mov	r3, r4
 405 004e C822     		movs	r2, #200
 406 0050 0849     		ldr	r1, .L32+20
 407 0052 0948     		ldr	r0, .L32+24
 408 0054 FFF7FEFF 		bl	xTaskCreate
 409              	.LVL55:
  94:main.c        ****     vTaskStartScheduler();
 410              		.loc 1 94 0
 411 0058 FFF7FEFF 		bl	vTaskStartScheduler
 412              	.LVL56:
 413              	.L30:
 414 005c FEE7     		b	.L30
ARM GAS  C:\Users\karthik\AppData\Local\Temp\cckOEOg9.s 			page 10


 415              	.L33:
 416 005e 00BF     		.align	2
 417              	.L32:
 418 0060 00000000 		.word	cmd_queue
 419 0064 A8010000 		.word	.LC17
 420 0068 E4010000 		.word	.LC18
 421 006c 00020000 		.word	.LC19
 422 0070 00000000 		.word	uart_input_task
 423 0074 0C020000 		.word	.LC20
 424 0078 00000000 		.word	led_task
 425              		.cfi_endproc
 426              	.LFE71:
 427              		.size	main, .-main
 428              		.comm	cmd_queue,4,4
 429              		.section	.rodata.str1.4,"aMS",%progbits,1
 430              		.align	2
 431              	.LC0:
 432 0000 0D0A3E20 		.ascii	"\015\012> \000"
 432      00
 433 0005 000000   		.space	3
 434              	.LC1:
 435 0008 0D0A4C45 		.ascii	"\015\012LED is ON\015\012\000"
 435      44206973 
 435      204F4E0D 
 435      0A00
 436 0016 0000     		.space	2
 437              	.LC2:
 438 0018 0D0A4C45 		.ascii	"\015\012LED is OFF\015\012\000"
 438      44206973 
 438      204F4646 
 438      0D0A00
 439 0027 00       		.space	1
 440              	.LC3:
 441 0028 6F6E00   		.ascii	"on\000"
 442 002b 00       		.space	1
 443              	.LC4:
 444 002c 0D0A4C45 		.ascii	"\015\012LED turned ON\015\012\000"
 444      44207475 
 444      726E6564 
 444      204F4E0D 
 444      0A00
 445 003e 0000     		.space	2
 446              	.LC5:
 447 0040 6F666600 		.ascii	"off\000"
 448              	.LC6:
 449 0044 0D0A4C45 		.ascii	"\015\012LED turned OFF\015\012\000"
 449      44207475 
 449      726E6564 
 449      204F4646 
 449      0D0A00
 450 0057 00       		.space	1
 451              	.LC7:
 452 0058 73746174 		.ascii	"status\000"
 452      757300
 453 005f 00       		.space	1
 454              	.LC8:
 455 0060 626C696E 		.ascii	"blink\000"
ARM GAS  C:\Users\karthik\AppData\Local\Temp\cckOEOg9.s 			page 11


 455      6B00
 456 0066 0000     		.space	2
 457              	.LC9:
 458 0068 0D0A426C 		.ascii	"\015\012Blinking LED...\015\012\000"
 458      696E6B69 
 458      6E67204C 
 458      45442E2E 
 458      2E0D0A00 
 459              	.LC10:
 460 007c 0D0A446F 		.ascii	"\015\012Done blinking\015\012\000"
 460      6E652062 
 460      6C696E6B 
 460      696E670D 
 460      0A00
 461 008e 0000     		.space	2
 462              	.LC11:
 463 0090 736C6565 		.ascii	"sleep\000"
 463      7000
 464 0096 0000     		.space	2
 465              	.LC12:
 466 0098 0D0A536C 		.ascii	"\015\012Sleeping for 5 seconds...\015\012\000"
 466      65657069 
 466      6E672066 
 466      6F722035 
 466      20736563 
 467 00b6 0000     		.space	2
 468              	.LC13:
 469 00b8 0D0A576F 		.ascii	"\015\012Woke up from sleep\015\012\000"
 469      6B652075 
 469      70206672 
 469      6F6D2073 
 469      6C656570 
 470 00cf 00       		.space	1
 471              	.LC14:
 472 00d0 68656C70 		.ascii	"help\000"
 472      00
 473 00d5 000000   		.space	3
 474              	.LC15:
 475 00d8 0D0A4176 		.ascii	"\015\012Available Commands:\015\012on     - Turn LE"
 475      61696C61 
 475      626C6520 
 475      436F6D6D 
 475      616E6473 
 476 00ff 44204F4E 		.ascii	"D ON\015\012off    - Turn LED OFF\015\012status - S"
 476      0D0A6F66 
 476      66202020 
 476      202D2054 
 476      75726E20 
 477 0126 686F7720 		.ascii	"how LED state\015\012blink  - Blink LED 3 times\015"
 477      4C454420 
 477      73746174 
 477      650D0A62 
 477      6C696E6B 
 478 0150 0A736C65 		.ascii	"\012sleep  - Pause for 5 seconds\015\012help   - Sh"
 478      65702020 
 478      2D205061 
 478      75736520 
ARM GAS  C:\Users\karthik\AppData\Local\Temp\cckOEOg9.s 			page 12


 478      666F7220 
 479 017a 6F772074 		.ascii	"ow this help message\015\012\000"
 479      68697320 
 479      68656C70 
 479      206D6573 
 479      73616765 
 480 0191 000000   		.space	3
 481              	.LC16:
 482 0194 0D0A496E 		.ascii	"\015\012Invalid command\015\012\000"
 482      76616C69 
 482      6420636F 
 482      6D6D616E 
 482      640D0A00 
 483              	.LC17:
 484 01a8 456E7465 		.ascii	"Enter on/off/status/blink/sleep/help to control the"
 484      72206F6E 
 484      2F6F6666 
 484      2F737461 
 484      7475732F 
 485 01db 204C4544 		.ascii	" LED\015\012> \000"
 485      0D0A3E20 
 485      00
 486              	.LC18:
 487 01e4 4661696C 		.ascii	"Failed to create queue\015\012\000"
 487      65642074 
 487      6F206372 
 487      65617465 
 487      20717565 
 488 01fd 000000   		.space	3
 489              	.LC19:
 490 0200 55415254 		.ascii	"UART Task\000"
 490      20546173 
 490      6B00
 491 020a 0000     		.space	2
 492              	.LC20:
 493 020c 4C454420 		.ascii	"LED Task\000"
 493      5461736B 
 493      00
 494              		.text
 495              	.Letext0:
 496              		.file 2 "c:\\program files (x86)\\cypress\\psoc creator\\4.4\\psoc creator\\import\\gnu\\arm\\5.4.
 497              		.file 3 "c:\\program files (x86)\\cypress\\psoc creator\\4.4\\psoc creator\\import\\gnu\\arm\\5.4.
 498              		.file 4 "..\\FreeRTOS\\Source\\portable\\GCC\\ARM_CM3/portmacro.h"
 499              		.file 5 "..\\FreeRTOS\\Source\\include/queue.h"
 500              		.file 6 "Generated_Source\\PSoC5/core_cm3.h"
 501              		.file 7 "c:\\program files (x86)\\cypress\\psoc creator\\4.4\\psoc creator\\import\\gnu\\arm\\5.4.
 502              		.file 8 "..\\FreeRTOS\\Source\\include/portable.h"
 503              		.file 9 "Generated_Source\\PSoC5/UART.h"
 504              		.file 10 "..\\FreeRTOS\\Source\\include/task.h"
 505              		.file 11 "Generated_Source\\PSoC5/Pin_LED.h"
 506              		.section	.debug_info,"",%progbits
 507              	.Ldebug_info0:
 508 0000 6E060000 		.4byte	0x66e
 509 0004 0400     		.2byte	0x4
 510 0006 00000000 		.4byte	.Ldebug_abbrev0
 511 000a 04       		.byte	0x4
 512 000b 01       		.uleb128 0x1
ARM GAS  C:\Users\karthik\AppData\Local\Temp\cckOEOg9.s 			page 13


 513 000c A2000000 		.4byte	.LASF48
 514 0010 0C       		.byte	0xc
 515 0011 47020000 		.4byte	.LASF49
 516 0015 8C020000 		.4byte	.LASF50
 517 0019 00000000 		.4byte	.Ldebug_ranges0+0
 518 001d 00000000 		.4byte	0
 519 0021 00000000 		.4byte	.Ldebug_line0
 520 0025 02       		.uleb128 0x2
 521 0026 01       		.byte	0x1
 522 0027 06       		.byte	0x6
 523 0028 F3020000 		.4byte	.LASF0
 524 002c 03       		.uleb128 0x3
 525 002d 00000000 		.4byte	.LASF4
 526 0031 02       		.byte	0x2
 527 0032 1D       		.byte	0x1d
 528 0033 37000000 		.4byte	0x37
 529 0037 02       		.uleb128 0x2
 530 0038 01       		.byte	0x1
 531 0039 08       		.byte	0x8
 532 003a 6C010000 		.4byte	.LASF1
 533 003e 02       		.uleb128 0x2
 534 003f 02       		.byte	0x2
 535 0040 05       		.byte	0x5
 536 0041 98010000 		.4byte	.LASF2
 537 0045 02       		.uleb128 0x2
 538 0046 02       		.byte	0x2
 539 0047 07       		.byte	0x7
 540 0048 1F000000 		.4byte	.LASF3
 541 004c 03       		.uleb128 0x3
 542 004d 15000000 		.4byte	.LASF5
 543 0051 02       		.byte	0x2
 544 0052 3F       		.byte	0x3f
 545 0053 57000000 		.4byte	0x57
 546 0057 02       		.uleb128 0x2
 547 0058 04       		.byte	0x4
 548 0059 05       		.byte	0x5
 549 005a D3020000 		.4byte	.LASF6
 550 005e 03       		.uleb128 0x3
 551 005f 30010000 		.4byte	.LASF7
 552 0063 02       		.byte	0x2
 553 0064 41       		.byte	0x41
 554 0065 69000000 		.4byte	0x69
 555 0069 02       		.uleb128 0x2
 556 006a 04       		.byte	0x4
 557 006b 07       		.byte	0x7
 558 006c 42010000 		.4byte	.LASF8
 559 0070 02       		.uleb128 0x2
 560 0071 08       		.byte	0x8
 561 0072 05       		.byte	0x5
 562 0073 39020000 		.4byte	.LASF9
 563 0077 02       		.uleb128 0x2
 564 0078 08       		.byte	0x8
 565 0079 07       		.byte	0x7
 566 007a DB010000 		.4byte	.LASF10
 567 007e 04       		.uleb128 0x4
 568 007f 04       		.byte	0x4
 569 0080 05       		.byte	0x5
ARM GAS  C:\Users\karthik\AppData\Local\Temp\cckOEOg9.s 			page 14


 570 0081 696E7400 		.ascii	"int\000"
 571 0085 02       		.uleb128 0x2
 572 0086 04       		.byte	0x4
 573 0087 07       		.byte	0x7
 574 0088 54000000 		.4byte	.LASF11
 575 008c 02       		.uleb128 0x2
 576 008d 08       		.byte	0x8
 577 008e 04       		.byte	0x4
 578 008f E7020000 		.4byte	.LASF12
 579 0093 05       		.uleb128 0x5
 580 0094 04       		.byte	0x4
 581 0095 02       		.uleb128 0x2
 582 0096 04       		.byte	0x4
 583 0097 07       		.byte	0x7
 584 0098 30020000 		.4byte	.LASF13
 585 009c 06       		.uleb128 0x6
 586 009d 04       		.byte	0x4
 587 009e A2000000 		.4byte	0xa2
 588 00a2 02       		.uleb128 0x2
 589 00a3 01       		.byte	0x1
 590 00a4 08       		.byte	0x8
 591 00a5 4E020000 		.4byte	.LASF14
 592 00a9 03       		.uleb128 0x3
 593 00aa F2010000 		.4byte	.LASF15
 594 00ae 03       		.byte	0x3
 595 00af 18       		.byte	0x18
 596 00b0 2C000000 		.4byte	0x2c
 597 00b4 03       		.uleb128 0x3
 598 00b5 1B020000 		.4byte	.LASF16
 599 00b9 03       		.byte	0x3
 600 00ba 2C       		.byte	0x2c
 601 00bb 4C000000 		.4byte	0x4c
 602 00bf 03       		.uleb128 0x3
 603 00c0 CA020000 		.4byte	.LASF17
 604 00c4 03       		.byte	0x3
 605 00c5 30       		.byte	0x30
 606 00c6 5E000000 		.4byte	0x5e
 607 00ca 02       		.uleb128 0x2
 608 00cb 04       		.byte	0x4
 609 00cc 04       		.byte	0x4
 610 00cd 7F000000 		.4byte	.LASF18
 611 00d1 02       		.uleb128 0x2
 612 00d2 08       		.byte	0x8
 613 00d3 04       		.byte	0x4
 614 00d4 FF020000 		.4byte	.LASF19
 615 00d8 03       		.uleb128 0x3
 616 00d9 15030000 		.4byte	.LASF20
 617 00dd 04       		.byte	0x4
 618 00de 38       		.byte	0x38
 619 00df 57000000 		.4byte	0x57
 620 00e3 03       		.uleb128 0x3
 621 00e4 0A000000 		.4byte	.LASF21
 622 00e8 04       		.byte	0x4
 623 00e9 3F       		.byte	0x3f
 624 00ea BF000000 		.4byte	0xbf
 625 00ee 03       		.uleb128 0x3
 626 00ef 32000000 		.4byte	.LASF22
ARM GAS  C:\Users\karthik\AppData\Local\Temp\cckOEOg9.s 			page 15


 627 00f3 05       		.byte	0x5
 628 00f4 30       		.byte	0x30
 629 00f5 F9000000 		.4byte	0xf9
 630 00f9 06       		.uleb128 0x6
 631 00fa 04       		.byte	0x4
 632 00fb FF000000 		.4byte	0xff
 633 00ff 07       		.uleb128 0x7
 634 0100 AD010000 		.4byte	.LASF51
 635 0104 08       		.uleb128 0x8
 636 0105 6F000000 		.4byte	.LASF25
 637 0109 01       		.byte	0x1
 638 010a 0D       		.byte	0xd
 639 010b 00000000 		.4byte	.LFB69
 640 010f 7C000000 		.4byte	.LFE69-.LFB69
 641 0113 01       		.uleb128 0x1
 642 0114 9C       		.byte	0x9c
 643 0115 FE010000 		.4byte	0x1fe
 644 0119 09       		.uleb128 0x9
 645 011a 70747200 		.ascii	"ptr\000"
 646 011e 01       		.byte	0x1
 647 011f 0D       		.byte	0xd
 648 0120 93000000 		.4byte	0x93
 649 0124 00000000 		.4byte	.LLST0
 650 0128 0A       		.uleb128 0xa
 651 0129 85020000 		.4byte	.LASF23
 652 012d 01       		.byte	0x1
 653 012e 0E       		.byte	0xe
 654 012f FE010000 		.4byte	0x1fe
 655 0133 02       		.uleb128 0x2
 656 0134 91       		.byte	0x91
 657 0135 5C       		.sleb128 -36
 658 0136 0B       		.uleb128 0xb
 659 0137 53020000 		.4byte	.LASF24
 660 013b 01       		.byte	0x1
 661 013c 0F       		.byte	0xf
 662 013d A9000000 		.4byte	0xa9
 663 0141 21000000 		.4byte	.LLST1
 664 0145 0C       		.uleb128 0xc
 665 0146 06000000 		.4byte	.LBB2
 666 014a 6A000000 		.4byte	.LBE2-.LBB2
 667 014e 0D       		.uleb128 0xd
 668 014f 636800   		.ascii	"ch\000"
 669 0152 01       		.byte	0x1
 670 0153 11       		.byte	0x11
 671 0154 A2000000 		.4byte	0xa2
 672 0158 6D000000 		.4byte	.LLST2
 673 015c 0E       		.uleb128 0xe
 674 015d 1A000000 		.4byte	.LBB3
 675 0161 38000000 		.4byte	.LBE3-.LBB3
 676 0165 DB010000 		.4byte	0x1db
 677 0169 0F       		.uleb128 0xf
 678 016a 636D6400 		.ascii	"cmd\000"
 679 016e 01       		.byte	0x1
 680 016f 16       		.byte	0x16
 681 0170 9C000000 		.4byte	0x9c
 682 0174 02       		.uleb128 0x2
 683 0175 91       		.byte	0x91
ARM GAS  C:\Users\karthik\AppData\Local\Temp\cckOEOg9.s 			page 16


 684 0176 58       		.sleb128 -40
 685 0177 10       		.uleb128 0x10
 686 0178 2A000000 		.4byte	.LVL7
 687 017c 9A050000 		.4byte	0x59a
 688 0180 8B010000 		.4byte	0x18b
 689 0184 11       		.uleb128 0x11
 690 0185 01       		.uleb128 0x1
 691 0186 50       		.byte	0x50
 692 0187 02       		.uleb128 0x2
 693 0188 91       		.byte	0x91
 694 0189 5C       		.sleb128 -36
 695 018a 00       		.byte	0
 696 018b 12       		.uleb128 0x12
 697 018c 30000000 		.4byte	.LVL8
 698 0190 A5050000 		.4byte	0x5a5
 699 0194 10       		.uleb128 0x10
 700 0195 3A000000 		.4byte	.LVL9
 701 0199 B0050000 		.4byte	0x5b0
 702 019d A8010000 		.4byte	0x1a8
 703 01a1 11       		.uleb128 0x11
 704 01a2 01       		.uleb128 0x1
 705 01a3 51       		.byte	0x51
 706 01a4 02       		.uleb128 0x2
 707 01a5 91       		.byte	0x91
 708 01a6 5C       		.sleb128 -36
 709 01a7 00       		.byte	0
 710 01a8 10       		.uleb128 0x10
 711 01a9 4A000000 		.4byte	.LVL10
 712 01ad BB050000 		.4byte	0x5bb
 713 01b1 C7010000 		.4byte	0x1c7
 714 01b5 11       		.uleb128 0x11
 715 01b6 01       		.uleb128 0x1
 716 01b7 51       		.byte	0x51
 717 01b8 02       		.uleb128 0x2
 718 01b9 7D       		.byte	0x7d
 719 01ba 00       		.sleb128 0
 720 01bb 11       		.uleb128 0x11
 721 01bc 01       		.uleb128 0x1
 722 01bd 52       		.byte	0x52
 723 01be 02       		.uleb128 0x2
 724 01bf 09       		.byte	0x9
 725 01c0 FF       		.byte	0xff
 726 01c1 11       		.uleb128 0x11
 727 01c2 01       		.uleb128 0x1
 728 01c3 53       		.byte	0x53
 729 01c4 01       		.uleb128 0x1
 730 01c5 30       		.byte	0x30
 731 01c6 00       		.byte	0
 732 01c7 13       		.uleb128 0x13
 733 01c8 50000000 		.4byte	.LVL11
 734 01cc C7050000 		.4byte	0x5c7
 735 01d0 11       		.uleb128 0x11
 736 01d1 01       		.uleb128 0x1
 737 01d2 50       		.byte	0x50
 738 01d3 05       		.uleb128 0x5
 739 01d4 03       		.byte	0x3
 740 01d5 00000000 		.4byte	.LC0
ARM GAS  C:\Users\karthik\AppData\Local\Temp\cckOEOg9.s 			page 17


 741 01d9 00       		.byte	0
 742 01da 00       		.byte	0
 743 01db 12       		.uleb128 0x12
 744 01dc 0A000000 		.4byte	.LVL3
 745 01e0 D2050000 		.4byte	0x5d2
 746 01e4 12       		.uleb128 0x12
 747 01e5 68000000 		.4byte	.LVL14
 748 01e9 DD050000 		.4byte	0x5dd
 749 01ed 13       		.uleb128 0x13
 750 01ee 70000000 		.4byte	.LVL16
 751 01f2 E8050000 		.4byte	0x5e8
 752 01f6 11       		.uleb128 0x11
 753 01f7 01       		.uleb128 0x1
 754 01f8 50       		.byte	0x50
 755 01f9 01       		.uleb128 0x1
 756 01fa 3A       		.byte	0x3a
 757 01fb 00       		.byte	0
 758 01fc 00       		.byte	0
 759 01fd 00       		.byte	0
 760 01fe 14       		.uleb128 0x14
 761 01ff A2000000 		.4byte	0xa2
 762 0203 0E020000 		.4byte	0x20e
 763 0207 15       		.uleb128 0x15
 764 0208 95000000 		.4byte	0x95
 765 020c 13       		.byte	0x13
 766 020d 00       		.byte	0
 767 020e 08       		.uleb128 0x8
 768 020f D2010000 		.4byte	.LASF26
 769 0213 01       		.byte	0x1
 770 0214 25       		.byte	0x25
 771 0215 00000000 		.4byte	.LFB70
 772 0219 28010000 		.4byte	.LFE70-.LFB70
 773 021d 01       		.uleb128 0x1
 774 021e 9C       		.byte	0x9c
 775 021f 7D040000 		.4byte	0x47d
 776 0223 09       		.uleb128 0x9
 777 0224 70747200 		.ascii	"ptr\000"
 778 0228 01       		.byte	0x1
 779 0229 25       		.byte	0x25
 780 022a 93000000 		.4byte	0x93
 781 022e 8B000000 		.4byte	.LLST3
 782 0232 0F       		.uleb128 0xf
 783 0233 636D6400 		.ascii	"cmd\000"
 784 0237 01       		.byte	0x1
 785 0238 26       		.byte	0x26
 786 0239 9C000000 		.4byte	0x9c
 787 023d 02       		.uleb128 0x2
 788 023e 91       		.byte	0x91
 789 023f 74       		.sleb128 -12
 790 0240 0E       		.uleb128 0xe
 791 0241 72000000 		.4byte	.LBB4
 792 0245 26000000 		.4byte	.LBE4-.LBB4
 793 0249 A7020000 		.4byte	0x2a7
 794 024d 0D       		.uleb128 0xd
 795 024e 6900     		.ascii	"i\000"
 796 0250 01       		.byte	0x1
 797 0251 33       		.byte	0x33
ARM GAS  C:\Users\karthik\AppData\Local\Temp\cckOEOg9.s 			page 18


 798 0252 7E000000 		.4byte	0x7e
 799 0256 AC000000 		.4byte	.LLST4
 800 025a 10       		.uleb128 0x10
 801 025b 7C000000 		.4byte	.LVL32
 802 025f F4050000 		.4byte	0x5f4
 803 0263 6D020000 		.4byte	0x26d
 804 0267 11       		.uleb128 0x11
 805 0268 01       		.uleb128 0x1
 806 0269 50       		.byte	0x50
 807 026a 01       		.uleb128 0x1
 808 026b 31       		.byte	0x31
 809 026c 00       		.byte	0
 810 026d 10       		.uleb128 0x10
 811 026e 84000000 		.4byte	.LVL33
 812 0272 E8050000 		.4byte	0x5e8
 813 0276 82020000 		.4byte	0x282
 814 027a 11       		.uleb128 0x11
 815 027b 01       		.uleb128 0x1
 816 027c 50       		.byte	0x50
 817 027d 03       		.uleb128 0x3
 818 027e 0A       		.byte	0xa
 819 027f 2C01     		.2byte	0x12c
 820 0281 00       		.byte	0
 821 0282 10       		.uleb128 0x10
 822 0283 8A000000 		.4byte	.LVL34
 823 0287 F4050000 		.4byte	0x5f4
 824 028b 95020000 		.4byte	0x295
 825 028f 11       		.uleb128 0x11
 826 0290 01       		.uleb128 0x1
 827 0291 50       		.byte	0x50
 828 0292 01       		.uleb128 0x1
 829 0293 30       		.byte	0x30
 830 0294 00       		.byte	0
 831 0295 13       		.uleb128 0x13
 832 0296 92000000 		.4byte	.LVL35
 833 029a E8050000 		.4byte	0x5e8
 834 029e 11       		.uleb128 0x11
 835 029f 01       		.uleb128 0x1
 836 02a0 50       		.byte	0x50
 837 02a1 03       		.uleb128 0x3
 838 02a2 0A       		.byte	0xa
 839 02a3 2C01     		.2byte	0x12c
 840 02a5 00       		.byte	0
 841 02a6 00       		.byte	0
 842 02a7 10       		.uleb128 0x10
 843 02a8 12000000 		.4byte	.LVL19
 844 02ac FF050000 		.4byte	0x5ff
 845 02b0 C1020000 		.4byte	0x2c1
 846 02b4 11       		.uleb128 0x11
 847 02b5 01       		.uleb128 0x1
 848 02b6 51       		.byte	0x51
 849 02b7 02       		.uleb128 0x2
 850 02b8 91       		.byte	0x91
 851 02b9 74       		.sleb128 -12
 852 02ba 11       		.uleb128 0x11
 853 02bb 01       		.uleb128 0x1
 854 02bc 52       		.byte	0x52
ARM GAS  C:\Users\karthik\AppData\Local\Temp\cckOEOg9.s 			page 19


 855 02bd 02       		.uleb128 0x2
 856 02be 09       		.byte	0x9
 857 02bf FF       		.byte	0xff
 858 02c0 00       		.byte	0
 859 02c1 10       		.uleb128 0x10
 860 02c2 20000000 		.4byte	.LVL20
 861 02c6 0B060000 		.4byte	0x60b
 862 02ca DE020000 		.4byte	0x2de
 863 02ce 11       		.uleb128 0x11
 864 02cf 01       		.uleb128 0x1
 865 02d0 50       		.byte	0x50
 866 02d1 02       		.uleb128 0x2
 867 02d2 74       		.byte	0x74
 868 02d3 00       		.sleb128 0
 869 02d4 11       		.uleb128 0x11
 870 02d5 01       		.uleb128 0x1
 871 02d6 51       		.byte	0x51
 872 02d7 05       		.uleb128 0x5
 873 02d8 03       		.byte	0x3
 874 02d9 28000000 		.4byte	.LC3
 875 02dd 00       		.byte	0
 876 02de 10       		.uleb128 0x10
 877 02df 28000000 		.4byte	.LVL21
 878 02e3 F4050000 		.4byte	0x5f4
 879 02e7 F1020000 		.4byte	0x2f1
 880 02eb 11       		.uleb128 0x11
 881 02ec 01       		.uleb128 0x1
 882 02ed 50       		.byte	0x50
 883 02ee 01       		.uleb128 0x1
 884 02ef 31       		.byte	0x31
 885 02f0 00       		.byte	0
 886 02f1 10       		.uleb128 0x10
 887 02f2 2E000000 		.4byte	.LVL22
 888 02f6 C7050000 		.4byte	0x5c7
 889 02fa 08030000 		.4byte	0x308
 890 02fe 11       		.uleb128 0x11
 891 02ff 01       		.uleb128 0x1
 892 0300 50       		.byte	0x50
 893 0301 05       		.uleb128 0x5
 894 0302 03       		.byte	0x3
 895 0303 2C000000 		.4byte	.LC4
 896 0307 00       		.byte	0
 897 0308 10       		.uleb128 0x10
 898 0309 38000000 		.4byte	.LVL23
 899 030d 0B060000 		.4byte	0x60b
 900 0311 25030000 		.4byte	0x325
 901 0315 11       		.uleb128 0x11
 902 0316 01       		.uleb128 0x1
 903 0317 50       		.byte	0x50
 904 0318 02       		.uleb128 0x2
 905 0319 74       		.byte	0x74
 906 031a 00       		.sleb128 0
 907 031b 11       		.uleb128 0x11
 908 031c 01       		.uleb128 0x1
 909 031d 51       		.byte	0x51
 910 031e 05       		.uleb128 0x5
 911 031f 03       		.byte	0x3
ARM GAS  C:\Users\karthik\AppData\Local\Temp\cckOEOg9.s 			page 20


 912 0320 40000000 		.4byte	.LC5
 913 0324 00       		.byte	0
 914 0325 12       		.uleb128 0x12
 915 0326 3E000000 		.4byte	.LVL24
 916 032a F4050000 		.4byte	0x5f4
 917 032e 10       		.uleb128 0x10
 918 032f 44000000 		.4byte	.LVL25
 919 0333 C7050000 		.4byte	0x5c7
 920 0337 45030000 		.4byte	0x345
 921 033b 11       		.uleb128 0x11
 922 033c 01       		.uleb128 0x1
 923 033d 50       		.byte	0x50
 924 033e 05       		.uleb128 0x5
 925 033f 03       		.byte	0x3
 926 0340 44000000 		.4byte	.LC6
 927 0344 00       		.byte	0
 928 0345 10       		.uleb128 0x10
 929 0346 4E000000 		.4byte	.LVL26
 930 034a 0B060000 		.4byte	0x60b
 931 034e 62030000 		.4byte	0x362
 932 0352 11       		.uleb128 0x11
 933 0353 01       		.uleb128 0x1
 934 0354 50       		.byte	0x50
 935 0355 02       		.uleb128 0x2
 936 0356 74       		.byte	0x74
 937 0357 00       		.sleb128 0
 938 0358 11       		.uleb128 0x11
 939 0359 01       		.uleb128 0x1
 940 035a 51       		.byte	0x51
 941 035b 05       		.uleb128 0x5
 942 035c 03       		.byte	0x3
 943 035d 58000000 		.4byte	.LC7
 944 0361 00       		.byte	0
 945 0362 12       		.uleb128 0x12
 946 0363 54000000 		.4byte	.LVL27
 947 0367 16060000 		.4byte	0x616
 948 036b 12       		.uleb128 0x12
 949 036c 60000000 		.4byte	.LVL28
 950 0370 C7050000 		.4byte	0x5c7
 951 0374 10       		.uleb128 0x10
 952 0375 6A000000 		.4byte	.LVL29
 953 0379 0B060000 		.4byte	0x60b
 954 037d 91030000 		.4byte	0x391
 955 0381 11       		.uleb128 0x11
 956 0382 01       		.uleb128 0x1
 957 0383 50       		.byte	0x50
 958 0384 02       		.uleb128 0x2
 959 0385 74       		.byte	0x74
 960 0386 00       		.sleb128 0
 961 0387 11       		.uleb128 0x11
 962 0388 01       		.uleb128 0x1
 963 0389 51       		.byte	0x51
 964 038a 05       		.uleb128 0x5
 965 038b 03       		.byte	0x3
 966 038c 60000000 		.4byte	.LC8
 967 0390 00       		.byte	0
 968 0391 10       		.uleb128 0x10
ARM GAS  C:\Users\karthik\AppData\Local\Temp\cckOEOg9.s 			page 21


 969 0392 72000000 		.4byte	.LVL30
 970 0396 C7050000 		.4byte	0x5c7
 971 039a A8030000 		.4byte	0x3a8
 972 039e 11       		.uleb128 0x11
 973 039f 01       		.uleb128 0x1
 974 03a0 50       		.byte	0x50
 975 03a1 05       		.uleb128 0x5
 976 03a2 03       		.byte	0x3
 977 03a3 68000000 		.4byte	.LC9
 978 03a7 00       		.byte	0
 979 03a8 10       		.uleb128 0x10
 980 03a9 9E000000 		.4byte	.LVL37
 981 03ad C7050000 		.4byte	0x5c7
 982 03b1 BF030000 		.4byte	0x3bf
 983 03b5 11       		.uleb128 0x11
 984 03b6 01       		.uleb128 0x1
 985 03b7 50       		.byte	0x50
 986 03b8 05       		.uleb128 0x5
 987 03b9 03       		.byte	0x3
 988 03ba 7C000000 		.4byte	.LC10
 989 03be 00       		.byte	0
 990 03bf 10       		.uleb128 0x10
 991 03c0 A8000000 		.4byte	.LVL39
 992 03c4 0B060000 		.4byte	0x60b
 993 03c8 DC030000 		.4byte	0x3dc
 994 03cc 11       		.uleb128 0x11
 995 03cd 01       		.uleb128 0x1
 996 03ce 50       		.byte	0x50
 997 03cf 02       		.uleb128 0x2
 998 03d0 74       		.byte	0x74
 999 03d1 00       		.sleb128 0
 1000 03d2 11       		.uleb128 0x11
 1001 03d3 01       		.uleb128 0x1
 1002 03d4 51       		.byte	0x51
 1003 03d5 05       		.uleb128 0x5
 1004 03d6 03       		.byte	0x3
 1005 03d7 90000000 		.4byte	.LC11
 1006 03db 00       		.byte	0
 1007 03dc 12       		.uleb128 0x12
 1008 03dd AE000000 		.4byte	.LVL40
 1009 03e1 F4050000 		.4byte	0x5f4
 1010 03e5 10       		.uleb128 0x10
 1011 03e6 B4000000 		.4byte	.LVL41
 1012 03ea C7050000 		.4byte	0x5c7
 1013 03ee FC030000 		.4byte	0x3fc
 1014 03f2 11       		.uleb128 0x11
 1015 03f3 01       		.uleb128 0x1
 1016 03f4 50       		.byte	0x50
 1017 03f5 05       		.uleb128 0x5
 1018 03f6 03       		.byte	0x3
 1019 03f7 98000000 		.4byte	.LC12
 1020 03fb 00       		.byte	0
 1021 03fc 10       		.uleb128 0x10
 1022 03fd BC000000 		.4byte	.LVL42
 1023 0401 E8050000 		.4byte	0x5e8
 1024 0405 11040000 		.4byte	0x411
 1025 0409 11       		.uleb128 0x11
ARM GAS  C:\Users\karthik\AppData\Local\Temp\cckOEOg9.s 			page 22


 1026 040a 01       		.uleb128 0x1
 1027 040b 50       		.byte	0x50
 1028 040c 03       		.uleb128 0x3
 1029 040d 0A       		.byte	0xa
 1030 040e 8813     		.2byte	0x1388
 1031 0410 00       		.byte	0
 1032 0411 10       		.uleb128 0x10
 1033 0412 C2000000 		.4byte	.LVL43
 1034 0416 C7050000 		.4byte	0x5c7
 1035 041a 28040000 		.4byte	0x428
 1036 041e 11       		.uleb128 0x11
 1037 041f 01       		.uleb128 0x1
 1038 0420 50       		.byte	0x50
 1039 0421 05       		.uleb128 0x5
 1040 0422 03       		.byte	0x3
 1041 0423 B8000000 		.4byte	.LC13
 1042 0427 00       		.byte	0
 1043 0428 10       		.uleb128 0x10
 1044 0429 CC000000 		.4byte	.LVL44
 1045 042d 0B060000 		.4byte	0x60b
 1046 0431 45040000 		.4byte	0x445
 1047 0435 11       		.uleb128 0x11
 1048 0436 01       		.uleb128 0x1
 1049 0437 50       		.byte	0x50
 1050 0438 02       		.uleb128 0x2
 1051 0439 74       		.byte	0x74
 1052 043a 00       		.sleb128 0
 1053 043b 11       		.uleb128 0x11
 1054 043c 01       		.uleb128 0x1
 1055 043d 51       		.byte	0x51
 1056 043e 05       		.uleb128 0x5
 1057 043f 03       		.byte	0x3
 1058 0440 D0000000 		.4byte	.LC14
 1059 0444 00       		.byte	0
 1060 0445 10       		.uleb128 0x10
 1061 0446 D4000000 		.4byte	.LVL45
 1062 044a C7050000 		.4byte	0x5c7
 1063 044e 5C040000 		.4byte	0x45c
 1064 0452 11       		.uleb128 0x11
 1065 0453 01       		.uleb128 0x1
 1066 0454 50       		.byte	0x50
 1067 0455 05       		.uleb128 0x5
 1068 0456 03       		.byte	0x3
 1069 0457 D8000000 		.4byte	.LC15
 1070 045b 00       		.byte	0
 1071 045c 10       		.uleb128 0x10
 1072 045d DC000000 		.4byte	.LVL46
 1073 0461 C7050000 		.4byte	0x5c7
 1074 0465 73040000 		.4byte	0x473
 1075 0469 11       		.uleb128 0x11
 1076 046a 01       		.uleb128 0x1
 1077 046b 50       		.byte	0x50
 1078 046c 05       		.uleb128 0x5
 1079 046d 03       		.byte	0x3
 1080 046e 94010000 		.4byte	.LC16
 1081 0472 00       		.byte	0
 1082 0473 12       		.uleb128 0x12
ARM GAS  C:\Users\karthik\AppData\Local\Temp\cckOEOg9.s 			page 23


 1083 0474 E2000000 		.4byte	.LVL47
 1084 0478 21060000 		.4byte	0x621
 1085 047c 00       		.byte	0
 1086 047d 16       		.uleb128 0x16
 1087 047e 16020000 		.4byte	.LASF52
 1088 0482 01       		.byte	0x1
 1089 0483 51       		.byte	0x51
 1090 0484 7E000000 		.4byte	0x7e
 1091 0488 00000000 		.4byte	.LFB71
 1092 048c 7C000000 		.4byte	.LFE71-.LFB71
 1093 0490 01       		.uleb128 0x1
 1094 0491 9C       		.byte	0x9c
 1095 0492 78050000 		.4byte	0x578
 1096 0496 12       		.uleb128 0x12
 1097 0497 0A000000 		.4byte	.LVL48
 1098 049b 2C060000 		.4byte	0x62c
 1099 049f 12       		.uleb128 0x12
 1100 04a0 0E000000 		.4byte	.LVL49
 1101 04a4 37060000 		.4byte	0x637
 1102 04a8 12       		.uleb128 0x12
 1103 04a9 12000000 		.4byte	.LVL50
 1104 04ad 42060000 		.4byte	0x642
 1105 04b1 10       		.uleb128 0x10
 1106 04b2 1C000000 		.4byte	.LVL51
 1107 04b6 4D060000 		.4byte	0x64d
 1108 04ba CE040000 		.4byte	0x4ce
 1109 04be 11       		.uleb128 0x11
 1110 04bf 01       		.uleb128 0x1
 1111 04c0 50       		.byte	0x50
 1112 04c1 01       		.uleb128 0x1
 1113 04c2 35       		.byte	0x35
 1114 04c3 11       		.uleb128 0x11
 1115 04c4 01       		.uleb128 0x1
 1116 04c5 51       		.byte	0x51
 1117 04c6 01       		.uleb128 0x1
 1118 04c7 34       		.byte	0x34
 1119 04c8 11       		.uleb128 0x11
 1120 04c9 01       		.uleb128 0x1
 1121 04ca 52       		.byte	0x52
 1122 04cb 01       		.uleb128 0x1
 1123 04cc 30       		.byte	0x30
 1124 04cd 00       		.byte	0
 1125 04ce 10       		.uleb128 0x10
 1126 04cf 26000000 		.4byte	.LVL52
 1127 04d3 C7050000 		.4byte	0x5c7
 1128 04d7 E5040000 		.4byte	0x4e5
 1129 04db 11       		.uleb128 0x11
 1130 04dc 01       		.uleb128 0x1
 1131 04dd 50       		.byte	0x50
 1132 04de 05       		.uleb128 0x5
 1133 04df 03       		.byte	0x3
 1134 04e0 A8010000 		.4byte	.LC17
 1135 04e4 00       		.byte	0
 1136 04e5 10       		.uleb128 0x10
 1137 04e6 30000000 		.4byte	.LVL53
 1138 04ea C7050000 		.4byte	0x5c7
 1139 04ee FC040000 		.4byte	0x4fc
ARM GAS  C:\Users\karthik\AppData\Local\Temp\cckOEOg9.s 			page 24


 1140 04f2 11       		.uleb128 0x11
 1141 04f3 01       		.uleb128 0x1
 1142 04f4 50       		.byte	0x50
 1143 04f5 05       		.uleb128 0x5
 1144 04f6 03       		.byte	0x3
 1145 04f7 E4010000 		.4byte	.LC18
 1146 04fb 00       		.byte	0
 1147 04fc 10       		.uleb128 0x10
 1148 04fd 46000000 		.4byte	.LVL54
 1149 0501 59060000 		.4byte	0x659
 1150 0505 35050000 		.4byte	0x535
 1151 0509 11       		.uleb128 0x11
 1152 050a 01       		.uleb128 0x1
 1153 050b 50       		.byte	0x50
 1154 050c 05       		.uleb128 0x5
 1155 050d 03       		.byte	0x3
 1156 050e 00000000 		.4byte	uart_input_task
 1157 0512 11       		.uleb128 0x11
 1158 0513 01       		.uleb128 0x1
 1159 0514 51       		.byte	0x51
 1160 0515 05       		.uleb128 0x5
 1161 0516 03       		.byte	0x3
 1162 0517 00020000 		.4byte	.LC19
 1163 051b 11       		.uleb128 0x11
 1164 051c 01       		.uleb128 0x1
 1165 051d 52       		.byte	0x52
 1166 051e 02       		.uleb128 0x2
 1167 051f 08       		.byte	0x8
 1168 0520 C8       		.byte	0xc8
 1169 0521 11       		.uleb128 0x11
 1170 0522 01       		.uleb128 0x1
 1171 0523 53       		.byte	0x53
 1172 0524 02       		.uleb128 0x2
 1173 0525 74       		.byte	0x74
 1174 0526 00       		.sleb128 0
 1175 0527 11       		.uleb128 0x11
 1176 0528 02       		.uleb128 0x2
 1177 0529 7D       		.byte	0x7d
 1178 052a 00       		.sleb128 0
 1179 052b 01       		.uleb128 0x1
 1180 052c 33       		.byte	0x33
 1181 052d 11       		.uleb128 0x11
 1182 052e 02       		.uleb128 0x2
 1183 052f 7D       		.byte	0x7d
 1184 0530 04       		.sleb128 4
 1185 0531 02       		.uleb128 0x2
 1186 0532 74       		.byte	0x74
 1187 0533 00       		.sleb128 0
 1188 0534 00       		.byte	0
 1189 0535 10       		.uleb128 0x10
 1190 0536 58000000 		.4byte	.LVL55
 1191 053a 59060000 		.4byte	0x659
 1192 053e 6E050000 		.4byte	0x56e
 1193 0542 11       		.uleb128 0x11
 1194 0543 01       		.uleb128 0x1
 1195 0544 50       		.byte	0x50
 1196 0545 05       		.uleb128 0x5
ARM GAS  C:\Users\karthik\AppData\Local\Temp\cckOEOg9.s 			page 25


 1197 0546 03       		.byte	0x3
 1198 0547 00000000 		.4byte	led_task
 1199 054b 11       		.uleb128 0x11
 1200 054c 01       		.uleb128 0x1
 1201 054d 51       		.byte	0x51
 1202 054e 05       		.uleb128 0x5
 1203 054f 03       		.byte	0x3
 1204 0550 0C020000 		.4byte	.LC20
 1205 0554 11       		.uleb128 0x11
 1206 0555 01       		.uleb128 0x1
 1207 0556 52       		.byte	0x52
 1208 0557 02       		.uleb128 0x2
 1209 0558 08       		.byte	0x8
 1210 0559 C8       		.byte	0xc8
 1211 055a 11       		.uleb128 0x11
 1212 055b 01       		.uleb128 0x1
 1213 055c 53       		.byte	0x53
 1214 055d 02       		.uleb128 0x2
 1215 055e 74       		.byte	0x74
 1216 055f 00       		.sleb128 0
 1217 0560 11       		.uleb128 0x11
 1218 0561 02       		.uleb128 0x2
 1219 0562 7D       		.byte	0x7d
 1220 0563 00       		.sleb128 0
 1221 0564 01       		.uleb128 0x1
 1222 0565 32       		.byte	0x32
 1223 0566 11       		.uleb128 0x11
 1224 0567 02       		.uleb128 0x2
 1225 0568 7D       		.byte	0x7d
 1226 0569 04       		.sleb128 4
 1227 056a 02       		.uleb128 0x2
 1228 056b 74       		.byte	0x74
 1229 056c 00       		.sleb128 0
 1230 056d 00       		.byte	0
 1231 056e 12       		.uleb128 0x12
 1232 056f 5C000000 		.4byte	.LVL56
 1233 0573 65060000 		.4byte	0x665
 1234 0577 00       		.byte	0
 1235 0578 17       		.uleb128 0x17
 1236 0579 5F010000 		.4byte	.LASF27
 1237 057d 06       		.byte	0x6
 1238 057e 1207     		.2byte	0x712
 1239 0580 84050000 		.4byte	0x584
 1240 0584 18       		.uleb128 0x18
 1241 0585 B4000000 		.4byte	0xb4
 1242 0589 19       		.uleb128 0x19
 1243 058a 85000000 		.4byte	.LASF28
 1244 058e 01       		.byte	0x1
 1245 058f 0B       		.byte	0xb
 1246 0590 EE000000 		.4byte	0xee
 1247 0594 05       		.uleb128 0x5
 1248 0595 03       		.byte	0x3
 1249 0596 00000000 		.4byte	cmd_queue
 1250 059a 1A       		.uleb128 0x1a
 1251 059b BD010000 		.4byte	.LASF29
 1252 059f BD010000 		.4byte	.LASF29
 1253 05a3 07       		.byte	0x7
ARM GAS  C:\Users\karthik\AppData\Local\Temp\cckOEOg9.s 			page 26


 1254 05a4 21       		.byte	0x21
 1255 05a5 1A       		.uleb128 0x1a
 1256 05a6 66020000 		.4byte	.LASF30
 1257 05aa 66020000 		.4byte	.LASF30
 1258 05ae 08       		.byte	0x8
 1259 05af 89       		.byte	0x89
 1260 05b0 1A       		.uleb128 0x1a
 1261 05b1 3B010000 		.4byte	.LASF31
 1262 05b5 3B010000 		.4byte	.LASF31
 1263 05b9 07       		.byte	0x7
 1264 05ba 1E       		.byte	0x1e
 1265 05bb 1B       		.uleb128 0x1b
 1266 05bc 73020000 		.4byte	.LASF32
 1267 05c0 73020000 		.4byte	.LASF32
 1268 05c4 05       		.byte	0x5
 1269 05c5 8A02     		.2byte	0x28a
 1270 05c7 1A       		.uleb128 0x1a
 1271 05c8 06030000 		.4byte	.LASF33
 1272 05cc 06030000 		.4byte	.LASF33
 1273 05d0 09       		.byte	0x9
 1274 05d1 8B       		.byte	0x8b
 1275 05d2 1A       		.uleb128 0x1a
 1276 05d3 59020000 		.4byte	.LASF34
 1277 05d7 59020000 		.4byte	.LASF34
 1278 05db 09       		.byte	0x9
 1279 05dc 71       		.byte	0x71
 1280 05dd 1A       		.uleb128 0x1a
 1281 05de 23020000 		.4byte	.LASF35
 1282 05e2 23020000 		.4byte	.LASF35
 1283 05e6 09       		.byte	0x9
 1284 05e7 8A       		.byte	0x8a
 1285 05e8 1B       		.uleb128 0x1b
 1286 05e9 DC020000 		.4byte	.LASF36
 1287 05ed DC020000 		.4byte	.LASF36
 1288 05f1 0A       		.byte	0xa
 1289 05f2 F602     		.2byte	0x2f6
 1290 05f4 1A       		.uleb128 0x1a
 1291 05f5 C4010000 		.4byte	.LASF37
 1292 05f9 C4010000 		.4byte	.LASF37
 1293 05fd 0B       		.byte	0xb
 1294 05fe 26       		.byte	0x26
 1295 05ff 1B       		.uleb128 0x1b
 1296 0600 61000000 		.4byte	.LASF38
 1297 0604 61000000 		.4byte	.LASF38
 1298 0608 05       		.byte	0x5
 1299 0609 6403     		.2byte	0x364
 1300 060b 1A       		.uleb128 0x1a
 1301 060c A2010000 		.4byte	.LASF39
 1302 0610 A2010000 		.4byte	.LASF39
 1303 0614 07       		.byte	0x7
 1304 0615 50       		.byte	0x50
 1305 0616 1A       		.uleb128 0x1a
 1306 0617 09020000 		.4byte	.LASF40
 1307 061b 09020000 		.4byte	.LASF40
 1308 061f 0B       		.byte	0xb
 1309 0620 29       		.byte	0x29
 1310 0621 1A       		.uleb128 0x1a
ARM GAS  C:\Users\karthik\AppData\Local\Temp\cckOEOg9.s 			page 27


 1311 0622 8E010000 		.4byte	.LASF41
 1312 0626 8E010000 		.4byte	.LASF41
 1313 062a 08       		.byte	0x8
 1314 062b 8A       		.byte	0x8a
 1315 062c 1A       		.uleb128 0x1a
 1316 062d FA010000 		.4byte	.LASF42
 1317 0631 FA010000 		.4byte	.LASF42
 1318 0635 01       		.byte	0x1
 1319 0636 09       		.byte	0x9
 1320 0637 1A       		.uleb128 0x1a
 1321 0638 54010000 		.4byte	.LASF43
 1322 063c 54010000 		.4byte	.LASF43
 1323 0640 09       		.byte	0x9
 1324 0641 54       		.byte	0x54
 1325 0642 1A       		.uleb128 0x1a
 1326 0643 8F000000 		.4byte	.LASF44
 1327 0647 8F000000 		.4byte	.LASF44
 1328 064b 09       		.byte	0x9
 1329 064c 8F       		.byte	0x8f
 1330 064d 1B       		.uleb128 0x1b
 1331 064e 7A010000 		.4byte	.LASF45
 1332 0652 7A010000 		.4byte	.LASF45
 1333 0656 05       		.byte	0x5
 1334 0657 D805     		.2byte	0x5d8
 1335 0659 1B       		.uleb128 0x1b
 1336 065a 20030000 		.4byte	.LASF46
 1337 065e 20030000 		.4byte	.LASF46
 1338 0662 0A       		.byte	0xa
 1339 0663 4A01     		.2byte	0x14a
 1340 0665 1B       		.uleb128 0x1b
 1341 0666 40000000 		.4byte	.LASF47
 1342 066a 40000000 		.4byte	.LASF47
 1343 066e 0A       		.byte	0xa
 1344 066f 9704     		.2byte	0x497
 1345 0671 00       		.byte	0
 1346              		.section	.debug_abbrev,"",%progbits
 1347              	.Ldebug_abbrev0:
 1348 0000 01       		.uleb128 0x1
 1349 0001 11       		.uleb128 0x11
 1350 0002 01       		.byte	0x1
 1351 0003 25       		.uleb128 0x25
 1352 0004 0E       		.uleb128 0xe
 1353 0005 13       		.uleb128 0x13
 1354 0006 0B       		.uleb128 0xb
 1355 0007 03       		.uleb128 0x3
 1356 0008 0E       		.uleb128 0xe
 1357 0009 1B       		.uleb128 0x1b
 1358 000a 0E       		.uleb128 0xe
 1359 000b 55       		.uleb128 0x55
 1360 000c 17       		.uleb128 0x17
 1361 000d 11       		.uleb128 0x11
 1362 000e 01       		.uleb128 0x1
 1363 000f 10       		.uleb128 0x10
 1364 0010 17       		.uleb128 0x17
 1365 0011 00       		.byte	0
 1366 0012 00       		.byte	0
 1367 0013 02       		.uleb128 0x2
ARM GAS  C:\Users\karthik\AppData\Local\Temp\cckOEOg9.s 			page 28


 1368 0014 24       		.uleb128 0x24
 1369 0015 00       		.byte	0
 1370 0016 0B       		.uleb128 0xb
 1371 0017 0B       		.uleb128 0xb
 1372 0018 3E       		.uleb128 0x3e
 1373 0019 0B       		.uleb128 0xb
 1374 001a 03       		.uleb128 0x3
 1375 001b 0E       		.uleb128 0xe
 1376 001c 00       		.byte	0
 1377 001d 00       		.byte	0
 1378 001e 03       		.uleb128 0x3
 1379 001f 16       		.uleb128 0x16
 1380 0020 00       		.byte	0
 1381 0021 03       		.uleb128 0x3
 1382 0022 0E       		.uleb128 0xe
 1383 0023 3A       		.uleb128 0x3a
 1384 0024 0B       		.uleb128 0xb
 1385 0025 3B       		.uleb128 0x3b
 1386 0026 0B       		.uleb128 0xb
 1387 0027 49       		.uleb128 0x49
 1388 0028 13       		.uleb128 0x13
 1389 0029 00       		.byte	0
 1390 002a 00       		.byte	0
 1391 002b 04       		.uleb128 0x4
 1392 002c 24       		.uleb128 0x24
 1393 002d 00       		.byte	0
 1394 002e 0B       		.uleb128 0xb
 1395 002f 0B       		.uleb128 0xb
 1396 0030 3E       		.uleb128 0x3e
 1397 0031 0B       		.uleb128 0xb
 1398 0032 03       		.uleb128 0x3
 1399 0033 08       		.uleb128 0x8
 1400 0034 00       		.byte	0
 1401 0035 00       		.byte	0
 1402 0036 05       		.uleb128 0x5
 1403 0037 0F       		.uleb128 0xf
 1404 0038 00       		.byte	0
 1405 0039 0B       		.uleb128 0xb
 1406 003a 0B       		.uleb128 0xb
 1407 003b 00       		.byte	0
 1408 003c 00       		.byte	0
 1409 003d 06       		.uleb128 0x6
 1410 003e 0F       		.uleb128 0xf
 1411 003f 00       		.byte	0
 1412 0040 0B       		.uleb128 0xb
 1413 0041 0B       		.uleb128 0xb
 1414 0042 49       		.uleb128 0x49
 1415 0043 13       		.uleb128 0x13
 1416 0044 00       		.byte	0
 1417 0045 00       		.byte	0
 1418 0046 07       		.uleb128 0x7
 1419 0047 13       		.uleb128 0x13
 1420 0048 00       		.byte	0
 1421 0049 03       		.uleb128 0x3
 1422 004a 0E       		.uleb128 0xe
 1423 004b 3C       		.uleb128 0x3c
 1424 004c 19       		.uleb128 0x19
ARM GAS  C:\Users\karthik\AppData\Local\Temp\cckOEOg9.s 			page 29


 1425 004d 00       		.byte	0
 1426 004e 00       		.byte	0
 1427 004f 08       		.uleb128 0x8
 1428 0050 2E       		.uleb128 0x2e
 1429 0051 01       		.byte	0x1
 1430 0052 3F       		.uleb128 0x3f
 1431 0053 19       		.uleb128 0x19
 1432 0054 03       		.uleb128 0x3
 1433 0055 0E       		.uleb128 0xe
 1434 0056 3A       		.uleb128 0x3a
 1435 0057 0B       		.uleb128 0xb
 1436 0058 3B       		.uleb128 0x3b
 1437 0059 0B       		.uleb128 0xb
 1438 005a 27       		.uleb128 0x27
 1439 005b 19       		.uleb128 0x19
 1440 005c 8701     		.uleb128 0x87
 1441 005e 19       		.uleb128 0x19
 1442 005f 11       		.uleb128 0x11
 1443 0060 01       		.uleb128 0x1
 1444 0061 12       		.uleb128 0x12
 1445 0062 06       		.uleb128 0x6
 1446 0063 40       		.uleb128 0x40
 1447 0064 18       		.uleb128 0x18
 1448 0065 9742     		.uleb128 0x2117
 1449 0067 19       		.uleb128 0x19
 1450 0068 01       		.uleb128 0x1
 1451 0069 13       		.uleb128 0x13
 1452 006a 00       		.byte	0
 1453 006b 00       		.byte	0
 1454 006c 09       		.uleb128 0x9
 1455 006d 05       		.uleb128 0x5
 1456 006e 00       		.byte	0
 1457 006f 03       		.uleb128 0x3
 1458 0070 08       		.uleb128 0x8
 1459 0071 3A       		.uleb128 0x3a
 1460 0072 0B       		.uleb128 0xb
 1461 0073 3B       		.uleb128 0x3b
 1462 0074 0B       		.uleb128 0xb
 1463 0075 49       		.uleb128 0x49
 1464 0076 13       		.uleb128 0x13
 1465 0077 02       		.uleb128 0x2
 1466 0078 17       		.uleb128 0x17
 1467 0079 00       		.byte	0
 1468 007a 00       		.byte	0
 1469 007b 0A       		.uleb128 0xa
 1470 007c 34       		.uleb128 0x34
 1471 007d 00       		.byte	0
 1472 007e 03       		.uleb128 0x3
 1473 007f 0E       		.uleb128 0xe
 1474 0080 3A       		.uleb128 0x3a
 1475 0081 0B       		.uleb128 0xb
 1476 0082 3B       		.uleb128 0x3b
 1477 0083 0B       		.uleb128 0xb
 1478 0084 49       		.uleb128 0x49
 1479 0085 13       		.uleb128 0x13
 1480 0086 02       		.uleb128 0x2
 1481 0087 18       		.uleb128 0x18
ARM GAS  C:\Users\karthik\AppData\Local\Temp\cckOEOg9.s 			page 30


 1482 0088 00       		.byte	0
 1483 0089 00       		.byte	0
 1484 008a 0B       		.uleb128 0xb
 1485 008b 34       		.uleb128 0x34
 1486 008c 00       		.byte	0
 1487 008d 03       		.uleb128 0x3
 1488 008e 0E       		.uleb128 0xe
 1489 008f 3A       		.uleb128 0x3a
 1490 0090 0B       		.uleb128 0xb
 1491 0091 3B       		.uleb128 0x3b
 1492 0092 0B       		.uleb128 0xb
 1493 0093 49       		.uleb128 0x49
 1494 0094 13       		.uleb128 0x13
 1495 0095 02       		.uleb128 0x2
 1496 0096 17       		.uleb128 0x17
 1497 0097 00       		.byte	0
 1498 0098 00       		.byte	0
 1499 0099 0C       		.uleb128 0xc
 1500 009a 0B       		.uleb128 0xb
 1501 009b 01       		.byte	0x1
 1502 009c 11       		.uleb128 0x11
 1503 009d 01       		.uleb128 0x1
 1504 009e 12       		.uleb128 0x12
 1505 009f 06       		.uleb128 0x6
 1506 00a0 00       		.byte	0
 1507 00a1 00       		.byte	0
 1508 00a2 0D       		.uleb128 0xd
 1509 00a3 34       		.uleb128 0x34
 1510 00a4 00       		.byte	0
 1511 00a5 03       		.uleb128 0x3
 1512 00a6 08       		.uleb128 0x8
 1513 00a7 3A       		.uleb128 0x3a
 1514 00a8 0B       		.uleb128 0xb
 1515 00a9 3B       		.uleb128 0x3b
 1516 00aa 0B       		.uleb128 0xb
 1517 00ab 49       		.uleb128 0x49
 1518 00ac 13       		.uleb128 0x13
 1519 00ad 02       		.uleb128 0x2
 1520 00ae 17       		.uleb128 0x17
 1521 00af 00       		.byte	0
 1522 00b0 00       		.byte	0
 1523 00b1 0E       		.uleb128 0xe
 1524 00b2 0B       		.uleb128 0xb
 1525 00b3 01       		.byte	0x1
 1526 00b4 11       		.uleb128 0x11
 1527 00b5 01       		.uleb128 0x1
 1528 00b6 12       		.uleb128 0x12
 1529 00b7 06       		.uleb128 0x6
 1530 00b8 01       		.uleb128 0x1
 1531 00b9 13       		.uleb128 0x13
 1532 00ba 00       		.byte	0
 1533 00bb 00       		.byte	0
 1534 00bc 0F       		.uleb128 0xf
 1535 00bd 34       		.uleb128 0x34
 1536 00be 00       		.byte	0
 1537 00bf 03       		.uleb128 0x3
 1538 00c0 08       		.uleb128 0x8
ARM GAS  C:\Users\karthik\AppData\Local\Temp\cckOEOg9.s 			page 31


 1539 00c1 3A       		.uleb128 0x3a
 1540 00c2 0B       		.uleb128 0xb
 1541 00c3 3B       		.uleb128 0x3b
 1542 00c4 0B       		.uleb128 0xb
 1543 00c5 49       		.uleb128 0x49
 1544 00c6 13       		.uleb128 0x13
 1545 00c7 02       		.uleb128 0x2
 1546 00c8 18       		.uleb128 0x18
 1547 00c9 00       		.byte	0
 1548 00ca 00       		.byte	0
 1549 00cb 10       		.uleb128 0x10
 1550 00cc 898201   		.uleb128 0x4109
 1551 00cf 01       		.byte	0x1
 1552 00d0 11       		.uleb128 0x11
 1553 00d1 01       		.uleb128 0x1
 1554 00d2 31       		.uleb128 0x31
 1555 00d3 13       		.uleb128 0x13
 1556 00d4 01       		.uleb128 0x1
 1557 00d5 13       		.uleb128 0x13
 1558 00d6 00       		.byte	0
 1559 00d7 00       		.byte	0
 1560 00d8 11       		.uleb128 0x11
 1561 00d9 8A8201   		.uleb128 0x410a
 1562 00dc 00       		.byte	0
 1563 00dd 02       		.uleb128 0x2
 1564 00de 18       		.uleb128 0x18
 1565 00df 9142     		.uleb128 0x2111
 1566 00e1 18       		.uleb128 0x18
 1567 00e2 00       		.byte	0
 1568 00e3 00       		.byte	0
 1569 00e4 12       		.uleb128 0x12
 1570 00e5 898201   		.uleb128 0x4109
 1571 00e8 00       		.byte	0
 1572 00e9 11       		.uleb128 0x11
 1573 00ea 01       		.uleb128 0x1
 1574 00eb 31       		.uleb128 0x31
 1575 00ec 13       		.uleb128 0x13
 1576 00ed 00       		.byte	0
 1577 00ee 00       		.byte	0
 1578 00ef 13       		.uleb128 0x13
 1579 00f0 898201   		.uleb128 0x4109
 1580 00f3 01       		.byte	0x1
 1581 00f4 11       		.uleb128 0x11
 1582 00f5 01       		.uleb128 0x1
 1583 00f6 31       		.uleb128 0x31
 1584 00f7 13       		.uleb128 0x13
 1585 00f8 00       		.byte	0
 1586 00f9 00       		.byte	0
 1587 00fa 14       		.uleb128 0x14
 1588 00fb 01       		.uleb128 0x1
 1589 00fc 01       		.byte	0x1
 1590 00fd 49       		.uleb128 0x49
 1591 00fe 13       		.uleb128 0x13
 1592 00ff 01       		.uleb128 0x1
 1593 0100 13       		.uleb128 0x13
 1594 0101 00       		.byte	0
 1595 0102 00       		.byte	0
ARM GAS  C:\Users\karthik\AppData\Local\Temp\cckOEOg9.s 			page 32


 1596 0103 15       		.uleb128 0x15
 1597 0104 21       		.uleb128 0x21
 1598 0105 00       		.byte	0
 1599 0106 49       		.uleb128 0x49
 1600 0107 13       		.uleb128 0x13
 1601 0108 2F       		.uleb128 0x2f
 1602 0109 0B       		.uleb128 0xb
 1603 010a 00       		.byte	0
 1604 010b 00       		.byte	0
 1605 010c 16       		.uleb128 0x16
 1606 010d 2E       		.uleb128 0x2e
 1607 010e 01       		.byte	0x1
 1608 010f 3F       		.uleb128 0x3f
 1609 0110 19       		.uleb128 0x19
 1610 0111 03       		.uleb128 0x3
 1611 0112 0E       		.uleb128 0xe
 1612 0113 3A       		.uleb128 0x3a
 1613 0114 0B       		.uleb128 0xb
 1614 0115 3B       		.uleb128 0x3b
 1615 0116 0B       		.uleb128 0xb
 1616 0117 27       		.uleb128 0x27
 1617 0118 19       		.uleb128 0x19
 1618 0119 49       		.uleb128 0x49
 1619 011a 13       		.uleb128 0x13
 1620 011b 8701     		.uleb128 0x87
 1621 011d 19       		.uleb128 0x19
 1622 011e 11       		.uleb128 0x11
 1623 011f 01       		.uleb128 0x1
 1624 0120 12       		.uleb128 0x12
 1625 0121 06       		.uleb128 0x6
 1626 0122 40       		.uleb128 0x40
 1627 0123 18       		.uleb128 0x18
 1628 0124 9742     		.uleb128 0x2117
 1629 0126 19       		.uleb128 0x19
 1630 0127 01       		.uleb128 0x1
 1631 0128 13       		.uleb128 0x13
 1632 0129 00       		.byte	0
 1633 012a 00       		.byte	0
 1634 012b 17       		.uleb128 0x17
 1635 012c 34       		.uleb128 0x34
 1636 012d 00       		.byte	0
 1637 012e 03       		.uleb128 0x3
 1638 012f 0E       		.uleb128 0xe
 1639 0130 3A       		.uleb128 0x3a
 1640 0131 0B       		.uleb128 0xb
 1641 0132 3B       		.uleb128 0x3b
 1642 0133 05       		.uleb128 0x5
 1643 0134 49       		.uleb128 0x49
 1644 0135 13       		.uleb128 0x13
 1645 0136 3F       		.uleb128 0x3f
 1646 0137 19       		.uleb128 0x19
 1647 0138 3C       		.uleb128 0x3c
 1648 0139 19       		.uleb128 0x19
 1649 013a 00       		.byte	0
 1650 013b 00       		.byte	0
 1651 013c 18       		.uleb128 0x18
 1652 013d 35       		.uleb128 0x35
ARM GAS  C:\Users\karthik\AppData\Local\Temp\cckOEOg9.s 			page 33


 1653 013e 00       		.byte	0
 1654 013f 49       		.uleb128 0x49
 1655 0140 13       		.uleb128 0x13
 1656 0141 00       		.byte	0
 1657 0142 00       		.byte	0
 1658 0143 19       		.uleb128 0x19
 1659 0144 34       		.uleb128 0x34
 1660 0145 00       		.byte	0
 1661 0146 03       		.uleb128 0x3
 1662 0147 0E       		.uleb128 0xe
 1663 0148 3A       		.uleb128 0x3a
 1664 0149 0B       		.uleb128 0xb
 1665 014a 3B       		.uleb128 0x3b
 1666 014b 0B       		.uleb128 0xb
 1667 014c 49       		.uleb128 0x49
 1668 014d 13       		.uleb128 0x13
 1669 014e 3F       		.uleb128 0x3f
 1670 014f 19       		.uleb128 0x19
 1671 0150 02       		.uleb128 0x2
 1672 0151 18       		.uleb128 0x18
 1673 0152 00       		.byte	0
 1674 0153 00       		.byte	0
 1675 0154 1A       		.uleb128 0x1a
 1676 0155 2E       		.uleb128 0x2e
 1677 0156 00       		.byte	0
 1678 0157 3F       		.uleb128 0x3f
 1679 0158 19       		.uleb128 0x19
 1680 0159 3C       		.uleb128 0x3c
 1681 015a 19       		.uleb128 0x19
 1682 015b 6E       		.uleb128 0x6e
 1683 015c 0E       		.uleb128 0xe
 1684 015d 03       		.uleb128 0x3
 1685 015e 0E       		.uleb128 0xe
 1686 015f 3A       		.uleb128 0x3a
 1687 0160 0B       		.uleb128 0xb
 1688 0161 3B       		.uleb128 0x3b
 1689 0162 0B       		.uleb128 0xb
 1690 0163 00       		.byte	0
 1691 0164 00       		.byte	0
 1692 0165 1B       		.uleb128 0x1b
 1693 0166 2E       		.uleb128 0x2e
 1694 0167 00       		.byte	0
 1695 0168 3F       		.uleb128 0x3f
 1696 0169 19       		.uleb128 0x19
 1697 016a 3C       		.uleb128 0x3c
 1698 016b 19       		.uleb128 0x19
 1699 016c 6E       		.uleb128 0x6e
 1700 016d 0E       		.uleb128 0xe
 1701 016e 03       		.uleb128 0x3
 1702 016f 0E       		.uleb128 0xe
 1703 0170 3A       		.uleb128 0x3a
 1704 0171 0B       		.uleb128 0xb
 1705 0172 3B       		.uleb128 0x3b
 1706 0173 05       		.uleb128 0x5
 1707 0174 00       		.byte	0
 1708 0175 00       		.byte	0
 1709 0176 00       		.byte	0
ARM GAS  C:\Users\karthik\AppData\Local\Temp\cckOEOg9.s 			page 34


 1710              		.section	.debug_loc,"",%progbits
 1711              	.Ldebug_loc0:
 1712              	.LLST0:
 1713 0000 00000000 		.4byte	.LVL0
 1714 0004 06000000 		.4byte	.LVL2
 1715 0008 0100     		.2byte	0x1
 1716 000a 50       		.byte	0x50
 1717 000b 06000000 		.4byte	.LVL2
 1718 000f 7C000000 		.4byte	.LFE69
 1719 0013 0400     		.2byte	0x4
 1720 0015 F3       		.byte	0xf3
 1721 0016 01       		.uleb128 0x1
 1722 0017 50       		.byte	0x50
 1723 0018 9F       		.byte	0x9f
 1724 0019 00000000 		.4byte	0
 1725 001d 00000000 		.4byte	0
 1726              	.LLST1:
 1727 0021 04000000 		.4byte	.LVL1
 1728 0025 06000000 		.4byte	.LVL2
 1729 0029 0200     		.2byte	0x2
 1730 002b 30       		.byte	0x30
 1731 002c 9F       		.byte	0x9f
 1732 002d 06000000 		.4byte	.LVL2
 1733 0031 1E000000 		.4byte	.LVL4
 1734 0035 0100     		.2byte	0x1
 1735 0037 54       		.byte	0x54
 1736 0038 24000000 		.4byte	.LVL5
 1737 003c 54000000 		.4byte	.LVL12
 1738 0040 0200     		.2byte	0x2
 1739 0042 30       		.byte	0x30
 1740 0043 9F       		.byte	0x9f
 1741 0044 54000000 		.4byte	.LVL12
 1742 0048 5C000000 		.4byte	.LVL13
 1743 004c 0100     		.2byte	0x1
 1744 004e 54       		.byte	0x54
 1745 004f 5C000000 		.4byte	.LVL13
 1746 0053 6A000000 		.4byte	.LVL15
 1747 0057 0100     		.2byte	0x1
 1748 0059 55       		.byte	0x55
 1749 005a 6A000000 		.4byte	.LVL15
 1750 005e 7C000000 		.4byte	.LFE69
 1751 0062 0100     		.2byte	0x1
 1752 0064 54       		.byte	0x54
 1753 0065 00000000 		.4byte	0
 1754 0069 00000000 		.4byte	0
 1755              	.LLST2:
 1756 006d 0A000000 		.4byte	.LVL3
 1757 0071 26000000 		.4byte	.LVL6
 1758 0075 0100     		.2byte	0x1
 1759 0077 50       		.byte	0x50
 1760 0078 54000000 		.4byte	.LVL12
 1761 007c 67000000 		.4byte	.LVL14-1
 1762 0080 0100     		.2byte	0x1
 1763 0082 50       		.byte	0x50
 1764 0083 00000000 		.4byte	0
 1765 0087 00000000 		.4byte	0
 1766              	.LLST3:
ARM GAS  C:\Users\karthik\AppData\Local\Temp\cckOEOg9.s 			page 35


 1767 008b 00000000 		.4byte	.LVL17
 1768 008f 04000000 		.4byte	.LVL18
 1769 0093 0100     		.2byte	0x1
 1770 0095 50       		.byte	0x50
 1771 0096 04000000 		.4byte	.LVL18
 1772 009a 28010000 		.4byte	.LFE70
 1773 009e 0400     		.2byte	0x4
 1774 00a0 F3       		.byte	0xf3
 1775 00a1 01       		.uleb128 0x1
 1776 00a2 50       		.byte	0x50
 1777 00a3 9F       		.byte	0x9f
 1778 00a4 00000000 		.4byte	0
 1779 00a8 00000000 		.4byte	0
 1780              	.LLST4:
 1781 00ac 72000000 		.4byte	.LVL30
 1782 00b0 76000000 		.4byte	.LVL31
 1783 00b4 0200     		.2byte	0x2
 1784 00b6 30       		.byte	0x30
 1785 00b7 9F       		.byte	0x9f
 1786 00b8 76000000 		.4byte	.LVL31
 1787 00bc A0000000 		.4byte	.LVL38
 1788 00c0 0100     		.2byte	0x1
 1789 00c2 54       		.byte	0x54
 1790 00c3 00000000 		.4byte	0
 1791 00c7 00000000 		.4byte	0
 1792              		.section	.debug_aranges,"",%progbits
 1793 0000 2C000000 		.4byte	0x2c
 1794 0004 0200     		.2byte	0x2
 1795 0006 00000000 		.4byte	.Ldebug_info0
 1796 000a 04       		.byte	0x4
 1797 000b 00       		.byte	0
 1798 000c 0000     		.2byte	0
 1799 000e 0000     		.2byte	0
 1800 0010 00000000 		.4byte	.LFB69
 1801 0014 7C000000 		.4byte	.LFE69-.LFB69
 1802 0018 00000000 		.4byte	.LFB70
 1803 001c 28010000 		.4byte	.LFE70-.LFB70
 1804 0020 00000000 		.4byte	.LFB71
 1805 0024 7C000000 		.4byte	.LFE71-.LFB71
 1806 0028 00000000 		.4byte	0
 1807 002c 00000000 		.4byte	0
 1808              		.section	.debug_ranges,"",%progbits
 1809              	.Ldebug_ranges0:
 1810 0000 00000000 		.4byte	.LFB69
 1811 0004 7C000000 		.4byte	.LFE69
 1812 0008 00000000 		.4byte	.LFB70
 1813 000c 28010000 		.4byte	.LFE70
 1814 0010 00000000 		.4byte	.LFB71
 1815 0014 7C000000 		.4byte	.LFE71
 1816 0018 00000000 		.4byte	0
 1817 001c 00000000 		.4byte	0
 1818              		.section	.debug_line,"",%progbits
 1819              	.Ldebug_line0:
 1820 0000 DA020000 		.section	.debug_str,"MS",%progbits,1
 1820      02003F02 
 1820      00000201 
 1820      FB0E0D00 
ARM GAS  C:\Users\karthik\AppData\Local\Temp\cckOEOg9.s 			page 36


 1820      01010101 
 1821              	.LASF4:
 1822 0000 5F5F7569 		.ascii	"__uint8_t\000"
 1822      6E74385F 
 1822      7400
 1823              	.LASF21:
 1824 000a 5469636B 		.ascii	"TickType_t\000"
 1824      54797065 
 1824      5F7400
 1825              	.LASF5:
 1826 0015 5F5F696E 		.ascii	"__int32_t\000"
 1826      7433325F 
 1826      7400
 1827              	.LASF3:
 1828 001f 73686F72 		.ascii	"short unsigned int\000"
 1828      7420756E 
 1828      7369676E 
 1828      65642069 
 1828      6E7400
 1829              	.LASF22:
 1830 0032 51756575 		.ascii	"QueueHandle_t\000"
 1830      6548616E 
 1830      646C655F 
 1830      7400
 1831              	.LASF47:
 1832 0040 76546173 		.ascii	"vTaskStartScheduler\000"
 1832      6B537461 
 1832      72745363 
 1832      68656475 
 1832      6C657200 
 1833              	.LASF11:
 1834 0054 756E7369 		.ascii	"unsigned int\000"
 1834      676E6564 
 1834      20696E74 
 1834      00
 1835              	.LASF38:
 1836 0061 78517565 		.ascii	"xQueueReceive\000"
 1836      75655265 
 1836      63656976 
 1836      6500
 1837              	.LASF25:
 1838 006f 75617274 		.ascii	"uart_input_task\000"
 1838      5F696E70 
 1838      75745F74 
 1838      61736B00 
 1839              	.LASF18:
 1840 007f 666C6F61 		.ascii	"float\000"
 1840      7400
 1841              	.LASF28:
 1842 0085 636D645F 		.ascii	"cmd_queue\000"
 1842      71756575 
 1842      6500
 1843              	.LASF44:
 1844 008f 55415254 		.ascii	"UART_ClearTxBuffer\000"
 1844      5F436C65 
 1844      61725478 
 1844      42756666 
ARM GAS  C:\Users\karthik\AppData\Local\Temp\cckOEOg9.s 			page 37


 1844      657200
 1845              	.LASF48:
 1846 00a2 474E5520 		.ascii	"GNU C11 5.4.1 20160609 (release) [ARM/embedded-5-br"
 1846      43313120 
 1846      352E342E 
 1846      31203230 
 1846      31363036 
 1847 00d5 616E6368 		.ascii	"anch revision 237715] -mcpu=cortex-m3 -mthumb -g -O"
 1847      20726576 
 1847      6973696F 
 1847      6E203233 
 1847      37373135 
 1848 0108 67202D66 		.ascii	"g -ffunction-sections -ffat-lto-objects\000"
 1848      66756E63 
 1848      74696F6E 
 1848      2D736563 
 1848      74696F6E 
 1849              	.LASF7:
 1850 0130 5F5F7569 		.ascii	"__uint32_t\000"
 1850      6E743332 
 1850      5F7400
 1851              	.LASF31:
 1852 013b 73747263 		.ascii	"strcpy\000"
 1852      707900
 1853              	.LASF8:
 1854 0142 6C6F6E67 		.ascii	"long unsigned int\000"
 1854      20756E73 
 1854      69676E65 
 1854      6420696E 
 1854      7400
 1855              	.LASF43:
 1856 0154 55415254 		.ascii	"UART_Start\000"
 1856      5F537461 
 1856      727400
 1857              	.LASF27:
 1858 015f 49544D5F 		.ascii	"ITM_RxBuffer\000"
 1858      52784275 
 1858      66666572 
 1858      00
 1859              	.LASF1:
 1860 016c 756E7369 		.ascii	"unsigned char\000"
 1860      676E6564 
 1860      20636861 
 1860      7200
 1861              	.LASF45:
 1862 017a 78517565 		.ascii	"xQueueGenericCreate\000"
 1862      75654765 
 1862      6E657269 
 1862      63437265 
 1862      61746500 
 1863              	.LASF41:
 1864 018e 76506F72 		.ascii	"vPortFree\000"
 1864      74467265 
 1864      6500
 1865              	.LASF2:
 1866 0198 73686F72 		.ascii	"short int\000"
 1866      7420696E 
ARM GAS  C:\Users\karthik\AppData\Local\Temp\cckOEOg9.s 			page 38


 1866      7400
 1867              	.LASF39:
 1868 01a2 73747263 		.ascii	"strcasecmp\000"
 1868      61736563 
 1868      6D7000
 1869              	.LASF51:
 1870 01ad 51756575 		.ascii	"QueueDefinition\000"
 1870      65446566 
 1870      696E6974 
 1870      696F6E00 
 1871              	.LASF29:
 1872 01bd 7374726C 		.ascii	"strlen\000"
 1872      656E00
 1873              	.LASF37:
 1874 01c4 50696E5F 		.ascii	"Pin_LED_Write\000"
 1874      4C45445F 
 1874      57726974 
 1874      6500
 1875              	.LASF26:
 1876 01d2 6C65645F 		.ascii	"led_task\000"
 1876      7461736B 
 1876      00
 1877              	.LASF10:
 1878 01db 6C6F6E67 		.ascii	"long long unsigned int\000"
 1878      206C6F6E 
 1878      6720756E 
 1878      7369676E 
 1878      65642069 
 1879              	.LASF15:
 1880 01f2 75696E74 		.ascii	"uint8_t\000"
 1880      385F7400 
 1881              	.LASF42:
 1882 01fa 46726565 		.ascii	"FreeRTOS_Start\000"
 1882      52544F53 
 1882      5F537461 
 1882      727400
 1883              	.LASF40:
 1884 0209 50696E5F 		.ascii	"Pin_LED_Read\000"
 1884      4C45445F 
 1884      52656164 
 1884      00
 1885              	.LASF52:
 1886 0216 6D61696E 		.ascii	"main\000"
 1886      00
 1887              	.LASF16:
 1888 021b 696E7433 		.ascii	"int32_t\000"
 1888      325F7400 
 1889              	.LASF35:
 1890 0223 55415254 		.ascii	"UART_PutChar\000"
 1890      5F507574 
 1890      43686172 
 1890      00
 1891              	.LASF13:
 1892 0230 73697A65 		.ascii	"sizetype\000"
 1892      74797065 
 1892      00
 1893              	.LASF9:
ARM GAS  C:\Users\karthik\AppData\Local\Temp\cckOEOg9.s 			page 39


 1894 0239 6C6F6E67 		.ascii	"long long int\000"
 1894      206C6F6E 
 1894      6720696E 
 1894      7400
 1895              	.LASF49:
 1896 0247 6D61696E 		.ascii	"main.c\000"
 1896      2E6300
 1897              	.LASF14:
 1898 024e 63686172 		.ascii	"char\000"
 1898      00
 1899              	.LASF24:
 1900 0253 696E6465 		.ascii	"index\000"
 1900      7800
 1901              	.LASF34:
 1902 0259 55415254 		.ascii	"UART_GetChar\000"
 1902      5F476574 
 1902      43686172 
 1902      00
 1903              	.LASF30:
 1904 0266 7076506F 		.ascii	"pvPortMalloc\000"
 1904      72744D61 
 1904      6C6C6F63 
 1904      00
 1905              	.LASF32:
 1906 0273 78517565 		.ascii	"xQueueGenericSend\000"
 1906      75654765 
 1906      6E657269 
 1906      6353656E 
 1906      6400
 1907              	.LASF23:
 1908 0285 62756666 		.ascii	"buffer\000"
 1908      657200
 1909              	.LASF50:
 1910 028c 433A5C49 		.ascii	"C:\\IIITB\\Summer Term\\Summer Term\\freertos_test\\"
 1910      49495442 
 1910      5C53756D 
 1910      6D657220 
 1910      5465726D 
 1911 02bb 30303751 		.ascii	"007Queue.cydsn\000"
 1911      75657565 
 1911      2E637964 
 1911      736E00
 1912              	.LASF17:
 1913 02ca 75696E74 		.ascii	"uint32_t\000"
 1913      33325F74 
 1913      00
 1914              	.LASF6:
 1915 02d3 6C6F6E67 		.ascii	"long int\000"
 1915      20696E74 
 1915      00
 1916              	.LASF36:
 1917 02dc 76546173 		.ascii	"vTaskDelay\000"
 1917      6B44656C 
 1917      617900
 1918              	.LASF12:
 1919 02e7 6C6F6E67 		.ascii	"long double\000"
 1919      20646F75 
ARM GAS  C:\Users\karthik\AppData\Local\Temp\cckOEOg9.s 			page 40


 1919      626C6500 
 1920              	.LASF0:
 1921 02f3 7369676E 		.ascii	"signed char\000"
 1921      65642063 
 1921      68617200 
 1922              	.LASF19:
 1923 02ff 646F7562 		.ascii	"double\000"
 1923      6C6500
 1924              	.LASF33:
 1925 0306 55415254 		.ascii	"UART_PutString\000"
 1925      5F507574 
 1925      53747269 
 1925      6E6700
 1926              	.LASF20:
 1927 0315 42617365 		.ascii	"BaseType_t\000"
 1927      54797065 
 1927      5F7400
 1928              	.LASF46:
 1929 0320 78546173 		.ascii	"xTaskCreate\000"
 1929      6B437265 
 1929      61746500 
 1930              		.ident	"GCC: (GNU Tools for ARM Embedded Processors) 5.4.1 20160609 (release) [ARM/embedded-5-bran
