ARM GAS  C:\Users\karthik\AppData\Local\Temp\ccP5IQd9.s 			page 1


   1              		.syntax unified
   2              		.cpu cortex-m3
   3              		.fpu softvfp
   4              		.eabi_attribute 20, 1
   5              		.eabi_attribute 21, 1
   6              		.eabi_attribute 23, 3
   7              		.eabi_attribute 24, 1
   8              		.eabi_attribute 25, 1
   9              		.eabi_attribute 26, 1
  10              		.eabi_attribute 30, 1
  11              		.eabi_attribute 34, 1
  12              		.eabi_attribute 18, 4
  13              		.thumb
  14              		.syntax unified
  15              		.file	"main.c"
  16              		.text
  17              	.Ltext0:
  18              		.cfi_sections	.debug_frame
  19              		.section	.text.uart_input_task,"ax",%progbits
  20              		.align	2
  21              		.global	uart_input_task
  22              		.thumb
  23              		.thumb_func
  24              		.type	uart_input_task, %function
  25              	uart_input_task:
  26              	.LFB69:
  27              		.file 1 "main.c"
   1:main.c        **** #include <stdio.h>
   2:main.c        **** #include <stdlib.h>
   3:main.c        **** #include <string.h>
   4:main.c        **** #include "project.h"
   5:main.c        **** #include "FreeRTOS.h"
   6:main.c        **** #include "task.h"
   7:main.c        **** #include "semphr.h"
   8:main.c        **** 
   9:main.c        **** extern void FreeRTOS_Start();
  10:main.c        **** 
  11:main.c        **** SemaphoreHandle_t led_semaphore;
  12:main.c        **** 
  13:main.c        **** void uart_input_task(void *ptr) {
  28              		.loc 1 13 0
  29              		.cfi_startproc
  30              		@ args = 0, pretend = 0, frame = 24
  31              		@ frame_needed = 0, uses_anonymous_args = 0
  32              	.LVL0:
  33 0000 30B5     		push	{r4, r5, lr}
  34              		.cfi_def_cfa_offset 12
  35              		.cfi_offset 4, -12
  36              		.cfi_offset 5, -8
  37              		.cfi_offset 14, -4
  38 0002 87B0     		sub	sp, sp, #28
  39              		.cfi_def_cfa_offset 40
  40              	.LVL1:
  14:main.c        ****     char buffer[20];
  15:main.c        ****     uint8_t index = 0;
  41              		.loc 1 15 0
  42 0004 0024     		movs	r4, #0
ARM GAS  C:\Users\karthik\AppData\Local\Temp\ccP5IQd9.s 			page 2


  43              	.LVL2:
  44              	.L7:
  45              	.LBB2:
  16:main.c        **** 
  17:main.c        ****     while(1) {
  18:main.c        ****         char ch = UART_GetChar();
  46              		.loc 1 18 0
  47 0006 FFF7FEFF 		bl	UART_GetChar
  48              	.LVL3:
  19:main.c        ****         if(ch != 0u && ch != 0xFF) { // Valid character
  49              		.loc 1 19 0
  50 000a 431E     		subs	r3, r0, #1
  51 000c DBB2     		uxtb	r3, r3
  52 000e FD2B     		cmp	r3, #253
  53 0010 33D8     		bhi	.L2
  20:main.c        ****             if(ch == '\r' || ch == '\n') { // End of line
  54              		.loc 1 20 0
  55 0012 0D28     		cmp	r0, #13
  56 0014 01D0     		beq	.L3
  57              		.loc 1 20 0 is_stmt 0 discriminator 1
  58 0016 0A28     		cmp	r0, #10
  59 0018 24D1     		bne	.L4
  60              	.L3:
  21:main.c        ****                 buffer[index] = '\0';
  61              		.loc 1 21 0 is_stmt 1
  62 001a 06AB     		add	r3, sp, #24
  63 001c 1C44     		add	r4, r4, r3
  64              	.LVL4:
  65 001e 0023     		movs	r3, #0
  66 0020 04F8143C 		strb	r3, [r4, #-20]
  67              	.LVL5:
  22:main.c        ****                 index = 0;
  23:main.c        ****                 if( (strcmp(buffer, "toggle") == 0) || (strcmp(buffer, "Toggle") == 0) || (strcmp(b
  68              		.loc 1 23 0
  69 0024 1749     		ldr	r1, .L9
  70 0026 01A8     		add	r0, sp, #4
  71              	.LVL6:
  72 0028 FFF7FEFF 		bl	strcmp
  73              	.LVL7:
  74 002c 48B1     		cbz	r0, .L5
  75              		.loc 1 23 0 is_stmt 0 discriminator 1
  76 002e 1649     		ldr	r1, .L9+4
  77 0030 01A8     		add	r0, sp, #4
  78 0032 FFF7FEFF 		bl	strcmp
  79              	.LVL8:
  80 0036 20B1     		cbz	r0, .L5
  81              		.loc 1 23 0 discriminator 2
  82 0038 1449     		ldr	r1, .L9+8
  83 003a 01A8     		add	r0, sp, #4
  84 003c FFF7FEFF 		bl	strcmp
  85              	.LVL9:
  86 0040 58B9     		cbnz	r0, .L6
  87              	.L5:
  24:main.c        ****                     UART_PutString("\r\nToggle command received\r\n");
  88              		.loc 1 24 0 is_stmt 1
  89 0042 1348     		ldr	r0, .L9+12
  90 0044 FFF7FEFF 		bl	UART_PutString
ARM GAS  C:\Users\karthik\AppData\Local\Temp\ccP5IQd9.s 			page 3


  91              	.LVL10:
  25:main.c        ****                     xSemaphoreGive(led_semaphore); // Give semaphore to LED task
  92              		.loc 1 25 0
  93 0048 0023     		movs	r3, #0
  94 004a 1A46     		mov	r2, r3
  95 004c 1946     		mov	r1, r3
  96 004e 1148     		ldr	r0, .L9+16
  97 0050 0068     		ldr	r0, [r0]
  98 0052 FFF7FEFF 		bl	xQueueGenericSend
  99              	.LVL11:
  22:main.c        ****                 index = 0;
 100              		.loc 1 22 0
 101 0056 0024     		movs	r4, #0
 102              		.loc 1 25 0
 103 0058 0FE0     		b	.L2
 104              	.L6:
  26:main.c        ****                 } else {
  27:main.c        ****                     UART_PutString("\r\nUnknown command\r\n");
 105              		.loc 1 27 0
 106 005a 0F48     		ldr	r0, .L9+20
 107 005c FFF7FEFF 		bl	UART_PutString
 108              	.LVL12:
  22:main.c        ****                 if( (strcmp(buffer, "toggle") == 0) || (strcmp(buffer, "Toggle") == 0) || (strcmp(b
 109              		.loc 1 22 0
 110 0060 0024     		movs	r4, #0
 111 0062 0AE0     		b	.L2
 112              	.LVL13:
 113              	.L4:
  28:main.c        ****                 }
  29:main.c        ****             } else if(index < sizeof(buffer) - 1) {
 114              		.loc 1 29 0
 115 0064 122C     		cmp	r4, #18
 116 0066 08D8     		bhi	.L2
  30:main.c        ****                 buffer[index++] = ch;
 117              		.loc 1 30 0
 118 0068 651C     		adds	r5, r4, #1
 119 006a EDB2     		uxtb	r5, r5
 120              	.LVL14:
 121 006c 06AB     		add	r3, sp, #24
 122 006e 1C44     		add	r4, r4, r3
 123 0070 04F8140C 		strb	r0, [r4, #-20]
  31:main.c        ****                 UART_PutChar(ch); // Echo back to user
 124              		.loc 1 31 0
 125 0074 FFF7FEFF 		bl	UART_PutChar
 126              	.LVL15:
  30:main.c        ****                 buffer[index++] = ch;
 127              		.loc 1 30 0
 128 0078 2C46     		mov	r4, r5
 129              	.LVL16:
 130              	.L2:
  32:main.c        ****             }
  33:main.c        ****         }
  34:main.c        ****         vTaskDelay(10); // Small delay to allow context switch
 131              		.loc 1 34 0
 132 007a 0A20     		movs	r0, #10
 133 007c FFF7FEFF 		bl	vTaskDelay
 134              	.LVL17:
ARM GAS  C:\Users\karthik\AppData\Local\Temp\ccP5IQd9.s 			page 4


 135              	.LBE2:
  35:main.c        ****     }
 136              		.loc 1 35 0
 137 0080 C1E7     		b	.L7
 138              	.L10:
 139 0082 00BF     		.align	2
 140              	.L9:
 141 0084 00000000 		.word	.LC0
 142 0088 08000000 		.word	.LC1
 143 008c 10000000 		.word	.LC2
 144 0090 18000000 		.word	.LC3
 145 0094 00000000 		.word	led_semaphore
 146 0098 34000000 		.word	.LC4
 147              		.cfi_endproc
 148              	.LFE69:
 149              		.size	uart_input_task, .-uart_input_task
 150              		.section	.text.led_task,"ax",%progbits
 151              		.align	2
 152              		.global	led_task
 153              		.thumb
 154              		.thumb_func
 155              		.type	led_task, %function
 156              	led_task:
 157              	.LFB70:
  36:main.c        **** }
  37:main.c        **** 
  38:main.c        **** void led_task(void *ptr) {
 158              		.loc 1 38 0
 159              		.cfi_startproc
 160              		@ Volatile: function does not return.
 161              		@ args = 0, pretend = 0, frame = 0
 162              		@ frame_needed = 0, uses_anonymous_args = 0
 163              	.LVL18:
 164 0000 08B5     		push	{r3, lr}
 165              		.cfi_def_cfa_offset 8
 166              		.cfi_offset 3, -8
 167              		.cfi_offset 14, -4
 168              	.LVL19:
 169              	.L12:
  39:main.c        ****     while(1) {
  40:main.c        ****         if(xSemaphoreTake(led_semaphore, portMAX_DELAY) == pdTRUE) {
 170              		.loc 1 40 0
 171 0002 4FF0FF31 		mov	r1, #-1
 172 0006 0B4B     		ldr	r3, .L17
 173 0008 1868     		ldr	r0, [r3]
 174 000a FFF7FEFF 		bl	xQueueSemaphoreTake
 175              	.LVL20:
 176 000e 0128     		cmp	r0, #1
 177 0010 F7D1     		bne	.L12
  41:main.c        ****             led_Write(!led_Read());
 178              		.loc 1 41 0
 179 0012 FFF7FEFF 		bl	led_Read
 180              	.LVL21:
 181 0016 B0FA80F0 		clz	r0, r0
 182 001a 4009     		lsrs	r0, r0, #5
 183 001c FFF7FEFF 		bl	led_Write
 184              	.LVL22:
ARM GAS  C:\Users\karthik\AppData\Local\Temp\ccP5IQd9.s 			page 5


  42:main.c        ****             UART_PutString(led_Read() ? "LED ON\r\n" : "LED OFF\r\n");
 185              		.loc 1 42 0
 186 0020 FFF7FEFF 		bl	led_Read
 187              	.LVL23:
 188 0024 08B1     		cbz	r0, .L15
 189 0026 0448     		ldr	r0, .L17+4
 190 0028 00E0     		b	.L13
 191              	.L15:
 192 002a 0448     		ldr	r0, .L17+8
 193              	.L13:
 194              		.loc 1 42 0 is_stmt 0 discriminator 4
 195 002c FFF7FEFF 		bl	UART_PutString
 196              	.LVL24:
 197 0030 E7E7     		b	.L12
 198              	.L18:
 199 0032 00BF     		.align	2
 200              	.L17:
 201 0034 00000000 		.word	led_semaphore
 202 0038 48000000 		.word	.LC5
 203 003c 54000000 		.word	.LC6
 204              		.cfi_endproc
 205              	.LFE70:
 206              		.size	led_task, .-led_task
 207              		.section	.text.main,"ax",%progbits
 208              		.align	2
 209              		.global	main
 210              		.thumb
 211              		.thumb_func
 212              		.type	main, %function
 213              	main:
 214              	.LFB71:
  43:main.c        ****         }
  44:main.c        ****     }
  45:main.c        **** }
  46:main.c        **** 
  47:main.c        **** int main(void)
  48:main.c        **** {
 215              		.loc 1 48 0 is_stmt 1
 216              		.cfi_startproc
 217              		@ Volatile: function does not return.
 218              		@ args = 0, pretend = 0, frame = 0
 219              		@ frame_needed = 0, uses_anonymous_args = 0
 220 0000 00B5     		push	{lr}
 221              		.cfi_def_cfa_offset 4
 222              		.cfi_offset 14, -4
 223 0002 83B0     		sub	sp, sp, #12
 224              		.cfi_def_cfa_offset 16
  49:main.c        ****     CyGlobalIntEnable;
 225              		.loc 1 49 0
 226              		.syntax unified
 227              	@ 49 "main.c" 1
 228 0004 62B6     		CPSIE   i
 229              	@ 0 "" 2
  50:main.c        ****     FreeRTOS_Start();
 230              		.loc 1 50 0
 231              		.thumb
 232              		.syntax unified
ARM GAS  C:\Users\karthik\AppData\Local\Temp\ccP5IQd9.s 			page 6


 233 0006 FFF7FEFF 		bl	FreeRTOS_Start
 234              	.LVL25:
  51:main.c        ****     UART_Start();
 235              		.loc 1 51 0
 236 000a FFF7FEFF 		bl	UART_Start
 237              	.LVL26:
  52:main.c        ****     UART_ClearTxBuffer();
 238              		.loc 1 52 0
 239 000e FFF7FEFF 		bl	UART_ClearTxBuffer
 240              	.LVL27:
  53:main.c        ****     led_semaphore = xSemaphoreCreateBinary();
 241              		.loc 1 53 0
 242 0012 0322     		movs	r2, #3
 243 0014 0021     		movs	r1, #0
 244 0016 0120     		movs	r0, #1
 245 0018 FFF7FEFF 		bl	xQueueGenericCreate
 246              	.LVL28:
 247 001c 0E4B     		ldr	r3, .L24
 248 001e 1860     		str	r0, [r3]
  54:main.c        ****     if(led_semaphore == NULL) {
 249              		.loc 1 54 0
 250 0020 18B9     		cbnz	r0, .L20
  55:main.c        ****         UART_PutString("Failed to create semaphore\r\n");
 251              		.loc 1 55 0
 252 0022 0E48     		ldr	r0, .L24+4
 253 0024 FFF7FEFF 		bl	UART_PutString
 254              	.LVL29:
 255              	.L21:
 256 0028 FEE7     		b	.L21
 257              	.L20:
  56:main.c        ****         while(1);
  57:main.c        ****     }
  58:main.c        ****     xTaskCreate(uart_input_task, "UART Task", 200, NULL, 3, NULL);
 258              		.loc 1 58 0
 259 002a 0024     		movs	r4, #0
 260 002c 0194     		str	r4, [sp, #4]
 261 002e 0323     		movs	r3, #3
 262 0030 0093     		str	r3, [sp]
 263 0032 2346     		mov	r3, r4
 264 0034 C822     		movs	r2, #200
 265 0036 0A49     		ldr	r1, .L24+8
 266 0038 0A48     		ldr	r0, .L24+12
 267 003a FFF7FEFF 		bl	xTaskCreate
 268              	.LVL30:
  59:main.c        ****     xTaskCreate(led_task, "LED Task", 200, NULL, 2, NULL);
 269              		.loc 1 59 0
 270 003e 0194     		str	r4, [sp, #4]
 271 0040 0223     		movs	r3, #2
 272 0042 0093     		str	r3, [sp]
 273 0044 2346     		mov	r3, r4
 274 0046 C822     		movs	r2, #200
 275 0048 0749     		ldr	r1, .L24+16
 276 004a 0848     		ldr	r0, .L24+20
 277 004c FFF7FEFF 		bl	xTaskCreate
 278              	.LVL31:
  60:main.c        ****     vTaskStartScheduler();
 279              		.loc 1 60 0
ARM GAS  C:\Users\karthik\AppData\Local\Temp\ccP5IQd9.s 			page 7


 280 0050 FFF7FEFF 		bl	vTaskStartScheduler
 281              	.LVL32:
 282              	.L22:
 283 0054 FEE7     		b	.L22
 284              	.L25:
 285 0056 00BF     		.align	2
 286              	.L24:
 287 0058 00000000 		.word	led_semaphore
 288 005c 60000000 		.word	.LC7
 289 0060 80000000 		.word	.LC8
 290 0064 00000000 		.word	uart_input_task
 291 0068 8C000000 		.word	.LC9
 292 006c 00000000 		.word	led_task
 293              		.cfi_endproc
 294              	.LFE71:
 295              		.size	main, .-main
 296              		.comm	led_semaphore,4,4
 297              		.section	.rodata.str1.4,"aMS",%progbits,1
 298              		.align	2
 299              	.LC0:
 300 0000 746F6767 		.ascii	"toggle\000"
 300      6C6500
 301 0007 00       		.space	1
 302              	.LC1:
 303 0008 546F6767 		.ascii	"Toggle\000"
 303      6C6500
 304 000f 00       		.space	1
 305              	.LC2:
 306 0010 544F4747 		.ascii	"TOGGLE\000"
 306      4C4500
 307 0017 00       		.space	1
 308              	.LC3:
 309 0018 0D0A546F 		.ascii	"\015\012Toggle command received\015\012\000"
 309      67676C65 
 309      20636F6D 
 309      6D616E64 
 309      20726563 
 310              	.LC4:
 311 0034 0D0A556E 		.ascii	"\015\012Unknown command\015\012\000"
 311      6B6E6F77 
 311      6E20636F 
 311      6D6D616E 
 311      640D0A00 
 312              	.LC5:
 313 0048 4C454420 		.ascii	"LED ON\015\012\000"
 313      4F4E0D0A 
 313      00
 314 0051 000000   		.space	3
 315              	.LC6:
 316 0054 4C454420 		.ascii	"LED OFF\015\012\000"
 316      4F46460D 
 316      0A00
 317 005e 0000     		.space	2
 318              	.LC7:
 319 0060 4661696C 		.ascii	"Failed to create semaphore\015\012\000"
 319      65642074 
 319      6F206372 
ARM GAS  C:\Users\karthik\AppData\Local\Temp\ccP5IQd9.s 			page 8


 319      65617465 
 319      2073656D 
 320 007d 000000   		.space	3
 321              	.LC8:
 322 0080 55415254 		.ascii	"UART Task\000"
 322      20546173 
 322      6B00
 323 008a 0000     		.space	2
 324              	.LC9:
 325 008c 4C454420 		.ascii	"LED Task\000"
 325      5461736B 
 325      00
 326              		.text
 327              	.Letext0:
 328              		.file 2 "c:\\program files (x86)\\cypress\\psoc creator\\4.4\\psoc creator\\import\\gnu\\arm\\5.4.
 329              		.file 3 "c:\\program files (x86)\\cypress\\psoc creator\\4.4\\psoc creator\\import\\gnu\\arm\\5.4.
 330              		.file 4 "..\\FreeRTOS\\Source\\portable\\GCC\\ARM_CM3/portmacro.h"
 331              		.file 5 "..\\FreeRTOS\\Source\\include/queue.h"
 332              		.file 6 "..\\FreeRTOS\\Source\\include/semphr.h"
 333              		.file 7 "Generated_Source\\PSoC5/core_cm3.h"
 334              		.file 8 "Generated_Source\\PSoC5/UART.h"
 335              		.file 9 "c:\\program files (x86)\\cypress\\psoc creator\\4.4\\psoc creator\\import\\gnu\\arm\\5.4.
 336              		.file 10 "..\\FreeRTOS\\Source\\include/task.h"
 337              		.file 11 "Generated_Source\\PSoC5/led.h"
 338              		.section	.debug_info,"",%progbits
 339              	.Ldebug_info0:
 340 0000 4C040000 		.4byte	0x44c
 341 0004 0400     		.2byte	0x4
 342 0006 00000000 		.4byte	.Ldebug_abbrev0
 343 000a 04       		.byte	0x4
 344 000b 01       		.uleb128 0x1
 345 000c A5000000 		.4byte	.LASF46
 346 0010 0C       		.byte	0xc
 347 0011 6D020000 		.4byte	.LASF47
 348 0015 76010000 		.4byte	.LASF48
 349 0019 00000000 		.4byte	.Ldebug_ranges0+0
 350 001d 00000000 		.4byte	0
 351 0021 00000000 		.4byte	.Ldebug_line0
 352 0025 02       		.uleb128 0x2
 353 0026 01       		.byte	0x1
 354 0027 06       		.byte	0x6
 355 0028 CE020000 		.4byte	.LASF0
 356 002c 03       		.uleb128 0x3
 357 002d 00000000 		.4byte	.LASF4
 358 0031 02       		.byte	0x2
 359 0032 1D       		.byte	0x1d
 360 0033 37000000 		.4byte	0x37
 361 0037 02       		.uleb128 0x2
 362 0038 01       		.byte	0x1
 363 0039 08       		.byte	0x8
 364 003a 68010000 		.4byte	.LASF1
 365 003e 02       		.uleb128 0x2
 366 003f 02       		.byte	0x2
 367 0040 05       		.byte	0x5
 368 0041 DE010000 		.4byte	.LASF2
 369 0045 02       		.uleb128 0x2
 370 0046 02       		.byte	0x2
ARM GAS  C:\Users\karthik\AppData\Local\Temp\ccP5IQd9.s 			page 9


 371 0047 07       		.byte	0x7
 372 0048 2D000000 		.4byte	.LASF3
 373 004c 03       		.uleb128 0x3
 374 004d 23000000 		.4byte	.LASF5
 375 0051 02       		.byte	0x2
 376 0052 3F       		.byte	0x3f
 377 0053 57000000 		.4byte	0x57
 378 0057 02       		.uleb128 0x2
 379 0058 04       		.byte	0x4
 380 0059 05       		.byte	0x5
 381 005a AE020000 		.4byte	.LASF6
 382 005e 03       		.uleb128 0x3
 383 005f 33010000 		.4byte	.LASF7
 384 0063 02       		.byte	0x2
 385 0064 41       		.byte	0x41
 386 0065 69000000 		.4byte	0x69
 387 0069 02       		.uleb128 0x2
 388 006a 04       		.byte	0x4
 389 006b 07       		.byte	0x7
 390 006c 3E010000 		.4byte	.LASF8
 391 0070 02       		.uleb128 0x2
 392 0071 08       		.byte	0x8
 393 0072 05       		.byte	0x5
 394 0073 5F020000 		.4byte	.LASF9
 395 0077 02       		.uleb128 0x2
 396 0078 08       		.byte	0x8
 397 0079 07       		.byte	0x7
 398 007a 0E020000 		.4byte	.LASF10
 399 007e 04       		.uleb128 0x4
 400 007f 04       		.byte	0x4
 401 0080 05       		.byte	0x5
 402 0081 696E7400 		.ascii	"int\000"
 403 0085 02       		.uleb128 0x2
 404 0086 04       		.byte	0x4
 405 0087 07       		.byte	0x7
 406 0088 F8010000 		.4byte	.LASF11
 407 008c 02       		.uleb128 0x2
 408 008d 08       		.byte	0x8
 409 008e 04       		.byte	0x4
 410 008f C2020000 		.4byte	.LASF12
 411 0093 05       		.uleb128 0x5
 412 0094 04       		.byte	0x4
 413 0095 02       		.uleb128 0x2
 414 0096 04       		.byte	0x4
 415 0097 07       		.byte	0x7
 416 0098 56020000 		.4byte	.LASF13
 417 009c 02       		.uleb128 0x2
 418 009d 01       		.byte	0x1
 419 009e 08       		.byte	0x8
 420 009f 74020000 		.4byte	.LASF14
 421 00a3 03       		.uleb128 0x3
 422 00a4 25020000 		.4byte	.LASF15
 423 00a8 03       		.byte	0x3
 424 00a9 18       		.byte	0x18
 425 00aa 2C000000 		.4byte	0x2c
 426 00ae 03       		.uleb128 0x3
 427 00af 41020000 		.4byte	.LASF16
ARM GAS  C:\Users\karthik\AppData\Local\Temp\ccP5IQd9.s 			page 10


 428 00b3 03       		.byte	0x3
 429 00b4 2C       		.byte	0x2c
 430 00b5 4C000000 		.4byte	0x4c
 431 00b9 03       		.uleb128 0x3
 432 00ba A5020000 		.4byte	.LASF17
 433 00be 03       		.byte	0x3
 434 00bf 30       		.byte	0x30
 435 00c0 5E000000 		.4byte	0x5e
 436 00c4 02       		.uleb128 0x2
 437 00c5 04       		.byte	0x4
 438 00c6 04       		.byte	0x4
 439 00c7 85000000 		.4byte	.LASF18
 440 00cb 02       		.uleb128 0x2
 441 00cc 08       		.byte	0x8
 442 00cd 04       		.byte	0x4
 443 00ce DA020000 		.4byte	.LASF19
 444 00d2 03       		.uleb128 0x3
 445 00d3 10030000 		.4byte	.LASF20
 446 00d7 04       		.byte	0x4
 447 00d8 38       		.byte	0x38
 448 00d9 57000000 		.4byte	0x57
 449 00dd 03       		.uleb128 0x3
 450 00de F5020000 		.4byte	.LASF21
 451 00e2 04       		.byte	0x4
 452 00e3 39       		.byte	0x39
 453 00e4 69000000 		.4byte	0x69
 454 00e8 03       		.uleb128 0x3
 455 00e9 18000000 		.4byte	.LASF22
 456 00ed 04       		.byte	0x4
 457 00ee 3F       		.byte	0x3f
 458 00ef B9000000 		.4byte	0xb9
 459 00f3 03       		.uleb128 0x3
 460 00f4 40000000 		.4byte	.LASF23
 461 00f8 05       		.byte	0x5
 462 00f9 30       		.byte	0x30
 463 00fa FE000000 		.4byte	0xfe
 464 00fe 06       		.uleb128 0x6
 465 00ff 04       		.byte	0x4
 466 0100 04010000 		.4byte	0x104
 467 0104 07       		.uleb128 0x7
 468 0105 E8010000 		.4byte	.LASF49
 469 0109 03       		.uleb128 0x3
 470 010a CC010000 		.4byte	.LASF24
 471 010e 06       		.byte	0x6
 472 010f 25       		.byte	0x25
 473 0110 F3000000 		.4byte	0xf3
 474 0114 08       		.uleb128 0x8
 475 0115 62000000 		.4byte	.LASF27
 476 0119 01       		.byte	0x1
 477 011a 0D       		.byte	0xd
 478 011b 00000000 		.4byte	.LFB69
 479 011f 9C000000 		.4byte	.LFE69-.LFB69
 480 0123 01       		.uleb128 0x1
 481 0124 9C       		.byte	0x9c
 482 0125 31020000 		.4byte	0x231
 483 0129 09       		.uleb128 0x9
 484 012a 70747200 		.ascii	"ptr\000"
ARM GAS  C:\Users\karthik\AppData\Local\Temp\ccP5IQd9.s 			page 11


 485 012e 01       		.byte	0x1
 486 012f 0D       		.byte	0xd
 487 0130 93000000 		.4byte	0x93
 488 0134 00000000 		.4byte	.LLST0
 489 0138 0A       		.uleb128 0xa
 490 0139 9E020000 		.4byte	.LASF25
 491 013d 01       		.byte	0x1
 492 013e 0E       		.byte	0xe
 493 013f 31020000 		.4byte	0x231
 494 0143 02       		.uleb128 0x2
 495 0144 91       		.byte	0x91
 496 0145 5C       		.sleb128 -36
 497 0146 0B       		.uleb128 0xb
 498 0147 79020000 		.4byte	.LASF26
 499 014b 01       		.byte	0x1
 500 014c 0F       		.byte	0xf
 501 014d A3000000 		.4byte	0xa3
 502 0151 21000000 		.4byte	.LLST1
 503 0155 0C       		.uleb128 0xc
 504 0156 06000000 		.4byte	.LBB2
 505 015a 7A000000 		.4byte	.LBE2-.LBB2
 506 015e 0D       		.uleb128 0xd
 507 015f 636800   		.ascii	"ch\000"
 508 0162 01       		.byte	0x1
 509 0163 12       		.byte	0x12
 510 0164 9C000000 		.4byte	0x9c
 511 0168 6D000000 		.4byte	.LLST2
 512 016c 0E       		.uleb128 0xe
 513 016d 0A000000 		.4byte	.LVL3
 514 0171 A4030000 		.4byte	0x3a4
 515 0175 0F       		.uleb128 0xf
 516 0176 2C000000 		.4byte	.LVL7
 517 017a AF030000 		.4byte	0x3af
 518 017e 92010000 		.4byte	0x192
 519 0182 10       		.uleb128 0x10
 520 0183 01       		.uleb128 0x1
 521 0184 50       		.byte	0x50
 522 0185 02       		.uleb128 0x2
 523 0186 91       		.byte	0x91
 524 0187 5C       		.sleb128 -36
 525 0188 10       		.uleb128 0x10
 526 0189 01       		.uleb128 0x1
 527 018a 51       		.byte	0x51
 528 018b 05       		.uleb128 0x5
 529 018c 03       		.byte	0x3
 530 018d 00000000 		.4byte	.LC0
 531 0191 00       		.byte	0
 532 0192 0F       		.uleb128 0xf
 533 0193 36000000 		.4byte	.LVL8
 534 0197 AF030000 		.4byte	0x3af
 535 019b AF010000 		.4byte	0x1af
 536 019f 10       		.uleb128 0x10
 537 01a0 01       		.uleb128 0x1
 538 01a1 50       		.byte	0x50
 539 01a2 02       		.uleb128 0x2
 540 01a3 91       		.byte	0x91
 541 01a4 5C       		.sleb128 -36
ARM GAS  C:\Users\karthik\AppData\Local\Temp\ccP5IQd9.s 			page 12


 542 01a5 10       		.uleb128 0x10
 543 01a6 01       		.uleb128 0x1
 544 01a7 51       		.byte	0x51
 545 01a8 05       		.uleb128 0x5
 546 01a9 03       		.byte	0x3
 547 01aa 08000000 		.4byte	.LC1
 548 01ae 00       		.byte	0
 549 01af 0F       		.uleb128 0xf
 550 01b0 40000000 		.4byte	.LVL9
 551 01b4 AF030000 		.4byte	0x3af
 552 01b8 CC010000 		.4byte	0x1cc
 553 01bc 10       		.uleb128 0x10
 554 01bd 01       		.uleb128 0x1
 555 01be 50       		.byte	0x50
 556 01bf 02       		.uleb128 0x2
 557 01c0 91       		.byte	0x91
 558 01c1 5C       		.sleb128 -36
 559 01c2 10       		.uleb128 0x10
 560 01c3 01       		.uleb128 0x1
 561 01c4 51       		.byte	0x51
 562 01c5 05       		.uleb128 0x5
 563 01c6 03       		.byte	0x3
 564 01c7 10000000 		.4byte	.LC2
 565 01cb 00       		.byte	0
 566 01cc 0F       		.uleb128 0xf
 567 01cd 48000000 		.4byte	.LVL10
 568 01d1 BA030000 		.4byte	0x3ba
 569 01d5 E3010000 		.4byte	0x1e3
 570 01d9 10       		.uleb128 0x10
 571 01da 01       		.uleb128 0x1
 572 01db 50       		.byte	0x50
 573 01dc 05       		.uleb128 0x5
 574 01dd 03       		.byte	0x3
 575 01de 18000000 		.4byte	.LC3
 576 01e2 00       		.byte	0
 577 01e3 0F       		.uleb128 0xf
 578 01e4 56000000 		.4byte	.LVL11
 579 01e8 C5030000 		.4byte	0x3c5
 580 01ec 00020000 		.4byte	0x200
 581 01f0 10       		.uleb128 0x10
 582 01f1 01       		.uleb128 0x1
 583 01f2 51       		.byte	0x51
 584 01f3 01       		.uleb128 0x1
 585 01f4 30       		.byte	0x30
 586 01f5 10       		.uleb128 0x10
 587 01f6 01       		.uleb128 0x1
 588 01f7 52       		.byte	0x52
 589 01f8 01       		.uleb128 0x1
 590 01f9 30       		.byte	0x30
 591 01fa 10       		.uleb128 0x10
 592 01fb 01       		.uleb128 0x1
 593 01fc 53       		.byte	0x53
 594 01fd 01       		.uleb128 0x1
 595 01fe 30       		.byte	0x30
 596 01ff 00       		.byte	0
 597 0200 0F       		.uleb128 0xf
 598 0201 60000000 		.4byte	.LVL12
ARM GAS  C:\Users\karthik\AppData\Local\Temp\ccP5IQd9.s 			page 13


 599 0205 BA030000 		.4byte	0x3ba
 600 0209 17020000 		.4byte	0x217
 601 020d 10       		.uleb128 0x10
 602 020e 01       		.uleb128 0x1
 603 020f 50       		.byte	0x50
 604 0210 05       		.uleb128 0x5
 605 0211 03       		.byte	0x3
 606 0212 34000000 		.4byte	.LC4
 607 0216 00       		.byte	0
 608 0217 0E       		.uleb128 0xe
 609 0218 78000000 		.4byte	.LVL15
 610 021c D1030000 		.4byte	0x3d1
 611 0220 11       		.uleb128 0x11
 612 0221 80000000 		.4byte	.LVL17
 613 0225 DC030000 		.4byte	0x3dc
 614 0229 10       		.uleb128 0x10
 615 022a 01       		.uleb128 0x1
 616 022b 50       		.byte	0x50
 617 022c 01       		.uleb128 0x1
 618 022d 3A       		.byte	0x3a
 619 022e 00       		.byte	0
 620 022f 00       		.byte	0
 621 0230 00       		.byte	0
 622 0231 12       		.uleb128 0x12
 623 0232 9C000000 		.4byte	0x9c
 624 0236 41020000 		.4byte	0x241
 625 023a 13       		.uleb128 0x13
 626 023b 95000000 		.4byte	0x95
 627 023f 13       		.byte	0x13
 628 0240 00       		.byte	0
 629 0241 08       		.uleb128 0x8
 630 0242 05020000 		.4byte	.LASF28
 631 0246 01       		.byte	0x1
 632 0247 26       		.byte	0x26
 633 0248 00000000 		.4byte	.LFB70
 634 024c 40000000 		.4byte	.LFE70-.LFB70
 635 0250 01       		.uleb128 0x1
 636 0251 9C       		.byte	0x9c
 637 0252 9E020000 		.4byte	0x29e
 638 0256 09       		.uleb128 0x9
 639 0257 70747200 		.ascii	"ptr\000"
 640 025b 01       		.byte	0x1
 641 025c 26       		.byte	0x26
 642 025d 93000000 		.4byte	0x93
 643 0261 8B000000 		.4byte	.LLST3
 644 0265 0F       		.uleb128 0xf
 645 0266 0E000000 		.4byte	.LVL20
 646 026a E8030000 		.4byte	0x3e8
 647 026e 79020000 		.4byte	0x279
 648 0272 10       		.uleb128 0x10
 649 0273 01       		.uleb128 0x1
 650 0274 51       		.byte	0x51
 651 0275 02       		.uleb128 0x2
 652 0276 09       		.byte	0x9
 653 0277 FF       		.byte	0xff
 654 0278 00       		.byte	0
 655 0279 0E       		.uleb128 0xe
ARM GAS  C:\Users\karthik\AppData\Local\Temp\ccP5IQd9.s 			page 14


 656 027a 16000000 		.4byte	.LVL21
 657 027e F4030000 		.4byte	0x3f4
 658 0282 0E       		.uleb128 0xe
 659 0283 20000000 		.4byte	.LVL22
 660 0287 FF030000 		.4byte	0x3ff
 661 028b 0E       		.uleb128 0xe
 662 028c 24000000 		.4byte	.LVL23
 663 0290 F4030000 		.4byte	0x3f4
 664 0294 0E       		.uleb128 0xe
 665 0295 30000000 		.4byte	.LVL24
 666 0299 BA030000 		.4byte	0x3ba
 667 029d 00       		.byte	0
 668 029e 14       		.uleb128 0x14
 669 029f 3C020000 		.4byte	.LASF50
 670 02a3 01       		.byte	0x1
 671 02a4 2F       		.byte	0x2f
 672 02a5 7E000000 		.4byte	0x7e
 673 02a9 00000000 		.4byte	.LFB71
 674 02ad 70000000 		.4byte	.LFE71-.LFB71
 675 02b1 01       		.uleb128 0x1
 676 02b2 9C       		.byte	0x9c
 677 02b3 82030000 		.4byte	0x382
 678 02b7 0E       		.uleb128 0xe
 679 02b8 0A000000 		.4byte	.LVL25
 680 02bc 0A040000 		.4byte	0x40a
 681 02c0 0E       		.uleb128 0xe
 682 02c1 0E000000 		.4byte	.LVL26
 683 02c5 15040000 		.4byte	0x415
 684 02c9 0E       		.uleb128 0xe
 685 02ca 12000000 		.4byte	.LVL27
 686 02ce 20040000 		.4byte	0x420
 687 02d2 0F       		.uleb128 0xf
 688 02d3 1C000000 		.4byte	.LVL28
 689 02d7 2B040000 		.4byte	0x42b
 690 02db EF020000 		.4byte	0x2ef
 691 02df 10       		.uleb128 0x10
 692 02e0 01       		.uleb128 0x1
 693 02e1 50       		.byte	0x50
 694 02e2 01       		.uleb128 0x1
 695 02e3 31       		.byte	0x31
 696 02e4 10       		.uleb128 0x10
 697 02e5 01       		.uleb128 0x1
 698 02e6 51       		.byte	0x51
 699 02e7 01       		.uleb128 0x1
 700 02e8 30       		.byte	0x30
 701 02e9 10       		.uleb128 0x10
 702 02ea 01       		.uleb128 0x1
 703 02eb 52       		.byte	0x52
 704 02ec 01       		.uleb128 0x1
 705 02ed 33       		.byte	0x33
 706 02ee 00       		.byte	0
 707 02ef 0F       		.uleb128 0xf
 708 02f0 28000000 		.4byte	.LVL29
 709 02f4 BA030000 		.4byte	0x3ba
 710 02f8 06030000 		.4byte	0x306
 711 02fc 10       		.uleb128 0x10
 712 02fd 01       		.uleb128 0x1
ARM GAS  C:\Users\karthik\AppData\Local\Temp\ccP5IQd9.s 			page 15


 713 02fe 50       		.byte	0x50
 714 02ff 05       		.uleb128 0x5
 715 0300 03       		.byte	0x3
 716 0301 60000000 		.4byte	.LC7
 717 0305 00       		.byte	0
 718 0306 0F       		.uleb128 0xf
 719 0307 3E000000 		.4byte	.LVL30
 720 030b 37040000 		.4byte	0x437
 721 030f 3F030000 		.4byte	0x33f
 722 0313 10       		.uleb128 0x10
 723 0314 01       		.uleb128 0x1
 724 0315 50       		.byte	0x50
 725 0316 05       		.uleb128 0x5
 726 0317 03       		.byte	0x3
 727 0318 00000000 		.4byte	uart_input_task
 728 031c 10       		.uleb128 0x10
 729 031d 01       		.uleb128 0x1
 730 031e 51       		.byte	0x51
 731 031f 05       		.uleb128 0x5
 732 0320 03       		.byte	0x3
 733 0321 80000000 		.4byte	.LC8
 734 0325 10       		.uleb128 0x10
 735 0326 01       		.uleb128 0x1
 736 0327 52       		.byte	0x52
 737 0328 02       		.uleb128 0x2
 738 0329 08       		.byte	0x8
 739 032a C8       		.byte	0xc8
 740 032b 10       		.uleb128 0x10
 741 032c 01       		.uleb128 0x1
 742 032d 53       		.byte	0x53
 743 032e 02       		.uleb128 0x2
 744 032f 74       		.byte	0x74
 745 0330 00       		.sleb128 0
 746 0331 10       		.uleb128 0x10
 747 0332 02       		.uleb128 0x2
 748 0333 7D       		.byte	0x7d
 749 0334 00       		.sleb128 0
 750 0335 01       		.uleb128 0x1
 751 0336 33       		.byte	0x33
 752 0337 10       		.uleb128 0x10
 753 0338 02       		.uleb128 0x2
 754 0339 7D       		.byte	0x7d
 755 033a 04       		.sleb128 4
 756 033b 02       		.uleb128 0x2
 757 033c 74       		.byte	0x74
 758 033d 00       		.sleb128 0
 759 033e 00       		.byte	0
 760 033f 0F       		.uleb128 0xf
 761 0340 50000000 		.4byte	.LVL31
 762 0344 37040000 		.4byte	0x437
 763 0348 78030000 		.4byte	0x378
 764 034c 10       		.uleb128 0x10
 765 034d 01       		.uleb128 0x1
 766 034e 50       		.byte	0x50
 767 034f 05       		.uleb128 0x5
 768 0350 03       		.byte	0x3
 769 0351 00000000 		.4byte	led_task
ARM GAS  C:\Users\karthik\AppData\Local\Temp\ccP5IQd9.s 			page 16


 770 0355 10       		.uleb128 0x10
 771 0356 01       		.uleb128 0x1
 772 0357 51       		.byte	0x51
 773 0358 05       		.uleb128 0x5
 774 0359 03       		.byte	0x3
 775 035a 8C000000 		.4byte	.LC9
 776 035e 10       		.uleb128 0x10
 777 035f 01       		.uleb128 0x1
 778 0360 52       		.byte	0x52
 779 0361 02       		.uleb128 0x2
 780 0362 08       		.byte	0x8
 781 0363 C8       		.byte	0xc8
 782 0364 10       		.uleb128 0x10
 783 0365 01       		.uleb128 0x1
 784 0366 53       		.byte	0x53
 785 0367 02       		.uleb128 0x2
 786 0368 74       		.byte	0x74
 787 0369 00       		.sleb128 0
 788 036a 10       		.uleb128 0x10
 789 036b 02       		.uleb128 0x2
 790 036c 7D       		.byte	0x7d
 791 036d 00       		.sleb128 0
 792 036e 01       		.uleb128 0x1
 793 036f 32       		.byte	0x32
 794 0370 10       		.uleb128 0x10
 795 0371 02       		.uleb128 0x2
 796 0372 7D       		.byte	0x7d
 797 0373 04       		.sleb128 4
 798 0374 02       		.uleb128 0x2
 799 0375 74       		.byte	0x74
 800 0376 00       		.sleb128 0
 801 0377 00       		.byte	0
 802 0378 0E       		.uleb128 0xe
 803 0379 54000000 		.4byte	.LVL32
 804 037d 43040000 		.4byte	0x443
 805 0381 00       		.byte	0
 806 0382 15       		.uleb128 0x15
 807 0383 5B010000 		.4byte	.LASF29
 808 0387 07       		.byte	0x7
 809 0388 1207     		.2byte	0x712
 810 038a 8E030000 		.4byte	0x38e
 811 038e 16       		.uleb128 0x16
 812 038f AE000000 		.4byte	0xae
 813 0393 17       		.uleb128 0x17
 814 0394 0A000000 		.4byte	.LASF30
 815 0398 01       		.byte	0x1
 816 0399 0B       		.byte	0xb
 817 039a 09010000 		.4byte	0x109
 818 039e 05       		.uleb128 0x5
 819 039f 03       		.byte	0x3
 820 03a0 00000000 		.4byte	led_semaphore
 821 03a4 18       		.uleb128 0x18
 822 03a5 7F020000 		.4byte	.LASF31
 823 03a9 7F020000 		.4byte	.LASF31
 824 03ad 08       		.byte	0x8
 825 03ae 71       		.byte	0x71
 826 03af 18       		.uleb128 0x18
ARM GAS  C:\Users\karthik\AppData\Local\Temp\ccP5IQd9.s 			page 17


 827 03b0 8B000000 		.4byte	.LASF32
 828 03b4 8B000000 		.4byte	.LASF32
 829 03b8 09       		.byte	0x9
 830 03b9 1C       		.byte	0x1c
 831 03ba 18       		.uleb128 0x18
 832 03bb 01030000 		.4byte	.LASF33
 833 03bf 01030000 		.4byte	.LASF33
 834 03c3 08       		.byte	0x8
 835 03c4 8B       		.byte	0x8b
 836 03c5 19       		.uleb128 0x19
 837 03c6 8C020000 		.4byte	.LASF34
 838 03ca 8C020000 		.4byte	.LASF34
 839 03ce 05       		.byte	0x5
 840 03cf 8A02     		.2byte	0x28a
 841 03d1 18       		.uleb128 0x18
 842 03d2 49020000 		.4byte	.LASF35
 843 03d6 49020000 		.4byte	.LASF35
 844 03da 08       		.byte	0x8
 845 03db 8A       		.byte	0x8a
 846 03dc 19       		.uleb128 0x19
 847 03dd B7020000 		.4byte	.LASF36
 848 03e1 B7020000 		.4byte	.LASF36
 849 03e5 0A       		.byte	0xa
 850 03e6 F602     		.2byte	0x2f6
 851 03e8 19       		.uleb128 0x19
 852 03e9 E1020000 		.4byte	.LASF37
 853 03ed E1020000 		.4byte	.LASF37
 854 03f1 05       		.byte	0x5
 855 03f2 8A05     		.2byte	0x58a
 856 03f4 18       		.uleb128 0x18
 857 03f5 72000000 		.4byte	.LASF38
 858 03f9 72000000 		.4byte	.LASF38
 859 03fd 0B       		.byte	0xb
 860 03fe 29       		.byte	0x29
 861 03ff 18       		.uleb128 0x18
 862 0400 7B000000 		.4byte	.LASF39
 863 0404 7B000000 		.4byte	.LASF39
 864 0408 0B       		.byte	0xb
 865 0409 26       		.byte	0x26
 866 040a 18       		.uleb128 0x18
 867 040b 2D020000 		.4byte	.LASF40
 868 040f 2D020000 		.4byte	.LASF40
 869 0413 01       		.byte	0x1
 870 0414 09       		.byte	0x9
 871 0415 18       		.uleb128 0x18
 872 0416 50010000 		.4byte	.LASF41
 873 041a 50010000 		.4byte	.LASF41
 874 041e 08       		.byte	0x8
 875 041f 54       		.byte	0x54
 876 0420 18       		.uleb128 0x18
 877 0421 92000000 		.4byte	.LASF42
 878 0425 92000000 		.4byte	.LASF42
 879 0429 08       		.byte	0x8
 880 042a 8F       		.byte	0x8f
 881 042b 19       		.uleb128 0x19
 882 042c B8010000 		.4byte	.LASF43
 883 0430 B8010000 		.4byte	.LASF43
ARM GAS  C:\Users\karthik\AppData\Local\Temp\ccP5IQd9.s 			page 18


 884 0434 05       		.byte	0x5
 885 0435 D805     		.2byte	0x5d8
 886 0437 19       		.uleb128 0x19
 887 0438 1B030000 		.4byte	.LASF44
 888 043c 1B030000 		.4byte	.LASF44
 889 0440 0A       		.byte	0xa
 890 0441 4A01     		.2byte	0x14a
 891 0443 19       		.uleb128 0x19
 892 0444 4E000000 		.4byte	.LASF45
 893 0448 4E000000 		.4byte	.LASF45
 894 044c 0A       		.byte	0xa
 895 044d 9704     		.2byte	0x497
 896 044f 00       		.byte	0
 897              		.section	.debug_abbrev,"",%progbits
 898              	.Ldebug_abbrev0:
 899 0000 01       		.uleb128 0x1
 900 0001 11       		.uleb128 0x11
 901 0002 01       		.byte	0x1
 902 0003 25       		.uleb128 0x25
 903 0004 0E       		.uleb128 0xe
 904 0005 13       		.uleb128 0x13
 905 0006 0B       		.uleb128 0xb
 906 0007 03       		.uleb128 0x3
 907 0008 0E       		.uleb128 0xe
 908 0009 1B       		.uleb128 0x1b
 909 000a 0E       		.uleb128 0xe
 910 000b 55       		.uleb128 0x55
 911 000c 17       		.uleb128 0x17
 912 000d 11       		.uleb128 0x11
 913 000e 01       		.uleb128 0x1
 914 000f 10       		.uleb128 0x10
 915 0010 17       		.uleb128 0x17
 916 0011 00       		.byte	0
 917 0012 00       		.byte	0
 918 0013 02       		.uleb128 0x2
 919 0014 24       		.uleb128 0x24
 920 0015 00       		.byte	0
 921 0016 0B       		.uleb128 0xb
 922 0017 0B       		.uleb128 0xb
 923 0018 3E       		.uleb128 0x3e
 924 0019 0B       		.uleb128 0xb
 925 001a 03       		.uleb128 0x3
 926 001b 0E       		.uleb128 0xe
 927 001c 00       		.byte	0
 928 001d 00       		.byte	0
 929 001e 03       		.uleb128 0x3
 930 001f 16       		.uleb128 0x16
 931 0020 00       		.byte	0
 932 0021 03       		.uleb128 0x3
 933 0022 0E       		.uleb128 0xe
 934 0023 3A       		.uleb128 0x3a
 935 0024 0B       		.uleb128 0xb
 936 0025 3B       		.uleb128 0x3b
 937 0026 0B       		.uleb128 0xb
 938 0027 49       		.uleb128 0x49
 939 0028 13       		.uleb128 0x13
 940 0029 00       		.byte	0
ARM GAS  C:\Users\karthik\AppData\Local\Temp\ccP5IQd9.s 			page 19


 941 002a 00       		.byte	0
 942 002b 04       		.uleb128 0x4
 943 002c 24       		.uleb128 0x24
 944 002d 00       		.byte	0
 945 002e 0B       		.uleb128 0xb
 946 002f 0B       		.uleb128 0xb
 947 0030 3E       		.uleb128 0x3e
 948 0031 0B       		.uleb128 0xb
 949 0032 03       		.uleb128 0x3
 950 0033 08       		.uleb128 0x8
 951 0034 00       		.byte	0
 952 0035 00       		.byte	0
 953 0036 05       		.uleb128 0x5
 954 0037 0F       		.uleb128 0xf
 955 0038 00       		.byte	0
 956 0039 0B       		.uleb128 0xb
 957 003a 0B       		.uleb128 0xb
 958 003b 00       		.byte	0
 959 003c 00       		.byte	0
 960 003d 06       		.uleb128 0x6
 961 003e 0F       		.uleb128 0xf
 962 003f 00       		.byte	0
 963 0040 0B       		.uleb128 0xb
 964 0041 0B       		.uleb128 0xb
 965 0042 49       		.uleb128 0x49
 966 0043 13       		.uleb128 0x13
 967 0044 00       		.byte	0
 968 0045 00       		.byte	0
 969 0046 07       		.uleb128 0x7
 970 0047 13       		.uleb128 0x13
 971 0048 00       		.byte	0
 972 0049 03       		.uleb128 0x3
 973 004a 0E       		.uleb128 0xe
 974 004b 3C       		.uleb128 0x3c
 975 004c 19       		.uleb128 0x19
 976 004d 00       		.byte	0
 977 004e 00       		.byte	0
 978 004f 08       		.uleb128 0x8
 979 0050 2E       		.uleb128 0x2e
 980 0051 01       		.byte	0x1
 981 0052 3F       		.uleb128 0x3f
 982 0053 19       		.uleb128 0x19
 983 0054 03       		.uleb128 0x3
 984 0055 0E       		.uleb128 0xe
 985 0056 3A       		.uleb128 0x3a
 986 0057 0B       		.uleb128 0xb
 987 0058 3B       		.uleb128 0x3b
 988 0059 0B       		.uleb128 0xb
 989 005a 27       		.uleb128 0x27
 990 005b 19       		.uleb128 0x19
 991 005c 8701     		.uleb128 0x87
 992 005e 19       		.uleb128 0x19
 993 005f 11       		.uleb128 0x11
 994 0060 01       		.uleb128 0x1
 995 0061 12       		.uleb128 0x12
 996 0062 06       		.uleb128 0x6
 997 0063 40       		.uleb128 0x40
ARM GAS  C:\Users\karthik\AppData\Local\Temp\ccP5IQd9.s 			page 20


 998 0064 18       		.uleb128 0x18
 999 0065 9742     		.uleb128 0x2117
 1000 0067 19       		.uleb128 0x19
 1001 0068 01       		.uleb128 0x1
 1002 0069 13       		.uleb128 0x13
 1003 006a 00       		.byte	0
 1004 006b 00       		.byte	0
 1005 006c 09       		.uleb128 0x9
 1006 006d 05       		.uleb128 0x5
 1007 006e 00       		.byte	0
 1008 006f 03       		.uleb128 0x3
 1009 0070 08       		.uleb128 0x8
 1010 0071 3A       		.uleb128 0x3a
 1011 0072 0B       		.uleb128 0xb
 1012 0073 3B       		.uleb128 0x3b
 1013 0074 0B       		.uleb128 0xb
 1014 0075 49       		.uleb128 0x49
 1015 0076 13       		.uleb128 0x13
 1016 0077 02       		.uleb128 0x2
 1017 0078 17       		.uleb128 0x17
 1018 0079 00       		.byte	0
 1019 007a 00       		.byte	0
 1020 007b 0A       		.uleb128 0xa
 1021 007c 34       		.uleb128 0x34
 1022 007d 00       		.byte	0
 1023 007e 03       		.uleb128 0x3
 1024 007f 0E       		.uleb128 0xe
 1025 0080 3A       		.uleb128 0x3a
 1026 0081 0B       		.uleb128 0xb
 1027 0082 3B       		.uleb128 0x3b
 1028 0083 0B       		.uleb128 0xb
 1029 0084 49       		.uleb128 0x49
 1030 0085 13       		.uleb128 0x13
 1031 0086 02       		.uleb128 0x2
 1032 0087 18       		.uleb128 0x18
 1033 0088 00       		.byte	0
 1034 0089 00       		.byte	0
 1035 008a 0B       		.uleb128 0xb
 1036 008b 34       		.uleb128 0x34
 1037 008c 00       		.byte	0
 1038 008d 03       		.uleb128 0x3
 1039 008e 0E       		.uleb128 0xe
 1040 008f 3A       		.uleb128 0x3a
 1041 0090 0B       		.uleb128 0xb
 1042 0091 3B       		.uleb128 0x3b
 1043 0092 0B       		.uleb128 0xb
 1044 0093 49       		.uleb128 0x49
 1045 0094 13       		.uleb128 0x13
 1046 0095 02       		.uleb128 0x2
 1047 0096 17       		.uleb128 0x17
 1048 0097 00       		.byte	0
 1049 0098 00       		.byte	0
 1050 0099 0C       		.uleb128 0xc
 1051 009a 0B       		.uleb128 0xb
 1052 009b 01       		.byte	0x1
 1053 009c 11       		.uleb128 0x11
 1054 009d 01       		.uleb128 0x1
ARM GAS  C:\Users\karthik\AppData\Local\Temp\ccP5IQd9.s 			page 21


 1055 009e 12       		.uleb128 0x12
 1056 009f 06       		.uleb128 0x6
 1057 00a0 00       		.byte	0
 1058 00a1 00       		.byte	0
 1059 00a2 0D       		.uleb128 0xd
 1060 00a3 34       		.uleb128 0x34
 1061 00a4 00       		.byte	0
 1062 00a5 03       		.uleb128 0x3
 1063 00a6 08       		.uleb128 0x8
 1064 00a7 3A       		.uleb128 0x3a
 1065 00a8 0B       		.uleb128 0xb
 1066 00a9 3B       		.uleb128 0x3b
 1067 00aa 0B       		.uleb128 0xb
 1068 00ab 49       		.uleb128 0x49
 1069 00ac 13       		.uleb128 0x13
 1070 00ad 02       		.uleb128 0x2
 1071 00ae 17       		.uleb128 0x17
 1072 00af 00       		.byte	0
 1073 00b0 00       		.byte	0
 1074 00b1 0E       		.uleb128 0xe
 1075 00b2 898201   		.uleb128 0x4109
 1076 00b5 00       		.byte	0
 1077 00b6 11       		.uleb128 0x11
 1078 00b7 01       		.uleb128 0x1
 1079 00b8 31       		.uleb128 0x31
 1080 00b9 13       		.uleb128 0x13
 1081 00ba 00       		.byte	0
 1082 00bb 00       		.byte	0
 1083 00bc 0F       		.uleb128 0xf
 1084 00bd 898201   		.uleb128 0x4109
 1085 00c0 01       		.byte	0x1
 1086 00c1 11       		.uleb128 0x11
 1087 00c2 01       		.uleb128 0x1
 1088 00c3 31       		.uleb128 0x31
 1089 00c4 13       		.uleb128 0x13
 1090 00c5 01       		.uleb128 0x1
 1091 00c6 13       		.uleb128 0x13
 1092 00c7 00       		.byte	0
 1093 00c8 00       		.byte	0
 1094 00c9 10       		.uleb128 0x10
 1095 00ca 8A8201   		.uleb128 0x410a
 1096 00cd 00       		.byte	0
 1097 00ce 02       		.uleb128 0x2
 1098 00cf 18       		.uleb128 0x18
 1099 00d0 9142     		.uleb128 0x2111
 1100 00d2 18       		.uleb128 0x18
 1101 00d3 00       		.byte	0
 1102 00d4 00       		.byte	0
 1103 00d5 11       		.uleb128 0x11
 1104 00d6 898201   		.uleb128 0x4109
 1105 00d9 01       		.byte	0x1
 1106 00da 11       		.uleb128 0x11
 1107 00db 01       		.uleb128 0x1
 1108 00dc 31       		.uleb128 0x31
 1109 00dd 13       		.uleb128 0x13
 1110 00de 00       		.byte	0
 1111 00df 00       		.byte	0
ARM GAS  C:\Users\karthik\AppData\Local\Temp\ccP5IQd9.s 			page 22


 1112 00e0 12       		.uleb128 0x12
 1113 00e1 01       		.uleb128 0x1
 1114 00e2 01       		.byte	0x1
 1115 00e3 49       		.uleb128 0x49
 1116 00e4 13       		.uleb128 0x13
 1117 00e5 01       		.uleb128 0x1
 1118 00e6 13       		.uleb128 0x13
 1119 00e7 00       		.byte	0
 1120 00e8 00       		.byte	0
 1121 00e9 13       		.uleb128 0x13
 1122 00ea 21       		.uleb128 0x21
 1123 00eb 00       		.byte	0
 1124 00ec 49       		.uleb128 0x49
 1125 00ed 13       		.uleb128 0x13
 1126 00ee 2F       		.uleb128 0x2f
 1127 00ef 0B       		.uleb128 0xb
 1128 00f0 00       		.byte	0
 1129 00f1 00       		.byte	0
 1130 00f2 14       		.uleb128 0x14
 1131 00f3 2E       		.uleb128 0x2e
 1132 00f4 01       		.byte	0x1
 1133 00f5 3F       		.uleb128 0x3f
 1134 00f6 19       		.uleb128 0x19
 1135 00f7 03       		.uleb128 0x3
 1136 00f8 0E       		.uleb128 0xe
 1137 00f9 3A       		.uleb128 0x3a
 1138 00fa 0B       		.uleb128 0xb
 1139 00fb 3B       		.uleb128 0x3b
 1140 00fc 0B       		.uleb128 0xb
 1141 00fd 27       		.uleb128 0x27
 1142 00fe 19       		.uleb128 0x19
 1143 00ff 49       		.uleb128 0x49
 1144 0100 13       		.uleb128 0x13
 1145 0101 8701     		.uleb128 0x87
 1146 0103 19       		.uleb128 0x19
 1147 0104 11       		.uleb128 0x11
 1148 0105 01       		.uleb128 0x1
 1149 0106 12       		.uleb128 0x12
 1150 0107 06       		.uleb128 0x6
 1151 0108 40       		.uleb128 0x40
 1152 0109 18       		.uleb128 0x18
 1153 010a 9742     		.uleb128 0x2117
 1154 010c 19       		.uleb128 0x19
 1155 010d 01       		.uleb128 0x1
 1156 010e 13       		.uleb128 0x13
 1157 010f 00       		.byte	0
 1158 0110 00       		.byte	0
 1159 0111 15       		.uleb128 0x15
 1160 0112 34       		.uleb128 0x34
 1161 0113 00       		.byte	0
 1162 0114 03       		.uleb128 0x3
 1163 0115 0E       		.uleb128 0xe
 1164 0116 3A       		.uleb128 0x3a
 1165 0117 0B       		.uleb128 0xb
 1166 0118 3B       		.uleb128 0x3b
 1167 0119 05       		.uleb128 0x5
 1168 011a 49       		.uleb128 0x49
ARM GAS  C:\Users\karthik\AppData\Local\Temp\ccP5IQd9.s 			page 23


 1169 011b 13       		.uleb128 0x13
 1170 011c 3F       		.uleb128 0x3f
 1171 011d 19       		.uleb128 0x19
 1172 011e 3C       		.uleb128 0x3c
 1173 011f 19       		.uleb128 0x19
 1174 0120 00       		.byte	0
 1175 0121 00       		.byte	0
 1176 0122 16       		.uleb128 0x16
 1177 0123 35       		.uleb128 0x35
 1178 0124 00       		.byte	0
 1179 0125 49       		.uleb128 0x49
 1180 0126 13       		.uleb128 0x13
 1181 0127 00       		.byte	0
 1182 0128 00       		.byte	0
 1183 0129 17       		.uleb128 0x17
 1184 012a 34       		.uleb128 0x34
 1185 012b 00       		.byte	0
 1186 012c 03       		.uleb128 0x3
 1187 012d 0E       		.uleb128 0xe
 1188 012e 3A       		.uleb128 0x3a
 1189 012f 0B       		.uleb128 0xb
 1190 0130 3B       		.uleb128 0x3b
 1191 0131 0B       		.uleb128 0xb
 1192 0132 49       		.uleb128 0x49
 1193 0133 13       		.uleb128 0x13
 1194 0134 3F       		.uleb128 0x3f
 1195 0135 19       		.uleb128 0x19
 1196 0136 02       		.uleb128 0x2
 1197 0137 18       		.uleb128 0x18
 1198 0138 00       		.byte	0
 1199 0139 00       		.byte	0
 1200 013a 18       		.uleb128 0x18
 1201 013b 2E       		.uleb128 0x2e
 1202 013c 00       		.byte	0
 1203 013d 3F       		.uleb128 0x3f
 1204 013e 19       		.uleb128 0x19
 1205 013f 3C       		.uleb128 0x3c
 1206 0140 19       		.uleb128 0x19
 1207 0141 6E       		.uleb128 0x6e
 1208 0142 0E       		.uleb128 0xe
 1209 0143 03       		.uleb128 0x3
 1210 0144 0E       		.uleb128 0xe
 1211 0145 3A       		.uleb128 0x3a
 1212 0146 0B       		.uleb128 0xb
 1213 0147 3B       		.uleb128 0x3b
 1214 0148 0B       		.uleb128 0xb
 1215 0149 00       		.byte	0
 1216 014a 00       		.byte	0
 1217 014b 19       		.uleb128 0x19
 1218 014c 2E       		.uleb128 0x2e
 1219 014d 00       		.byte	0
 1220 014e 3F       		.uleb128 0x3f
 1221 014f 19       		.uleb128 0x19
 1222 0150 3C       		.uleb128 0x3c
 1223 0151 19       		.uleb128 0x19
 1224 0152 6E       		.uleb128 0x6e
 1225 0153 0E       		.uleb128 0xe
ARM GAS  C:\Users\karthik\AppData\Local\Temp\ccP5IQd9.s 			page 24


 1226 0154 03       		.uleb128 0x3
 1227 0155 0E       		.uleb128 0xe
 1228 0156 3A       		.uleb128 0x3a
 1229 0157 0B       		.uleb128 0xb
 1230 0158 3B       		.uleb128 0x3b
 1231 0159 05       		.uleb128 0x5
 1232 015a 00       		.byte	0
 1233 015b 00       		.byte	0
 1234 015c 00       		.byte	0
 1235              		.section	.debug_loc,"",%progbits
 1236              	.Ldebug_loc0:
 1237              	.LLST0:
 1238 0000 00000000 		.4byte	.LVL0
 1239 0004 06000000 		.4byte	.LVL2
 1240 0008 0100     		.2byte	0x1
 1241 000a 50       		.byte	0x50
 1242 000b 06000000 		.4byte	.LVL2
 1243 000f 9C000000 		.4byte	.LFE69
 1244 0013 0400     		.2byte	0x4
 1245 0015 F3       		.byte	0xf3
 1246 0016 01       		.uleb128 0x1
 1247 0017 50       		.byte	0x50
 1248 0018 9F       		.byte	0x9f
 1249 0019 00000000 		.4byte	0
 1250 001d 00000000 		.4byte	0
 1251              	.LLST1:
 1252 0021 04000000 		.4byte	.LVL1
 1253 0025 06000000 		.4byte	.LVL2
 1254 0029 0200     		.2byte	0x2
 1255 002b 30       		.byte	0x30
 1256 002c 9F       		.byte	0x9f
 1257 002d 06000000 		.4byte	.LVL2
 1258 0031 1E000000 		.4byte	.LVL4
 1259 0035 0100     		.2byte	0x1
 1260 0037 54       		.byte	0x54
 1261 0038 24000000 		.4byte	.LVL5
 1262 003c 64000000 		.4byte	.LVL13
 1263 0040 0200     		.2byte	0x2
 1264 0042 30       		.byte	0x30
 1265 0043 9F       		.byte	0x9f
 1266 0044 64000000 		.4byte	.LVL13
 1267 0048 6C000000 		.4byte	.LVL14
 1268 004c 0100     		.2byte	0x1
 1269 004e 54       		.byte	0x54
 1270 004f 6C000000 		.4byte	.LVL14
 1271 0053 7A000000 		.4byte	.LVL16
 1272 0057 0100     		.2byte	0x1
 1273 0059 55       		.byte	0x55
 1274 005a 7A000000 		.4byte	.LVL16
 1275 005e 9C000000 		.4byte	.LFE69
 1276 0062 0100     		.2byte	0x1
 1277 0064 54       		.byte	0x54
 1278 0065 00000000 		.4byte	0
 1279 0069 00000000 		.4byte	0
 1280              	.LLST2:
 1281 006d 0A000000 		.4byte	.LVL3
 1282 0071 28000000 		.4byte	.LVL6
ARM GAS  C:\Users\karthik\AppData\Local\Temp\ccP5IQd9.s 			page 25


 1283 0075 0100     		.2byte	0x1
 1284 0077 50       		.byte	0x50
 1285 0078 64000000 		.4byte	.LVL13
 1286 007c 77000000 		.4byte	.LVL15-1
 1287 0080 0100     		.2byte	0x1
 1288 0082 50       		.byte	0x50
 1289 0083 00000000 		.4byte	0
 1290 0087 00000000 		.4byte	0
 1291              	.LLST3:
 1292 008b 00000000 		.4byte	.LVL18
 1293 008f 02000000 		.4byte	.LVL19
 1294 0093 0100     		.2byte	0x1
 1295 0095 50       		.byte	0x50
 1296 0096 02000000 		.4byte	.LVL19
 1297 009a 40000000 		.4byte	.LFE70
 1298 009e 0400     		.2byte	0x4
 1299 00a0 F3       		.byte	0xf3
 1300 00a1 01       		.uleb128 0x1
 1301 00a2 50       		.byte	0x50
 1302 00a3 9F       		.byte	0x9f
 1303 00a4 00000000 		.4byte	0
 1304 00a8 00000000 		.4byte	0
 1305              		.section	.debug_aranges,"",%progbits
 1306 0000 2C000000 		.4byte	0x2c
 1307 0004 0200     		.2byte	0x2
 1308 0006 00000000 		.4byte	.Ldebug_info0
 1309 000a 04       		.byte	0x4
 1310 000b 00       		.byte	0
 1311 000c 0000     		.2byte	0
 1312 000e 0000     		.2byte	0
 1313 0010 00000000 		.4byte	.LFB69
 1314 0014 9C000000 		.4byte	.LFE69-.LFB69
 1315 0018 00000000 		.4byte	.LFB70
 1316 001c 40000000 		.4byte	.LFE70-.LFB70
 1317 0020 00000000 		.4byte	.LFB71
 1318 0024 70000000 		.4byte	.LFE71-.LFB71
 1319 0028 00000000 		.4byte	0
 1320 002c 00000000 		.4byte	0
 1321              		.section	.debug_ranges,"",%progbits
 1322              	.Ldebug_ranges0:
 1323 0000 00000000 		.4byte	.LFB69
 1324 0004 9C000000 		.4byte	.LFE69
 1325 0008 00000000 		.4byte	.LFB70
 1326 000c 40000000 		.4byte	.LFE70
 1327 0010 00000000 		.4byte	.LFB71
 1328 0014 70000000 		.4byte	.LFE71
 1329 0018 00000000 		.4byte	0
 1330 001c 00000000 		.4byte	0
 1331              		.section	.debug_line,"",%progbits
 1332              	.Ldebug_line0:
 1333 0000 A4020000 		.section	.debug_str,"MS",%progbits,1
 1333      02003902 
 1333      00000201 
 1333      FB0E0D00 
 1333      01010101 
 1334              	.LASF4:
 1335 0000 5F5F7569 		.ascii	"__uint8_t\000"
ARM GAS  C:\Users\karthik\AppData\Local\Temp\ccP5IQd9.s 			page 26


 1335      6E74385F 
 1335      7400
 1336              	.LASF30:
 1337 000a 6C65645F 		.ascii	"led_semaphore\000"
 1337      73656D61 
 1337      70686F72 
 1337      6500
 1338              	.LASF22:
 1339 0018 5469636B 		.ascii	"TickType_t\000"
 1339      54797065 
 1339      5F7400
 1340              	.LASF5:
 1341 0023 5F5F696E 		.ascii	"__int32_t\000"
 1341      7433325F 
 1341      7400
 1342              	.LASF3:
 1343 002d 73686F72 		.ascii	"short unsigned int\000"
 1343      7420756E 
 1343      7369676E 
 1343      65642069 
 1343      6E7400
 1344              	.LASF23:
 1345 0040 51756575 		.ascii	"QueueHandle_t\000"
 1345      6548616E 
 1345      646C655F 
 1345      7400
 1346              	.LASF45:
 1347 004e 76546173 		.ascii	"vTaskStartScheduler\000"
 1347      6B537461 
 1347      72745363 
 1347      68656475 
 1347      6C657200 
 1348              	.LASF27:
 1349 0062 75617274 		.ascii	"uart_input_task\000"
 1349      5F696E70 
 1349      75745F74 
 1349      61736B00 
 1350              	.LASF38:
 1351 0072 6C65645F 		.ascii	"led_Read\000"
 1351      52656164 
 1351      00
 1352              	.LASF39:
 1353 007b 6C65645F 		.ascii	"led_Write\000"
 1353      57726974 
 1353      6500
 1354              	.LASF18:
 1355 0085 666C6F61 		.ascii	"float\000"
 1355      7400
 1356              	.LASF32:
 1357 008b 73747263 		.ascii	"strcmp\000"
 1357      6D7000
 1358              	.LASF42:
 1359 0092 55415254 		.ascii	"UART_ClearTxBuffer\000"
 1359      5F436C65 
 1359      61725478 
 1359      42756666 
 1359      657200
ARM GAS  C:\Users\karthik\AppData\Local\Temp\ccP5IQd9.s 			page 27


 1360              	.LASF46:
 1361 00a5 474E5520 		.ascii	"GNU C11 5.4.1 20160609 (release) [ARM/embedded-5-br"
 1361      43313120 
 1361      352E342E 
 1361      31203230 
 1361      31363036 
 1362 00d8 616E6368 		.ascii	"anch revision 237715] -mcpu=cortex-m3 -mthumb -g -O"
 1362      20726576 
 1362      6973696F 
 1362      6E203233 
 1362      37373135 
 1363 010b 67202D66 		.ascii	"g -ffunction-sections -ffat-lto-objects\000"
 1363      66756E63 
 1363      74696F6E 
 1363      2D736563 
 1363      74696F6E 
 1364              	.LASF7:
 1365 0133 5F5F7569 		.ascii	"__uint32_t\000"
 1365      6E743332 
 1365      5F7400
 1366              	.LASF8:
 1367 013e 6C6F6E67 		.ascii	"long unsigned int\000"
 1367      20756E73 
 1367      69676E65 
 1367      6420696E 
 1367      7400
 1368              	.LASF41:
 1369 0150 55415254 		.ascii	"UART_Start\000"
 1369      5F537461 
 1369      727400
 1370              	.LASF29:
 1371 015b 49544D5F 		.ascii	"ITM_RxBuffer\000"
 1371      52784275 
 1371      66666572 
 1371      00
 1372              	.LASF1:
 1373 0168 756E7369 		.ascii	"unsigned char\000"
 1373      676E6564 
 1373      20636861 
 1373      7200
 1374              	.LASF48:
 1375 0176 433A5C49 		.ascii	"C:\\IIITB\\Summer Term\\Summer Term\\freertos_test\\"
 1375      49495442 
 1375      5C53756D 
 1375      6D657220 
 1375      5465726D 
 1376 01a5 30303253 		.ascii	"002Semaphore.cydsn\000"
 1376      656D6170 
 1376      686F7265 
 1376      2E637964 
 1376      736E00
 1377              	.LASF43:
 1378 01b8 78517565 		.ascii	"xQueueGenericCreate\000"
 1378      75654765 
 1378      6E657269 
 1378      63437265 
 1378      61746500 
ARM GAS  C:\Users\karthik\AppData\Local\Temp\ccP5IQd9.s 			page 28


 1379              	.LASF24:
 1380 01cc 53656D61 		.ascii	"SemaphoreHandle_t\000"
 1380      70686F72 
 1380      6548616E 
 1380      646C655F 
 1380      7400
 1381              	.LASF2:
 1382 01de 73686F72 		.ascii	"short int\000"
 1382      7420696E 
 1382      7400
 1383              	.LASF49:
 1384 01e8 51756575 		.ascii	"QueueDefinition\000"
 1384      65446566 
 1384      696E6974 
 1384      696F6E00 
 1385              	.LASF11:
 1386 01f8 756E7369 		.ascii	"unsigned int\000"
 1386      676E6564 
 1386      20696E74 
 1386      00
 1387              	.LASF28:
 1388 0205 6C65645F 		.ascii	"led_task\000"
 1388      7461736B 
 1388      00
 1389              	.LASF10:
 1390 020e 6C6F6E67 		.ascii	"long long unsigned int\000"
 1390      206C6F6E 
 1390      6720756E 
 1390      7369676E 
 1390      65642069 
 1391              	.LASF15:
 1392 0225 75696E74 		.ascii	"uint8_t\000"
 1392      385F7400 
 1393              	.LASF40:
 1394 022d 46726565 		.ascii	"FreeRTOS_Start\000"
 1394      52544F53 
 1394      5F537461 
 1394      727400
 1395              	.LASF50:
 1396 023c 6D61696E 		.ascii	"main\000"
 1396      00
 1397              	.LASF16:
 1398 0241 696E7433 		.ascii	"int32_t\000"
 1398      325F7400 
 1399              	.LASF35:
 1400 0249 55415254 		.ascii	"UART_PutChar\000"
 1400      5F507574 
 1400      43686172 
 1400      00
 1401              	.LASF13:
 1402 0256 73697A65 		.ascii	"sizetype\000"
 1402      74797065 
 1402      00
 1403              	.LASF9:
 1404 025f 6C6F6E67 		.ascii	"long long int\000"
 1404      206C6F6E 
 1404      6720696E 
ARM GAS  C:\Users\karthik\AppData\Local\Temp\ccP5IQd9.s 			page 29


 1404      7400
 1405              	.LASF47:
 1406 026d 6D61696E 		.ascii	"main.c\000"
 1406      2E6300
 1407              	.LASF14:
 1408 0274 63686172 		.ascii	"char\000"
 1408      00
 1409              	.LASF26:
 1410 0279 696E6465 		.ascii	"index\000"
 1410      7800
 1411              	.LASF31:
 1412 027f 55415254 		.ascii	"UART_GetChar\000"
 1412      5F476574 
 1412      43686172 
 1412      00
 1413              	.LASF34:
 1414 028c 78517565 		.ascii	"xQueueGenericSend\000"
 1414      75654765 
 1414      6E657269 
 1414      6353656E 
 1414      6400
 1415              	.LASF25:
 1416 029e 62756666 		.ascii	"buffer\000"
 1416      657200
 1417              	.LASF17:
 1418 02a5 75696E74 		.ascii	"uint32_t\000"
 1418      33325F74 
 1418      00
 1419              	.LASF6:
 1420 02ae 6C6F6E67 		.ascii	"long int\000"
 1420      20696E74 
 1420      00
 1421              	.LASF36:
 1422 02b7 76546173 		.ascii	"vTaskDelay\000"
 1422      6B44656C 
 1422      617900
 1423              	.LASF12:
 1424 02c2 6C6F6E67 		.ascii	"long double\000"
 1424      20646F75 
 1424      626C6500 
 1425              	.LASF0:
 1426 02ce 7369676E 		.ascii	"signed char\000"
 1426      65642063 
 1426      68617200 
 1427              	.LASF19:
 1428 02da 646F7562 		.ascii	"double\000"
 1428      6C6500
 1429              	.LASF37:
 1430 02e1 78517565 		.ascii	"xQueueSemaphoreTake\000"
 1430      75655365 
 1430      6D617068 
 1430      6F726554 
 1430      616B6500 
 1431              	.LASF21:
 1432 02f5 55426173 		.ascii	"UBaseType_t\000"
 1432      65547970 
 1432      655F7400 
ARM GAS  C:\Users\karthik\AppData\Local\Temp\ccP5IQd9.s 			page 30


 1433              	.LASF33:
 1434 0301 55415254 		.ascii	"UART_PutString\000"
 1434      5F507574 
 1434      53747269 
 1434      6E6700
 1435              	.LASF20:
 1436 0310 42617365 		.ascii	"BaseType_t\000"
 1436      54797065 
 1436      5F7400
 1437              	.LASF44:
 1438 031b 78546173 		.ascii	"xTaskCreate\000"
 1438      6B437265 
 1438      61746500 
 1439              		.ident	"GCC: (GNU Tools for ARM Embedded Processors) 5.4.1 20160609 (release) [ARM/embedded-5-bran
