ARM GAS  C:\Users\karthik\AppData\Local\Temp\ccEDJisu.s 			page 1


   1              		.syntax unified
   2              		.cpu cortex-m3
   3              		.fpu softvfp
   4              		.eabi_attribute 20, 1
   5              		.eabi_attribute 21, 1
   6              		.eabi_attribute 23, 3
   7              		.eabi_attribute 24, 1
   8              		.eabi_attribute 25, 1
   9              		.eabi_attribute 26, 1
  10              		.eabi_attribute 30, 1
  11              		.eabi_attribute 34, 1
  12              		.eabi_attribute 18, 4
  13              		.thumb
  14              		.syntax unified
  15              		.file	"main.c"
  16              		.text
  17              	.Ltext0:
  18              		.cfi_sections	.debug_frame
  19              		.section	.text.led_on,"ax",%progbits
  20              		.align	2
  21              		.global	led_on
  22              		.thumb
  23              		.thumb_func
  24              		.type	led_on, %function
  25              	led_on:
  26              	.LFB64:
  27              		.file 1 "main.c"
   1:main.c        **** #include "project.h" // Project header file
   2:main.c        **** #include <stdio.h> // Header file to use standard input and output functions
   3:main.c        **** #include <string.h> // Header file to use string functions
   4:main.c        **** void led_on() {
  28              		.loc 1 4 0
  29              		.cfi_startproc
  30              		@ args = 0, pretend = 0, frame = 0
  31              		@ frame_needed = 0, uses_anonymous_args = 0
  32 0000 08B5     		push	{r3, lr}
  33              		.cfi_def_cfa_offset 8
  34              		.cfi_offset 3, -8
  35              		.cfi_offset 14, -4
   5:main.c        ****     UART_PutString("You selected Option 1: LED ON\r\n");
  36              		.loc 1 5 0
  37 0002 0348     		ldr	r0, .L3
  38 0004 FFF7FEFF 		bl	UART_PutString
  39              	.LVL0:
   6:main.c        ****     Pin_LED_Write(1);
  40              		.loc 1 6 0
  41 0008 0120     		movs	r0, #1
  42 000a FFF7FEFF 		bl	Pin_LED_Write
  43              	.LVL1:
  44 000e 08BD     		pop	{r3, pc}
  45              	.L4:
  46              		.align	2
  47              	.L3:
  48 0010 00000000 		.word	.LC1
  49              		.cfi_endproc
  50              	.LFE64:
  51              		.size	led_on, .-led_on
ARM GAS  C:\Users\karthik\AppData\Local\Temp\ccEDJisu.s 			page 2


  52              		.section	.text.led_off,"ax",%progbits
  53              		.align	2
  54              		.global	led_off
  55              		.thumb
  56              		.thumb_func
  57              		.type	led_off, %function
  58              	led_off:
  59              	.LFB65:
   7:main.c        **** }
   8:main.c        **** void led_off() {
  60              		.loc 1 8 0
  61              		.cfi_startproc
  62              		@ args = 0, pretend = 0, frame = 0
  63              		@ frame_needed = 0, uses_anonymous_args = 0
  64 0000 08B5     		push	{r3, lr}
  65              		.cfi_def_cfa_offset 8
  66              		.cfi_offset 3, -8
  67              		.cfi_offset 14, -4
   9:main.c        ****     UART_PutString("You selected Option 2: LED OFF\r\n");
  68              		.loc 1 9 0
  69 0002 0348     		ldr	r0, .L7
  70 0004 FFF7FEFF 		bl	UART_PutString
  71              	.LVL2:
  10:main.c        ****     Pin_LED_Write(0);
  72              		.loc 1 10 0
  73 0008 0020     		movs	r0, #0
  74 000a FFF7FEFF 		bl	Pin_LED_Write
  75              	.LVL3:
  76 000e 08BD     		pop	{r3, pc}
  77              	.L8:
  78              		.align	2
  79              	.L7:
  80 0010 20000000 		.word	.LC2
  81              		.cfi_endproc
  82              	.LFE65:
  83              		.size	led_off, .-led_off
  84              		.section	.text.led_blink,"ax",%progbits
  85              		.align	2
  86              		.global	led_blink
  87              		.thumb
  88              		.thumb_func
  89              		.type	led_blink, %function
  90              	led_blink:
  91              	.LFB66:
  11:main.c        **** }
  12:main.c        **** void led_blink() {
  92              		.loc 1 12 0
  93              		.cfi_startproc
  94              		@ args = 0, pretend = 0, frame = 0
  95              		@ frame_needed = 0, uses_anonymous_args = 0
  96 0000 10B5     		push	{r4, lr}
  97              		.cfi_def_cfa_offset 8
  98              		.cfi_offset 4, -8
  99              		.cfi_offset 14, -4
  13:main.c        ****     UART_PutString("You selected Option 3: Blink LED\r\n");
 100              		.loc 1 13 0
 101 0002 0B48     		ldr	r0, .L13
ARM GAS  C:\Users\karthik\AppData\Local\Temp\ccEDJisu.s 			page 3


 102 0004 FFF7FEFF 		bl	UART_PutString
 103              	.LVL4:
 104              	.LBB2:
  14:main.c        ****     for (int i = 0; i < 5; i++) {
 105              		.loc 1 14 0
 106 0008 0024     		movs	r4, #0
 107 000a 0EE0     		b	.L10
 108              	.LVL5:
 109              	.L11:
  15:main.c        ****         Pin_LED_Write(1);
 110              		.loc 1 15 0 discriminator 3
 111 000c 0120     		movs	r0, #1
 112 000e FFF7FEFF 		bl	Pin_LED_Write
 113              	.LVL6:
  16:main.c        ****         CyDelay(300);
 114              		.loc 1 16 0 discriminator 3
 115 0012 4FF49670 		mov	r0, #300
 116 0016 FFF7FEFF 		bl	CyDelay
 117              	.LVL7:
  17:main.c        ****         Pin_LED_Write(0);
 118              		.loc 1 17 0 discriminator 3
 119 001a 0020     		movs	r0, #0
 120 001c FFF7FEFF 		bl	Pin_LED_Write
 121              	.LVL8:
  18:main.c        ****         CyDelay(300);
 122              		.loc 1 18 0 discriminator 3
 123 0020 4FF49670 		mov	r0, #300
 124 0024 FFF7FEFF 		bl	CyDelay
 125              	.LVL9:
  14:main.c        ****         Pin_LED_Write(1);
 126              		.loc 1 14 0 discriminator 3
 127 0028 0134     		adds	r4, r4, #1
 128              	.LVL10:
 129              	.L10:
  14:main.c        ****         Pin_LED_Write(1);
 130              		.loc 1 14 0 is_stmt 0 discriminator 1
 131 002a 042C     		cmp	r4, #4
 132 002c EEDD     		ble	.L11
 133              	.LBE2:
  19:main.c        ****     }
  20:main.c        **** }
 134              		.loc 1 20 0 is_stmt 1
 135 002e 10BD     		pop	{r4, pc}
 136              	.LVL11:
 137              	.L14:
 138              		.align	2
 139              	.L13:
 140 0030 44000000 		.word	.LC3
 141              		.cfi_endproc
 142              	.LFE66:
 143              		.size	led_blink, .-led_blink
 144              		.section	.text.printMenu,"ax",%progbits
 145              		.align	2
 146              		.global	printMenu
 147              		.thumb
 148              		.thumb_func
 149              		.type	printMenu, %function
ARM GAS  C:\Users\karthik\AppData\Local\Temp\ccEDJisu.s 			page 4


 150              	printMenu:
 151              	.LFB67:
  21:main.c        **** typedef void (*MenuFunction)();
  22:main.c        **** void printMenu() {
 152              		.loc 1 22 0
 153              		.cfi_startproc
 154              		@ args = 0, pretend = 0, frame = 0
 155              		@ frame_needed = 0, uses_anonymous_args = 0
 156 0000 08B5     		push	{r3, lr}
 157              		.cfi_def_cfa_offset 8
 158              		.cfi_offset 3, -8
 159              		.cfi_offset 14, -4
  23:main.c        ****     UART_PutString("\r\n===== MENU =====\r\n");
 160              		.loc 1 23 0
 161 0002 0848     		ldr	r0, .L17
 162 0004 FFF7FEFF 		bl	UART_PutString
 163              	.LVL12:
  24:main.c        ****     UART_PutString("1. Turn LED ON\r\n");
 164              		.loc 1 24 0
 165 0008 0748     		ldr	r0, .L17+4
 166 000a FFF7FEFF 		bl	UART_PutString
 167              	.LVL13:
  25:main.c        ****     UART_PutString("2. Turn LED OFF\r\n");
 168              		.loc 1 25 0
 169 000e 0748     		ldr	r0, .L17+8
 170 0010 FFF7FEFF 		bl	UART_PutString
 171              	.LVL14:
  26:main.c        ****     UART_PutString("3. Blink LED\r\n");
 172              		.loc 1 26 0
 173 0014 0648     		ldr	r0, .L17+12
 174 0016 FFF7FEFF 		bl	UART_PutString
 175              	.LVL15:
  27:main.c        ****     UART_PutString("Enter your choice (1-3): ");
 176              		.loc 1 27 0
 177 001a 0648     		ldr	r0, .L17+16
 178 001c FFF7FEFF 		bl	UART_PutString
 179              	.LVL16:
 180 0020 08BD     		pop	{r3, pc}
 181              	.L18:
 182 0022 00BF     		.align	2
 183              	.L17:
 184 0024 68000000 		.word	.LC4
 185 0028 80000000 		.word	.LC5
 186 002c 94000000 		.word	.LC6
 187 0030 A8000000 		.word	.LC7
 188 0034 B8000000 		.word	.LC8
 189              		.cfi_endproc
 190              	.LFE67:
 191              		.size	printMenu, .-printMenu
 192              		.section	.text.main,"ax",%progbits
 193              		.align	2
 194              		.global	main
 195              		.thumb
 196              		.thumb_func
 197              		.type	main, %function
 198              	main:
 199              	.LFB68:
ARM GAS  C:\Users\karthik\AppData\Local\Temp\ccEDJisu.s 			page 5


  28:main.c        **** }
  29:main.c        **** 
  30:main.c        **** int main(void)
  31:main.c        **** {
 200              		.loc 1 31 0
 201              		.cfi_startproc
 202              		@ args = 0, pretend = 0, frame = 16
 203              		@ frame_needed = 0, uses_anonymous_args = 0
 204 0000 10B5     		push	{r4, lr}
 205              		.cfi_def_cfa_offset 8
 206              		.cfi_offset 4, -8
 207              		.cfi_offset 14, -4
 208 0002 84B0     		sub	sp, sp, #16
 209              		.cfi_def_cfa_offset 24
  32:main.c        ****     CyGlobalIntEnable;
 210              		.loc 1 32 0
 211              		.syntax unified
 212              	@ 32 "main.c" 1
 213 0004 62B6     		CPSIE   i
 214              	@ 0 "" 2
  33:main.c        ****     UART_Start();
 215              		.loc 1 33 0
 216              		.thumb
 217              		.syntax unified
 218 0006 FFF7FEFF 		bl	UART_Start
 219              	.LVL17:
  34:main.c        ****     UART_PutString("Function Pointer Example with Menu\r\n");
 220              		.loc 1 34 0
 221 000a 1348     		ldr	r0, .L25
 222 000c FFF7FEFF 		bl	UART_PutString
 223              	.LVL18:
  35:main.c        ****     MenuFunction menu[] = {led_on,led_off,led_blink}; 
 224              		.loc 1 35 0
 225 0010 124B     		ldr	r3, .L25+4
 226 0012 93E80700 		ldmia	r3, {r0, r1, r2}
 227 0016 04AB     		add	r3, sp, #16
 228 0018 03E90700 		stmdb	r3, {r0, r1, r2}
 229              	.L20:
  36:main.c        ****     //More options can be added here as per the function definition at the start of the code
  37:main.c        ****     char input;
  38:main.c        ****     for(;;)
  39:main.c        ****     {
  40:main.c        ****         printMenu();
 230              		.loc 1 40 0
 231 001c FFF7FEFF 		bl	printMenu
 232              	.LVL19:
 233              	.L21:
  41:main.c        **** 
  42:main.c        ****         while (UART_GetRxBufferSize() == 0); // wait for input
 234              		.loc 1 42 0 discriminator 1
 235 0020 FFF7FEFF 		bl	UART_GetRxBufferSize
 236              	.LVL20:
 237 0024 0028     		cmp	r0, #0
 238 0026 FBD0     		beq	.L21
  43:main.c        ****         input = UART_GetChar();
 239              		.loc 1 43 0
 240 0028 FFF7FEFF 		bl	UART_GetChar
ARM GAS  C:\Users\karthik\AppData\Local\Temp\ccEDJisu.s 			page 6


 241              	.LVL21:
 242 002c 0446     		mov	r4, r0
 243              	.LVL22:
  44:main.c        ****         UART_PutChar(input); // echo
 244              		.loc 1 44 0
 245 002e FFF7FEFF 		bl	UART_PutChar
 246              	.LVL23:
  45:main.c        ****         UART_PutString("\r\n");
 247              		.loc 1 45 0
 248 0032 0B48     		ldr	r0, .L25+8
 249 0034 FFF7FEFF 		bl	UART_PutString
 250              	.LVL24:
  46:main.c        **** 
  47:main.c        ****         if (input >= '1' && input <= '3') {
 251              		.loc 1 47 0
 252 0038 A4F13103 		sub	r3, r4, #49
 253 003c DBB2     		uxtb	r3, r3
 254 003e 022B     		cmp	r3, #2
 255 0040 06D8     		bhi	.L22
 256              	.LVL25:
 257              	.LBB3:
  48:main.c        ****             uint8_t index = input - '1';
  49:main.c        ****             menu[index]();
 258              		.loc 1 49 0
 259 0042 04AA     		add	r2, sp, #16
 260 0044 02EB8303 		add	r3, r2, r3, lsl #2
 261              	.LVL26:
 262 0048 53F80C3C 		ldr	r3, [r3, #-12]
 263 004c 9847     		blx	r3
 264              	.LVL27:
 265              	.LBE3:
 266 004e E5E7     		b	.L20
 267              	.LVL28:
 268              	.L22:
  50:main.c        ****         } else {
  51:main.c        ****             UART_PutString("Invalid input! Please enter 1, 2, or 3.\r\n");
 269              		.loc 1 51 0
 270 0050 0448     		ldr	r0, .L25+12
 271 0052 FFF7FEFF 		bl	UART_PutString
 272              	.LVL29:
 273 0056 E1E7     		b	.L20
 274              	.L26:
 275              		.align	2
 276              	.L25:
 277 0058 D4000000 		.word	.LC9
 278 005c 00000000 		.word	.LANCHOR0
 279 0060 FC000000 		.word	.LC11
 280 0064 00010000 		.word	.LC12
 281              		.cfi_endproc
 282              	.LFE68:
 283              		.size	main, .-main
 284              		.section	.rodata
 285              		.align	2
 286              		.set	.LANCHOR0,. + 0
 287              	.LC10:
 288 0000 00000000 		.word	led_on
 289 0004 00000000 		.word	led_off
ARM GAS  C:\Users\karthik\AppData\Local\Temp\ccEDJisu.s 			page 7


 290 0008 00000000 		.word	led_blink
 291              		.section	.rodata.str1.4,"aMS",%progbits,1
 292              		.align	2
 293              	.LC1:
 294 0000 596F7520 		.ascii	"You selected Option 1: LED ON\015\012\000"
 294      73656C65 
 294      63746564 
 294      204F7074 
 294      696F6E20 
 295              	.LC2:
 296 0020 596F7520 		.ascii	"You selected Option 2: LED OFF\015\012\000"
 296      73656C65 
 296      63746564 
 296      204F7074 
 296      696F6E20 
 297 0041 000000   		.space	3
 298              	.LC3:
 299 0044 596F7520 		.ascii	"You selected Option 3: Blink LED\015\012\000"
 299      73656C65 
 299      63746564 
 299      204F7074 
 299      696F6E20 
 300 0067 00       		.space	1
 301              	.LC4:
 302 0068 0D0A3D3D 		.ascii	"\015\012===== MENU =====\015\012\000"
 302      3D3D3D20 
 302      4D454E55 
 302      203D3D3D 
 302      3D3D0D0A 
 303 007d 000000   		.space	3
 304              	.LC5:
 305 0080 312E2054 		.ascii	"1. Turn LED ON\015\012\000"
 305      75726E20 
 305      4C454420 
 305      4F4E0D0A 
 305      00
 306 0091 000000   		.space	3
 307              	.LC6:
 308 0094 322E2054 		.ascii	"2. Turn LED OFF\015\012\000"
 308      75726E20 
 308      4C454420 
 308      4F46460D 
 308      0A00
 309 00a6 0000     		.space	2
 310              	.LC7:
 311 00a8 332E2042 		.ascii	"3. Blink LED\015\012\000"
 311      6C696E6B 
 311      204C4544 
 311      0D0A00
 312 00b7 00       		.space	1
 313              	.LC8:
 314 00b8 456E7465 		.ascii	"Enter your choice (1-3): \000"
 314      7220796F 
 314      75722063 
 314      686F6963 
 314      65202831 
 315 00d2 0000     		.space	2
ARM GAS  C:\Users\karthik\AppData\Local\Temp\ccEDJisu.s 			page 8


 316              	.LC9:
 317 00d4 46756E63 		.ascii	"Function Pointer Example with Menu\015\012\000"
 317      74696F6E 
 317      20506F69 
 317      6E746572 
 317      20457861 
 318 00f9 000000   		.space	3
 319              	.LC11:
 320 00fc 0D0A00   		.ascii	"\015\012\000"
 321 00ff 00       		.space	1
 322              	.LC12:
 323 0100 496E7661 		.ascii	"Invalid input! Please enter 1, 2, or 3.\015\012\000"
 323      6C696420 
 323      696E7075 
 323      74212050 
 323      6C656173 
 324              		.text
 325              	.Letext0:
 326              		.file 2 "c:\\program files (x86)\\cypress\\psoc creator\\4.4\\psoc creator\\import\\gnu\\arm\\5.4.
 327              		.file 3 "c:\\program files (x86)\\cypress\\psoc creator\\4.4\\psoc creator\\import\\gnu\\arm\\5.4.
 328              		.file 4 "Generated_Source\\PSoC5/UART.h"
 329              		.file 5 "Generated_Source\\PSoC5/Pin_LED.h"
 330              		.file 6 "Generated_Source\\PSoC5/CyLib.h"
 331              		.file 7 "Generated_Source\\PSoC5/core_cm3.h"
 332              		.section	.debug_info,"",%progbits
 333              	.Ldebug_info0:
 334 0000 A8030000 		.4byte	0x3a8
 335 0004 0400     		.2byte	0x4
 336 0006 00000000 		.4byte	.Ldebug_abbrev0
 337 000a 04       		.byte	0x4
 338 000b 01       		.uleb128 0x1
 339 000c 37000000 		.4byte	.LASF33
 340 0010 0C       		.byte	0xc
 341 0011 A0010000 		.4byte	.LASF34
 342 0015 0E020000 		.4byte	.LASF35
 343 0019 00000000 		.4byte	.Ldebug_ranges0+0
 344 001d 00000000 		.4byte	0
 345 0021 00000000 		.4byte	.Ldebug_line0
 346 0025 02       		.uleb128 0x2
 347 0026 01       		.byte	0x1
 348 0027 06       		.byte	0x6
 349 0028 F3010000 		.4byte	.LASF0
 350 002c 03       		.uleb128 0x3
 351 002d 05000000 		.4byte	.LASF4
 352 0031 02       		.byte	0x2
 353 0032 1D       		.byte	0x1d
 354 0033 37000000 		.4byte	0x37
 355 0037 02       		.uleb128 0x2
 356 0038 01       		.byte	0x1
 357 0039 08       		.byte	0x8
 358 003a 29000000 		.4byte	.LASF1
 359 003e 02       		.uleb128 0x2
 360 003f 02       		.byte	0x2
 361 0040 05       		.byte	0x5
 362 0041 BF010000 		.4byte	.LASF2
 363 0045 02       		.uleb128 0x2
 364 0046 02       		.byte	0x2
ARM GAS  C:\Users\karthik\AppData\Local\Temp\ccEDJisu.s 			page 9


 365 0047 07       		.byte	0x7
 366 0048 DD000000 		.4byte	.LASF3
 367 004c 03       		.uleb128 0x3
 368 004d 0F000000 		.4byte	.LASF5
 369 0051 02       		.byte	0x2
 370 0052 3F       		.byte	0x3f
 371 0053 57000000 		.4byte	0x57
 372 0057 02       		.uleb128 0x2
 373 0058 04       		.byte	0x4
 374 0059 05       		.byte	0x5
 375 005a DE010000 		.4byte	.LASF6
 376 005e 02       		.uleb128 0x2
 377 005f 04       		.byte	0x4
 378 0060 07       		.byte	0x7
 379 0061 CB000000 		.4byte	.LASF7
 380 0065 02       		.uleb128 0x2
 381 0066 08       		.byte	0x8
 382 0067 05       		.byte	0x5
 383 0068 92010000 		.4byte	.LASF8
 384 006c 02       		.uleb128 0x2
 385 006d 08       		.byte	0x8
 386 006e 07       		.byte	0x7
 387 006f 48010000 		.4byte	.LASF9
 388 0073 04       		.uleb128 0x4
 389 0074 04       		.byte	0x4
 390 0075 05       		.byte	0x5
 391 0076 696E7400 		.ascii	"int\000"
 392 007a 02       		.uleb128 0x2
 393 007b 04       		.byte	0x4
 394 007c 07       		.byte	0x7
 395 007d 2D010000 		.4byte	.LASF10
 396 0081 03       		.uleb128 0x3
 397 0082 5F010000 		.4byte	.LASF11
 398 0086 03       		.byte	0x3
 399 0087 18       		.byte	0x18
 400 0088 2C000000 		.4byte	0x2c
 401 008c 03       		.uleb128 0x3
 402 008d 74010000 		.4byte	.LASF12
 403 0091 03       		.byte	0x3
 404 0092 2C       		.byte	0x2c
 405 0093 4C000000 		.4byte	0x4c
 406 0097 02       		.uleb128 0x2
 407 0098 04       		.byte	0x4
 408 0099 04       		.byte	0x4
 409 009a 23000000 		.4byte	.LASF13
 410 009e 02       		.uleb128 0x2
 411 009f 08       		.byte	0x8
 412 00a0 04       		.byte	0x4
 413 00a1 12010000 		.4byte	.LASF14
 414 00a5 02       		.uleb128 0x2
 415 00a6 01       		.byte	0x1
 416 00a7 08       		.byte	0x8
 417 00a8 A7010000 		.4byte	.LASF15
 418 00ac 02       		.uleb128 0x2
 419 00ad 08       		.byte	0x8
 420 00ae 04       		.byte	0x4
 421 00af E7010000 		.4byte	.LASF16
ARM GAS  C:\Users\karthik\AppData\Local\Temp\ccEDJisu.s 			page 10


 422 00b3 02       		.uleb128 0x2
 423 00b4 04       		.byte	0x4
 424 00b5 07       		.byte	0x7
 425 00b6 89010000 		.4byte	.LASF17
 426 00ba 03       		.uleb128 0x3
 427 00bb 7C010000 		.4byte	.LASF18
 428 00bf 01       		.byte	0x1
 429 00c0 15       		.byte	0x15
 430 00c1 C5000000 		.4byte	0xc5
 431 00c5 05       		.uleb128 0x5
 432 00c6 04       		.byte	0x4
 433 00c7 CB000000 		.4byte	0xcb
 434 00cb 06       		.uleb128 0x6
 435 00cc D2000000 		.4byte	0xd2
 436 00d0 07       		.uleb128 0x7
 437 00d1 00       		.byte	0
 438 00d2 08       		.uleb128 0x8
 439 00d3 19010000 		.4byte	.LASF19
 440 00d7 01       		.byte	0x1
 441 00d8 04       		.byte	0x4
 442 00d9 00000000 		.4byte	.LFB64
 443 00dd 14000000 		.4byte	.LFE64-.LFB64
 444 00e1 01       		.uleb128 0x1
 445 00e2 9C       		.byte	0x9c
 446 00e3 0E010000 		.4byte	0x10e
 447 00e7 09       		.uleb128 0x9
 448 00e8 08000000 		.4byte	.LVL0
 449 00ec 5E030000 		.4byte	0x35e
 450 00f0 FE000000 		.4byte	0xfe
 451 00f4 0A       		.uleb128 0xa
 452 00f5 01       		.uleb128 0x1
 453 00f6 50       		.byte	0x50
 454 00f7 05       		.uleb128 0x5
 455 00f8 03       		.byte	0x3
 456 00f9 00000000 		.4byte	.LC1
 457 00fd 00       		.byte	0
 458 00fe 0B       		.uleb128 0xb
 459 00ff 0E000000 		.4byte	.LVL1
 460 0103 69030000 		.4byte	0x369
 461 0107 0A       		.uleb128 0xa
 462 0108 01       		.uleb128 0x1
 463 0109 50       		.byte	0x50
 464 010a 01       		.uleb128 0x1
 465 010b 31       		.byte	0x31
 466 010c 00       		.byte	0
 467 010d 00       		.byte	0
 468 010e 08       		.uleb128 0x8
 469 010f 25010000 		.4byte	.LASF20
 470 0113 01       		.byte	0x1
 471 0114 08       		.byte	0x8
 472 0115 00000000 		.4byte	.LFB65
 473 0119 14000000 		.4byte	.LFE65-.LFB65
 474 011d 01       		.uleb128 0x1
 475 011e 9C       		.byte	0x9c
 476 011f 4A010000 		.4byte	0x14a
 477 0123 09       		.uleb128 0x9
 478 0124 08000000 		.4byte	.LVL2
ARM GAS  C:\Users\karthik\AppData\Local\Temp\ccEDJisu.s 			page 11


 479 0128 5E030000 		.4byte	0x35e
 480 012c 3A010000 		.4byte	0x13a
 481 0130 0A       		.uleb128 0xa
 482 0131 01       		.uleb128 0x1
 483 0132 50       		.byte	0x50
 484 0133 05       		.uleb128 0x5
 485 0134 03       		.byte	0x3
 486 0135 20000000 		.4byte	.LC2
 487 0139 00       		.byte	0
 488 013a 0B       		.uleb128 0xb
 489 013b 0E000000 		.4byte	.LVL3
 490 013f 69030000 		.4byte	0x369
 491 0143 0A       		.uleb128 0xa
 492 0144 01       		.uleb128 0x1
 493 0145 50       		.byte	0x50
 494 0146 01       		.uleb128 0x1
 495 0147 30       		.byte	0x30
 496 0148 00       		.byte	0
 497 0149 00       		.byte	0
 498 014a 08       		.uleb128 0x8
 499 014b 08010000 		.4byte	.LASF21
 500 014f 01       		.byte	0x1
 501 0150 0C       		.byte	0xc
 502 0151 00000000 		.4byte	.LFB66
 503 0155 34000000 		.4byte	.LFE66-.LFB66
 504 0159 01       		.uleb128 0x1
 505 015a 9C       		.byte	0x9c
 506 015b DA010000 		.4byte	0x1da
 507 015f 0C       		.uleb128 0xc
 508 0160 08000000 		.4byte	.LBB2
 509 0164 26000000 		.4byte	.LBE2-.LBB2
 510 0168 C6010000 		.4byte	0x1c6
 511 016c 0D       		.uleb128 0xd
 512 016d 6900     		.ascii	"i\000"
 513 016f 01       		.byte	0x1
 514 0170 0E       		.byte	0xe
 515 0171 73000000 		.4byte	0x73
 516 0175 00000000 		.4byte	.LLST0
 517 0179 09       		.uleb128 0x9
 518 017a 12000000 		.4byte	.LVL6
 519 017e 69030000 		.4byte	0x369
 520 0182 8C010000 		.4byte	0x18c
 521 0186 0A       		.uleb128 0xa
 522 0187 01       		.uleb128 0x1
 523 0188 50       		.byte	0x50
 524 0189 01       		.uleb128 0x1
 525 018a 31       		.byte	0x31
 526 018b 00       		.byte	0
 527 018c 09       		.uleb128 0x9
 528 018d 1A000000 		.4byte	.LVL7
 529 0191 74030000 		.4byte	0x374
 530 0195 A1010000 		.4byte	0x1a1
 531 0199 0A       		.uleb128 0xa
 532 019a 01       		.uleb128 0x1
 533 019b 50       		.byte	0x50
 534 019c 03       		.uleb128 0x3
 535 019d 0A       		.byte	0xa
ARM GAS  C:\Users\karthik\AppData\Local\Temp\ccEDJisu.s 			page 12


 536 019e 2C01     		.2byte	0x12c
 537 01a0 00       		.byte	0
 538 01a1 09       		.uleb128 0x9
 539 01a2 20000000 		.4byte	.LVL8
 540 01a6 69030000 		.4byte	0x369
 541 01aa B4010000 		.4byte	0x1b4
 542 01ae 0A       		.uleb128 0xa
 543 01af 01       		.uleb128 0x1
 544 01b0 50       		.byte	0x50
 545 01b1 01       		.uleb128 0x1
 546 01b2 30       		.byte	0x30
 547 01b3 00       		.byte	0
 548 01b4 0B       		.uleb128 0xb
 549 01b5 28000000 		.4byte	.LVL9
 550 01b9 74030000 		.4byte	0x374
 551 01bd 0A       		.uleb128 0xa
 552 01be 01       		.uleb128 0x1
 553 01bf 50       		.byte	0x50
 554 01c0 03       		.uleb128 0x3
 555 01c1 0A       		.byte	0xa
 556 01c2 2C01     		.2byte	0x12c
 557 01c4 00       		.byte	0
 558 01c5 00       		.byte	0
 559 01c6 0B       		.uleb128 0xb
 560 01c7 08000000 		.4byte	.LVL4
 561 01cb 5E030000 		.4byte	0x35e
 562 01cf 0A       		.uleb128 0xa
 563 01d0 01       		.uleb128 0x1
 564 01d1 50       		.byte	0x50
 565 01d2 05       		.uleb128 0x5
 566 01d3 03       		.byte	0x3
 567 01d4 44000000 		.4byte	.LC3
 568 01d8 00       		.byte	0
 569 01d9 00       		.byte	0
 570 01da 08       		.uleb128 0x8
 571 01db 19000000 		.4byte	.LASF22
 572 01df 01       		.byte	0x1
 573 01e0 16       		.byte	0x16
 574 01e1 00000000 		.4byte	.LFB67
 575 01e5 38000000 		.4byte	.LFE67-.LFB67
 576 01e9 01       		.uleb128 0x1
 577 01ea 9C       		.byte	0x9c
 578 01eb 5F020000 		.4byte	0x25f
 579 01ef 09       		.uleb128 0x9
 580 01f0 08000000 		.4byte	.LVL12
 581 01f4 5E030000 		.4byte	0x35e
 582 01f8 06020000 		.4byte	0x206
 583 01fc 0A       		.uleb128 0xa
 584 01fd 01       		.uleb128 0x1
 585 01fe 50       		.byte	0x50
 586 01ff 05       		.uleb128 0x5
 587 0200 03       		.byte	0x3
 588 0201 68000000 		.4byte	.LC4
 589 0205 00       		.byte	0
 590 0206 09       		.uleb128 0x9
 591 0207 0E000000 		.4byte	.LVL13
 592 020b 5E030000 		.4byte	0x35e
ARM GAS  C:\Users\karthik\AppData\Local\Temp\ccEDJisu.s 			page 13


 593 020f 1D020000 		.4byte	0x21d
 594 0213 0A       		.uleb128 0xa
 595 0214 01       		.uleb128 0x1
 596 0215 50       		.byte	0x50
 597 0216 05       		.uleb128 0x5
 598 0217 03       		.byte	0x3
 599 0218 80000000 		.4byte	.LC5
 600 021c 00       		.byte	0
 601 021d 09       		.uleb128 0x9
 602 021e 14000000 		.4byte	.LVL14
 603 0222 5E030000 		.4byte	0x35e
 604 0226 34020000 		.4byte	0x234
 605 022a 0A       		.uleb128 0xa
 606 022b 01       		.uleb128 0x1
 607 022c 50       		.byte	0x50
 608 022d 05       		.uleb128 0x5
 609 022e 03       		.byte	0x3
 610 022f 94000000 		.4byte	.LC6
 611 0233 00       		.byte	0
 612 0234 09       		.uleb128 0x9
 613 0235 1A000000 		.4byte	.LVL15
 614 0239 5E030000 		.4byte	0x35e
 615 023d 4B020000 		.4byte	0x24b
 616 0241 0A       		.uleb128 0xa
 617 0242 01       		.uleb128 0x1
 618 0243 50       		.byte	0x50
 619 0244 05       		.uleb128 0x5
 620 0245 03       		.byte	0x3
 621 0246 A8000000 		.4byte	.LC7
 622 024a 00       		.byte	0
 623 024b 0B       		.uleb128 0xb
 624 024c 20000000 		.4byte	.LVL16
 625 0250 5E030000 		.4byte	0x35e
 626 0254 0A       		.uleb128 0xa
 627 0255 01       		.uleb128 0x1
 628 0256 50       		.byte	0x50
 629 0257 05       		.uleb128 0x5
 630 0258 03       		.byte	0x3
 631 0259 B8000000 		.4byte	.LC8
 632 025d 00       		.byte	0
 633 025e 00       		.byte	0
 634 025f 0E       		.uleb128 0xe
 635 0260 20010000 		.4byte	.LASF36
 636 0264 01       		.byte	0x1
 637 0265 1E       		.byte	0x1e
 638 0266 73000000 		.4byte	0x73
 639 026a 00000000 		.4byte	.LFB68
 640 026e 68000000 		.4byte	.LFE68-.LFB68
 641 0272 01       		.uleb128 0x1
 642 0273 9C       		.byte	0x9c
 643 0274 3D030000 		.4byte	0x33d
 644 0278 0F       		.uleb128 0xf
 645 0279 00000000 		.4byte	.LASF23
 646 027d 01       		.byte	0x1
 647 027e 23       		.byte	0x23
 648 027f 3D030000 		.4byte	0x33d
 649 0283 02       		.uleb128 0x2
ARM GAS  C:\Users\karthik\AppData\Local\Temp\ccEDJisu.s 			page 14


 650 0284 91       		.byte	0x91
 651 0285 6C       		.sleb128 -20
 652 0286 0F       		.uleb128 0xf
 653 0287 C5000000 		.4byte	.LASF24
 654 028b 01       		.byte	0x1
 655 028c 25       		.byte	0x25
 656 028d A5000000 		.4byte	0xa5
 657 0291 01       		.uleb128 0x1
 658 0292 54       		.byte	0x54
 659 0293 0C       		.uleb128 0xc
 660 0294 42000000 		.4byte	.LBB3
 661 0298 0C000000 		.4byte	.LBE3-.LBB3
 662 029c C3020000 		.4byte	0x2c3
 663 02a0 10       		.uleb128 0x10
 664 02a1 AC010000 		.4byte	.LASF25
 665 02a5 01       		.byte	0x1
 666 02a6 30       		.byte	0x30
 667 02a7 81000000 		.4byte	0x81
 668 02ab 1F000000 		.4byte	.LLST1
 669 02af 11       		.uleb128 0x11
 670 02b0 4E000000 		.4byte	.LVL27
 671 02b4 0D       		.uleb128 0xd
 672 02b5 74       		.byte	0x74
 673 02b6 4F       		.sleb128 -49
 674 02b7 08       		.byte	0x8
 675 02b8 FF       		.byte	0xff
 676 02b9 1A       		.byte	0x1a
 677 02ba 32       		.byte	0x32
 678 02bb 24       		.byte	0x24
 679 02bc 91       		.byte	0x91
 680 02bd 00       		.sleb128 0
 681 02be 22       		.byte	0x22
 682 02bf 44       		.byte	0x44
 683 02c0 1C       		.byte	0x1c
 684 02c1 06       		.byte	0x6
 685 02c2 00       		.byte	0
 686 02c3 12       		.uleb128 0x12
 687 02c4 0A000000 		.4byte	.LVL17
 688 02c8 7F030000 		.4byte	0x37f
 689 02cc 09       		.uleb128 0x9
 690 02cd 10000000 		.4byte	.LVL18
 691 02d1 5E030000 		.4byte	0x35e
 692 02d5 E3020000 		.4byte	0x2e3
 693 02d9 0A       		.uleb128 0xa
 694 02da 01       		.uleb128 0x1
 695 02db 50       		.byte	0x50
 696 02dc 05       		.uleb128 0x5
 697 02dd 03       		.byte	0x3
 698 02de D4000000 		.4byte	.LC9
 699 02e2 00       		.byte	0
 700 02e3 12       		.uleb128 0x12
 701 02e4 20000000 		.4byte	.LVL19
 702 02e8 DA010000 		.4byte	0x1da
 703 02ec 12       		.uleb128 0x12
 704 02ed 24000000 		.4byte	.LVL20
 705 02f1 8A030000 		.4byte	0x38a
 706 02f5 12       		.uleb128 0x12
ARM GAS  C:\Users\karthik\AppData\Local\Temp\ccEDJisu.s 			page 15


 707 02f6 2C000000 		.4byte	.LVL21
 708 02fa 95030000 		.4byte	0x395
 709 02fe 09       		.uleb128 0x9
 710 02ff 32000000 		.4byte	.LVL23
 711 0303 A0030000 		.4byte	0x3a0
 712 0307 12030000 		.4byte	0x312
 713 030b 0A       		.uleb128 0xa
 714 030c 01       		.uleb128 0x1
 715 030d 50       		.byte	0x50
 716 030e 02       		.uleb128 0x2
 717 030f 74       		.byte	0x74
 718 0310 00       		.sleb128 0
 719 0311 00       		.byte	0
 720 0312 09       		.uleb128 0x9
 721 0313 38000000 		.4byte	.LVL24
 722 0317 5E030000 		.4byte	0x35e
 723 031b 29030000 		.4byte	0x329
 724 031f 0A       		.uleb128 0xa
 725 0320 01       		.uleb128 0x1
 726 0321 50       		.byte	0x50
 727 0322 05       		.uleb128 0x5
 728 0323 03       		.byte	0x3
 729 0324 FC000000 		.4byte	.LC11
 730 0328 00       		.byte	0
 731 0329 0B       		.uleb128 0xb
 732 032a 56000000 		.4byte	.LVL29
 733 032e 5E030000 		.4byte	0x35e
 734 0332 0A       		.uleb128 0xa
 735 0333 01       		.uleb128 0x1
 736 0334 50       		.byte	0x50
 737 0335 05       		.uleb128 0x5
 738 0336 03       		.byte	0x3
 739 0337 00010000 		.4byte	.LC12
 740 033b 00       		.byte	0
 741 033c 00       		.byte	0
 742 033d 13       		.uleb128 0x13
 743 033e BA000000 		.4byte	0xba
 744 0342 4D030000 		.4byte	0x34d
 745 0346 14       		.uleb128 0x14
 746 0347 B3000000 		.4byte	0xb3
 747 034b 02       		.byte	0x2
 748 034c 00       		.byte	0
 749 034d 15       		.uleb128 0x15
 750 034e FB000000 		.4byte	.LASF37
 751 0352 07       		.byte	0x7
 752 0353 1207     		.2byte	0x712
 753 0355 59030000 		.4byte	0x359
 754 0359 16       		.uleb128 0x16
 755 035a 8C000000 		.4byte	0x8c
 756 035e 17       		.uleb128 0x17
 757 035f FF010000 		.4byte	.LASF26
 758 0363 FF010000 		.4byte	.LASF26
 759 0367 04       		.byte	0x4
 760 0368 8B       		.byte	0x8b
 761 0369 17       		.uleb128 0x17
 762 036a 3A010000 		.4byte	.LASF27
 763 036e 3A010000 		.4byte	.LASF27
ARM GAS  C:\Users\karthik\AppData\Local\Temp\ccEDJisu.s 			page 16


 764 0372 05       		.byte	0x5
 765 0373 26       		.byte	0x26
 766 0374 17       		.uleb128 0x17
 767 0375 59020000 		.4byte	.LASF28
 768 0379 59020000 		.4byte	.LASF28
 769 037d 06       		.byte	0x6
 770 037e 76       		.byte	0x76
 771 037f 17       		.uleb128 0x17
 772 0380 F0000000 		.4byte	.LASF29
 773 0384 F0000000 		.4byte	.LASF29
 774 0388 04       		.byte	0x4
 775 0389 54       		.byte	0x54
 776 038a 17       		.uleb128 0x17
 777 038b C9010000 		.4byte	.LASF30
 778 038f C9010000 		.4byte	.LASF30
 779 0393 04       		.byte	0x4
 780 0394 73       		.byte	0x73
 781 0395 17       		.uleb128 0x17
 782 0396 B2010000 		.4byte	.LASF31
 783 039a B2010000 		.4byte	.LASF31
 784 039e 04       		.byte	0x4
 785 039f 71       		.byte	0x71
 786 03a0 17       		.uleb128 0x17
 787 03a1 67010000 		.4byte	.LASF32
 788 03a5 67010000 		.4byte	.LASF32
 789 03a9 04       		.byte	0x4
 790 03aa 8A       		.byte	0x8a
 791 03ab 00       		.byte	0
 792              		.section	.debug_abbrev,"",%progbits
 793              	.Ldebug_abbrev0:
 794 0000 01       		.uleb128 0x1
 795 0001 11       		.uleb128 0x11
 796 0002 01       		.byte	0x1
 797 0003 25       		.uleb128 0x25
 798 0004 0E       		.uleb128 0xe
 799 0005 13       		.uleb128 0x13
 800 0006 0B       		.uleb128 0xb
 801 0007 03       		.uleb128 0x3
 802 0008 0E       		.uleb128 0xe
 803 0009 1B       		.uleb128 0x1b
 804 000a 0E       		.uleb128 0xe
 805 000b 55       		.uleb128 0x55
 806 000c 17       		.uleb128 0x17
 807 000d 11       		.uleb128 0x11
 808 000e 01       		.uleb128 0x1
 809 000f 10       		.uleb128 0x10
 810 0010 17       		.uleb128 0x17
 811 0011 00       		.byte	0
 812 0012 00       		.byte	0
 813 0013 02       		.uleb128 0x2
 814 0014 24       		.uleb128 0x24
 815 0015 00       		.byte	0
 816 0016 0B       		.uleb128 0xb
 817 0017 0B       		.uleb128 0xb
 818 0018 3E       		.uleb128 0x3e
 819 0019 0B       		.uleb128 0xb
 820 001a 03       		.uleb128 0x3
ARM GAS  C:\Users\karthik\AppData\Local\Temp\ccEDJisu.s 			page 17


 821 001b 0E       		.uleb128 0xe
 822 001c 00       		.byte	0
 823 001d 00       		.byte	0
 824 001e 03       		.uleb128 0x3
 825 001f 16       		.uleb128 0x16
 826 0020 00       		.byte	0
 827 0021 03       		.uleb128 0x3
 828 0022 0E       		.uleb128 0xe
 829 0023 3A       		.uleb128 0x3a
 830 0024 0B       		.uleb128 0xb
 831 0025 3B       		.uleb128 0x3b
 832 0026 0B       		.uleb128 0xb
 833 0027 49       		.uleb128 0x49
 834 0028 13       		.uleb128 0x13
 835 0029 00       		.byte	0
 836 002a 00       		.byte	0
 837 002b 04       		.uleb128 0x4
 838 002c 24       		.uleb128 0x24
 839 002d 00       		.byte	0
 840 002e 0B       		.uleb128 0xb
 841 002f 0B       		.uleb128 0xb
 842 0030 3E       		.uleb128 0x3e
 843 0031 0B       		.uleb128 0xb
 844 0032 03       		.uleb128 0x3
 845 0033 08       		.uleb128 0x8
 846 0034 00       		.byte	0
 847 0035 00       		.byte	0
 848 0036 05       		.uleb128 0x5
 849 0037 0F       		.uleb128 0xf
 850 0038 00       		.byte	0
 851 0039 0B       		.uleb128 0xb
 852 003a 0B       		.uleb128 0xb
 853 003b 49       		.uleb128 0x49
 854 003c 13       		.uleb128 0x13
 855 003d 00       		.byte	0
 856 003e 00       		.byte	0
 857 003f 06       		.uleb128 0x6
 858 0040 15       		.uleb128 0x15
 859 0041 01       		.byte	0x1
 860 0042 01       		.uleb128 0x1
 861 0043 13       		.uleb128 0x13
 862 0044 00       		.byte	0
 863 0045 00       		.byte	0
 864 0046 07       		.uleb128 0x7
 865 0047 18       		.uleb128 0x18
 866 0048 00       		.byte	0
 867 0049 00       		.byte	0
 868 004a 00       		.byte	0
 869 004b 08       		.uleb128 0x8
 870 004c 2E       		.uleb128 0x2e
 871 004d 01       		.byte	0x1
 872 004e 3F       		.uleb128 0x3f
 873 004f 19       		.uleb128 0x19
 874 0050 03       		.uleb128 0x3
 875 0051 0E       		.uleb128 0xe
 876 0052 3A       		.uleb128 0x3a
 877 0053 0B       		.uleb128 0xb
ARM GAS  C:\Users\karthik\AppData\Local\Temp\ccEDJisu.s 			page 18


 878 0054 3B       		.uleb128 0x3b
 879 0055 0B       		.uleb128 0xb
 880 0056 11       		.uleb128 0x11
 881 0057 01       		.uleb128 0x1
 882 0058 12       		.uleb128 0x12
 883 0059 06       		.uleb128 0x6
 884 005a 40       		.uleb128 0x40
 885 005b 18       		.uleb128 0x18
 886 005c 9742     		.uleb128 0x2117
 887 005e 19       		.uleb128 0x19
 888 005f 01       		.uleb128 0x1
 889 0060 13       		.uleb128 0x13
 890 0061 00       		.byte	0
 891 0062 00       		.byte	0
 892 0063 09       		.uleb128 0x9
 893 0064 898201   		.uleb128 0x4109
 894 0067 01       		.byte	0x1
 895 0068 11       		.uleb128 0x11
 896 0069 01       		.uleb128 0x1
 897 006a 31       		.uleb128 0x31
 898 006b 13       		.uleb128 0x13
 899 006c 01       		.uleb128 0x1
 900 006d 13       		.uleb128 0x13
 901 006e 00       		.byte	0
 902 006f 00       		.byte	0
 903 0070 0A       		.uleb128 0xa
 904 0071 8A8201   		.uleb128 0x410a
 905 0074 00       		.byte	0
 906 0075 02       		.uleb128 0x2
 907 0076 18       		.uleb128 0x18
 908 0077 9142     		.uleb128 0x2111
 909 0079 18       		.uleb128 0x18
 910 007a 00       		.byte	0
 911 007b 00       		.byte	0
 912 007c 0B       		.uleb128 0xb
 913 007d 898201   		.uleb128 0x4109
 914 0080 01       		.byte	0x1
 915 0081 11       		.uleb128 0x11
 916 0082 01       		.uleb128 0x1
 917 0083 31       		.uleb128 0x31
 918 0084 13       		.uleb128 0x13
 919 0085 00       		.byte	0
 920 0086 00       		.byte	0
 921 0087 0C       		.uleb128 0xc
 922 0088 0B       		.uleb128 0xb
 923 0089 01       		.byte	0x1
 924 008a 11       		.uleb128 0x11
 925 008b 01       		.uleb128 0x1
 926 008c 12       		.uleb128 0x12
 927 008d 06       		.uleb128 0x6
 928 008e 01       		.uleb128 0x1
 929 008f 13       		.uleb128 0x13
 930 0090 00       		.byte	0
 931 0091 00       		.byte	0
 932 0092 0D       		.uleb128 0xd
 933 0093 34       		.uleb128 0x34
 934 0094 00       		.byte	0
ARM GAS  C:\Users\karthik\AppData\Local\Temp\ccEDJisu.s 			page 19


 935 0095 03       		.uleb128 0x3
 936 0096 08       		.uleb128 0x8
 937 0097 3A       		.uleb128 0x3a
 938 0098 0B       		.uleb128 0xb
 939 0099 3B       		.uleb128 0x3b
 940 009a 0B       		.uleb128 0xb
 941 009b 49       		.uleb128 0x49
 942 009c 13       		.uleb128 0x13
 943 009d 02       		.uleb128 0x2
 944 009e 17       		.uleb128 0x17
 945 009f 00       		.byte	0
 946 00a0 00       		.byte	0
 947 00a1 0E       		.uleb128 0xe
 948 00a2 2E       		.uleb128 0x2e
 949 00a3 01       		.byte	0x1
 950 00a4 3F       		.uleb128 0x3f
 951 00a5 19       		.uleb128 0x19
 952 00a6 03       		.uleb128 0x3
 953 00a7 0E       		.uleb128 0xe
 954 00a8 3A       		.uleb128 0x3a
 955 00a9 0B       		.uleb128 0xb
 956 00aa 3B       		.uleb128 0x3b
 957 00ab 0B       		.uleb128 0xb
 958 00ac 27       		.uleb128 0x27
 959 00ad 19       		.uleb128 0x19
 960 00ae 49       		.uleb128 0x49
 961 00af 13       		.uleb128 0x13
 962 00b0 8701     		.uleb128 0x87
 963 00b2 19       		.uleb128 0x19
 964 00b3 11       		.uleb128 0x11
 965 00b4 01       		.uleb128 0x1
 966 00b5 12       		.uleb128 0x12
 967 00b6 06       		.uleb128 0x6
 968 00b7 40       		.uleb128 0x40
 969 00b8 18       		.uleb128 0x18
 970 00b9 9742     		.uleb128 0x2117
 971 00bb 19       		.uleb128 0x19
 972 00bc 01       		.uleb128 0x1
 973 00bd 13       		.uleb128 0x13
 974 00be 00       		.byte	0
 975 00bf 00       		.byte	0
 976 00c0 0F       		.uleb128 0xf
 977 00c1 34       		.uleb128 0x34
 978 00c2 00       		.byte	0
 979 00c3 03       		.uleb128 0x3
 980 00c4 0E       		.uleb128 0xe
 981 00c5 3A       		.uleb128 0x3a
 982 00c6 0B       		.uleb128 0xb
 983 00c7 3B       		.uleb128 0x3b
 984 00c8 0B       		.uleb128 0xb
 985 00c9 49       		.uleb128 0x49
 986 00ca 13       		.uleb128 0x13
 987 00cb 02       		.uleb128 0x2
 988 00cc 18       		.uleb128 0x18
 989 00cd 00       		.byte	0
 990 00ce 00       		.byte	0
 991 00cf 10       		.uleb128 0x10
ARM GAS  C:\Users\karthik\AppData\Local\Temp\ccEDJisu.s 			page 20


 992 00d0 34       		.uleb128 0x34
 993 00d1 00       		.byte	0
 994 00d2 03       		.uleb128 0x3
 995 00d3 0E       		.uleb128 0xe
 996 00d4 3A       		.uleb128 0x3a
 997 00d5 0B       		.uleb128 0xb
 998 00d6 3B       		.uleb128 0x3b
 999 00d7 0B       		.uleb128 0xb
 1000 00d8 49       		.uleb128 0x49
 1001 00d9 13       		.uleb128 0x13
 1002 00da 02       		.uleb128 0x2
 1003 00db 17       		.uleb128 0x17
 1004 00dc 00       		.byte	0
 1005 00dd 00       		.byte	0
 1006 00de 11       		.uleb128 0x11
 1007 00df 898201   		.uleb128 0x4109
 1008 00e2 00       		.byte	0
 1009 00e3 11       		.uleb128 0x11
 1010 00e4 01       		.uleb128 0x1
 1011 00e5 9342     		.uleb128 0x2113
 1012 00e7 18       		.uleb128 0x18
 1013 00e8 00       		.byte	0
 1014 00e9 00       		.byte	0
 1015 00ea 12       		.uleb128 0x12
 1016 00eb 898201   		.uleb128 0x4109
 1017 00ee 00       		.byte	0
 1018 00ef 11       		.uleb128 0x11
 1019 00f0 01       		.uleb128 0x1
 1020 00f1 31       		.uleb128 0x31
 1021 00f2 13       		.uleb128 0x13
 1022 00f3 00       		.byte	0
 1023 00f4 00       		.byte	0
 1024 00f5 13       		.uleb128 0x13
 1025 00f6 01       		.uleb128 0x1
 1026 00f7 01       		.byte	0x1
 1027 00f8 49       		.uleb128 0x49
 1028 00f9 13       		.uleb128 0x13
 1029 00fa 01       		.uleb128 0x1
 1030 00fb 13       		.uleb128 0x13
 1031 00fc 00       		.byte	0
 1032 00fd 00       		.byte	0
 1033 00fe 14       		.uleb128 0x14
 1034 00ff 21       		.uleb128 0x21
 1035 0100 00       		.byte	0
 1036 0101 49       		.uleb128 0x49
 1037 0102 13       		.uleb128 0x13
 1038 0103 2F       		.uleb128 0x2f
 1039 0104 0B       		.uleb128 0xb
 1040 0105 00       		.byte	0
 1041 0106 00       		.byte	0
 1042 0107 15       		.uleb128 0x15
 1043 0108 34       		.uleb128 0x34
 1044 0109 00       		.byte	0
 1045 010a 03       		.uleb128 0x3
 1046 010b 0E       		.uleb128 0xe
 1047 010c 3A       		.uleb128 0x3a
 1048 010d 0B       		.uleb128 0xb
ARM GAS  C:\Users\karthik\AppData\Local\Temp\ccEDJisu.s 			page 21


 1049 010e 3B       		.uleb128 0x3b
 1050 010f 05       		.uleb128 0x5
 1051 0110 49       		.uleb128 0x49
 1052 0111 13       		.uleb128 0x13
 1053 0112 3F       		.uleb128 0x3f
 1054 0113 19       		.uleb128 0x19
 1055 0114 3C       		.uleb128 0x3c
 1056 0115 19       		.uleb128 0x19
 1057 0116 00       		.byte	0
 1058 0117 00       		.byte	0
 1059 0118 16       		.uleb128 0x16
 1060 0119 35       		.uleb128 0x35
 1061 011a 00       		.byte	0
 1062 011b 49       		.uleb128 0x49
 1063 011c 13       		.uleb128 0x13
 1064 011d 00       		.byte	0
 1065 011e 00       		.byte	0
 1066 011f 17       		.uleb128 0x17
 1067 0120 2E       		.uleb128 0x2e
 1068 0121 00       		.byte	0
 1069 0122 3F       		.uleb128 0x3f
 1070 0123 19       		.uleb128 0x19
 1071 0124 3C       		.uleb128 0x3c
 1072 0125 19       		.uleb128 0x19
 1073 0126 6E       		.uleb128 0x6e
 1074 0127 0E       		.uleb128 0xe
 1075 0128 03       		.uleb128 0x3
 1076 0129 0E       		.uleb128 0xe
 1077 012a 3A       		.uleb128 0x3a
 1078 012b 0B       		.uleb128 0xb
 1079 012c 3B       		.uleb128 0x3b
 1080 012d 0B       		.uleb128 0xb
 1081 012e 00       		.byte	0
 1082 012f 00       		.byte	0
 1083 0130 00       		.byte	0
 1084              		.section	.debug_loc,"",%progbits
 1085              	.Ldebug_loc0:
 1086              	.LLST0:
 1087 0000 08000000 		.4byte	.LVL4
 1088 0004 0C000000 		.4byte	.LVL5
 1089 0008 0200     		.2byte	0x2
 1090 000a 30       		.byte	0x30
 1091 000b 9F       		.byte	0x9f
 1092 000c 0C000000 		.4byte	.LVL5
 1093 0010 30000000 		.4byte	.LVL11
 1094 0014 0100     		.2byte	0x1
 1095 0016 54       		.byte	0x54
 1096 0017 00000000 		.4byte	0
 1097 001b 00000000 		.4byte	0
 1098              	.LLST1:
 1099 001f 42000000 		.4byte	.LVL25
 1100 0023 48000000 		.4byte	.LVL26
 1101 0027 0100     		.2byte	0x1
 1102 0029 53       		.byte	0x53
 1103 002a 48000000 		.4byte	.LVL26
 1104 002e 50000000 		.4byte	.LVL28
 1105 0032 0300     		.2byte	0x3
ARM GAS  C:\Users\karthik\AppData\Local\Temp\ccEDJisu.s 			page 22


 1106 0034 74       		.byte	0x74
 1107 0035 4F       		.sleb128 -49
 1108 0036 9F       		.byte	0x9f
 1109 0037 00000000 		.4byte	0
 1110 003b 00000000 		.4byte	0
 1111              		.section	.debug_aranges,"",%progbits
 1112 0000 3C000000 		.4byte	0x3c
 1113 0004 0200     		.2byte	0x2
 1114 0006 00000000 		.4byte	.Ldebug_info0
 1115 000a 04       		.byte	0x4
 1116 000b 00       		.byte	0
 1117 000c 0000     		.2byte	0
 1118 000e 0000     		.2byte	0
 1119 0010 00000000 		.4byte	.LFB64
 1120 0014 14000000 		.4byte	.LFE64-.LFB64
 1121 0018 00000000 		.4byte	.LFB65
 1122 001c 14000000 		.4byte	.LFE65-.LFB65
 1123 0020 00000000 		.4byte	.LFB66
 1124 0024 34000000 		.4byte	.LFE66-.LFB66
 1125 0028 00000000 		.4byte	.LFB67
 1126 002c 38000000 		.4byte	.LFE67-.LFB67
 1127 0030 00000000 		.4byte	.LFB68
 1128 0034 68000000 		.4byte	.LFE68-.LFB68
 1129 0038 00000000 		.4byte	0
 1130 003c 00000000 		.4byte	0
 1131              		.section	.debug_ranges,"",%progbits
 1132              	.Ldebug_ranges0:
 1133 0000 00000000 		.4byte	.LFB64
 1134 0004 14000000 		.4byte	.LFE64
 1135 0008 00000000 		.4byte	.LFB65
 1136 000c 14000000 		.4byte	.LFE65
 1137 0010 00000000 		.4byte	.LFB66
 1138 0014 34000000 		.4byte	.LFE66
 1139 0018 00000000 		.4byte	.LFB67
 1140 001c 38000000 		.4byte	.LFE67
 1141 0020 00000000 		.4byte	.LFB68
 1142 0024 68000000 		.4byte	.LFE68
 1143 0028 00000000 		.4byte	0
 1144 002c 00000000 		.4byte	0
 1145              		.section	.debug_line,"",%progbits
 1146              	.Ldebug_line0:
 1147 0000 EA010000 		.section	.debug_str,"MS",%progbits,1
 1147      02006101 
 1147      00000201 
 1147      FB0E0D00 
 1147      01010101 
 1148              	.LASF23:
 1149 0000 6D656E75 		.ascii	"menu\000"
 1149      00
 1150              	.LASF4:
 1151 0005 5F5F7569 		.ascii	"__uint8_t\000"
 1151      6E74385F 
 1151      7400
 1152              	.LASF5:
 1153 000f 5F5F696E 		.ascii	"__int32_t\000"
 1153      7433325F 
 1153      7400
ARM GAS  C:\Users\karthik\AppData\Local\Temp\ccEDJisu.s 			page 23


 1154              	.LASF22:
 1155 0019 7072696E 		.ascii	"printMenu\000"
 1155      744D656E 
 1155      7500
 1156              	.LASF13:
 1157 0023 666C6F61 		.ascii	"float\000"
 1157      7400
 1158              	.LASF1:
 1159 0029 756E7369 		.ascii	"unsigned char\000"
 1159      676E6564 
 1159      20636861 
 1159      7200
 1160              	.LASF33:
 1161 0037 474E5520 		.ascii	"GNU C11 5.4.1 20160609 (release) [ARM/embedded-5-br"
 1161      43313120 
 1161      352E342E 
 1161      31203230 
 1161      31363036 
 1162 006a 616E6368 		.ascii	"anch revision 237715] -mcpu=cortex-m3 -mthumb -g -O"
 1162      20726576 
 1162      6973696F 
 1162      6E203233 
 1162      37373135 
 1163 009d 67202D66 		.ascii	"g -ffunction-sections -ffat-lto-objects\000"
 1163      66756E63 
 1163      74696F6E 
 1163      2D736563 
 1163      74696F6E 
 1164              	.LASF24:
 1165 00c5 696E7075 		.ascii	"input\000"
 1165      7400
 1166              	.LASF7:
 1167 00cb 6C6F6E67 		.ascii	"long unsigned int\000"
 1167      20756E73 
 1167      69676E65 
 1167      6420696E 
 1167      7400
 1168              	.LASF3:
 1169 00dd 73686F72 		.ascii	"short unsigned int\000"
 1169      7420756E 
 1169      7369676E 
 1169      65642069 
 1169      6E7400
 1170              	.LASF29:
 1171 00f0 55415254 		.ascii	"UART_Start\000"
 1171      5F537461 
 1171      727400
 1172              	.LASF37:
 1173 00fb 49544D5F 		.ascii	"ITM_RxBuffer\000"
 1173      52784275 
 1173      66666572 
 1173      00
 1174              	.LASF21:
 1175 0108 6C65645F 		.ascii	"led_blink\000"
 1175      626C696E 
 1175      6B00
 1176              	.LASF14:
ARM GAS  C:\Users\karthik\AppData\Local\Temp\ccEDJisu.s 			page 24


 1177 0112 646F7562 		.ascii	"double\000"
 1177      6C6500
 1178              	.LASF19:
 1179 0119 6C65645F 		.ascii	"led_on\000"
 1179      6F6E00
 1180              	.LASF36:
 1181 0120 6D61696E 		.ascii	"main\000"
 1181      00
 1182              	.LASF20:
 1183 0125 6C65645F 		.ascii	"led_off\000"
 1183      6F666600 
 1184              	.LASF10:
 1185 012d 756E7369 		.ascii	"unsigned int\000"
 1185      676E6564 
 1185      20696E74 
 1185      00
 1186              	.LASF27:
 1187 013a 50696E5F 		.ascii	"Pin_LED_Write\000"
 1187      4C45445F 
 1187      57726974 
 1187      6500
 1188              	.LASF9:
 1189 0148 6C6F6E67 		.ascii	"long long unsigned int\000"
 1189      206C6F6E 
 1189      6720756E 
 1189      7369676E 
 1189      65642069 
 1190              	.LASF11:
 1191 015f 75696E74 		.ascii	"uint8_t\000"
 1191      385F7400 
 1192              	.LASF32:
 1193 0167 55415254 		.ascii	"UART_PutChar\000"
 1193      5F507574 
 1193      43686172 
 1193      00
 1194              	.LASF12:
 1195 0174 696E7433 		.ascii	"int32_t\000"
 1195      325F7400 
 1196              	.LASF18:
 1197 017c 4D656E75 		.ascii	"MenuFunction\000"
 1197      46756E63 
 1197      74696F6E 
 1197      00
 1198              	.LASF17:
 1199 0189 73697A65 		.ascii	"sizetype\000"
 1199      74797065 
 1199      00
 1200              	.LASF8:
 1201 0192 6C6F6E67 		.ascii	"long long int\000"
 1201      206C6F6E 
 1201      6720696E 
 1201      7400
 1202              	.LASF34:
 1203 01a0 6D61696E 		.ascii	"main.c\000"
 1203      2E6300
 1204              	.LASF15:
 1205 01a7 63686172 		.ascii	"char\000"
ARM GAS  C:\Users\karthik\AppData\Local\Temp\ccEDJisu.s 			page 25


 1205      00
 1206              	.LASF25:
 1207 01ac 696E6465 		.ascii	"index\000"
 1207      7800
 1208              	.LASF31:
 1209 01b2 55415254 		.ascii	"UART_GetChar\000"
 1209      5F476574 
 1209      43686172 
 1209      00
 1210              	.LASF2:
 1211 01bf 73686F72 		.ascii	"short int\000"
 1211      7420696E 
 1211      7400
 1212              	.LASF30:
 1213 01c9 55415254 		.ascii	"UART_GetRxBufferSize\000"
 1213      5F476574 
 1213      52784275 
 1213      66666572 
 1213      53697A65 
 1214              	.LASF6:
 1215 01de 6C6F6E67 		.ascii	"long int\000"
 1215      20696E74 
 1215      00
 1216              	.LASF16:
 1217 01e7 6C6F6E67 		.ascii	"long double\000"
 1217      20646F75 
 1217      626C6500 
 1218              	.LASF0:
 1219 01f3 7369676E 		.ascii	"signed char\000"
 1219      65642063 
 1219      68617200 
 1220              	.LASF26:
 1221 01ff 55415254 		.ascii	"UART_PutString\000"
 1221      5F507574 
 1221      53747269 
 1221      6E6700
 1222              	.LASF35:
 1223 020e 433A5C49 		.ascii	"C:\\IIITB\\Summer Term\\Summer Term\\Function Point"
 1223      49495442 
 1223      5C53756D 
 1223      6D657220 
 1223      5465726D 
 1224 023d 6572735C 		.ascii	"ers\\Function Pointers.cydsn\000"
 1224      46756E63 
 1224      74696F6E 
 1224      20506F69 
 1224      6E746572 
 1225              	.LASF28:
 1226 0259 43794465 		.ascii	"CyDelay\000"
 1226      6C617900 
 1227              		.ident	"GCC: (GNU Tools for ARM Embedded Processors) 5.4.1 20160609 (release) [ARM/embedded-5-bran
