ARM GAS  C:\Users\karthik\AppData\Local\Temp\ccmveSPz.s 			page 1


   1              		.syntax unified
   2              		.cpu cortex-m3
   3              		.fpu softvfp
   4              		.eabi_attribute 20, 1
   5              		.eabi_attribute 21, 1
   6              		.eabi_attribute 23, 3
   7              		.eabi_attribute 24, 1
   8              		.eabi_attribute 25, 1
   9              		.eabi_attribute 26, 1
  10              		.eabi_attribute 30, 1
  11              		.eabi_attribute 34, 1
  12              		.eabi_attribute 18, 4
  13              		.thumb
  14              		.syntax unified
  15              		.file	"main.c"
  16              		.text
  17              	.Ltext0:
  18              		.cfi_sections	.debug_frame
  19              		.section	.text.parseCommand,"ax",%progbits
  20              		.align	2
  21              		.global	parseCommand
  22              		.thumb
  23              		.thumb_func
  24              		.type	parseCommand, %function
  25              	parseCommand:
  26              	.LFB64:
  27              		.file 1 "main.c"
   1:main.c        **** #include <project.h>
   2:main.c        **** #include <string.h>
   3:main.c        **** #include <stdio.h>
   4:main.c        **** 
   5:main.c        **** void parseCommand(char *input, char *response) {
  28              		.loc 1 5 0
  29              		.cfi_startproc
  30              		@ args = 0, pretend = 0, frame = 0
  31              		@ frame_needed = 0, uses_anonymous_args = 0
  32              	.LVL0:
  33 0000 38B5     		push	{r3, r4, r5, lr}
  34              		.cfi_def_cfa_offset 16
  35              		.cfi_offset 3, -16
  36              		.cfi_offset 4, -12
  37              		.cfi_offset 5, -8
  38              		.cfi_offset 14, -4
  39 0002 0546     		mov	r5, r0
  40 0004 0C46     		mov	r4, r1
   6:main.c        ****     if (strncmp(input, "LED ON", 6) == 0) {
  41              		.loc 1 6 0
  42 0006 0622     		movs	r2, #6
  43 0008 1349     		ldr	r1, .L6
  44              	.LVL1:
  45 000a FFF7FEFF 		bl	strncmp
  46              	.LVL2:
  47 000e 48B9     		cbnz	r0, .L2
   7:main.c        ****         Pin_LED_Write(1);
  48              		.loc 1 7 0
  49 0010 0120     		movs	r0, #1
  50 0012 FFF7FEFF 		bl	Pin_LED_Write
ARM GAS  C:\Users\karthik\AppData\Local\Temp\ccmveSPz.s 			page 2


  51              	.LVL3:
   8:main.c        ****         strcpy(response, "LED turned ON\r\n");
  52              		.loc 1 8 0
  53 0016 114D     		ldr	r5, .L6+4
  54              	.LVL4:
  55 0018 0FCD     		ldmia	r5!, {r0, r1, r2, r3}
  56 001a 2060     		str	r0, [r4]	@ unaligned
  57 001c 6160     		str	r1, [r4, #4]	@ unaligned
  58 001e A260     		str	r2, [r4, #8]	@ unaligned
  59 0020 E360     		str	r3, [r4, #12]	@ unaligned
  60 0022 38BD     		pop	{r3, r4, r5, pc}
  61              	.LVL5:
  62              	.L2:
   9:main.c        ****     } else if (strncmp(input, "LED OFF", 7) == 0) {
  63              		.loc 1 9 0
  64 0024 0722     		movs	r2, #7
  65 0026 0E49     		ldr	r1, .L6+8
  66 0028 2846     		mov	r0, r5
  67 002a FFF7FEFF 		bl	strncmp
  68              	.LVL6:
  69 002e 50B9     		cbnz	r0, .L4
  10:main.c        ****         Pin_LED_Write(0);
  70              		.loc 1 10 0
  71 0030 FFF7FEFF 		bl	Pin_LED_Write
  72              	.LVL7:
  11:main.c        ****         strcpy(response, "LED turned OFF\r\n");
  73              		.loc 1 11 0
  74 0034 0B4D     		ldr	r5, .L6+12
  75              	.LVL8:
  76 0036 0FCD     		ldmia	r5!, {r0, r1, r2, r3}
  77 0038 2060     		str	r0, [r4]	@ unaligned
  78 003a 6160     		str	r1, [r4, #4]	@ unaligned
  79 003c A260     		str	r2, [r4, #8]	@ unaligned
  80 003e E360     		str	r3, [r4, #12]	@ unaligned
  81 0040 2B78     		ldrb	r3, [r5]	@ zero_extendqisi2
  82 0042 2374     		strb	r3, [r4, #16]
  83 0044 38BD     		pop	{r3, r4, r5, pc}
  84              	.LVL9:
  85              	.L4:
  12:main.c        ****     } else {
  13:main.c        ****         strcpy(response, "Unknown command\r\n");
  86              		.loc 1 13 0
  87 0046 084D     		ldr	r5, .L6+16
  88              	.LVL10:
  89 0048 0FCD     		ldmia	r5!, {r0, r1, r2, r3}
  90 004a 2060     		str	r0, [r4]	@ unaligned
  91 004c 6160     		str	r1, [r4, #4]	@ unaligned
  92 004e A260     		str	r2, [r4, #8]	@ unaligned
  93 0050 E360     		str	r3, [r4, #12]	@ unaligned
  94 0052 2B88     		ldrh	r3, [r5]	@ unaligned
  95 0054 2382     		strh	r3, [r4, #16]	@ unaligned
  96 0056 38BD     		pop	{r3, r4, r5, pc}
  97              	.LVL11:
  98              	.L7:
  99              		.align	2
 100              	.L6:
 101 0058 00000000 		.word	.LC0
ARM GAS  C:\Users\karthik\AppData\Local\Temp\ccmveSPz.s 			page 3


 102 005c 08000000 		.word	.LC1
 103 0060 18000000 		.word	.LC2
 104 0064 20000000 		.word	.LC3
 105 0068 34000000 		.word	.LC4
 106              		.cfi_endproc
 107              	.LFE64:
 108              		.size	parseCommand, .-parseCommand
 109              		.section	.text.UART_ReadLine,"ax",%progbits
 110              		.align	2
 111              		.global	UART_ReadLine
 112              		.thumb
 113              		.thumb_func
 114              		.type	UART_ReadLine, %function
 115              	UART_ReadLine:
 116              	.LFB65:
  14:main.c        ****     }
  15:main.c        **** }
  16:main.c        **** 
  17:main.c        **** // Reads a string from UART with echo
  18:main.c        **** void UART_ReadLine(char *buffer, int maxSize) {
 117              		.loc 1 18 0
 118              		.cfi_startproc
 119              		@ args = 0, pretend = 0, frame = 0
 120              		@ frame_needed = 0, uses_anonymous_args = 0
 121              	.LVL12:
 122 0000 F8B5     		push	{r3, r4, r5, r6, r7, lr}
 123              		.cfi_def_cfa_offset 24
 124              		.cfi_offset 3, -24
 125              		.cfi_offset 4, -20
 126              		.cfi_offset 5, -16
 127              		.cfi_offset 6, -12
 128              		.cfi_offset 7, -8
 129              		.cfi_offset 14, -4
 130 0002 0646     		mov	r6, r0
 131 0004 0F46     		mov	r7, r1
 132              	.LVL13:
  19:main.c        ****     int i = 0;
 133              		.loc 1 19 0
 134 0006 0023     		movs	r3, #0
 135              	.LVL14:
 136              	.L13:
 137 0008 1D46     		mov	r5, r3
 138              	.L9:
 139              	.LVL15:
  20:main.c        ****     char ch;
  21:main.c        **** 
  22:main.c        ****     while (1) {
  23:main.c        ****         if (UART_GetRxBufferSize() > 0) {
 140              		.loc 1 23 0
 141 000a FFF7FEFF 		bl	UART_GetRxBufferSize
 142              	.LVL16:
 143 000e 0028     		cmp	r0, #0
 144 0010 FBD0     		beq	.L9
  24:main.c        ****             ch = UART_GetChar();
 145              		.loc 1 24 0
 146 0012 FFF7FEFF 		bl	UART_GetChar
 147              	.LVL17:
ARM GAS  C:\Users\karthik\AppData\Local\Temp\ccmveSPz.s 			page 4


 148 0016 0446     		mov	r4, r0
 149              	.LVL18:
  25:main.c        ****             if (ch == '\r' || ch == '\n') {
 150              		.loc 1 25 0
 151 0018 0D28     		cmp	r0, #13
 152 001a 01D0     		beq	.L10
 153              		.loc 1 25 0 is_stmt 0 discriminator 1
 154 001c 0A28     		cmp	r0, #10
 155 001e 05D1     		bne	.L11
 156              	.L10:
  26:main.c        ****                 buffer[i] = '\0';
 157              		.loc 1 26 0 is_stmt 1
 158 0020 0023     		movs	r3, #0
 159 0022 7355     		strb	r3, [r6, r5]
  27:main.c        ****                 UART_PutString("\r\n");
 160              		.loc 1 27 0
 161 0024 0548     		ldr	r0, .L15
 162              	.LVL19:
 163 0026 FFF7FEFF 		bl	UART_PutString
 164              	.LVL20:
  28:main.c        ****                 break;
 165              		.loc 1 28 0
 166 002a F8BD     		pop	{r3, r4, r5, r6, r7, pc}
 167              	.LVL21:
 168              	.L11:
  29:main.c        ****             }
  30:main.c        ****             UART_PutChar(ch);
 169              		.loc 1 30 0
 170 002c FFF7FEFF 		bl	UART_PutChar
 171              	.LVL22:
  31:main.c        ****             buffer[i++] = ch;
 172              		.loc 1 31 0
 173 0030 6B1C     		adds	r3, r5, #1
 174              	.LVL23:
 175 0032 7455     		strb	r4, [r6, r5]
  32:main.c        ****             if (i >= maxSize - 1) break;
 176              		.loc 1 32 0
 177 0034 7A1E     		subs	r2, r7, #1
 178 0036 9342     		cmp	r3, r2
 179 0038 E6DB     		blt	.L13
 180 003a F8BD     		pop	{r3, r4, r5, r6, r7, pc}
 181              	.LVL24:
 182              	.L16:
 183              		.align	2
 184              	.L15:
 185 003c 48000000 		.word	.LC5
 186              		.cfi_endproc
 187              	.LFE65:
 188              		.size	UART_ReadLine, .-UART_ReadLine
 189              		.section	.text.main,"ax",%progbits
 190              		.align	2
 191              		.global	main
 192              		.thumb
 193              		.thumb_func
 194              		.type	main, %function
 195              	main:
 196              	.LFB66:
ARM GAS  C:\Users\karthik\AppData\Local\Temp\ccmveSPz.s 			page 5


  33:main.c        ****         }
  34:main.c        ****     }
  35:main.c        **** }
  36:main.c        **** 
  37:main.c        **** int main(void) {
 197              		.loc 1 37 0
 198              		.cfi_startproc
 199              		@ args = 0, pretend = 0, frame = 104
 200              		@ frame_needed = 0, uses_anonymous_args = 0
 201 0000 00B5     		push	{lr}
 202              		.cfi_def_cfa_offset 4
 203              		.cfi_offset 14, -4
 204 0002 9BB0     		sub	sp, sp, #108
 205              		.cfi_def_cfa_offset 112
  38:main.c        ****     CyGlobalIntEnable;
 206              		.loc 1 38 0
 207              		.syntax unified
 208              	@ 38 "main.c" 1
 209 0004 62B6     		CPSIE   i
 210              	@ 0 "" 2
  39:main.c        ****     UART_Start();
 211              		.loc 1 39 0
 212              		.thumb
 213              		.syntax unified
 214 0006 FFF7FEFF 		bl	UART_Start
 215              	.LVL25:
  40:main.c        **** 
  41:main.c        ****     UART_PutString("UART Command Parser Ready\r\n");
 216              		.loc 1 41 0
 217 000a 0A48     		ldr	r0, .L20
 218 000c FFF7FEFF 		bl	UART_PutString
 219              	.LVL26:
  42:main.c        ****     UART_PutString("Type 'LED ON' or 'LED OFF'\r\n\r\n");
 220              		.loc 1 42 0
 221 0010 0948     		ldr	r0, .L20+4
 222 0012 FFF7FEFF 		bl	UART_PutString
 223              	.LVL27:
 224              	.L18:
  43:main.c        **** 
  44:main.c        ****     char input[50];
  45:main.c        ****     char response[50];
  46:main.c        **** 
  47:main.c        ****     for (;;) {
  48:main.c        ****         UART_PutString("> ");
 225              		.loc 1 48 0 discriminator 1
 226 0016 0948     		ldr	r0, .L20+8
 227 0018 FFF7FEFF 		bl	UART_PutString
 228              	.LVL28:
  49:main.c        ****         UART_ReadLine(input, sizeof(input));
 229              		.loc 1 49 0 discriminator 1
 230 001c 3221     		movs	r1, #50
 231 001e 0DA8     		add	r0, sp, #52
 232 0020 FFF7FEFF 		bl	UART_ReadLine
 233              	.LVL29:
  50:main.c        ****         parseCommand(input, response);
 234              		.loc 1 50 0 discriminator 1
 235 0024 6946     		mov	r1, sp
ARM GAS  C:\Users\karthik\AppData\Local\Temp\ccmveSPz.s 			page 6


 236 0026 0DA8     		add	r0, sp, #52
 237 0028 FFF7FEFF 		bl	parseCommand
 238              	.LVL30:
  51:main.c        ****         UART_PutString(response);
 239              		.loc 1 51 0 discriminator 1
 240 002c 6846     		mov	r0, sp
 241 002e FFF7FEFF 		bl	UART_PutString
 242              	.LVL31:
 243 0032 F0E7     		b	.L18
 244              	.L21:
 245              		.align	2
 246              	.L20:
 247 0034 4C000000 		.word	.LC6
 248 0038 68000000 		.word	.LC7
 249 003c 88000000 		.word	.LC8
 250              		.cfi_endproc
 251              	.LFE66:
 252              		.size	main, .-main
 253              		.section	.rodata.str1.4,"aMS",%progbits,1
 254              		.align	2
 255              	.LC0:
 256 0000 4C454420 		.ascii	"LED ON\000"
 256      4F4E00
 257 0007 00       		.space	1
 258              	.LC1:
 259 0008 4C454420 		.ascii	"LED turned ON\015\012\000"
 259      7475726E 
 259      6564204F 
 259      4E0D0A00 
 260              	.LC2:
 261 0018 4C454420 		.ascii	"LED OFF\000"
 261      4F464600 
 262              	.LC3:
 263 0020 4C454420 		.ascii	"LED turned OFF\015\012\000"
 263      7475726E 
 263      6564204F 
 263      46460D0A 
 263      00
 264 0031 000000   		.space	3
 265              	.LC4:
 266 0034 556E6B6E 		.ascii	"Unknown command\015\012\000"
 266      6F776E20 
 266      636F6D6D 
 266      616E640D 
 266      0A00
 267 0046 0000     		.space	2
 268              	.LC5:
 269 0048 0D0A00   		.ascii	"\015\012\000"
 270 004b 00       		.space	1
 271              	.LC6:
 272 004c 55415254 		.ascii	"UART Command Parser Ready\015\012\000"
 272      20436F6D 
 272      6D616E64 
 272      20506172 
 272      73657220 
 273              	.LC7:
 274 0068 54797065 		.ascii	"Type 'LED ON' or 'LED OFF'\015\012\015\012\000"
ARM GAS  C:\Users\karthik\AppData\Local\Temp\ccmveSPz.s 			page 7


 274      20274C45 
 274      44204F4E 
 274      27206F72 
 274      20274C45 
 275 0087 00       		.space	1
 276              	.LC8:
 277 0088 3E2000   		.ascii	"> \000"
 278              		.text
 279              	.Letext0:
 280              		.file 2 "c:\\program files (x86)\\cypress\\psoc creator\\4.4\\psoc creator\\import\\gnu\\arm\\5.4.
 281              		.file 3 "c:\\program files (x86)\\cypress\\psoc creator\\4.4\\psoc creator\\import\\gnu\\arm\\5.4.
 282              		.file 4 "c:\\program files (x86)\\cypress\\psoc creator\\4.4\\psoc creator\\import\\gnu\\arm\\5.4.
 283              		.file 5 "Generated_Source\\PSoC5/Pin_LED.h"
 284              		.file 6 "Generated_Source\\PSoC5/UART.h"
 285              		.file 7 "Generated_Source\\PSoC5/core_cm3.h"
 286              		.section	.debug_info,"",%progbits
 287              	.Ldebug_info0:
 288 0000 F3020000 		.4byte	0x2f3
 289 0004 0400     		.2byte	0x4
 290 0006 00000000 		.4byte	.Ldebug_abbrev0
 291 000a 04       		.byte	0x4
 292 000b 01       		.uleb128 0x1
 293 000c 5E000000 		.4byte	.LASF29
 294 0010 0C       		.byte	0xc
 295 0011 BC010000 		.4byte	.LASF30
 296 0015 0A000000 		.4byte	.LASF31
 297 0019 00000000 		.4byte	.Ldebug_ranges0+0
 298 001d 00000000 		.4byte	0
 299 0021 00000000 		.4byte	.Ldebug_line0
 300 0025 02       		.uleb128 0x2
 301 0026 01       		.byte	0x1
 302 0027 06       		.byte	0x6
 303 0028 0B020000 		.4byte	.LASF0
 304 002c 02       		.uleb128 0x2
 305 002d 01       		.byte	0x1
 306 002e 08       		.byte	0x8
 307 002f 50000000 		.4byte	.LASF1
 308 0033 02       		.uleb128 0x2
 309 0034 02       		.byte	0x2
 310 0035 05       		.byte	0x5
 311 0036 D0010000 		.4byte	.LASF2
 312 003a 02       		.uleb128 0x2
 313 003b 02       		.byte	0x2
 314 003c 07       		.byte	0x7
 315 003d 04010000 		.4byte	.LASF3
 316 0041 03       		.uleb128 0x3
 317 0042 00000000 		.4byte	.LASF9
 318 0046 02       		.byte	0x2
 319 0047 3F       		.byte	0x3f
 320 0048 4C000000 		.4byte	0x4c
 321 004c 02       		.uleb128 0x2
 322 004d 04       		.byte	0x4
 323 004e 05       		.byte	0x5
 324 004f F6010000 		.4byte	.LASF4
 325 0053 02       		.uleb128 0x2
 326 0054 04       		.byte	0x4
 327 0055 07       		.byte	0x7
ARM GAS  C:\Users\karthik\AppData\Local\Temp\ccmveSPz.s 			page 8


 328 0056 F2000000 		.4byte	.LASF5
 329 005a 02       		.uleb128 0x2
 330 005b 08       		.byte	0x8
 331 005c 05       		.byte	0x5
 332 005d AE010000 		.4byte	.LASF6
 333 0061 02       		.uleb128 0x2
 334 0062 08       		.byte	0x8
 335 0063 07       		.byte	0x7
 336 0064 70010000 		.4byte	.LASF7
 337 0068 04       		.uleb128 0x4
 338 0069 04       		.byte	0x4
 339 006a 05       		.byte	0x5
 340 006b 696E7400 		.ascii	"int\000"
 341 006f 02       		.uleb128 0x2
 342 0070 04       		.byte	0x4
 343 0071 07       		.byte	0x7
 344 0072 48010000 		.4byte	.LASF8
 345 0076 03       		.uleb128 0x3
 346 0077 90010000 		.4byte	.LASF10
 347 007b 03       		.byte	0x3
 348 007c 2C       		.byte	0x2c
 349 007d 41000000 		.4byte	0x41
 350 0081 02       		.uleb128 0x2
 351 0082 04       		.byte	0x4
 352 0083 04       		.byte	0x4
 353 0084 4A000000 		.4byte	.LASF11
 354 0088 02       		.uleb128 0x2
 355 0089 08       		.byte	0x8
 356 008a 04       		.byte	0x4
 357 008b 3C010000 		.4byte	.LASF12
 358 008f 02       		.uleb128 0x2
 359 0090 01       		.byte	0x1
 360 0091 08       		.byte	0x8
 361 0092 C3010000 		.4byte	.LASF13
 362 0096 02       		.uleb128 0x2
 363 0097 08       		.byte	0x8
 364 0098 04       		.byte	0x4
 365 0099 FF010000 		.4byte	.LASF14
 366 009d 02       		.uleb128 0x2
 367 009e 04       		.byte	0x4
 368 009f 07       		.byte	0x7
 369 00a0 A5010000 		.4byte	.LASF15
 370 00a4 05       		.uleb128 0x5
 371 00a5 04       		.byte	0x4
 372 00a6 8F000000 		.4byte	0x8f
 373 00aa 06       		.uleb128 0x6
 374 00ab 63010000 		.4byte	.LASF18
 375 00af 01       		.byte	0x1
 376 00b0 05       		.byte	0x5
 377 00b1 00000000 		.4byte	.LFB64
 378 00b5 6C000000 		.4byte	.LFE64-.LFB64
 379 00b9 01       		.uleb128 0x1
 380 00ba 9C       		.byte	0x9c
 381 00bb 3E010000 		.4byte	0x13e
 382 00bf 07       		.uleb128 0x7
 383 00c0 EC000000 		.4byte	.LASF16
 384 00c4 01       		.byte	0x1
ARM GAS  C:\Users\karthik\AppData\Local\Temp\ccmveSPz.s 			page 9


 385 00c5 05       		.byte	0x5
 386 00c6 A4000000 		.4byte	0xa4
 387 00ca 00000000 		.4byte	.LLST0
 388 00ce 07       		.uleb128 0x7
 389 00cf 87010000 		.4byte	.LASF17
 390 00d3 01       		.byte	0x1
 391 00d4 05       		.byte	0x5
 392 00d5 A4000000 		.4byte	0xa4
 393 00d9 5E000000 		.4byte	.LLST1
 394 00dd 08       		.uleb128 0x8
 395 00de 0E000000 		.4byte	.LVL2
 396 00e2 A9020000 		.4byte	0x2a9
 397 00e6 FF000000 		.4byte	0xff
 398 00ea 09       		.uleb128 0x9
 399 00eb 01       		.uleb128 0x1
 400 00ec 50       		.byte	0x50
 401 00ed 02       		.uleb128 0x2
 402 00ee 75       		.byte	0x75
 403 00ef 00       		.sleb128 0
 404 00f0 09       		.uleb128 0x9
 405 00f1 01       		.uleb128 0x1
 406 00f2 51       		.byte	0x51
 407 00f3 05       		.uleb128 0x5
 408 00f4 03       		.byte	0x3
 409 00f5 00000000 		.4byte	.LC0
 410 00f9 09       		.uleb128 0x9
 411 00fa 01       		.uleb128 0x1
 412 00fb 52       		.byte	0x52
 413 00fc 01       		.uleb128 0x1
 414 00fd 36       		.byte	0x36
 415 00fe 00       		.byte	0
 416 00ff 08       		.uleb128 0x8
 417 0100 16000000 		.4byte	.LVL3
 418 0104 B4020000 		.4byte	0x2b4
 419 0108 12010000 		.4byte	0x112
 420 010c 09       		.uleb128 0x9
 421 010d 01       		.uleb128 0x1
 422 010e 50       		.byte	0x50
 423 010f 01       		.uleb128 0x1
 424 0110 31       		.byte	0x31
 425 0111 00       		.byte	0
 426 0112 08       		.uleb128 0x8
 427 0113 2E000000 		.4byte	.LVL6
 428 0117 A9020000 		.4byte	0x2a9
 429 011b 34010000 		.4byte	0x134
 430 011f 09       		.uleb128 0x9
 431 0120 01       		.uleb128 0x1
 432 0121 50       		.byte	0x50
 433 0122 02       		.uleb128 0x2
 434 0123 75       		.byte	0x75
 435 0124 00       		.sleb128 0
 436 0125 09       		.uleb128 0x9
 437 0126 01       		.uleb128 0x1
 438 0127 51       		.byte	0x51
 439 0128 05       		.uleb128 0x5
 440 0129 03       		.byte	0x3
 441 012a 18000000 		.4byte	.LC2
ARM GAS  C:\Users\karthik\AppData\Local\Temp\ccmveSPz.s 			page 10


 442 012e 09       		.uleb128 0x9
 443 012f 01       		.uleb128 0x1
 444 0130 52       		.byte	0x52
 445 0131 01       		.uleb128 0x1
 446 0132 37       		.byte	0x37
 447 0133 00       		.byte	0
 448 0134 0A       		.uleb128 0xa
 449 0135 34000000 		.4byte	.LVL7
 450 0139 B4020000 		.4byte	0x2b4
 451 013d 00       		.byte	0
 452 013e 06       		.uleb128 0x6
 453 013f 2E020000 		.4byte	.LASF19
 454 0143 01       		.byte	0x1
 455 0144 12       		.byte	0x12
 456 0145 00000000 		.4byte	.LFB65
 457 0149 40000000 		.4byte	.LFE65-.LFB65
 458 014d 01       		.uleb128 0x1
 459 014e 9C       		.byte	0x9c
 460 014f BF010000 		.4byte	0x1bf
 461 0153 07       		.uleb128 0x7
 462 0154 DA010000 		.4byte	.LASF20
 463 0158 01       		.byte	0x1
 464 0159 12       		.byte	0x12
 465 015a A4000000 		.4byte	0xa4
 466 015e 8A000000 		.4byte	.LLST2
 467 0162 07       		.uleb128 0x7
 468 0163 17020000 		.4byte	.LASF21
 469 0167 01       		.byte	0x1
 470 0168 12       		.byte	0x12
 471 0169 68000000 		.4byte	0x68
 472 016d B6000000 		.4byte	.LLST3
 473 0171 0B       		.uleb128 0xb
 474 0172 6900     		.ascii	"i\000"
 475 0174 01       		.byte	0x1
 476 0175 13       		.byte	0x13
 477 0176 68000000 		.4byte	0x68
 478 017a E1000000 		.4byte	.LLST4
 479 017e 0B       		.uleb128 0xb
 480 017f 636800   		.ascii	"ch\000"
 481 0182 01       		.byte	0x1
 482 0183 14       		.byte	0x14
 483 0184 8F000000 		.4byte	0x8f
 484 0188 0B010000 		.4byte	.LLST5
 485 018c 0A       		.uleb128 0xa
 486 018d 0E000000 		.4byte	.LVL16
 487 0191 BF020000 		.4byte	0x2bf
 488 0195 0A       		.uleb128 0xa
 489 0196 16000000 		.4byte	.LVL17
 490 019a CA020000 		.4byte	0x2ca
 491 019e 08       		.uleb128 0x8
 492 019f 2A000000 		.4byte	.LVL20
 493 01a3 D5020000 		.4byte	0x2d5
 494 01a7 B5010000 		.4byte	0x1b5
 495 01ab 09       		.uleb128 0x9
 496 01ac 01       		.uleb128 0x1
 497 01ad 50       		.byte	0x50
 498 01ae 05       		.uleb128 0x5
ARM GAS  C:\Users\karthik\AppData\Local\Temp\ccmveSPz.s 			page 11


 499 01af 03       		.byte	0x3
 500 01b0 48000000 		.4byte	.LC5
 501 01b4 00       		.byte	0
 502 01b5 0A       		.uleb128 0xa
 503 01b6 30000000 		.4byte	.LVL22
 504 01ba E0020000 		.4byte	0x2e0
 505 01be 00       		.byte	0
 506 01bf 0C       		.uleb128 0xc
 507 01c0 43010000 		.4byte	.LASF32
 508 01c4 01       		.byte	0x1
 509 01c5 25       		.byte	0x25
 510 01c6 68000000 		.4byte	0x68
 511 01ca 00000000 		.4byte	.LFB66
 512 01ce 40000000 		.4byte	.LFE66-.LFB66
 513 01d2 01       		.uleb128 0x1
 514 01d3 9C       		.byte	0x9c
 515 01d4 88020000 		.4byte	0x288
 516 01d8 0D       		.uleb128 0xd
 517 01d9 EC000000 		.4byte	.LASF16
 518 01dd 01       		.byte	0x1
 519 01de 2C       		.byte	0x2c
 520 01df 88020000 		.4byte	0x288
 521 01e3 02       		.uleb128 0x2
 522 01e4 91       		.byte	0x91
 523 01e5 44       		.sleb128 -60
 524 01e6 0D       		.uleb128 0xd
 525 01e7 87010000 		.4byte	.LASF17
 526 01eb 01       		.byte	0x1
 527 01ec 2D       		.byte	0x2d
 528 01ed 88020000 		.4byte	0x288
 529 01f1 03       		.uleb128 0x3
 530 01f2 91       		.byte	0x91
 531 01f3 907F     		.sleb128 -112
 532 01f5 0A       		.uleb128 0xa
 533 01f6 0A000000 		.4byte	.LVL25
 534 01fa EB020000 		.4byte	0x2eb
 535 01fe 08       		.uleb128 0x8
 536 01ff 10000000 		.4byte	.LVL26
 537 0203 D5020000 		.4byte	0x2d5
 538 0207 15020000 		.4byte	0x215
 539 020b 09       		.uleb128 0x9
 540 020c 01       		.uleb128 0x1
 541 020d 50       		.byte	0x50
 542 020e 05       		.uleb128 0x5
 543 020f 03       		.byte	0x3
 544 0210 4C000000 		.4byte	.LC6
 545 0214 00       		.byte	0
 546 0215 08       		.uleb128 0x8
 547 0216 16000000 		.4byte	.LVL27
 548 021a D5020000 		.4byte	0x2d5
 549 021e 2C020000 		.4byte	0x22c
 550 0222 09       		.uleb128 0x9
 551 0223 01       		.uleb128 0x1
 552 0224 50       		.byte	0x50
 553 0225 05       		.uleb128 0x5
 554 0226 03       		.byte	0x3
 555 0227 68000000 		.4byte	.LC7
ARM GAS  C:\Users\karthik\AppData\Local\Temp\ccmveSPz.s 			page 12


 556 022b 00       		.byte	0
 557 022c 08       		.uleb128 0x8
 558 022d 1C000000 		.4byte	.LVL28
 559 0231 D5020000 		.4byte	0x2d5
 560 0235 43020000 		.4byte	0x243
 561 0239 09       		.uleb128 0x9
 562 023a 01       		.uleb128 0x1
 563 023b 50       		.byte	0x50
 564 023c 05       		.uleb128 0x5
 565 023d 03       		.byte	0x3
 566 023e 88000000 		.4byte	.LC8
 567 0242 00       		.byte	0
 568 0243 08       		.uleb128 0x8
 569 0244 24000000 		.4byte	.LVL29
 570 0248 3E010000 		.4byte	0x13e
 571 024c 5D020000 		.4byte	0x25d
 572 0250 09       		.uleb128 0x9
 573 0251 01       		.uleb128 0x1
 574 0252 50       		.byte	0x50
 575 0253 02       		.uleb128 0x2
 576 0254 91       		.byte	0x91
 577 0255 44       		.sleb128 -60
 578 0256 09       		.uleb128 0x9
 579 0257 01       		.uleb128 0x1
 580 0258 51       		.byte	0x51
 581 0259 02       		.uleb128 0x2
 582 025a 08       		.byte	0x8
 583 025b 32       		.byte	0x32
 584 025c 00       		.byte	0
 585 025d 08       		.uleb128 0x8
 586 025e 2C000000 		.4byte	.LVL30
 587 0262 AA000000 		.4byte	0xaa
 588 0266 77020000 		.4byte	0x277
 589 026a 09       		.uleb128 0x9
 590 026b 01       		.uleb128 0x1
 591 026c 50       		.byte	0x50
 592 026d 02       		.uleb128 0x2
 593 026e 91       		.byte	0x91
 594 026f 44       		.sleb128 -60
 595 0270 09       		.uleb128 0x9
 596 0271 01       		.uleb128 0x1
 597 0272 51       		.byte	0x51
 598 0273 02       		.uleb128 0x2
 599 0274 7D       		.byte	0x7d
 600 0275 00       		.sleb128 0
 601 0276 00       		.byte	0
 602 0277 0E       		.uleb128 0xe
 603 0278 32000000 		.4byte	.LVL31
 604 027c D5020000 		.4byte	0x2d5
 605 0280 09       		.uleb128 0x9
 606 0281 01       		.uleb128 0x1
 607 0282 50       		.byte	0x50
 608 0283 02       		.uleb128 0x2
 609 0284 7D       		.byte	0x7d
 610 0285 00       		.sleb128 0
 611 0286 00       		.byte	0
 612 0287 00       		.byte	0
ARM GAS  C:\Users\karthik\AppData\Local\Temp\ccmveSPz.s 			page 13


 613 0288 0F       		.uleb128 0xf
 614 0289 8F000000 		.4byte	0x8f
 615 028d 98020000 		.4byte	0x298
 616 0291 10       		.uleb128 0x10
 617 0292 9D000000 		.4byte	0x9d
 618 0296 31       		.byte	0x31
 619 0297 00       		.byte	0
 620 0298 11       		.uleb128 0x11
 621 0299 22010000 		.4byte	.LASF33
 622 029d 07       		.byte	0x7
 623 029e 1207     		.2byte	0x712
 624 02a0 A4020000 		.4byte	0x2a4
 625 02a4 12       		.uleb128 0x12
 626 02a5 76000000 		.4byte	0x76
 627 02a9 13       		.uleb128 0x13
 628 02aa C8010000 		.4byte	.LASF22
 629 02ae C8010000 		.4byte	.LASF22
 630 02b2 04       		.byte	0x4
 631 02b3 23       		.byte	0x23
 632 02b4 13       		.uleb128 0x13
 633 02b5 55010000 		.4byte	.LASF23
 634 02b9 55010000 		.4byte	.LASF23
 635 02bd 05       		.byte	0x5
 636 02be 26       		.byte	0x26
 637 02bf 13       		.uleb128 0x13
 638 02c0 E1010000 		.4byte	.LASF24
 639 02c4 E1010000 		.4byte	.LASF24
 640 02c8 06       		.byte	0x6
 641 02c9 73       		.byte	0x73
 642 02ca 13       		.uleb128 0x13
 643 02cb 2F010000 		.4byte	.LASF25
 644 02cf 2F010000 		.4byte	.LASF25
 645 02d3 06       		.byte	0x6
 646 02d4 71       		.byte	0x71
 647 02d5 13       		.uleb128 0x13
 648 02d6 1F020000 		.4byte	.LASF26
 649 02da 1F020000 		.4byte	.LASF26
 650 02de 06       		.byte	0x6
 651 02df 8B       		.byte	0x8b
 652 02e0 13       		.uleb128 0x13
 653 02e1 98010000 		.4byte	.LASF27
 654 02e5 98010000 		.4byte	.LASF27
 655 02e9 06       		.byte	0x6
 656 02ea 8A       		.byte	0x8a
 657 02eb 13       		.uleb128 0x13
 658 02ec 17010000 		.4byte	.LASF28
 659 02f0 17010000 		.4byte	.LASF28
 660 02f4 06       		.byte	0x6
 661 02f5 54       		.byte	0x54
 662 02f6 00       		.byte	0
 663              		.section	.debug_abbrev,"",%progbits
 664              	.Ldebug_abbrev0:
 665 0000 01       		.uleb128 0x1
 666 0001 11       		.uleb128 0x11
 667 0002 01       		.byte	0x1
 668 0003 25       		.uleb128 0x25
 669 0004 0E       		.uleb128 0xe
ARM GAS  C:\Users\karthik\AppData\Local\Temp\ccmveSPz.s 			page 14


 670 0005 13       		.uleb128 0x13
 671 0006 0B       		.uleb128 0xb
 672 0007 03       		.uleb128 0x3
 673 0008 0E       		.uleb128 0xe
 674 0009 1B       		.uleb128 0x1b
 675 000a 0E       		.uleb128 0xe
 676 000b 55       		.uleb128 0x55
 677 000c 17       		.uleb128 0x17
 678 000d 11       		.uleb128 0x11
 679 000e 01       		.uleb128 0x1
 680 000f 10       		.uleb128 0x10
 681 0010 17       		.uleb128 0x17
 682 0011 00       		.byte	0
 683 0012 00       		.byte	0
 684 0013 02       		.uleb128 0x2
 685 0014 24       		.uleb128 0x24
 686 0015 00       		.byte	0
 687 0016 0B       		.uleb128 0xb
 688 0017 0B       		.uleb128 0xb
 689 0018 3E       		.uleb128 0x3e
 690 0019 0B       		.uleb128 0xb
 691 001a 03       		.uleb128 0x3
 692 001b 0E       		.uleb128 0xe
 693 001c 00       		.byte	0
 694 001d 00       		.byte	0
 695 001e 03       		.uleb128 0x3
 696 001f 16       		.uleb128 0x16
 697 0020 00       		.byte	0
 698 0021 03       		.uleb128 0x3
 699 0022 0E       		.uleb128 0xe
 700 0023 3A       		.uleb128 0x3a
 701 0024 0B       		.uleb128 0xb
 702 0025 3B       		.uleb128 0x3b
 703 0026 0B       		.uleb128 0xb
 704 0027 49       		.uleb128 0x49
 705 0028 13       		.uleb128 0x13
 706 0029 00       		.byte	0
 707 002a 00       		.byte	0
 708 002b 04       		.uleb128 0x4
 709 002c 24       		.uleb128 0x24
 710 002d 00       		.byte	0
 711 002e 0B       		.uleb128 0xb
 712 002f 0B       		.uleb128 0xb
 713 0030 3E       		.uleb128 0x3e
 714 0031 0B       		.uleb128 0xb
 715 0032 03       		.uleb128 0x3
 716 0033 08       		.uleb128 0x8
 717 0034 00       		.byte	0
 718 0035 00       		.byte	0
 719 0036 05       		.uleb128 0x5
 720 0037 0F       		.uleb128 0xf
 721 0038 00       		.byte	0
 722 0039 0B       		.uleb128 0xb
 723 003a 0B       		.uleb128 0xb
 724 003b 49       		.uleb128 0x49
 725 003c 13       		.uleb128 0x13
 726 003d 00       		.byte	0
ARM GAS  C:\Users\karthik\AppData\Local\Temp\ccmveSPz.s 			page 15


 727 003e 00       		.byte	0
 728 003f 06       		.uleb128 0x6
 729 0040 2E       		.uleb128 0x2e
 730 0041 01       		.byte	0x1
 731 0042 3F       		.uleb128 0x3f
 732 0043 19       		.uleb128 0x19
 733 0044 03       		.uleb128 0x3
 734 0045 0E       		.uleb128 0xe
 735 0046 3A       		.uleb128 0x3a
 736 0047 0B       		.uleb128 0xb
 737 0048 3B       		.uleb128 0x3b
 738 0049 0B       		.uleb128 0xb
 739 004a 27       		.uleb128 0x27
 740 004b 19       		.uleb128 0x19
 741 004c 11       		.uleb128 0x11
 742 004d 01       		.uleb128 0x1
 743 004e 12       		.uleb128 0x12
 744 004f 06       		.uleb128 0x6
 745 0050 40       		.uleb128 0x40
 746 0051 18       		.uleb128 0x18
 747 0052 9742     		.uleb128 0x2117
 748 0054 19       		.uleb128 0x19
 749 0055 01       		.uleb128 0x1
 750 0056 13       		.uleb128 0x13
 751 0057 00       		.byte	0
 752 0058 00       		.byte	0
 753 0059 07       		.uleb128 0x7
 754 005a 05       		.uleb128 0x5
 755 005b 00       		.byte	0
 756 005c 03       		.uleb128 0x3
 757 005d 0E       		.uleb128 0xe
 758 005e 3A       		.uleb128 0x3a
 759 005f 0B       		.uleb128 0xb
 760 0060 3B       		.uleb128 0x3b
 761 0061 0B       		.uleb128 0xb
 762 0062 49       		.uleb128 0x49
 763 0063 13       		.uleb128 0x13
 764 0064 02       		.uleb128 0x2
 765 0065 17       		.uleb128 0x17
 766 0066 00       		.byte	0
 767 0067 00       		.byte	0
 768 0068 08       		.uleb128 0x8
 769 0069 898201   		.uleb128 0x4109
 770 006c 01       		.byte	0x1
 771 006d 11       		.uleb128 0x11
 772 006e 01       		.uleb128 0x1
 773 006f 31       		.uleb128 0x31
 774 0070 13       		.uleb128 0x13
 775 0071 01       		.uleb128 0x1
 776 0072 13       		.uleb128 0x13
 777 0073 00       		.byte	0
 778 0074 00       		.byte	0
 779 0075 09       		.uleb128 0x9
 780 0076 8A8201   		.uleb128 0x410a
 781 0079 00       		.byte	0
 782 007a 02       		.uleb128 0x2
 783 007b 18       		.uleb128 0x18
ARM GAS  C:\Users\karthik\AppData\Local\Temp\ccmveSPz.s 			page 16


 784 007c 9142     		.uleb128 0x2111
 785 007e 18       		.uleb128 0x18
 786 007f 00       		.byte	0
 787 0080 00       		.byte	0
 788 0081 0A       		.uleb128 0xa
 789 0082 898201   		.uleb128 0x4109
 790 0085 00       		.byte	0
 791 0086 11       		.uleb128 0x11
 792 0087 01       		.uleb128 0x1
 793 0088 31       		.uleb128 0x31
 794 0089 13       		.uleb128 0x13
 795 008a 00       		.byte	0
 796 008b 00       		.byte	0
 797 008c 0B       		.uleb128 0xb
 798 008d 34       		.uleb128 0x34
 799 008e 00       		.byte	0
 800 008f 03       		.uleb128 0x3
 801 0090 08       		.uleb128 0x8
 802 0091 3A       		.uleb128 0x3a
 803 0092 0B       		.uleb128 0xb
 804 0093 3B       		.uleb128 0x3b
 805 0094 0B       		.uleb128 0xb
 806 0095 49       		.uleb128 0x49
 807 0096 13       		.uleb128 0x13
 808 0097 02       		.uleb128 0x2
 809 0098 17       		.uleb128 0x17
 810 0099 00       		.byte	0
 811 009a 00       		.byte	0
 812 009b 0C       		.uleb128 0xc
 813 009c 2E       		.uleb128 0x2e
 814 009d 01       		.byte	0x1
 815 009e 3F       		.uleb128 0x3f
 816 009f 19       		.uleb128 0x19
 817 00a0 03       		.uleb128 0x3
 818 00a1 0E       		.uleb128 0xe
 819 00a2 3A       		.uleb128 0x3a
 820 00a3 0B       		.uleb128 0xb
 821 00a4 3B       		.uleb128 0x3b
 822 00a5 0B       		.uleb128 0xb
 823 00a6 27       		.uleb128 0x27
 824 00a7 19       		.uleb128 0x19
 825 00a8 49       		.uleb128 0x49
 826 00a9 13       		.uleb128 0x13
 827 00aa 8701     		.uleb128 0x87
 828 00ac 19       		.uleb128 0x19
 829 00ad 11       		.uleb128 0x11
 830 00ae 01       		.uleb128 0x1
 831 00af 12       		.uleb128 0x12
 832 00b0 06       		.uleb128 0x6
 833 00b1 40       		.uleb128 0x40
 834 00b2 18       		.uleb128 0x18
 835 00b3 9742     		.uleb128 0x2117
 836 00b5 19       		.uleb128 0x19
 837 00b6 01       		.uleb128 0x1
 838 00b7 13       		.uleb128 0x13
 839 00b8 00       		.byte	0
 840 00b9 00       		.byte	0
ARM GAS  C:\Users\karthik\AppData\Local\Temp\ccmveSPz.s 			page 17


 841 00ba 0D       		.uleb128 0xd
 842 00bb 34       		.uleb128 0x34
 843 00bc 00       		.byte	0
 844 00bd 03       		.uleb128 0x3
 845 00be 0E       		.uleb128 0xe
 846 00bf 3A       		.uleb128 0x3a
 847 00c0 0B       		.uleb128 0xb
 848 00c1 3B       		.uleb128 0x3b
 849 00c2 0B       		.uleb128 0xb
 850 00c3 49       		.uleb128 0x49
 851 00c4 13       		.uleb128 0x13
 852 00c5 02       		.uleb128 0x2
 853 00c6 18       		.uleb128 0x18
 854 00c7 00       		.byte	0
 855 00c8 00       		.byte	0
 856 00c9 0E       		.uleb128 0xe
 857 00ca 898201   		.uleb128 0x4109
 858 00cd 01       		.byte	0x1
 859 00ce 11       		.uleb128 0x11
 860 00cf 01       		.uleb128 0x1
 861 00d0 31       		.uleb128 0x31
 862 00d1 13       		.uleb128 0x13
 863 00d2 00       		.byte	0
 864 00d3 00       		.byte	0
 865 00d4 0F       		.uleb128 0xf
 866 00d5 01       		.uleb128 0x1
 867 00d6 01       		.byte	0x1
 868 00d7 49       		.uleb128 0x49
 869 00d8 13       		.uleb128 0x13
 870 00d9 01       		.uleb128 0x1
 871 00da 13       		.uleb128 0x13
 872 00db 00       		.byte	0
 873 00dc 00       		.byte	0
 874 00dd 10       		.uleb128 0x10
 875 00de 21       		.uleb128 0x21
 876 00df 00       		.byte	0
 877 00e0 49       		.uleb128 0x49
 878 00e1 13       		.uleb128 0x13
 879 00e2 2F       		.uleb128 0x2f
 880 00e3 0B       		.uleb128 0xb
 881 00e4 00       		.byte	0
 882 00e5 00       		.byte	0
 883 00e6 11       		.uleb128 0x11
 884 00e7 34       		.uleb128 0x34
 885 00e8 00       		.byte	0
 886 00e9 03       		.uleb128 0x3
 887 00ea 0E       		.uleb128 0xe
 888 00eb 3A       		.uleb128 0x3a
 889 00ec 0B       		.uleb128 0xb
 890 00ed 3B       		.uleb128 0x3b
 891 00ee 05       		.uleb128 0x5
 892 00ef 49       		.uleb128 0x49
 893 00f0 13       		.uleb128 0x13
 894 00f1 3F       		.uleb128 0x3f
 895 00f2 19       		.uleb128 0x19
 896 00f3 3C       		.uleb128 0x3c
 897 00f4 19       		.uleb128 0x19
ARM GAS  C:\Users\karthik\AppData\Local\Temp\ccmveSPz.s 			page 18


 898 00f5 00       		.byte	0
 899 00f6 00       		.byte	0
 900 00f7 12       		.uleb128 0x12
 901 00f8 35       		.uleb128 0x35
 902 00f9 00       		.byte	0
 903 00fa 49       		.uleb128 0x49
 904 00fb 13       		.uleb128 0x13
 905 00fc 00       		.byte	0
 906 00fd 00       		.byte	0
 907 00fe 13       		.uleb128 0x13
 908 00ff 2E       		.uleb128 0x2e
 909 0100 00       		.byte	0
 910 0101 3F       		.uleb128 0x3f
 911 0102 19       		.uleb128 0x19
 912 0103 3C       		.uleb128 0x3c
 913 0104 19       		.uleb128 0x19
 914 0105 6E       		.uleb128 0x6e
 915 0106 0E       		.uleb128 0xe
 916 0107 03       		.uleb128 0x3
 917 0108 0E       		.uleb128 0xe
 918 0109 3A       		.uleb128 0x3a
 919 010a 0B       		.uleb128 0xb
 920 010b 3B       		.uleb128 0x3b
 921 010c 0B       		.uleb128 0xb
 922 010d 00       		.byte	0
 923 010e 00       		.byte	0
 924 010f 00       		.byte	0
 925              		.section	.debug_loc,"",%progbits
 926              	.Ldebug_loc0:
 927              	.LLST0:
 928 0000 00000000 		.4byte	.LVL0
 929 0004 0D000000 		.4byte	.LVL2-1
 930 0008 0100     		.2byte	0x1
 931 000a 50       		.byte	0x50
 932 000b 0D000000 		.4byte	.LVL2-1
 933 000f 18000000 		.4byte	.LVL4
 934 0013 0100     		.2byte	0x1
 935 0015 55       		.byte	0x55
 936 0016 18000000 		.4byte	.LVL4
 937 001a 24000000 		.4byte	.LVL5
 938 001e 0400     		.2byte	0x4
 939 0020 F3       		.byte	0xf3
 940 0021 01       		.uleb128 0x1
 941 0022 50       		.byte	0x50
 942 0023 9F       		.byte	0x9f
 943 0024 24000000 		.4byte	.LVL5
 944 0028 36000000 		.4byte	.LVL8
 945 002c 0100     		.2byte	0x1
 946 002e 55       		.byte	0x55
 947 002f 36000000 		.4byte	.LVL8
 948 0033 46000000 		.4byte	.LVL9
 949 0037 0400     		.2byte	0x4
 950 0039 F3       		.byte	0xf3
 951 003a 01       		.uleb128 0x1
 952 003b 50       		.byte	0x50
 953 003c 9F       		.byte	0x9f
 954 003d 46000000 		.4byte	.LVL9
ARM GAS  C:\Users\karthik\AppData\Local\Temp\ccmveSPz.s 			page 19


 955 0041 48000000 		.4byte	.LVL10
 956 0045 0100     		.2byte	0x1
 957 0047 55       		.byte	0x55
 958 0048 48000000 		.4byte	.LVL10
 959 004c 6C000000 		.4byte	.LFE64
 960 0050 0400     		.2byte	0x4
 961 0052 F3       		.byte	0xf3
 962 0053 01       		.uleb128 0x1
 963 0054 50       		.byte	0x50
 964 0055 9F       		.byte	0x9f
 965 0056 00000000 		.4byte	0
 966 005a 00000000 		.4byte	0
 967              	.LLST1:
 968 005e 00000000 		.4byte	.LVL0
 969 0062 0A000000 		.4byte	.LVL1
 970 0066 0100     		.2byte	0x1
 971 0068 51       		.byte	0x51
 972 0069 0A000000 		.4byte	.LVL1
 973 006d 58000000 		.4byte	.LVL11
 974 0071 0100     		.2byte	0x1
 975 0073 54       		.byte	0x54
 976 0074 58000000 		.4byte	.LVL11
 977 0078 6C000000 		.4byte	.LFE64
 978 007c 0400     		.2byte	0x4
 979 007e F3       		.byte	0xf3
 980 007f 01       		.uleb128 0x1
 981 0080 51       		.byte	0x51
 982 0081 9F       		.byte	0x9f
 983 0082 00000000 		.4byte	0
 984 0086 00000000 		.4byte	0
 985              	.LLST2:
 986 008a 00000000 		.4byte	.LVL12
 987 008e 08000000 		.4byte	.LVL14
 988 0092 0100     		.2byte	0x1
 989 0094 50       		.byte	0x50
 990 0095 08000000 		.4byte	.LVL14
 991 0099 3C000000 		.4byte	.LVL24
 992 009d 0100     		.2byte	0x1
 993 009f 56       		.byte	0x56
 994 00a0 3C000000 		.4byte	.LVL24
 995 00a4 40000000 		.4byte	.LFE65
 996 00a8 0400     		.2byte	0x4
 997 00aa F3       		.byte	0xf3
 998 00ab 01       		.uleb128 0x1
 999 00ac 50       		.byte	0x50
 1000 00ad 9F       		.byte	0x9f
 1001 00ae 00000000 		.4byte	0
 1002 00b2 00000000 		.4byte	0
 1003              	.LLST3:
 1004 00b6 00000000 		.4byte	.LVL12
 1005 00ba 08000000 		.4byte	.LVL14
 1006 00be 0100     		.2byte	0x1
 1007 00c0 51       		.byte	0x51
 1008 00c1 08000000 		.4byte	.LVL14
 1009 00c5 3C000000 		.4byte	.LVL24
 1010 00c9 0100     		.2byte	0x1
 1011 00cb 57       		.byte	0x57
ARM GAS  C:\Users\karthik\AppData\Local\Temp\ccmveSPz.s 			page 20


 1012 00cc 3C000000 		.4byte	.LVL24
 1013 00d0 40000000 		.4byte	.LFE65
 1014 00d4 0300     		.2byte	0x3
 1015 00d6 72       		.byte	0x72
 1016 00d7 01       		.sleb128 1
 1017 00d8 9F       		.byte	0x9f
 1018 00d9 00000000 		.4byte	0
 1019 00dd 00000000 		.4byte	0
 1020              	.LLST4:
 1021 00e1 06000000 		.4byte	.LVL13
 1022 00e5 08000000 		.4byte	.LVL14
 1023 00e9 0200     		.2byte	0x2
 1024 00eb 30       		.byte	0x30
 1025 00ec 9F       		.byte	0x9f
 1026 00ed 0A000000 		.4byte	.LVL15
 1027 00f1 32000000 		.4byte	.LVL23
 1028 00f5 0100     		.2byte	0x1
 1029 00f7 55       		.byte	0x55
 1030 00f8 32000000 		.4byte	.LVL23
 1031 00fc 3C000000 		.4byte	.LVL24
 1032 0100 0100     		.2byte	0x1
 1033 0102 53       		.byte	0x53
 1034 0103 00000000 		.4byte	0
 1035 0107 00000000 		.4byte	0
 1036              	.LLST5:
 1037 010b 18000000 		.4byte	.LVL18
 1038 010f 26000000 		.4byte	.LVL19
 1039 0113 0100     		.2byte	0x1
 1040 0115 50       		.byte	0x50
 1041 0116 2C000000 		.4byte	.LVL21
 1042 011a 2F000000 		.4byte	.LVL22-1
 1043 011e 0100     		.2byte	0x1
 1044 0120 50       		.byte	0x50
 1045 0121 00000000 		.4byte	0
 1046 0125 00000000 		.4byte	0
 1047              		.section	.debug_aranges,"",%progbits
 1048 0000 2C000000 		.4byte	0x2c
 1049 0004 0200     		.2byte	0x2
 1050 0006 00000000 		.4byte	.Ldebug_info0
 1051 000a 04       		.byte	0x4
 1052 000b 00       		.byte	0
 1053 000c 0000     		.2byte	0
 1054 000e 0000     		.2byte	0
 1055 0010 00000000 		.4byte	.LFB64
 1056 0014 6C000000 		.4byte	.LFE64-.LFB64
 1057 0018 00000000 		.4byte	.LFB65
 1058 001c 40000000 		.4byte	.LFE65-.LFB65
 1059 0020 00000000 		.4byte	.LFB66
 1060 0024 40000000 		.4byte	.LFE66-.LFB66
 1061 0028 00000000 		.4byte	0
 1062 002c 00000000 		.4byte	0
 1063              		.section	.debug_ranges,"",%progbits
 1064              	.Ldebug_ranges0:
 1065 0000 00000000 		.4byte	.LFB64
 1066 0004 6C000000 		.4byte	.LFE64
 1067 0008 00000000 		.4byte	.LFB65
 1068 000c 40000000 		.4byte	.LFE65
ARM GAS  C:\Users\karthik\AppData\Local\Temp\ccmveSPz.s 			page 21


 1069 0010 00000000 		.4byte	.LFB66
 1070 0014 40000000 		.4byte	.LFE66
 1071 0018 00000000 		.4byte	0
 1072 001c 00000000 		.4byte	0
 1073              		.section	.debug_line,"",%progbits
 1074              	.Ldebug_line0:
 1075 0000 2B020000 		.section	.debug_str,"MS",%progbits,1
 1075      0200CA01 
 1075      00000201 
 1075      FB0E0D00 
 1075      01010101 
 1076              	.LASF9:
 1077 0000 5F5F696E 		.ascii	"__int32_t\000"
 1077      7433325F 
 1077      7400
 1078              	.LASF31:
 1079 000a 433A5C49 		.ascii	"C:\\IIITB\\Summer Term\\Summer Term\\Workspace01\\L"
 1079      49495442 
 1079      5C53756D 
 1079      6D657220 
 1079      5465726D 
 1080 0038 45445F50 		.ascii	"ED_Pointers.cydsn\000"
 1080      6F696E74 
 1080      6572732E 
 1080      63796473 
 1080      6E00
 1081              	.LASF11:
 1082 004a 666C6F61 		.ascii	"float\000"
 1082      7400
 1083              	.LASF1:
 1084 0050 756E7369 		.ascii	"unsigned char\000"
 1084      676E6564 
 1084      20636861 
 1084      7200
 1085              	.LASF29:
 1086 005e 474E5520 		.ascii	"GNU C11 5.4.1 20160609 (release) [ARM/embedded-5-br"
 1086      43313120 
 1086      352E342E 
 1086      31203230 
 1086      31363036 
 1087 0091 616E6368 		.ascii	"anch revision 237715] -mcpu=cortex-m3 -mthumb -g -O"
 1087      20726576 
 1087      6973696F 
 1087      6E203233 
 1087      37373135 
 1088 00c4 67202D66 		.ascii	"g -ffunction-sections -ffat-lto-objects\000"
 1088      66756E63 
 1088      74696F6E 
 1088      2D736563 
 1088      74696F6E 
 1089              	.LASF16:
 1090 00ec 696E7075 		.ascii	"input\000"
 1090      7400
 1091              	.LASF5:
 1092 00f2 6C6F6E67 		.ascii	"long unsigned int\000"
 1092      20756E73 
 1092      69676E65 
ARM GAS  C:\Users\karthik\AppData\Local\Temp\ccmveSPz.s 			page 22


 1092      6420696E 
 1092      7400
 1093              	.LASF3:
 1094 0104 73686F72 		.ascii	"short unsigned int\000"
 1094      7420756E 
 1094      7369676E 
 1094      65642069 
 1094      6E7400
 1095              	.LASF28:
 1096 0117 55415254 		.ascii	"UART_Start\000"
 1096      5F537461 
 1096      727400
 1097              	.LASF33:
 1098 0122 49544D5F 		.ascii	"ITM_RxBuffer\000"
 1098      52784275 
 1098      66666572 
 1098      00
 1099              	.LASF25:
 1100 012f 55415254 		.ascii	"UART_GetChar\000"
 1100      5F476574 
 1100      43686172 
 1100      00
 1101              	.LASF12:
 1102 013c 646F7562 		.ascii	"double\000"
 1102      6C6500
 1103              	.LASF32:
 1104 0143 6D61696E 		.ascii	"main\000"
 1104      00
 1105              	.LASF8:
 1106 0148 756E7369 		.ascii	"unsigned int\000"
 1106      676E6564 
 1106      20696E74 
 1106      00
 1107              	.LASF23:
 1108 0155 50696E5F 		.ascii	"Pin_LED_Write\000"
 1108      4C45445F 
 1108      57726974 
 1108      6500
 1109              	.LASF18:
 1110 0163 70617273 		.ascii	"parseCommand\000"
 1110      65436F6D 
 1110      6D616E64 
 1110      00
 1111              	.LASF7:
 1112 0170 6C6F6E67 		.ascii	"long long unsigned int\000"
 1112      206C6F6E 
 1112      6720756E 
 1112      7369676E 
 1112      65642069 
 1113              	.LASF17:
 1114 0187 72657370 		.ascii	"response\000"
 1114      6F6E7365 
 1114      00
 1115              	.LASF10:
 1116 0190 696E7433 		.ascii	"int32_t\000"
 1116      325F7400 
 1117              	.LASF27:
ARM GAS  C:\Users\karthik\AppData\Local\Temp\ccmveSPz.s 			page 23


 1118 0198 55415254 		.ascii	"UART_PutChar\000"
 1118      5F507574 
 1118      43686172 
 1118      00
 1119              	.LASF15:
 1120 01a5 73697A65 		.ascii	"sizetype\000"
 1120      74797065 
 1120      00
 1121              	.LASF6:
 1122 01ae 6C6F6E67 		.ascii	"long long int\000"
 1122      206C6F6E 
 1122      6720696E 
 1122      7400
 1123              	.LASF30:
 1124 01bc 6D61696E 		.ascii	"main.c\000"
 1124      2E6300
 1125              	.LASF13:
 1126 01c3 63686172 		.ascii	"char\000"
 1126      00
 1127              	.LASF22:
 1128 01c8 7374726E 		.ascii	"strncmp\000"
 1128      636D7000 
 1129              	.LASF2:
 1130 01d0 73686F72 		.ascii	"short int\000"
 1130      7420696E 
 1130      7400
 1131              	.LASF20:
 1132 01da 62756666 		.ascii	"buffer\000"
 1132      657200
 1133              	.LASF24:
 1134 01e1 55415254 		.ascii	"UART_GetRxBufferSize\000"
 1134      5F476574 
 1134      52784275 
 1134      66666572 
 1134      53697A65 
 1135              	.LASF4:
 1136 01f6 6C6F6E67 		.ascii	"long int\000"
 1136      20696E74 
 1136      00
 1137              	.LASF14:
 1138 01ff 6C6F6E67 		.ascii	"long double\000"
 1138      20646F75 
 1138      626C6500 
 1139              	.LASF0:
 1140 020b 7369676E 		.ascii	"signed char\000"
 1140      65642063 
 1140      68617200 
 1141              	.LASF21:
 1142 0217 6D617853 		.ascii	"maxSize\000"
 1142      697A6500 
 1143              	.LASF26:
 1144 021f 55415254 		.ascii	"UART_PutString\000"
 1144      5F507574 
 1144      53747269 
 1144      6E6700
 1145              	.LASF19:
 1146 022e 55415254 		.ascii	"UART_ReadLine\000"
ARM GAS  C:\Users\karthik\AppData\Local\Temp\ccmveSPz.s 			page 24


 1146      5F526561 
 1146      644C696E 
 1146      6500
 1147              		.ident	"GCC: (GNU Tools for ARM Embedded Processors) 5.4.1 20160609 (release) [ARM/embedded-5-bran
