ARM GAS  C:\Users\karthik\AppData\Local\Temp\cc2hQL5G.s 			page 1


   1              		.syntax unified
   2              		.cpu cortex-m3
   3              		.fpu softvfp
   4              		.eabi_attribute 20, 1
   5              		.eabi_attribute 21, 1
   6              		.eabi_attribute 23, 3
   7              		.eabi_attribute 24, 1
   8              		.eabi_attribute 25, 1
   9              		.eabi_attribute 26, 1
  10              		.eabi_attribute 30, 1
  11              		.eabi_attribute 34, 1
  12              		.eabi_attribute 18, 4
  13              		.thumb
  14              		.syntax unified
  15              		.file	"main.c"
  16              		.text
  17              	.Ltext0:
  18              		.cfi_sections	.debug_frame
  19              		.section	.text.initHardware,"ax",%progbits
  20              		.align	2
  21              		.global	initHardware
  22              		.thumb
  23              		.thumb_func
  24              		.type	initHardware, %function
  25              	initHardware:
  26              	.LFB64:
  27              		.file 1 "main.c"
   1:main.c        **** #include "project.h"
   2:main.c        **** #include <string.h>
   3:main.c        **** #include <stdio.h>
   4:main.c        **** 
   5:main.c        **** #define BUFFER_SIZE 64
   6:main.c        **** 
   7:main.c        **** char inputBuffer[BUFFER_SIZE];
   8:main.c        **** char copyBuffer[BUFFER_SIZE];
   9:main.c        **** char txBuffer[128];
  10:main.c        **** 
  11:main.c        **** void initHardware() {
  28              		.loc 1 11 0
  29              		.cfi_startproc
  30              		@ args = 0, pretend = 0, frame = 0
  31              		@ frame_needed = 0, uses_anonymous_args = 0
  32 0000 08B5     		push	{r3, lr}
  33              		.cfi_def_cfa_offset 8
  34              		.cfi_offset 3, -8
  35              		.cfi_offset 14, -4
  12:main.c        ****     UART_Start();
  36              		.loc 1 12 0
  37 0002 FFF7FEFF 		bl	UART_Start
  38              	.LVL0:
  13:main.c        ****     Pin_LED_Write(0); // LED OFF initially
  39              		.loc 1 13 0
  40 0006 0020     		movs	r0, #0
  41 0008 FFF7FEFF 		bl	Pin_LED_Write
  42              	.LVL1:
  14:main.c        ****     CyGlobalIntEnable;
  43              		.loc 1 14 0
ARM GAS  C:\Users\karthik\AppData\Local\Temp\cc2hQL5G.s 			page 2


  44              		.syntax unified
  45              	@ 14 "main.c" 1
  46 000c 62B6     		CPSIE   i
  47              	@ 0 "" 2
  48              		.thumb
  49              		.syntax unified
  50 000e 08BD     		pop	{r3, pc}
  51              		.cfi_endproc
  52              	.LFE64:
  53              		.size	initHardware, .-initHardware
  54              		.section	.text.promptUser,"ax",%progbits
  55              		.align	2
  56              		.global	promptUser
  57              		.thumb
  58              		.thumb_func
  59              		.type	promptUser, %function
  60              	promptUser:
  61              	.LFB65:
  15:main.c        **** }
  16:main.c        **** 
  17:main.c        **** void promptUser() {
  62              		.loc 1 17 0
  63              		.cfi_startproc
  64              		@ args = 0, pretend = 0, frame = 0
  65              		@ frame_needed = 0, uses_anonymous_args = 0
  66 0000 08B5     		push	{r3, lr}
  67              		.cfi_def_cfa_offset 8
  68              		.cfi_offset 3, -8
  69              		.cfi_offset 14, -4
  18:main.c        ****     UART_PutString("Enter a string (max 63 chars): ");
  70              		.loc 1 18 0
  71 0002 0248     		ldr	r0, .L5
  72 0004 FFF7FEFF 		bl	UART_PutString
  73              	.LVL2:
  74 0008 08BD     		pop	{r3, pc}
  75              	.L6:
  76 000a 00BF     		.align	2
  77              	.L5:
  78 000c 00000000 		.word	.LC0
  79              		.cfi_endproc
  80              	.LFE65:
  81              		.size	promptUser, .-promptUser
  82              		.section	.text.readUserInput,"ax",%progbits
  83              		.align	2
  84              		.global	readUserInput
  85              		.thumb
  86              		.thumb_func
  87              		.type	readUserInput, %function
  88              	readUserInput:
  89              	.LFB66:
  19:main.c        **** }
  20:main.c        **** 
  21:main.c        **** void readUserInput() {
  90              		.loc 1 21 0
  91              		.cfi_startproc
  92              		@ args = 0, pretend = 0, frame = 0
  93              		@ frame_needed = 0, uses_anonymous_args = 0
ARM GAS  C:\Users\karthik\AppData\Local\Temp\cc2hQL5G.s 			page 3


  94 0000 38B5     		push	{r3, r4, r5, lr}
  95              		.cfi_def_cfa_offset 16
  96              		.cfi_offset 3, -16
  97              		.cfi_offset 4, -12
  98              		.cfi_offset 5, -8
  99              		.cfi_offset 14, -4
 100              	.LVL3:
  22:main.c        ****     uint8_t index = 0;
 101              		.loc 1 22 0
 102 0002 0024     		movs	r4, #0
  23:main.c        ****     char ch;
  24:main.c        ****     while (index < BUFFER_SIZE - 1) {
 103              		.loc 1 24 0
 104 0004 10E0     		b	.L8
 105              	.LVL4:
 106              	.L9:
  25:main.c        ****         while (!UART_GetRxBufferSize()); // Wait for input
 107              		.loc 1 25 0 discriminator 1
 108 0006 FFF7FEFF 		bl	UART_GetRxBufferSize
 109              	.LVL5:
 110 000a 0028     		cmp	r0, #0
 111 000c FBD0     		beq	.L9
  26:main.c        ****         ch = UART_GetChar();
 112              		.loc 1 26 0
 113 000e FFF7FEFF 		bl	UART_GetChar
 114              	.LVL6:
  27:main.c        ****         if (ch == '\r' || ch == '\n') {
 115              		.loc 1 27 0
 116 0012 0D28     		cmp	r0, #13
 117 0014 0AD0     		beq	.L10
 118              		.loc 1 27 0 is_stmt 0 discriminator 1
 119 0016 0A28     		cmp	r0, #10
 120 0018 08D0     		beq	.L10
  28:main.c        ****             break;
  29:main.c        ****         }
  30:main.c        ****         inputBuffer[index++] = ch;
 121              		.loc 1 30 0 is_stmt 1
 122 001a 651C     		adds	r5, r4, #1
 123 001c EDB2     		uxtb	r5, r5
 124              	.LVL7:
 125 001e 074B     		ldr	r3, .L12
 126 0020 1855     		strb	r0, [r3, r4]
  31:main.c        ****         UART_PutChar(ch); // Echo
 127              		.loc 1 31 0
 128 0022 FFF7FEFF 		bl	UART_PutChar
 129              	.LVL8:
  30:main.c        ****         UART_PutChar(ch); // Echo
 130              		.loc 1 30 0
 131 0026 2C46     		mov	r4, r5
 132              	.LVL9:
 133              	.L8:
  24:main.c        ****         while (!UART_GetRxBufferSize()); // Wait for input
 134              		.loc 1 24 0
 135 0028 3E2C     		cmp	r4, #62
 136 002a ECD9     		bls	.L9
 137              	.L10:
  32:main.c        ****     }
ARM GAS  C:\Users\karthik\AppData\Local\Temp\cc2hQL5G.s 			page 4


  33:main.c        ****     inputBuffer[index] = '\0';
 138              		.loc 1 33 0
 139 002c 0022     		movs	r2, #0
 140 002e 034B     		ldr	r3, .L12
 141 0030 1A55     		strb	r2, [r3, r4]
  34:main.c        ****     UART_PutString("\r\n");
 142              		.loc 1 34 0
 143 0032 0348     		ldr	r0, .L12+4
 144 0034 FFF7FEFF 		bl	UART_PutString
 145              	.LVL10:
 146 0038 38BD     		pop	{r3, r4, r5, pc}
 147              	.LVL11:
 148              	.L13:
 149 003a 00BF     		.align	2
 150              	.L12:
 151 003c 00000000 		.word	inputBuffer
 152 0040 20000000 		.word	.LC1
 153              		.cfi_endproc
 154              	.LFE66:
 155              		.size	readUserInput, .-readUserInput
 156              		.section	.text.main,"ax",%progbits
 157              		.align	2
 158              		.global	main
 159              		.thumb
 160              		.thumb_func
 161              		.type	main, %function
 162              	main:
 163              	.LFB67:
  35:main.c        **** }
  36:main.c        **** 
  37:main.c        **** int main(void) {
 164              		.loc 1 37 0
 165              		.cfi_startproc
 166              		@ Volatile: function does not return.
 167              		@ args = 0, pretend = 0, frame = 0
 168              		@ frame_needed = 0, uses_anonymous_args = 0
 169 0000 08B5     		push	{r3, lr}
 170              		.cfi_def_cfa_offset 8
 171              		.cfi_offset 3, -8
 172              		.cfi_offset 14, -4
  38:main.c        ****     initHardware();
 173              		.loc 1 38 0
 174 0002 FFF7FEFF 		bl	initHardware
 175              	.LVL12:
  39:main.c        ****     UART_PutString("PSoC memcpy() Demo with LED and UART\r\n");
 176              		.loc 1 39 0
 177 0006 1A48     		ldr	r0, .L19
 178 0008 FFF7FEFF 		bl	UART_PutString
 179              	.LVL13:
 180              	.L17:
  40:main.c        **** 
  41:main.c        ****     while (1) {
  42:main.c        ****         promptUser();
 181              		.loc 1 42 0
 182 000c FFF7FEFF 		bl	promptUser
 183              	.LVL14:
  43:main.c        ****         readUserInput();
ARM GAS  C:\Users\karthik\AppData\Local\Temp\cc2hQL5G.s 			page 5


 184              		.loc 1 43 0
 185 0010 FFF7FEFF 		bl	readUserInput
 186              	.LVL15:
  44:main.c        **** 
  45:main.c        ****         memcpy(copyBuffer, inputBuffer, strlen(inputBuffer) + 1);
 187              		.loc 1 45 0
 188 0014 174C     		ldr	r4, .L19+4
 189 0016 2046     		mov	r0, r4
 190 0018 FFF7FEFF 		bl	strlen
 191              	.LVL16:
 192 001c 164D     		ldr	r5, .L19+8
 193 001e 421C     		adds	r2, r0, #1
 194 0020 2146     		mov	r1, r4
 195 0022 2846     		mov	r0, r5
 196 0024 FFF7FEFF 		bl	memcpy
 197              	.LVL17:
  46:main.c        **** 
  47:main.c        ****         if (strcmp(inputBuffer, copyBuffer) == 0) {
 198              		.loc 1 47 0
 199 0028 2946     		mov	r1, r5
 200 002a 2046     		mov	r0, r4
 201 002c FFF7FEFF 		bl	strcmp
 202              	.LVL18:
 203 0030 30B9     		cbnz	r0, .L15
  48:main.c        ****             UART_PutString("Copy successful. Strings match.\r\n");
 204              		.loc 1 48 0
 205 0032 1248     		ldr	r0, .L19+12
 206 0034 FFF7FEFF 		bl	UART_PutString
 207              	.LVL19:
  49:main.c        ****             Pin_LED_Write(1); // LED ON
 208              		.loc 1 49 0
 209 0038 0120     		movs	r0, #1
 210 003a FFF7FEFF 		bl	Pin_LED_Write
 211              	.LVL20:
 212 003e 05E0     		b	.L16
 213              	.L15:
  50:main.c        ****         } else {
  51:main.c        ****             UART_PutString("Copy failed. Strings do not match.\r\n");
 214              		.loc 1 51 0
 215 0040 0F48     		ldr	r0, .L19+16
 216 0042 FFF7FEFF 		bl	UART_PutString
 217              	.LVL21:
  52:main.c        ****             Pin_LED_Write(0); // LED OFF
 218              		.loc 1 52 0
 219 0046 0020     		movs	r0, #0
 220 0048 FFF7FEFF 		bl	Pin_LED_Write
 221              	.LVL22:
 222              	.L16:
  53:main.c        ****         }
  54:main.c        **** 
  55:main.c        ****         sprintf(txBuffer, "Original: %s\r\nCopy: %s\r\n\r\n", inputBuffer, copyBuffer);
 223              		.loc 1 55 0
 224 004c 0D4C     		ldr	r4, .L19+20
 225 004e 0A4B     		ldr	r3, .L19+8
 226 0050 084A     		ldr	r2, .L19+4
 227 0052 0D49     		ldr	r1, .L19+24
 228 0054 2046     		mov	r0, r4
ARM GAS  C:\Users\karthik\AppData\Local\Temp\cc2hQL5G.s 			page 6


 229 0056 FFF7FEFF 		bl	sprintf
 230              	.LVL23:
  56:main.c        ****         UART_PutString(txBuffer);
 231              		.loc 1 56 0
 232 005a 2046     		mov	r0, r4
 233 005c FFF7FEFF 		bl	UART_PutString
 234              	.LVL24:
  57:main.c        **** 
  58:main.c        ****         CyDelay(2000);
 235              		.loc 1 58 0
 236 0060 4FF4FA60 		mov	r0, #2000
 237 0064 FFF7FEFF 		bl	CyDelay
 238              	.LVL25:
  59:main.c        ****         Pin_LED_Write(0); // Turn OFF LED after delay
 239              		.loc 1 59 0
 240 0068 0020     		movs	r0, #0
 241 006a FFF7FEFF 		bl	Pin_LED_Write
 242              	.LVL26:
  60:main.c        ****     }
 243              		.loc 1 60 0
 244 006e CDE7     		b	.L17
 245              	.L20:
 246              		.align	2
 247              	.L19:
 248 0070 24000000 		.word	.LC2
 249 0074 00000000 		.word	inputBuffer
 250 0078 00000000 		.word	copyBuffer
 251 007c 4C000000 		.word	.LC3
 252 0080 70000000 		.word	.LC4
 253 0084 00000000 		.word	txBuffer
 254 0088 98000000 		.word	.LC5
 255              		.cfi_endproc
 256              	.LFE67:
 257              		.size	main, .-main
 258              		.comm	txBuffer,128,4
 259              		.comm	copyBuffer,64,4
 260              		.comm	inputBuffer,64,4
 261              		.section	.rodata.str1.4,"aMS",%progbits,1
 262              		.align	2
 263              	.LC0:
 264 0000 456E7465 		.ascii	"Enter a string (max 63 chars): \000"
 264      72206120 
 264      73747269 
 264      6E672028 
 264      6D617820 
 265              	.LC1:
 266 0020 0D0A00   		.ascii	"\015\012\000"
 267 0023 00       		.space	1
 268              	.LC2:
 269 0024 50536F43 		.ascii	"PSoC memcpy() Demo with LED and UART\015\012\000"
 269      206D656D 
 269      63707928 
 269      29204465 
 269      6D6F2077 
 270 004b 00       		.space	1
 271              	.LC3:
 272 004c 436F7079 		.ascii	"Copy successful. Strings match.\015\012\000"
ARM GAS  C:\Users\karthik\AppData\Local\Temp\cc2hQL5G.s 			page 7


 272      20737563 
 272      63657373 
 272      66756C2E 
 272      20537472 
 273 006e 0000     		.space	2
 274              	.LC4:
 275 0070 436F7079 		.ascii	"Copy failed. Strings do not match.\015\012\000"
 275      20666169 
 275      6C65642E 
 275      20537472 
 275      696E6773 
 276 0095 000000   		.space	3
 277              	.LC5:
 278 0098 4F726967 		.ascii	"Original: %s\015\012Copy: %s\015\012\015\012\000"
 278      696E616C 
 278      3A202573 
 278      0D0A436F 
 278      70793A20 
 279              		.text
 280              	.Letext0:
 281              		.file 2 "c:\\program files (x86)\\cypress\\psoc creator\\4.4\\psoc creator\\import\\gnu\\arm\\5.4.
 282              		.file 3 "c:\\program files (x86)\\cypress\\psoc creator\\4.4\\psoc creator\\import\\gnu\\arm\\5.4.
 283              		.file 4 "Generated_Source\\PSoC5/core_cm3.h"
 284              		.file 5 "Generated_Source\\PSoC5/UART.h"
 285              		.file 6 "Generated_Source\\PSoC5/Pin_LED.h"
 286              		.file 7 "c:\\program files (x86)\\cypress\\psoc creator\\4.4\\psoc creator\\import\\gnu\\arm\\5.4.
 287              		.file 8 "c:\\program files (x86)\\cypress\\psoc creator\\4.4\\psoc creator\\import\\gnu\\arm\\5.4.
 288              		.file 9 "Generated_Source\\PSoC5/CyLib.h"
 289              		.section	.debug_info,"",%progbits
 290              	.Ldebug_info0:
 291 0000 96030000 		.4byte	0x396
 292 0004 0400     		.2byte	0x4
 293 0006 00000000 		.4byte	.Ldebug_abbrev0
 294 000a 04       		.byte	0x4
 295 000b 01       		.uleb128 0x1
 296 000c 35000000 		.4byte	.LASF36
 297 0010 0C       		.byte	0xc
 298 0011 AD010000 		.4byte	.LASF37
 299 0015 3E020000 		.4byte	.LASF38
 300 0019 00000000 		.4byte	.Ldebug_ranges0+0
 301 001d 00000000 		.4byte	0
 302 0021 00000000 		.4byte	.Ldebug_line0
 303 0025 02       		.uleb128 0x2
 304 0026 01       		.byte	0x1
 305 0027 06       		.byte	0x6
 306 0028 13020000 		.4byte	.LASF0
 307 002c 03       		.uleb128 0x3
 308 002d 00000000 		.4byte	.LASF4
 309 0031 02       		.byte	0x2
 310 0032 1D       		.byte	0x1d
 311 0033 37000000 		.4byte	0x37
 312 0037 02       		.uleb128 0x2
 313 0038 01       		.byte	0x1
 314 0039 08       		.byte	0x8
 315 003a 27000000 		.4byte	.LASF1
 316 003e 02       		.uleb128 0x2
 317 003f 02       		.byte	0x2
ARM GAS  C:\Users\karthik\AppData\Local\Temp\cc2hQL5G.s 			page 8


 318 0040 05       		.byte	0x5
 319 0041 D8010000 		.4byte	.LASF2
 320 0045 02       		.uleb128 0x2
 321 0046 02       		.byte	0x2
 322 0047 07       		.byte	0x7
 323 0048 DE000000 		.4byte	.LASF3
 324 004c 03       		.uleb128 0x3
 325 004d 0A000000 		.4byte	.LASF5
 326 0051 02       		.byte	0x2
 327 0052 3F       		.byte	0x3f
 328 0053 57000000 		.4byte	0x57
 329 0057 02       		.uleb128 0x2
 330 0058 04       		.byte	0x4
 331 0059 05       		.byte	0x5
 332 005a FE010000 		.4byte	.LASF6
 333 005e 02       		.uleb128 0x2
 334 005f 04       		.byte	0x4
 335 0060 07       		.byte	0x7
 336 0061 CC000000 		.4byte	.LASF7
 337 0065 02       		.uleb128 0x2
 338 0066 08       		.byte	0x8
 339 0067 05       		.byte	0x5
 340 0068 9F010000 		.4byte	.LASF8
 341 006c 02       		.uleb128 0x2
 342 006d 08       		.byte	0x8
 343 006e 07       		.byte	0x7
 344 006f 49010000 		.4byte	.LASF9
 345 0073 04       		.uleb128 0x4
 346 0074 04       		.byte	0x4
 347 0075 05       		.byte	0x5
 348 0076 696E7400 		.ascii	"int\000"
 349 007a 02       		.uleb128 0x2
 350 007b 04       		.byte	0x4
 351 007c 07       		.byte	0x7
 352 007d 14000000 		.4byte	.LASF10
 353 0081 03       		.uleb128 0x3
 354 0082 60010000 		.4byte	.LASF11
 355 0086 03       		.byte	0x3
 356 0087 18       		.byte	0x18
 357 0088 2C000000 		.4byte	0x2c
 358 008c 03       		.uleb128 0x3
 359 008d 81010000 		.4byte	.LASF12
 360 0091 03       		.byte	0x3
 361 0092 2C       		.byte	0x2c
 362 0093 4C000000 		.4byte	0x4c
 363 0097 02       		.uleb128 0x2
 364 0098 04       		.byte	0x4
 365 0099 04       		.byte	0x4
 366 009a 21000000 		.4byte	.LASF13
 367 009e 02       		.uleb128 0x2
 368 009f 08       		.byte	0x8
 369 00a0 04       		.byte	0x4
 370 00a1 21010000 		.4byte	.LASF14
 371 00a5 02       		.uleb128 0x2
 372 00a6 01       		.byte	0x1
 373 00a7 08       		.byte	0x8
 374 00a8 B4010000 		.4byte	.LASF15
ARM GAS  C:\Users\karthik\AppData\Local\Temp\cc2hQL5G.s 			page 9


 375 00ac 02       		.uleb128 0x2
 376 00ad 08       		.byte	0x8
 377 00ae 04       		.byte	0x4
 378 00af 07020000 		.4byte	.LASF16
 379 00b3 02       		.uleb128 0x2
 380 00b4 04       		.byte	0x4
 381 00b5 07       		.byte	0x7
 382 00b6 96010000 		.4byte	.LASF17
 383 00ba 05       		.uleb128 0x5
 384 00bb FC000000 		.4byte	.LASF18
 385 00bf 01       		.byte	0x1
 386 00c0 0B       		.byte	0xb
 387 00c1 00000000 		.4byte	.LFB64
 388 00c5 10000000 		.4byte	.LFE64-.LFB64
 389 00c9 01       		.uleb128 0x1
 390 00ca 9C       		.byte	0x9c
 391 00cb E8000000 		.4byte	0xe8
 392 00cf 06       		.uleb128 0x6
 393 00d0 06000000 		.4byte	.LVL0
 394 00d4 22030000 		.4byte	0x322
 395 00d8 07       		.uleb128 0x7
 396 00d9 0C000000 		.4byte	.LVL1
 397 00dd 2D030000 		.4byte	0x32d
 398 00e1 08       		.uleb128 0x8
 399 00e2 01       		.uleb128 0x1
 400 00e3 50       		.byte	0x50
 401 00e4 01       		.uleb128 0x1
 402 00e5 30       		.byte	0x30
 403 00e6 00       		.byte	0
 404 00e7 00       		.byte	0
 405 00e8 05       		.uleb128 0x5
 406 00e9 16010000 		.4byte	.LASF19
 407 00ed 01       		.byte	0x1
 408 00ee 11       		.byte	0x11
 409 00ef 00000000 		.4byte	.LFB65
 410 00f3 10000000 		.4byte	.LFE65-.LFB65
 411 00f7 01       		.uleb128 0x1
 412 00f8 9C       		.byte	0x9c
 413 00f9 11010000 		.4byte	0x111
 414 00fd 07       		.uleb128 0x7
 415 00fe 08000000 		.4byte	.LVL2
 416 0102 38030000 		.4byte	0x338
 417 0106 08       		.uleb128 0x8
 418 0107 01       		.uleb128 0x1
 419 0108 50       		.byte	0x50
 420 0109 05       		.uleb128 0x5
 421 010a 03       		.byte	0x3
 422 010b 00000000 		.4byte	.LC0
 423 010f 00       		.byte	0
 424 0110 00       		.byte	0
 425 0111 05       		.uleb128 0x5
 426 0112 73010000 		.4byte	.LASF20
 427 0116 01       		.byte	0x1
 428 0117 15       		.byte	0x15
 429 0118 00000000 		.4byte	.LFB66
 430 011c 44000000 		.4byte	.LFE66-.LFB66
 431 0120 01       		.uleb128 0x1
ARM GAS  C:\Users\karthik\AppData\Local\Temp\cc2hQL5G.s 			page 10


 432 0121 9C       		.byte	0x9c
 433 0122 72010000 		.4byte	0x172
 434 0126 09       		.uleb128 0x9
 435 0127 B9010000 		.4byte	.LASF21
 436 012b 01       		.byte	0x1
 437 012c 16       		.byte	0x16
 438 012d 81000000 		.4byte	0x81
 439 0131 00000000 		.4byte	.LLST0
 440 0135 0A       		.uleb128 0xa
 441 0136 636800   		.ascii	"ch\000"
 442 0139 01       		.byte	0x1
 443 013a 17       		.byte	0x17
 444 013b A5000000 		.4byte	0xa5
 445 013f 35000000 		.4byte	.LLST1
 446 0143 06       		.uleb128 0x6
 447 0144 0A000000 		.4byte	.LVL5
 448 0148 43030000 		.4byte	0x343
 449 014c 06       		.uleb128 0x6
 450 014d 12000000 		.4byte	.LVL6
 451 0151 4E030000 		.4byte	0x34e
 452 0155 06       		.uleb128 0x6
 453 0156 26000000 		.4byte	.LVL8
 454 015a 59030000 		.4byte	0x359
 455 015e 07       		.uleb128 0x7
 456 015f 38000000 		.4byte	.LVL10
 457 0163 38030000 		.4byte	0x338
 458 0167 08       		.uleb128 0x8
 459 0168 01       		.uleb128 0x1
 460 0169 50       		.byte	0x50
 461 016a 05       		.uleb128 0x5
 462 016b 03       		.byte	0x3
 463 016c 20000000 		.4byte	.LC1
 464 0170 00       		.byte	0
 465 0171 00       		.byte	0
 466 0172 0B       		.uleb128 0xb
 467 0173 2F010000 		.4byte	.LASF39
 468 0177 01       		.byte	0x1
 469 0178 25       		.byte	0x25
 470 0179 73000000 		.4byte	0x73
 471 017d 00000000 		.4byte	.LFB67
 472 0181 8C000000 		.4byte	.LFE67-.LFB67
 473 0185 01       		.uleb128 0x1
 474 0186 9C       		.byte	0x9c
 475 0187 BE020000 		.4byte	0x2be
 476 018b 06       		.uleb128 0x6
 477 018c 06000000 		.4byte	.LVL12
 478 0190 BA000000 		.4byte	0xba
 479 0194 0C       		.uleb128 0xc
 480 0195 0C000000 		.4byte	.LVL13
 481 0199 38030000 		.4byte	0x338
 482 019d AB010000 		.4byte	0x1ab
 483 01a1 08       		.uleb128 0x8
 484 01a2 01       		.uleb128 0x1
 485 01a3 50       		.byte	0x50
 486 01a4 05       		.uleb128 0x5
 487 01a5 03       		.byte	0x3
 488 01a6 24000000 		.4byte	.LC2
ARM GAS  C:\Users\karthik\AppData\Local\Temp\cc2hQL5G.s 			page 11


 489 01aa 00       		.byte	0
 490 01ab 06       		.uleb128 0x6
 491 01ac 10000000 		.4byte	.LVL14
 492 01b0 E8000000 		.4byte	0xe8
 493 01b4 06       		.uleb128 0x6
 494 01b5 14000000 		.4byte	.LVL15
 495 01b9 11010000 		.4byte	0x111
 496 01bd 0C       		.uleb128 0xc
 497 01be 1C000000 		.4byte	.LVL16
 498 01c2 64030000 		.4byte	0x364
 499 01c6 D1010000 		.4byte	0x1d1
 500 01ca 08       		.uleb128 0x8
 501 01cb 01       		.uleb128 0x1
 502 01cc 50       		.byte	0x50
 503 01cd 02       		.uleb128 0x2
 504 01ce 74       		.byte	0x74
 505 01cf 00       		.sleb128 0
 506 01d0 00       		.byte	0
 507 01d1 0C       		.uleb128 0xc
 508 01d2 28000000 		.4byte	.LVL17
 509 01d6 6F030000 		.4byte	0x36f
 510 01da EB010000 		.4byte	0x1eb
 511 01de 08       		.uleb128 0x8
 512 01df 01       		.uleb128 0x1
 513 01e0 50       		.byte	0x50
 514 01e1 02       		.uleb128 0x2
 515 01e2 75       		.byte	0x75
 516 01e3 00       		.sleb128 0
 517 01e4 08       		.uleb128 0x8
 518 01e5 01       		.uleb128 0x1
 519 01e6 51       		.byte	0x51
 520 01e7 02       		.uleb128 0x2
 521 01e8 74       		.byte	0x74
 522 01e9 00       		.sleb128 0
 523 01ea 00       		.byte	0
 524 01eb 0C       		.uleb128 0xc
 525 01ec 30000000 		.4byte	.LVL18
 526 01f0 78030000 		.4byte	0x378
 527 01f4 05020000 		.4byte	0x205
 528 01f8 08       		.uleb128 0x8
 529 01f9 01       		.uleb128 0x1
 530 01fa 50       		.byte	0x50
 531 01fb 02       		.uleb128 0x2
 532 01fc 74       		.byte	0x74
 533 01fd 00       		.sleb128 0
 534 01fe 08       		.uleb128 0x8
 535 01ff 01       		.uleb128 0x1
 536 0200 51       		.byte	0x51
 537 0201 02       		.uleb128 0x2
 538 0202 75       		.byte	0x75
 539 0203 00       		.sleb128 0
 540 0204 00       		.byte	0
 541 0205 0C       		.uleb128 0xc
 542 0206 38000000 		.4byte	.LVL19
 543 020a 38030000 		.4byte	0x338
 544 020e 1C020000 		.4byte	0x21c
 545 0212 08       		.uleb128 0x8
ARM GAS  C:\Users\karthik\AppData\Local\Temp\cc2hQL5G.s 			page 12


 546 0213 01       		.uleb128 0x1
 547 0214 50       		.byte	0x50
 548 0215 05       		.uleb128 0x5
 549 0216 03       		.byte	0x3
 550 0217 4C000000 		.4byte	.LC3
 551 021b 00       		.byte	0
 552 021c 0C       		.uleb128 0xc
 553 021d 3E000000 		.4byte	.LVL20
 554 0221 2D030000 		.4byte	0x32d
 555 0225 2F020000 		.4byte	0x22f
 556 0229 08       		.uleb128 0x8
 557 022a 01       		.uleb128 0x1
 558 022b 50       		.byte	0x50
 559 022c 01       		.uleb128 0x1
 560 022d 31       		.byte	0x31
 561 022e 00       		.byte	0
 562 022f 0C       		.uleb128 0xc
 563 0230 46000000 		.4byte	.LVL21
 564 0234 38030000 		.4byte	0x338
 565 0238 46020000 		.4byte	0x246
 566 023c 08       		.uleb128 0x8
 567 023d 01       		.uleb128 0x1
 568 023e 50       		.byte	0x50
 569 023f 05       		.uleb128 0x5
 570 0240 03       		.byte	0x3
 571 0241 70000000 		.4byte	.LC4
 572 0245 00       		.byte	0
 573 0246 0C       		.uleb128 0xc
 574 0247 4C000000 		.4byte	.LVL22
 575 024b 2D030000 		.4byte	0x32d
 576 024f 59020000 		.4byte	0x259
 577 0253 08       		.uleb128 0x8
 578 0254 01       		.uleb128 0x1
 579 0255 50       		.byte	0x50
 580 0256 01       		.uleb128 0x1
 581 0257 30       		.byte	0x30
 582 0258 00       		.byte	0
 583 0259 0C       		.uleb128 0xc
 584 025a 5A000000 		.4byte	.LVL23
 585 025e 83030000 		.4byte	0x383
 586 0262 85020000 		.4byte	0x285
 587 0266 08       		.uleb128 0x8
 588 0267 01       		.uleb128 0x1
 589 0268 50       		.byte	0x50
 590 0269 02       		.uleb128 0x2
 591 026a 74       		.byte	0x74
 592 026b 00       		.sleb128 0
 593 026c 08       		.uleb128 0x8
 594 026d 01       		.uleb128 0x1
 595 026e 51       		.byte	0x51
 596 026f 05       		.uleb128 0x5
 597 0270 03       		.byte	0x3
 598 0271 98000000 		.4byte	.LC5
 599 0275 08       		.uleb128 0x8
 600 0276 01       		.uleb128 0x1
 601 0277 52       		.byte	0x52
 602 0278 05       		.uleb128 0x5
ARM GAS  C:\Users\karthik\AppData\Local\Temp\cc2hQL5G.s 			page 13


 603 0279 03       		.byte	0x3
 604 027a 00000000 		.4byte	inputBuffer
 605 027e 08       		.uleb128 0x8
 606 027f 01       		.uleb128 0x1
 607 0280 53       		.byte	0x53
 608 0281 02       		.uleb128 0x2
 609 0282 75       		.byte	0x75
 610 0283 00       		.sleb128 0
 611 0284 00       		.byte	0
 612 0285 0C       		.uleb128 0xc
 613 0286 60000000 		.4byte	.LVL24
 614 028a 38030000 		.4byte	0x338
 615 028e 99020000 		.4byte	0x299
 616 0292 08       		.uleb128 0x8
 617 0293 01       		.uleb128 0x1
 618 0294 50       		.byte	0x50
 619 0295 02       		.uleb128 0x2
 620 0296 74       		.byte	0x74
 621 0297 00       		.sleb128 0
 622 0298 00       		.byte	0
 623 0299 0C       		.uleb128 0xc
 624 029a 68000000 		.4byte	.LVL25
 625 029e 8E030000 		.4byte	0x38e
 626 02a2 AE020000 		.4byte	0x2ae
 627 02a6 08       		.uleb128 0x8
 628 02a7 01       		.uleb128 0x1
 629 02a8 50       		.byte	0x50
 630 02a9 03       		.uleb128 0x3
 631 02aa 0A       		.byte	0xa
 632 02ab D007     		.2byte	0x7d0
 633 02ad 00       		.byte	0
 634 02ae 07       		.uleb128 0x7
 635 02af 6E000000 		.4byte	.LVL26
 636 02b3 2D030000 		.4byte	0x32d
 637 02b7 08       		.uleb128 0x8
 638 02b8 01       		.uleb128 0x1
 639 02b9 50       		.byte	0x50
 640 02ba 01       		.uleb128 0x1
 641 02bb 30       		.byte	0x30
 642 02bc 00       		.byte	0
 643 02bd 00       		.byte	0
 644 02be 0D       		.uleb128 0xd
 645 02bf 09010000 		.4byte	.LASF22
 646 02c3 04       		.byte	0x4
 647 02c4 1207     		.2byte	0x712
 648 02c6 CA020000 		.4byte	0x2ca
 649 02ca 0E       		.uleb128 0xe
 650 02cb 8C000000 		.4byte	0x8c
 651 02cf 0F       		.uleb128 0xf
 652 02d0 A5000000 		.4byte	0xa5
 653 02d4 DF020000 		.4byte	0x2df
 654 02d8 10       		.uleb128 0x10
 655 02d9 B3000000 		.4byte	0xb3
 656 02dd 3F       		.byte	0x3f
 657 02de 00       		.byte	0
 658 02df 11       		.uleb128 0x11
 659 02e0 CC010000 		.4byte	.LASF23
ARM GAS  C:\Users\karthik\AppData\Local\Temp\cc2hQL5G.s 			page 14


 660 02e4 01       		.byte	0x1
 661 02e5 07       		.byte	0x7
 662 02e6 CF020000 		.4byte	0x2cf
 663 02ea 05       		.uleb128 0x5
 664 02eb 03       		.byte	0x3
 665 02ec 00000000 		.4byte	inputBuffer
 666 02f0 11       		.uleb128 0x11
 667 02f1 68010000 		.4byte	.LASF24
 668 02f5 01       		.byte	0x1
 669 02f6 08       		.byte	0x8
 670 02f7 CF020000 		.4byte	0x2cf
 671 02fb 05       		.uleb128 0x5
 672 02fc 03       		.byte	0x3
 673 02fd 00000000 		.4byte	copyBuffer
 674 0301 0F       		.uleb128 0xf
 675 0302 A5000000 		.4byte	0xa5
 676 0306 11030000 		.4byte	0x311
 677 030a 10       		.uleb128 0x10
 678 030b B3000000 		.4byte	0xb3
 679 030f 7F       		.byte	0x7f
 680 0310 00       		.byte	0
 681 0311 11       		.uleb128 0x11
 682 0312 C3000000 		.4byte	.LASF25
 683 0316 01       		.byte	0x1
 684 0317 09       		.byte	0x9
 685 0318 01030000 		.4byte	0x301
 686 031c 05       		.uleb128 0x5
 687 031d 03       		.byte	0x3
 688 031e 00000000 		.4byte	txBuffer
 689 0322 12       		.uleb128 0x12
 690 0323 F1000000 		.4byte	.LASF26
 691 0327 F1000000 		.4byte	.LASF26
 692 032b 05       		.byte	0x5
 693 032c 54       		.byte	0x54
 694 032d 12       		.uleb128 0x12
 695 032e 3B010000 		.4byte	.LASF27
 696 0332 3B010000 		.4byte	.LASF27
 697 0336 06       		.byte	0x6
 698 0337 26       		.byte	0x26
 699 0338 12       		.uleb128 0x12
 700 0339 1F020000 		.4byte	.LASF28
 701 033d 1F020000 		.4byte	.LASF28
 702 0341 05       		.byte	0x5
 703 0342 8B       		.byte	0x8b
 704 0343 12       		.uleb128 0x12
 705 0344 E9010000 		.4byte	.LASF29
 706 0348 E9010000 		.4byte	.LASF29
 707 034c 05       		.byte	0x5
 708 034d 73       		.byte	0x73
 709 034e 12       		.uleb128 0x12
 710 034f BF010000 		.4byte	.LASF30
 711 0353 BF010000 		.4byte	.LASF30
 712 0357 05       		.byte	0x5
 713 0358 71       		.byte	0x71
 714 0359 12       		.uleb128 0x12
 715 035a 89010000 		.4byte	.LASF31
 716 035e 89010000 		.4byte	.LASF31
ARM GAS  C:\Users\karthik\AppData\Local\Temp\cc2hQL5G.s 			page 15


 717 0362 05       		.byte	0x5
 718 0363 8A       		.byte	0x8a
 719 0364 12       		.uleb128 0x12
 720 0365 34010000 		.4byte	.LASF32
 721 0369 34010000 		.4byte	.LASF32
 722 036d 07       		.byte	0x7
 723 036e 21       		.byte	0x21
 724 036f 13       		.uleb128 0x13
 725 0370 E2010000 		.4byte	.LASF40
 726 0374 E2010000 		.4byte	.LASF40
 727 0378 12       		.uleb128 0x12
 728 0379 28010000 		.4byte	.LASF33
 729 037d 28010000 		.4byte	.LASF33
 730 0381 07       		.byte	0x7
 731 0382 1C       		.byte	0x1c
 732 0383 12       		.uleb128 0x12
 733 0384 2E020000 		.4byte	.LASF34
 734 0388 2E020000 		.4byte	.LASF34
 735 038c 08       		.byte	0x8
 736 038d E7       		.byte	0xe7
 737 038e 12       		.uleb128 0x12
 738 038f 36020000 		.4byte	.LASF35
 739 0393 36020000 		.4byte	.LASF35
 740 0397 09       		.byte	0x9
 741 0398 76       		.byte	0x76
 742 0399 00       		.byte	0
 743              		.section	.debug_abbrev,"",%progbits
 744              	.Ldebug_abbrev0:
 745 0000 01       		.uleb128 0x1
 746 0001 11       		.uleb128 0x11
 747 0002 01       		.byte	0x1
 748 0003 25       		.uleb128 0x25
 749 0004 0E       		.uleb128 0xe
 750 0005 13       		.uleb128 0x13
 751 0006 0B       		.uleb128 0xb
 752 0007 03       		.uleb128 0x3
 753 0008 0E       		.uleb128 0xe
 754 0009 1B       		.uleb128 0x1b
 755 000a 0E       		.uleb128 0xe
 756 000b 55       		.uleb128 0x55
 757 000c 17       		.uleb128 0x17
 758 000d 11       		.uleb128 0x11
 759 000e 01       		.uleb128 0x1
 760 000f 10       		.uleb128 0x10
 761 0010 17       		.uleb128 0x17
 762 0011 00       		.byte	0
 763 0012 00       		.byte	0
 764 0013 02       		.uleb128 0x2
 765 0014 24       		.uleb128 0x24
 766 0015 00       		.byte	0
 767 0016 0B       		.uleb128 0xb
 768 0017 0B       		.uleb128 0xb
 769 0018 3E       		.uleb128 0x3e
 770 0019 0B       		.uleb128 0xb
 771 001a 03       		.uleb128 0x3
 772 001b 0E       		.uleb128 0xe
 773 001c 00       		.byte	0
ARM GAS  C:\Users\karthik\AppData\Local\Temp\cc2hQL5G.s 			page 16


 774 001d 00       		.byte	0
 775 001e 03       		.uleb128 0x3
 776 001f 16       		.uleb128 0x16
 777 0020 00       		.byte	0
 778 0021 03       		.uleb128 0x3
 779 0022 0E       		.uleb128 0xe
 780 0023 3A       		.uleb128 0x3a
 781 0024 0B       		.uleb128 0xb
 782 0025 3B       		.uleb128 0x3b
 783 0026 0B       		.uleb128 0xb
 784 0027 49       		.uleb128 0x49
 785 0028 13       		.uleb128 0x13
 786 0029 00       		.byte	0
 787 002a 00       		.byte	0
 788 002b 04       		.uleb128 0x4
 789 002c 24       		.uleb128 0x24
 790 002d 00       		.byte	0
 791 002e 0B       		.uleb128 0xb
 792 002f 0B       		.uleb128 0xb
 793 0030 3E       		.uleb128 0x3e
 794 0031 0B       		.uleb128 0xb
 795 0032 03       		.uleb128 0x3
 796 0033 08       		.uleb128 0x8
 797 0034 00       		.byte	0
 798 0035 00       		.byte	0
 799 0036 05       		.uleb128 0x5
 800 0037 2E       		.uleb128 0x2e
 801 0038 01       		.byte	0x1
 802 0039 3F       		.uleb128 0x3f
 803 003a 19       		.uleb128 0x19
 804 003b 03       		.uleb128 0x3
 805 003c 0E       		.uleb128 0xe
 806 003d 3A       		.uleb128 0x3a
 807 003e 0B       		.uleb128 0xb
 808 003f 3B       		.uleb128 0x3b
 809 0040 0B       		.uleb128 0xb
 810 0041 11       		.uleb128 0x11
 811 0042 01       		.uleb128 0x1
 812 0043 12       		.uleb128 0x12
 813 0044 06       		.uleb128 0x6
 814 0045 40       		.uleb128 0x40
 815 0046 18       		.uleb128 0x18
 816 0047 9742     		.uleb128 0x2117
 817 0049 19       		.uleb128 0x19
 818 004a 01       		.uleb128 0x1
 819 004b 13       		.uleb128 0x13
 820 004c 00       		.byte	0
 821 004d 00       		.byte	0
 822 004e 06       		.uleb128 0x6
 823 004f 898201   		.uleb128 0x4109
 824 0052 00       		.byte	0
 825 0053 11       		.uleb128 0x11
 826 0054 01       		.uleb128 0x1
 827 0055 31       		.uleb128 0x31
 828 0056 13       		.uleb128 0x13
 829 0057 00       		.byte	0
 830 0058 00       		.byte	0
ARM GAS  C:\Users\karthik\AppData\Local\Temp\cc2hQL5G.s 			page 17


 831 0059 07       		.uleb128 0x7
 832 005a 898201   		.uleb128 0x4109
 833 005d 01       		.byte	0x1
 834 005e 11       		.uleb128 0x11
 835 005f 01       		.uleb128 0x1
 836 0060 31       		.uleb128 0x31
 837 0061 13       		.uleb128 0x13
 838 0062 00       		.byte	0
 839 0063 00       		.byte	0
 840 0064 08       		.uleb128 0x8
 841 0065 8A8201   		.uleb128 0x410a
 842 0068 00       		.byte	0
 843 0069 02       		.uleb128 0x2
 844 006a 18       		.uleb128 0x18
 845 006b 9142     		.uleb128 0x2111
 846 006d 18       		.uleb128 0x18
 847 006e 00       		.byte	0
 848 006f 00       		.byte	0
 849 0070 09       		.uleb128 0x9
 850 0071 34       		.uleb128 0x34
 851 0072 00       		.byte	0
 852 0073 03       		.uleb128 0x3
 853 0074 0E       		.uleb128 0xe
 854 0075 3A       		.uleb128 0x3a
 855 0076 0B       		.uleb128 0xb
 856 0077 3B       		.uleb128 0x3b
 857 0078 0B       		.uleb128 0xb
 858 0079 49       		.uleb128 0x49
 859 007a 13       		.uleb128 0x13
 860 007b 02       		.uleb128 0x2
 861 007c 17       		.uleb128 0x17
 862 007d 00       		.byte	0
 863 007e 00       		.byte	0
 864 007f 0A       		.uleb128 0xa
 865 0080 34       		.uleb128 0x34
 866 0081 00       		.byte	0
 867 0082 03       		.uleb128 0x3
 868 0083 08       		.uleb128 0x8
 869 0084 3A       		.uleb128 0x3a
 870 0085 0B       		.uleb128 0xb
 871 0086 3B       		.uleb128 0x3b
 872 0087 0B       		.uleb128 0xb
 873 0088 49       		.uleb128 0x49
 874 0089 13       		.uleb128 0x13
 875 008a 02       		.uleb128 0x2
 876 008b 17       		.uleb128 0x17
 877 008c 00       		.byte	0
 878 008d 00       		.byte	0
 879 008e 0B       		.uleb128 0xb
 880 008f 2E       		.uleb128 0x2e
 881 0090 01       		.byte	0x1
 882 0091 3F       		.uleb128 0x3f
 883 0092 19       		.uleb128 0x19
 884 0093 03       		.uleb128 0x3
 885 0094 0E       		.uleb128 0xe
 886 0095 3A       		.uleb128 0x3a
 887 0096 0B       		.uleb128 0xb
ARM GAS  C:\Users\karthik\AppData\Local\Temp\cc2hQL5G.s 			page 18


 888 0097 3B       		.uleb128 0x3b
 889 0098 0B       		.uleb128 0xb
 890 0099 27       		.uleb128 0x27
 891 009a 19       		.uleb128 0x19
 892 009b 49       		.uleb128 0x49
 893 009c 13       		.uleb128 0x13
 894 009d 8701     		.uleb128 0x87
 895 009f 19       		.uleb128 0x19
 896 00a0 11       		.uleb128 0x11
 897 00a1 01       		.uleb128 0x1
 898 00a2 12       		.uleb128 0x12
 899 00a3 06       		.uleb128 0x6
 900 00a4 40       		.uleb128 0x40
 901 00a5 18       		.uleb128 0x18
 902 00a6 9742     		.uleb128 0x2117
 903 00a8 19       		.uleb128 0x19
 904 00a9 01       		.uleb128 0x1
 905 00aa 13       		.uleb128 0x13
 906 00ab 00       		.byte	0
 907 00ac 00       		.byte	0
 908 00ad 0C       		.uleb128 0xc
 909 00ae 898201   		.uleb128 0x4109
 910 00b1 01       		.byte	0x1
 911 00b2 11       		.uleb128 0x11
 912 00b3 01       		.uleb128 0x1
 913 00b4 31       		.uleb128 0x31
 914 00b5 13       		.uleb128 0x13
 915 00b6 01       		.uleb128 0x1
 916 00b7 13       		.uleb128 0x13
 917 00b8 00       		.byte	0
 918 00b9 00       		.byte	0
 919 00ba 0D       		.uleb128 0xd
 920 00bb 34       		.uleb128 0x34
 921 00bc 00       		.byte	0
 922 00bd 03       		.uleb128 0x3
 923 00be 0E       		.uleb128 0xe
 924 00bf 3A       		.uleb128 0x3a
 925 00c0 0B       		.uleb128 0xb
 926 00c1 3B       		.uleb128 0x3b
 927 00c2 05       		.uleb128 0x5
 928 00c3 49       		.uleb128 0x49
 929 00c4 13       		.uleb128 0x13
 930 00c5 3F       		.uleb128 0x3f
 931 00c6 19       		.uleb128 0x19
 932 00c7 3C       		.uleb128 0x3c
 933 00c8 19       		.uleb128 0x19
 934 00c9 00       		.byte	0
 935 00ca 00       		.byte	0
 936 00cb 0E       		.uleb128 0xe
 937 00cc 35       		.uleb128 0x35
 938 00cd 00       		.byte	0
 939 00ce 49       		.uleb128 0x49
 940 00cf 13       		.uleb128 0x13
 941 00d0 00       		.byte	0
 942 00d1 00       		.byte	0
 943 00d2 0F       		.uleb128 0xf
 944 00d3 01       		.uleb128 0x1
ARM GAS  C:\Users\karthik\AppData\Local\Temp\cc2hQL5G.s 			page 19


 945 00d4 01       		.byte	0x1
 946 00d5 49       		.uleb128 0x49
 947 00d6 13       		.uleb128 0x13
 948 00d7 01       		.uleb128 0x1
 949 00d8 13       		.uleb128 0x13
 950 00d9 00       		.byte	0
 951 00da 00       		.byte	0
 952 00db 10       		.uleb128 0x10
 953 00dc 21       		.uleb128 0x21
 954 00dd 00       		.byte	0
 955 00de 49       		.uleb128 0x49
 956 00df 13       		.uleb128 0x13
 957 00e0 2F       		.uleb128 0x2f
 958 00e1 0B       		.uleb128 0xb
 959 00e2 00       		.byte	0
 960 00e3 00       		.byte	0
 961 00e4 11       		.uleb128 0x11
 962 00e5 34       		.uleb128 0x34
 963 00e6 00       		.byte	0
 964 00e7 03       		.uleb128 0x3
 965 00e8 0E       		.uleb128 0xe
 966 00e9 3A       		.uleb128 0x3a
 967 00ea 0B       		.uleb128 0xb
 968 00eb 3B       		.uleb128 0x3b
 969 00ec 0B       		.uleb128 0xb
 970 00ed 49       		.uleb128 0x49
 971 00ee 13       		.uleb128 0x13
 972 00ef 3F       		.uleb128 0x3f
 973 00f0 19       		.uleb128 0x19
 974 00f1 02       		.uleb128 0x2
 975 00f2 18       		.uleb128 0x18
 976 00f3 00       		.byte	0
 977 00f4 00       		.byte	0
 978 00f5 12       		.uleb128 0x12
 979 00f6 2E       		.uleb128 0x2e
 980 00f7 00       		.byte	0
 981 00f8 3F       		.uleb128 0x3f
 982 00f9 19       		.uleb128 0x19
 983 00fa 3C       		.uleb128 0x3c
 984 00fb 19       		.uleb128 0x19
 985 00fc 6E       		.uleb128 0x6e
 986 00fd 0E       		.uleb128 0xe
 987 00fe 03       		.uleb128 0x3
 988 00ff 0E       		.uleb128 0xe
 989 0100 3A       		.uleb128 0x3a
 990 0101 0B       		.uleb128 0xb
 991 0102 3B       		.uleb128 0x3b
 992 0103 0B       		.uleb128 0xb
 993 0104 00       		.byte	0
 994 0105 00       		.byte	0
 995 0106 13       		.uleb128 0x13
 996 0107 2E       		.uleb128 0x2e
 997 0108 00       		.byte	0
 998 0109 3F       		.uleb128 0x3f
 999 010a 19       		.uleb128 0x19
 1000 010b 3C       		.uleb128 0x3c
 1001 010c 19       		.uleb128 0x19
ARM GAS  C:\Users\karthik\AppData\Local\Temp\cc2hQL5G.s 			page 20


 1002 010d 6E       		.uleb128 0x6e
 1003 010e 0E       		.uleb128 0xe
 1004 010f 03       		.uleb128 0x3
 1005 0110 0E       		.uleb128 0xe
 1006 0111 00       		.byte	0
 1007 0112 00       		.byte	0
 1008 0113 00       		.byte	0
 1009              		.section	.debug_loc,"",%progbits
 1010              	.Ldebug_loc0:
 1011              	.LLST0:
 1012 0000 02000000 		.4byte	.LVL3
 1013 0004 06000000 		.4byte	.LVL4
 1014 0008 0200     		.2byte	0x2
 1015 000a 30       		.byte	0x30
 1016 000b 9F       		.byte	0x9f
 1017 000c 06000000 		.4byte	.LVL4
 1018 0010 1E000000 		.4byte	.LVL7
 1019 0014 0100     		.2byte	0x1
 1020 0016 54       		.byte	0x54
 1021 0017 1E000000 		.4byte	.LVL7
 1022 001b 28000000 		.4byte	.LVL9
 1023 001f 0100     		.2byte	0x1
 1024 0021 55       		.byte	0x55
 1025 0022 28000000 		.4byte	.LVL9
 1026 0026 3A000000 		.4byte	.LVL11
 1027 002a 0100     		.2byte	0x1
 1028 002c 54       		.byte	0x54
 1029 002d 00000000 		.4byte	0
 1030 0031 00000000 		.4byte	0
 1031              	.LLST1:
 1032 0035 12000000 		.4byte	.LVL6
 1033 0039 25000000 		.4byte	.LVL8-1
 1034 003d 0100     		.2byte	0x1
 1035 003f 50       		.byte	0x50
 1036 0040 00000000 		.4byte	0
 1037 0044 00000000 		.4byte	0
 1038              		.section	.debug_aranges,"",%progbits
 1039 0000 34000000 		.4byte	0x34
 1040 0004 0200     		.2byte	0x2
 1041 0006 00000000 		.4byte	.Ldebug_info0
 1042 000a 04       		.byte	0x4
 1043 000b 00       		.byte	0
 1044 000c 0000     		.2byte	0
 1045 000e 0000     		.2byte	0
 1046 0010 00000000 		.4byte	.LFB64
 1047 0014 10000000 		.4byte	.LFE64-.LFB64
 1048 0018 00000000 		.4byte	.LFB65
 1049 001c 10000000 		.4byte	.LFE65-.LFB65
 1050 0020 00000000 		.4byte	.LFB66
 1051 0024 44000000 		.4byte	.LFE66-.LFB66
 1052 0028 00000000 		.4byte	.LFB67
 1053 002c 8C000000 		.4byte	.LFE67-.LFB67
 1054 0030 00000000 		.4byte	0
 1055 0034 00000000 		.4byte	0
 1056              		.section	.debug_ranges,"",%progbits
 1057              	.Ldebug_ranges0:
 1058 0000 00000000 		.4byte	.LFB64
ARM GAS  C:\Users\karthik\AppData\Local\Temp\cc2hQL5G.s 			page 21


 1059 0004 10000000 		.4byte	.LFE64
 1060 0008 00000000 		.4byte	.LFB65
 1061 000c 10000000 		.4byte	.LFE65
 1062 0010 00000000 		.4byte	.LFB66
 1063 0014 44000000 		.4byte	.LFE66
 1064 0018 00000000 		.4byte	.LFB67
 1065 001c 8C000000 		.4byte	.LFE67
 1066 0020 00000000 		.4byte	0
 1067 0024 00000000 		.4byte	0
 1068              		.section	.debug_line,"",%progbits
 1069              	.Ldebug_line0:
 1070 0000 4F020000 		.section	.debug_str,"MS",%progbits,1
 1070      0200E001 
 1070      00000201 
 1070      FB0E0D00 
 1070      01010101 
 1071              	.LASF4:
 1072 0000 5F5F7569 		.ascii	"__uint8_t\000"
 1072      6E74385F 
 1072      7400
 1073              	.LASF5:
 1074 000a 5F5F696E 		.ascii	"__int32_t\000"
 1074      7433325F 
 1074      7400
 1075              	.LASF10:
 1076 0014 756E7369 		.ascii	"unsigned int\000"
 1076      676E6564 
 1076      20696E74 
 1076      00
 1077              	.LASF13:
 1078 0021 666C6F61 		.ascii	"float\000"
 1078      7400
 1079              	.LASF1:
 1080 0027 756E7369 		.ascii	"unsigned char\000"
 1080      676E6564 
 1080      20636861 
 1080      7200
 1081              	.LASF36:
 1082 0035 474E5520 		.ascii	"GNU C11 5.4.1 20160609 (release) [ARM/embedded-5-br"
 1082      43313120 
 1082      352E342E 
 1082      31203230 
 1082      31363036 
 1083 0068 616E6368 		.ascii	"anch revision 237715] -mcpu=cortex-m3 -mthumb -g -O"
 1083      20726576 
 1083      6973696F 
 1083      6E203233 
 1083      37373135 
 1084 009b 67202D66 		.ascii	"g -ffunction-sections -ffat-lto-objects\000"
 1084      66756E63 
 1084      74696F6E 
 1084      2D736563 
 1084      74696F6E 
 1085              	.LASF25:
 1086 00c3 74784275 		.ascii	"txBuffer\000"
 1086      66666572 
 1086      00
ARM GAS  C:\Users\karthik\AppData\Local\Temp\cc2hQL5G.s 			page 22


 1087              	.LASF7:
 1088 00cc 6C6F6E67 		.ascii	"long unsigned int\000"
 1088      20756E73 
 1088      69676E65 
 1088      6420696E 
 1088      7400
 1089              	.LASF3:
 1090 00de 73686F72 		.ascii	"short unsigned int\000"
 1090      7420756E 
 1090      7369676E 
 1090      65642069 
 1090      6E7400
 1091              	.LASF26:
 1092 00f1 55415254 		.ascii	"UART_Start\000"
 1092      5F537461 
 1092      727400
 1093              	.LASF18:
 1094 00fc 696E6974 		.ascii	"initHardware\000"
 1094      48617264 
 1094      77617265 
 1094      00
 1095              	.LASF22:
 1096 0109 49544D5F 		.ascii	"ITM_RxBuffer\000"
 1096      52784275 
 1096      66666572 
 1096      00
 1097              	.LASF19:
 1098 0116 70726F6D 		.ascii	"promptUser\000"
 1098      70745573 
 1098      657200
 1099              	.LASF14:
 1100 0121 646F7562 		.ascii	"double\000"
 1100      6C6500
 1101              	.LASF33:
 1102 0128 73747263 		.ascii	"strcmp\000"
 1102      6D7000
 1103              	.LASF39:
 1104 012f 6D61696E 		.ascii	"main\000"
 1104      00
 1105              	.LASF32:
 1106 0134 7374726C 		.ascii	"strlen\000"
 1106      656E00
 1107              	.LASF27:
 1108 013b 50696E5F 		.ascii	"Pin_LED_Write\000"
 1108      4C45445F 
 1108      57726974 
 1108      6500
 1109              	.LASF9:
 1110 0149 6C6F6E67 		.ascii	"long long unsigned int\000"
 1110      206C6F6E 
 1110      6720756E 
 1110      7369676E 
 1110      65642069 
 1111              	.LASF11:
 1112 0160 75696E74 		.ascii	"uint8_t\000"
 1112      385F7400 
 1113              	.LASF24:
ARM GAS  C:\Users\karthik\AppData\Local\Temp\cc2hQL5G.s 			page 23


 1114 0168 636F7079 		.ascii	"copyBuffer\000"
 1114      42756666 
 1114      657200
 1115              	.LASF20:
 1116 0173 72656164 		.ascii	"readUserInput\000"
 1116      55736572 
 1116      496E7075 
 1116      7400
 1117              	.LASF12:
 1118 0181 696E7433 		.ascii	"int32_t\000"
 1118      325F7400 
 1119              	.LASF31:
 1120 0189 55415254 		.ascii	"UART_PutChar\000"
 1120      5F507574 
 1120      43686172 
 1120      00
 1121              	.LASF17:
 1122 0196 73697A65 		.ascii	"sizetype\000"
 1122      74797065 
 1122      00
 1123              	.LASF8:
 1124 019f 6C6F6E67 		.ascii	"long long int\000"
 1124      206C6F6E 
 1124      6720696E 
 1124      7400
 1125              	.LASF37:
 1126 01ad 6D61696E 		.ascii	"main.c\000"
 1126      2E6300
 1127              	.LASF15:
 1128 01b4 63686172 		.ascii	"char\000"
 1128      00
 1129              	.LASF21:
 1130 01b9 696E6465 		.ascii	"index\000"
 1130      7800
 1131              	.LASF30:
 1132 01bf 55415254 		.ascii	"UART_GetChar\000"
 1132      5F476574 
 1132      43686172 
 1132      00
 1133              	.LASF23:
 1134 01cc 696E7075 		.ascii	"inputBuffer\000"
 1134      74427566 
 1134      66657200 
 1135              	.LASF2:
 1136 01d8 73686F72 		.ascii	"short int\000"
 1136      7420696E 
 1136      7400
 1137              	.LASF40:
 1138 01e2 6D656D63 		.ascii	"memcpy\000"
 1138      707900
 1139              	.LASF29:
 1140 01e9 55415254 		.ascii	"UART_GetRxBufferSize\000"
 1140      5F476574 
 1140      52784275 
 1140      66666572 
 1140      53697A65 
 1141              	.LASF6:
ARM GAS  C:\Users\karthik\AppData\Local\Temp\cc2hQL5G.s 			page 24


 1142 01fe 6C6F6E67 		.ascii	"long int\000"
 1142      20696E74 
 1142      00
 1143              	.LASF16:
 1144 0207 6C6F6E67 		.ascii	"long double\000"
 1144      20646F75 
 1144      626C6500 
 1145              	.LASF0:
 1146 0213 7369676E 		.ascii	"signed char\000"
 1146      65642063 
 1146      68617200 
 1147              	.LASF28:
 1148 021f 55415254 		.ascii	"UART_PutString\000"
 1148      5F507574 
 1148      53747269 
 1148      6E6700
 1149              	.LASF34:
 1150 022e 73707269 		.ascii	"sprintf\000"
 1150      6E746600 
 1151              	.LASF35:
 1152 0236 43794465 		.ascii	"CyDelay\000"
 1152      6C617900 
 1153              	.LASF38:
 1154 023e 433A5C49 		.ascii	"C:\\IIITB\\Summer Term\\Summer Term\\memcpy()\\stri"
 1154      49495442 
 1154      5C53756D 
 1154      6D657220 
 1154      5465726D 
 1155 026c 6E67206D 		.ascii	"ng matching.cydsn\000"
 1155      61746368 
 1155      696E672E 
 1155      63796473 
 1155      6E00
 1156              		.ident	"GCC: (GNU Tools for ARM Embedded Processors) 5.4.1 20160609 (release) [ARM/embedded-5-bran
