ARM GAS  C:\Users\karthik\AppData\Local\Temp\ccNSGslG.s 			page 1


   1              		.syntax unified
   2              		.cpu cortex-m3
   3              		.fpu softvfp
   4              		.eabi_attribute 20, 1
   5              		.eabi_attribute 21, 1
   6              		.eabi_attribute 23, 3
   7              		.eabi_attribute 24, 1
   8              		.eabi_attribute 25, 1
   9              		.eabi_attribute 26, 1
  10              		.eabi_attribute 30, 1
  11              		.eabi_attribute 34, 1
  12              		.eabi_attribute 18, 4
  13              		.thumb
  14              		.syntax unified
  15              		.file	"main.c"
  16              		.text
  17              	.Ltext0:
  18              		.cfi_sections	.debug_frame
  19              		.section	.text.addNumbers,"ax",%progbits
  20              		.align	2
  21              		.global	addNumbers
  22              		.thumb
  23              		.thumb_func
  24              		.type	addNumbers, %function
  25              	addNumbers:
  26              	.LFB64:
  27              		.file 1 "main.c"
   1:main.c        **** #include <project.h>
   2:main.c        **** #include <stdio.h>
   3:main.c        **** 
   4:main.c        **** void addNumbers(int *a, int *b, int *result) {
  28              		.loc 1 4 0
  29              		.cfi_startproc
  30              		@ args = 0, pretend = 0, frame = 0
  31              		@ frame_needed = 0, uses_anonymous_args = 0
  32              		@ link register save eliminated.
  33              	.LVL0:
   5:main.c        ****     *result = *a + *b;
  34              		.loc 1 5 0
  35 0000 0068     		ldr	r0, [r0]
  36              	.LVL1:
  37 0002 0B68     		ldr	r3, [r1]
  38 0004 0344     		add	r3, r3, r0
  39 0006 1360     		str	r3, [r2]
  40 0008 7047     		bx	lr
  41              		.cfi_endproc
  42              	.LFE64:
  43              		.size	addNumbers, .-addNumbers
  44 000a 00BF     		.section	.text.UART_ReadLine,"ax",%progbits
  45              		.align	2
  46              		.global	UART_ReadLine
  47              		.thumb
  48              		.thumb_func
  49              		.type	UART_ReadLine, %function
  50              	UART_ReadLine:
  51              	.LFB65:
   6:main.c        **** }
ARM GAS  C:\Users\karthik\AppData\Local\Temp\ccNSGslG.s 			page 2


   7:main.c        **** 
   8:main.c        **** void UART_ReadLine(char *buffer, int maxSize) {
  52              		.loc 1 8 0
  53              		.cfi_startproc
  54              		@ args = 0, pretend = 0, frame = 0
  55              		@ frame_needed = 0, uses_anonymous_args = 0
  56              	.LVL2:
  57 0000 F8B5     		push	{r3, r4, r5, r6, r7, lr}
  58              		.cfi_def_cfa_offset 24
  59              		.cfi_offset 3, -24
  60              		.cfi_offset 4, -20
  61              		.cfi_offset 5, -16
  62              		.cfi_offset 6, -12
  63              		.cfi_offset 7, -8
  64              		.cfi_offset 14, -4
  65 0002 0746     		mov	r7, r0
  66 0004 0E46     		mov	r6, r1
  67              	.LVL3:
   9:main.c        ****     int i = 0;
  68              		.loc 1 9 0
  69 0006 0025     		movs	r5, #0
  70              	.LVL4:
  71              	.L3:
  10:main.c        ****     char ch;
  11:main.c        ****     
  12:main.c        ****     while (1) {
  13:main.c        ****         if (UART_GetRxBufferSize() > 0) {
  72              		.loc 1 13 0
  73 0008 FFF7FEFF 		bl	UART_GetRxBufferSize
  74              	.LVL5:
  75 000c 0028     		cmp	r0, #0
  76 000e FBD0     		beq	.L3
  14:main.c        ****             ch = UART_GetChar();
  77              		.loc 1 14 0
  78 0010 FFF7FEFF 		bl	UART_GetChar
  79              	.LVL6:
  80 0014 0446     		mov	r4, r0
  81              	.LVL7:
  15:main.c        ****             if (ch == '\r' || ch == '\n') {
  82              		.loc 1 15 0
  83 0016 0D28     		cmp	r0, #13
  84 0018 01D0     		beq	.L4
  85              		.loc 1 15 0 is_stmt 0 discriminator 1
  86 001a 0A28     		cmp	r0, #10
  87 001c 05D1     		bne	.L5
  88              	.L4:
  16:main.c        ****                 buffer[i] = '\0';
  89              		.loc 1 16 0 is_stmt 1
  90 001e 0023     		movs	r3, #0
  91 0020 7B55     		strb	r3, [r7, r5]
  17:main.c        ****                 UART_PutString("\r\n");
  92              		.loc 1 17 0
  93 0022 0648     		ldr	r0, .L10
  94              	.LVL8:
  95 0024 FFF7FEFF 		bl	UART_PutString
  96              	.LVL9:
  18:main.c        ****                 break;
ARM GAS  C:\Users\karthik\AppData\Local\Temp\ccNSGslG.s 			page 3


  19:main.c        ****             }
  20:main.c        ****             UART_PutChar(ch);
  21:main.c        ****             if (i < maxSize - 1) {
  22:main.c        ****                 buffer[i++] = ch;
  23:main.c        ****             }
  24:main.c        ****         }
  25:main.c        ****     }
  26:main.c        **** }
  97              		.loc 1 26 0
  98 0028 F8BD     		pop	{r3, r4, r5, r6, r7, pc}
  99              	.LVL10:
 100              	.L5:
  20:main.c        ****             if (i < maxSize - 1) {
 101              		.loc 1 20 0
 102 002a FFF7FEFF 		bl	UART_PutChar
 103              	.LVL11:
  21:main.c        ****                 buffer[i++] = ch;
 104              		.loc 1 21 0
 105 002e 731E     		subs	r3, r6, #1
 106 0030 9D42     		cmp	r5, r3
 107 0032 E9DA     		bge	.L3
 108              	.LVL12:
  22:main.c        ****             }
 109              		.loc 1 22 0
 110 0034 7C55     		strb	r4, [r7, r5]
 111 0036 0135     		adds	r5, r5, #1
 112              	.LVL13:
 113 0038 E6E7     		b	.L3
 114              	.L11:
 115 003a 00BF     		.align	2
 116              	.L10:
 117 003c 00000000 		.word	.LC0
 118              		.cfi_endproc
 119              	.LFE65:
 120              		.size	UART_ReadLine, .-UART_ReadLine
 121              		.section	.text.main,"ax",%progbits
 122              		.align	2
 123              		.global	main
 124              		.thumb
 125              		.thumb_func
 126              		.type	main, %function
 127              	main:
 128              	.LFB66:
  27:main.c        **** 
  28:main.c        **** int main() {
 129              		.loc 1 28 0
 130              		.cfi_startproc
 131              		@ args = 0, pretend = 0, frame = 64
 132              		@ frame_needed = 0, uses_anonymous_args = 0
 133 0000 00B5     		push	{lr}
 134              		.cfi_def_cfa_offset 4
 135              		.cfi_offset 14, -4
 136 0002 91B0     		sub	sp, sp, #68
 137              		.cfi_def_cfa_offset 72
  29:main.c        ****     CyGlobalIntEnable;
 138              		.loc 1 29 0
 139              		.syntax unified
ARM GAS  C:\Users\karthik\AppData\Local\Temp\ccNSGslG.s 			page 4


 140              	@ 29 "main.c" 1
 141 0004 62B6     		CPSIE   i
 142              	@ 0 "" 2
  30:main.c        ****     UART_Start();
 143              		.loc 1 30 0
 144              		.thumb
 145              		.syntax unified
 146 0006 FFF7FEFF 		bl	UART_Start
 147              	.LVL14:
  31:main.c        **** 
  32:main.c        ****     char buffer[50];
  33:main.c        ****     int num1, num2, sum;
  34:main.c        ****     
  35:main.c        ****     UART_PutString("Press 'q' to quit at any time.\r\n\r\n");
 148              		.loc 1 35 0
 149 000a 1E48     		ldr	r0, .L16
 150 000c FFF7FEFF 		bl	UART_PutString
 151              	.LVL15:
 152              	.L14:
  36:main.c        **** 
  37:main.c        ****     while (1) {
  38:main.c        ****         UART_PutString("Enter first number: ");
 153              		.loc 1 38 0
 154 0010 1D48     		ldr	r0, .L16+4
 155 0012 FFF7FEFF 		bl	UART_PutString
 156              	.LVL16:
  39:main.c        ****         UART_ReadLine(buffer, sizeof(buffer));
 157              		.loc 1 39 0
 158 0016 3221     		movs	r1, #50
 159 0018 03A8     		add	r0, sp, #12
 160 001a FFF7FEFF 		bl	UART_ReadLine
 161              	.LVL17:
  40:main.c        ****         if (buffer[0] == 'q' || buffer[0] == 'Q') break;
 162              		.loc 1 40 0
 163 001e 9DF80C30 		ldrb	r3, [sp, #12]	@ zero_extendqisi2
 164 0022 712B     		cmp	r3, #113
 165 0024 26D0     		beq	.L13
 166              		.loc 1 40 0 is_stmt 0 discriminator 1
 167 0026 512B     		cmp	r3, #81
 168 0028 24D0     		beq	.L13
  41:main.c        ****         sscanf(buffer, "%d", &num1);
 169              		.loc 1 41 0 is_stmt 1
 170 002a 02AA     		add	r2, sp, #8
 171 002c 1749     		ldr	r1, .L16+8
 172 002e 03A8     		add	r0, sp, #12
 173 0030 FFF7FEFF 		bl	sscanf
 174              	.LVL18:
  42:main.c        **** 
  43:main.c        ****         UART_PutString("Enter second number: ");
 175              		.loc 1 43 0
 176 0034 1648     		ldr	r0, .L16+12
 177 0036 FFF7FEFF 		bl	UART_PutString
 178              	.LVL19:
  44:main.c        ****         UART_ReadLine(buffer, sizeof(buffer));
 179              		.loc 1 44 0
 180 003a 3221     		movs	r1, #50
 181 003c 03A8     		add	r0, sp, #12
ARM GAS  C:\Users\karthik\AppData\Local\Temp\ccNSGslG.s 			page 5


 182 003e FFF7FEFF 		bl	UART_ReadLine
 183              	.LVL20:
  45:main.c        ****         if (buffer[0] == 'q' || buffer[0] == 'Q') break;
 184              		.loc 1 45 0
 185 0042 9DF80C30 		ldrb	r3, [sp, #12]	@ zero_extendqisi2
 186 0046 712B     		cmp	r3, #113
 187 0048 14D0     		beq	.L13
 188              		.loc 1 45 0 is_stmt 0 discriminator 1
 189 004a 512B     		cmp	r3, #81
 190 004c 12D0     		beq	.L13
  46:main.c        ****         sscanf(buffer, "%d", &num2);
 191              		.loc 1 46 0 is_stmt 1
 192 004e 01AA     		add	r2, sp, #4
 193 0050 0E49     		ldr	r1, .L16+8
 194 0052 03A8     		add	r0, sp, #12
 195 0054 FFF7FEFF 		bl	sscanf
 196              	.LVL21:
  47:main.c        **** 
  48:main.c        ****         addNumbers(&num1, &num2, &sum);
 197              		.loc 1 48 0
 198 0058 6A46     		mov	r2, sp
 199 005a 01A9     		add	r1, sp, #4
 200 005c 02A8     		add	r0, sp, #8
 201 005e FFF7FEFF 		bl	addNumbers
 202              	.LVL22:
  49:main.c        ****         sprintf(buffer, "Sum: %d\r\n", sum);
 203              		.loc 1 49 0
 204 0062 009A     		ldr	r2, [sp]
 205 0064 0B49     		ldr	r1, .L16+16
 206 0066 03A8     		add	r0, sp, #12
 207 0068 FFF7FEFF 		bl	sprintf
 208              	.LVL23:
  50:main.c        ****         UART_PutString(buffer);
 209              		.loc 1 50 0
 210 006c 03A8     		add	r0, sp, #12
 211 006e FFF7FEFF 		bl	UART_PutString
 212              	.LVL24:
  51:main.c        ****     }
 213              		.loc 1 51 0
 214 0072 CDE7     		b	.L14
 215              	.L13:
  52:main.c        **** 
  53:main.c        ****     UART_PutString("Program terminated. You can now close the window.\r\n");
 216              		.loc 1 53 0
 217 0074 0848     		ldr	r0, .L16+20
 218 0076 FFF7FEFF 		bl	UART_PutString
 219              	.LVL25:
  54:main.c        **** 
  55:main.c        ****     return 0;
  56:main.c        **** }...
 220              		.loc 1 56 0
 221 007a 0020     		movs	r0, #0
 222 007c 11B0     		add	sp, sp, #68
 223              		.cfi_def_cfa_offset 4
 224              		@ sp needed
 225 007e 5DF804FB 		ldr	pc, [sp], #4
 226              	.L17:
ARM GAS  C:\Users\karthik\AppData\Local\Temp\ccNSGslG.s 			page 6


 227 0082 00BF     		.align	2
 228              	.L16:
 229 0084 04000000 		.word	.LC1
 230 0088 28000000 		.word	.LC2
 231 008c 40000000 		.word	.LC3
 232 0090 44000000 		.word	.LC4
 233 0094 5C000000 		.word	.LC5
 234 0098 68000000 		.word	.LC6
 235              		.cfi_endproc
 236              	.LFE66:
 237              		.size	main, .-main
 238              		.section	.rodata.str1.4,"aMS",%progbits,1
 239              		.align	2
 240              	.LC0:
 241 0000 0D0A00   		.ascii	"\015\012\000"
 242 0003 00       		.space	1
 243              	.LC1:
 244 0004 50726573 		.ascii	"Press 'q' to quit at any time.\015\012\015\012\000"
 244      73202771 
 244      2720746F 
 244      20717569 
 244      74206174 
 245 0027 00       		.space	1
 246              	.LC2:
 247 0028 456E7465 		.ascii	"Enter first number: \000"
 247      72206669 
 247      72737420 
 247      6E756D62 
 247      65723A20 
 248 003d 000000   		.space	3
 249              	.LC3:
 250 0040 256400   		.ascii	"%d\000"
 251 0043 00       		.space	1
 252              	.LC4:
 253 0044 456E7465 		.ascii	"Enter second number: \000"
 253      72207365 
 253      636F6E64 
 253      206E756D 
 253      6265723A 
 254 005a 0000     		.space	2
 255              	.LC5:
 256 005c 53756D3A 		.ascii	"Sum: %d\015\012\000"
 256      2025640D 
 256      0A00
 257 0066 0000     		.space	2
 258              	.LC6:
 259 0068 50726F67 		.ascii	"Program terminated. You can now close the window.\015"
 259      72616D20 
 259      7465726D 
 259      696E6174 
 259      65642E20 
 260 009a 0A00     		.ascii	"\012\000"
 261              		.text
 262              	.Letext0:
 263              		.file 2 "c:\\program files (x86)\\cypress\\psoc creator\\4.4\\psoc creator\\import\\gnu\\arm\\5.4.
 264              		.file 3 "c:\\program files (x86)\\cypress\\psoc creator\\4.4\\psoc creator\\import\\gnu\\arm\\5.4.
 265              		.file 4 "Generated_Source\\PSoC5/UART.h"
ARM GAS  C:\Users\karthik\AppData\Local\Temp\ccNSGslG.s 			page 7


 266              		.file 5 "c:\\program files (x86)\\cypress\\psoc creator\\4.4\\psoc creator\\import\\gnu\\arm\\5.4.
 267              		.file 6 "Generated_Source\\PSoC5/core_cm3.h"
 268              		.section	.debug_info,"",%progbits
 269              	.Ldebug_info0:
 270 0000 59030000 		.4byte	0x359
 271 0004 0400     		.2byte	0x4
 272 0006 00000000 		.4byte	.Ldebug_abbrev0
 273 000a 04       		.byte	0x4
 274 000b 01       		.uleb128 0x1
 275 000c 6F000000 		.4byte	.LASF31
 276 0010 0C       		.byte	0xc
 277 0011 A2010000 		.4byte	.LASF32
 278 0015 0A000000 		.4byte	.LASF33
 279 0019 00000000 		.4byte	.Ldebug_ranges0+0
 280 001d 00000000 		.4byte	0
 281 0021 00000000 		.4byte	.Ldebug_line0
 282 0025 02       		.uleb128 0x2
 283 0026 01       		.byte	0x1
 284 0027 06       		.byte	0x6
 285 0028 FD010000 		.4byte	.LASF0
 286 002c 02       		.uleb128 0x2
 287 002d 01       		.byte	0x1
 288 002e 08       		.byte	0x8
 289 002f 61000000 		.4byte	.LASF1
 290 0033 02       		.uleb128 0x2
 291 0034 02       		.byte	0x2
 292 0035 05       		.byte	0x5
 293 0036 BB010000 		.4byte	.LASF2
 294 003a 02       		.uleb128 0x2
 295 003b 02       		.byte	0x2
 296 003c 07       		.byte	0x7
 297 003d 14010000 		.4byte	.LASF3
 298 0041 03       		.uleb128 0x3
 299 0042 00000000 		.4byte	.LASF9
 300 0046 02       		.byte	0x2
 301 0047 3F       		.byte	0x3f
 302 0048 4C000000 		.4byte	0x4c
 303 004c 02       		.uleb128 0x2
 304 004d 04       		.byte	0x4
 305 004e 05       		.byte	0x5
 306 004f E1010000 		.4byte	.LASF4
 307 0053 02       		.uleb128 0x2
 308 0054 04       		.byte	0x4
 309 0055 07       		.byte	0x7
 310 0056 02010000 		.4byte	.LASF5
 311 005a 02       		.uleb128 0x2
 312 005b 08       		.byte	0x8
 313 005c 05       		.byte	0x5
 314 005d 94010000 		.4byte	.LASF6
 315 0061 02       		.uleb128 0x2
 316 0062 08       		.byte	0x8
 317 0063 07       		.byte	0x7
 318 0064 58010000 		.4byte	.LASF7
 319 0068 04       		.uleb128 0x4
 320 0069 04       		.byte	0x4
 321 006a 05       		.byte	0x5
 322 006b 696E7400 		.ascii	"int\000"
ARM GAS  C:\Users\karthik\AppData\Local\Temp\ccNSGslG.s 			page 8


 323 006f 02       		.uleb128 0x2
 324 0070 04       		.byte	0x4
 325 0071 07       		.byte	0x7
 326 0072 4B010000 		.4byte	.LASF8
 327 0076 03       		.uleb128 0x3
 328 0077 76010000 		.4byte	.LASF10
 329 007b 03       		.byte	0x3
 330 007c 2C       		.byte	0x2c
 331 007d 41000000 		.4byte	0x41
 332 0081 02       		.uleb128 0x2
 333 0082 04       		.byte	0x4
 334 0083 04       		.byte	0x4
 335 0084 5B000000 		.4byte	.LASF11
 336 0088 02       		.uleb128 0x2
 337 0089 08       		.byte	0x8
 338 008a 04       		.byte	0x4
 339 008b 3F010000 		.4byte	.LASF12
 340 008f 02       		.uleb128 0x2
 341 0090 01       		.byte	0x1
 342 0091 08       		.byte	0x8
 343 0092 A9010000 		.4byte	.LASF13
 344 0096 02       		.uleb128 0x2
 345 0097 08       		.byte	0x8
 346 0098 04       		.byte	0x4
 347 0099 EA010000 		.4byte	.LASF14
 348 009d 02       		.uleb128 0x2
 349 009e 04       		.byte	0x4
 350 009f 07       		.byte	0x7
 351 00a0 8B010000 		.4byte	.LASF15
 352 00a4 05       		.uleb128 0x5
 353 00a5 04       		.byte	0x4
 354 00a6 8F000000 		.4byte	0x8f
 355 00aa 06       		.uleb128 0x6
 356 00ab 4B000000 		.4byte	.LASF17
 357 00af 01       		.byte	0x1
 358 00b0 04       		.byte	0x4
 359 00b1 00000000 		.4byte	.LFB64
 360 00b5 0A000000 		.4byte	.LFE64-.LFB64
 361 00b9 01       		.uleb128 0x1
 362 00ba 9C       		.byte	0x9c
 363 00bb E5000000 		.4byte	0xe5
 364 00bf 07       		.uleb128 0x7
 365 00c0 6100     		.ascii	"a\000"
 366 00c2 01       		.byte	0x1
 367 00c3 04       		.byte	0x4
 368 00c4 E5000000 		.4byte	0xe5
 369 00c8 00000000 		.4byte	.LLST0
 370 00cc 08       		.uleb128 0x8
 371 00cd 6200     		.ascii	"b\000"
 372 00cf 01       		.byte	0x1
 373 00d0 04       		.byte	0x4
 374 00d1 E5000000 		.4byte	0xe5
 375 00d5 01       		.uleb128 0x1
 376 00d6 51       		.byte	0x51
 377 00d7 09       		.uleb128 0x9
 378 00d8 6F010000 		.4byte	.LASF16
 379 00dc 01       		.byte	0x1
ARM GAS  C:\Users\karthik\AppData\Local\Temp\ccNSGslG.s 			page 9


 380 00dd 04       		.byte	0x4
 381 00de E5000000 		.4byte	0xe5
 382 00e2 01       		.uleb128 0x1
 383 00e3 52       		.byte	0x52
 384 00e4 00       		.byte	0
 385 00e5 05       		.uleb128 0x5
 386 00e6 04       		.byte	0x4
 387 00e7 68000000 		.4byte	0x68
 388 00eb 06       		.uleb128 0x6
 389 00ec 20020000 		.4byte	.LASF18
 390 00f0 01       		.byte	0x1
 391 00f1 08       		.byte	0x8
 392 00f2 00000000 		.4byte	.LFB65
 393 00f6 40000000 		.4byte	.LFE65-.LFB65
 394 00fa 01       		.uleb128 0x1
 395 00fb 9C       		.byte	0x9c
 396 00fc 6C010000 		.4byte	0x16c
 397 0100 0A       		.uleb128 0xa
 398 0101 C5010000 		.4byte	.LASF19
 399 0105 01       		.byte	0x1
 400 0106 08       		.byte	0x8
 401 0107 A4000000 		.4byte	0xa4
 402 010b 21000000 		.4byte	.LLST1
 403 010f 0A       		.uleb128 0xa
 404 0110 09020000 		.4byte	.LASF20
 405 0114 01       		.byte	0x1
 406 0115 08       		.byte	0x8
 407 0116 68000000 		.4byte	0x68
 408 011a 3F000000 		.4byte	.LLST2
 409 011e 0B       		.uleb128 0xb
 410 011f 6900     		.ascii	"i\000"
 411 0121 01       		.byte	0x1
 412 0122 09       		.byte	0x9
 413 0123 68000000 		.4byte	0x68
 414 0127 5D000000 		.4byte	.LLST3
 415 012b 0B       		.uleb128 0xb
 416 012c 636800   		.ascii	"ch\000"
 417 012f 01       		.byte	0x1
 418 0130 0A       		.byte	0xa
 419 0131 8F000000 		.4byte	0x8f
 420 0135 94000000 		.4byte	.LLST4
 421 0139 0C       		.uleb128 0xc
 422 013a 0C000000 		.4byte	.LVL5
 423 013e 0F030000 		.4byte	0x30f
 424 0142 0C       		.uleb128 0xc
 425 0143 14000000 		.4byte	.LVL6
 426 0147 1A030000 		.4byte	0x31a
 427 014b 0D       		.uleb128 0xd
 428 014c 28000000 		.4byte	.LVL9
 429 0150 25030000 		.4byte	0x325
 430 0154 62010000 		.4byte	0x162
 431 0158 0E       		.uleb128 0xe
 432 0159 01       		.uleb128 0x1
 433 015a 50       		.byte	0x50
 434 015b 05       		.uleb128 0x5
 435 015c 03       		.byte	0x3
 436 015d 00000000 		.4byte	.LC0
ARM GAS  C:\Users\karthik\AppData\Local\Temp\ccNSGslG.s 			page 10


 437 0161 00       		.byte	0
 438 0162 0C       		.uleb128 0xc
 439 0163 2E000000 		.4byte	.LVL11
 440 0167 30030000 		.4byte	0x330
 441 016b 00       		.byte	0
 442 016c 0F       		.uleb128 0xf
 443 016d 46010000 		.4byte	.LASF21
 444 0171 01       		.byte	0x1
 445 0172 1C       		.byte	0x1c
 446 0173 68000000 		.4byte	0x68
 447 0177 00000000 		.4byte	.LFB66
 448 017b 9C000000 		.4byte	.LFE66-.LFB66
 449 017f 01       		.uleb128 0x1
 450 0180 9C       		.byte	0x9c
 451 0181 EE020000 		.4byte	0x2ee
 452 0185 10       		.uleb128 0x10
 453 0186 C5010000 		.4byte	.LASF19
 454 018a 01       		.byte	0x1
 455 018b 20       		.byte	0x20
 456 018c EE020000 		.4byte	0x2ee
 457 0190 02       		.uleb128 0x2
 458 0191 91       		.byte	0x91
 459 0192 44       		.sleb128 -60
 460 0193 10       		.uleb128 0x10
 461 0194 56000000 		.4byte	.LASF22
 462 0198 01       		.byte	0x1
 463 0199 21       		.byte	0x21
 464 019a 68000000 		.4byte	0x68
 465 019e 02       		.uleb128 0x2
 466 019f 91       		.byte	0x91
 467 01a0 40       		.sleb128 -64
 468 01a1 10       		.uleb128 0x10
 469 01a2 FD000000 		.4byte	.LASF23
 470 01a6 01       		.byte	0x1
 471 01a7 21       		.byte	0x21
 472 01a8 68000000 		.4byte	0x68
 473 01ac 03       		.uleb128 0x3
 474 01ad 91       		.byte	0x91
 475 01ae BC7F     		.sleb128 -68
 476 01b0 11       		.uleb128 0x11
 477 01b1 73756D00 		.ascii	"sum\000"
 478 01b5 01       		.byte	0x1
 479 01b6 21       		.byte	0x21
 480 01b7 68000000 		.4byte	0x68
 481 01bb 03       		.uleb128 0x3
 482 01bc 91       		.byte	0x91
 483 01bd B87F     		.sleb128 -72
 484 01bf 0C       		.uleb128 0xc
 485 01c0 0A000000 		.4byte	.LVL14
 486 01c4 3B030000 		.4byte	0x33b
 487 01c8 0D       		.uleb128 0xd
 488 01c9 10000000 		.4byte	.LVL15
 489 01cd 25030000 		.4byte	0x325
 490 01d1 DF010000 		.4byte	0x1df
 491 01d5 0E       		.uleb128 0xe
 492 01d6 01       		.uleb128 0x1
 493 01d7 50       		.byte	0x50
ARM GAS  C:\Users\karthik\AppData\Local\Temp\ccNSGslG.s 			page 11


 494 01d8 05       		.uleb128 0x5
 495 01d9 03       		.byte	0x3
 496 01da 04000000 		.4byte	.LC1
 497 01de 00       		.byte	0
 498 01df 0D       		.uleb128 0xd
 499 01e0 16000000 		.4byte	.LVL16
 500 01e4 25030000 		.4byte	0x325
 501 01e8 F6010000 		.4byte	0x1f6
 502 01ec 0E       		.uleb128 0xe
 503 01ed 01       		.uleb128 0x1
 504 01ee 50       		.byte	0x50
 505 01ef 05       		.uleb128 0x5
 506 01f0 03       		.byte	0x3
 507 01f1 28000000 		.4byte	.LC2
 508 01f5 00       		.byte	0
 509 01f6 0D       		.uleb128 0xd
 510 01f7 1E000000 		.4byte	.LVL17
 511 01fb EB000000 		.4byte	0xeb
 512 01ff 10020000 		.4byte	0x210
 513 0203 0E       		.uleb128 0xe
 514 0204 01       		.uleb128 0x1
 515 0205 50       		.byte	0x50
 516 0206 02       		.uleb128 0x2
 517 0207 91       		.byte	0x91
 518 0208 44       		.sleb128 -60
 519 0209 0E       		.uleb128 0xe
 520 020a 01       		.uleb128 0x1
 521 020b 51       		.byte	0x51
 522 020c 02       		.uleb128 0x2
 523 020d 08       		.byte	0x8
 524 020e 32       		.byte	0x32
 525 020f 00       		.byte	0
 526 0210 0D       		.uleb128 0xd
 527 0211 34000000 		.4byte	.LVL18
 528 0215 46030000 		.4byte	0x346
 529 0219 33020000 		.4byte	0x233
 530 021d 0E       		.uleb128 0xe
 531 021e 01       		.uleb128 0x1
 532 021f 50       		.byte	0x50
 533 0220 02       		.uleb128 0x2
 534 0221 91       		.byte	0x91
 535 0222 44       		.sleb128 -60
 536 0223 0E       		.uleb128 0xe
 537 0224 01       		.uleb128 0x1
 538 0225 51       		.byte	0x51
 539 0226 05       		.uleb128 0x5
 540 0227 03       		.byte	0x3
 541 0228 40000000 		.4byte	.LC3
 542 022c 0E       		.uleb128 0xe
 543 022d 01       		.uleb128 0x1
 544 022e 52       		.byte	0x52
 545 022f 02       		.uleb128 0x2
 546 0230 91       		.byte	0x91
 547 0231 40       		.sleb128 -64
 548 0232 00       		.byte	0
 549 0233 0D       		.uleb128 0xd
 550 0234 3A000000 		.4byte	.LVL19
ARM GAS  C:\Users\karthik\AppData\Local\Temp\ccNSGslG.s 			page 12


 551 0238 25030000 		.4byte	0x325
 552 023c 4A020000 		.4byte	0x24a
 553 0240 0E       		.uleb128 0xe
 554 0241 01       		.uleb128 0x1
 555 0242 50       		.byte	0x50
 556 0243 05       		.uleb128 0x5
 557 0244 03       		.byte	0x3
 558 0245 44000000 		.4byte	.LC4
 559 0249 00       		.byte	0
 560 024a 0D       		.uleb128 0xd
 561 024b 42000000 		.4byte	.LVL20
 562 024f EB000000 		.4byte	0xeb
 563 0253 64020000 		.4byte	0x264
 564 0257 0E       		.uleb128 0xe
 565 0258 01       		.uleb128 0x1
 566 0259 50       		.byte	0x50
 567 025a 02       		.uleb128 0x2
 568 025b 91       		.byte	0x91
 569 025c 44       		.sleb128 -60
 570 025d 0E       		.uleb128 0xe
 571 025e 01       		.uleb128 0x1
 572 025f 51       		.byte	0x51
 573 0260 02       		.uleb128 0x2
 574 0261 08       		.byte	0x8
 575 0262 32       		.byte	0x32
 576 0263 00       		.byte	0
 577 0264 0D       		.uleb128 0xd
 578 0265 58000000 		.4byte	.LVL21
 579 0269 46030000 		.4byte	0x346
 580 026d 88020000 		.4byte	0x288
 581 0271 0E       		.uleb128 0xe
 582 0272 01       		.uleb128 0x1
 583 0273 50       		.byte	0x50
 584 0274 02       		.uleb128 0x2
 585 0275 91       		.byte	0x91
 586 0276 44       		.sleb128 -60
 587 0277 0E       		.uleb128 0xe
 588 0278 01       		.uleb128 0x1
 589 0279 51       		.byte	0x51
 590 027a 05       		.uleb128 0x5
 591 027b 03       		.byte	0x3
 592 027c 40000000 		.4byte	.LC3
 593 0280 0E       		.uleb128 0xe
 594 0281 01       		.uleb128 0x1
 595 0282 52       		.byte	0x52
 596 0283 03       		.uleb128 0x3
 597 0284 91       		.byte	0x91
 598 0285 BC7F     		.sleb128 -68
 599 0287 00       		.byte	0
 600 0288 0D       		.uleb128 0xd
 601 0289 62000000 		.4byte	.LVL22
 602 028d AA000000 		.4byte	0xaa
 603 0291 A9020000 		.4byte	0x2a9
 604 0295 0E       		.uleb128 0xe
 605 0296 01       		.uleb128 0x1
 606 0297 50       		.byte	0x50
 607 0298 02       		.uleb128 0x2
ARM GAS  C:\Users\karthik\AppData\Local\Temp\ccNSGslG.s 			page 13


 608 0299 91       		.byte	0x91
 609 029a 40       		.sleb128 -64
 610 029b 0E       		.uleb128 0xe
 611 029c 01       		.uleb128 0x1
 612 029d 51       		.byte	0x51
 613 029e 03       		.uleb128 0x3
 614 029f 91       		.byte	0x91
 615 02a0 BC7F     		.sleb128 -68
 616 02a2 0E       		.uleb128 0xe
 617 02a3 01       		.uleb128 0x1
 618 02a4 52       		.byte	0x52
 619 02a5 02       		.uleb128 0x2
 620 02a6 7D       		.byte	0x7d
 621 02a7 00       		.sleb128 0
 622 02a8 00       		.byte	0
 623 02a9 0D       		.uleb128 0xd
 624 02aa 6C000000 		.4byte	.LVL23
 625 02ae 51030000 		.4byte	0x351
 626 02b2 C6020000 		.4byte	0x2c6
 627 02b6 0E       		.uleb128 0xe
 628 02b7 01       		.uleb128 0x1
 629 02b8 50       		.byte	0x50
 630 02b9 02       		.uleb128 0x2
 631 02ba 91       		.byte	0x91
 632 02bb 44       		.sleb128 -60
 633 02bc 0E       		.uleb128 0xe
 634 02bd 01       		.uleb128 0x1
 635 02be 51       		.byte	0x51
 636 02bf 05       		.uleb128 0x5
 637 02c0 03       		.byte	0x3
 638 02c1 5C000000 		.4byte	.LC5
 639 02c5 00       		.byte	0
 640 02c6 0D       		.uleb128 0xd
 641 02c7 72000000 		.4byte	.LVL24
 642 02cb 25030000 		.4byte	0x325
 643 02cf DA020000 		.4byte	0x2da
 644 02d3 0E       		.uleb128 0xe
 645 02d4 01       		.uleb128 0x1
 646 02d5 50       		.byte	0x50
 647 02d6 02       		.uleb128 0x2
 648 02d7 91       		.byte	0x91
 649 02d8 44       		.sleb128 -60
 650 02d9 00       		.byte	0
 651 02da 12       		.uleb128 0x12
 652 02db 7A000000 		.4byte	.LVL25
 653 02df 25030000 		.4byte	0x325
 654 02e3 0E       		.uleb128 0xe
 655 02e4 01       		.uleb128 0x1
 656 02e5 50       		.byte	0x50
 657 02e6 05       		.uleb128 0x5
 658 02e7 03       		.byte	0x3
 659 02e8 68000000 		.4byte	.LC6
 660 02ec 00       		.byte	0
 661 02ed 00       		.byte	0
 662 02ee 13       		.uleb128 0x13
 663 02ef 8F000000 		.4byte	0x8f
 664 02f3 FE020000 		.4byte	0x2fe
ARM GAS  C:\Users\karthik\AppData\Local\Temp\ccNSGslG.s 			page 14


 665 02f7 14       		.uleb128 0x14
 666 02f8 9D000000 		.4byte	0x9d
 667 02fc 31       		.byte	0x31
 668 02fd 00       		.byte	0
 669 02fe 15       		.uleb128 0x15
 670 02ff 32010000 		.4byte	.LASF34
 671 0303 06       		.byte	0x6
 672 0304 1207     		.2byte	0x712
 673 0306 0A030000 		.4byte	0x30a
 674 030a 16       		.uleb128 0x16
 675 030b 76000000 		.4byte	0x76
 676 030f 17       		.uleb128 0x17
 677 0310 CC010000 		.4byte	.LASF24
 678 0314 CC010000 		.4byte	.LASF24
 679 0318 04       		.byte	0x4
 680 0319 73       		.byte	0x73
 681 031a 17       		.uleb128 0x17
 682 031b AE010000 		.4byte	.LASF25
 683 031f AE010000 		.4byte	.LASF25
 684 0323 04       		.byte	0x4
 685 0324 71       		.byte	0x71
 686 0325 17       		.uleb128 0x17
 687 0326 11020000 		.4byte	.LASF26
 688 032a 11020000 		.4byte	.LASF26
 689 032e 04       		.byte	0x4
 690 032f 8B       		.byte	0x8b
 691 0330 17       		.uleb128 0x17
 692 0331 7E010000 		.4byte	.LASF27
 693 0335 7E010000 		.4byte	.LASF27
 694 0339 04       		.byte	0x4
 695 033a 8A       		.byte	0x8a
 696 033b 17       		.uleb128 0x17
 697 033c 27010000 		.4byte	.LASF28
 698 0340 27010000 		.4byte	.LASF28
 699 0344 04       		.byte	0x4
 700 0345 54       		.byte	0x54
 701 0346 17       		.uleb128 0x17
 702 0347 F6010000 		.4byte	.LASF29
 703 034b F6010000 		.4byte	.LASF29
 704 034f 05       		.byte	0x5
 705 0350 BF       		.byte	0xbf
 706 0351 17       		.uleb128 0x17
 707 0352 2E020000 		.4byte	.LASF30
 708 0356 2E020000 		.4byte	.LASF30
 709 035a 05       		.byte	0x5
 710 035b E7       		.byte	0xe7
 711 035c 00       		.byte	0
 712              		.section	.debug_abbrev,"",%progbits
 713              	.Ldebug_abbrev0:
 714 0000 01       		.uleb128 0x1
 715 0001 11       		.uleb128 0x11
 716 0002 01       		.byte	0x1
 717 0003 25       		.uleb128 0x25
 718 0004 0E       		.uleb128 0xe
 719 0005 13       		.uleb128 0x13
 720 0006 0B       		.uleb128 0xb
 721 0007 03       		.uleb128 0x3
ARM GAS  C:\Users\karthik\AppData\Local\Temp\ccNSGslG.s 			page 15


 722 0008 0E       		.uleb128 0xe
 723 0009 1B       		.uleb128 0x1b
 724 000a 0E       		.uleb128 0xe
 725 000b 55       		.uleb128 0x55
 726 000c 17       		.uleb128 0x17
 727 000d 11       		.uleb128 0x11
 728 000e 01       		.uleb128 0x1
 729 000f 10       		.uleb128 0x10
 730 0010 17       		.uleb128 0x17
 731 0011 00       		.byte	0
 732 0012 00       		.byte	0
 733 0013 02       		.uleb128 0x2
 734 0014 24       		.uleb128 0x24
 735 0015 00       		.byte	0
 736 0016 0B       		.uleb128 0xb
 737 0017 0B       		.uleb128 0xb
 738 0018 3E       		.uleb128 0x3e
 739 0019 0B       		.uleb128 0xb
 740 001a 03       		.uleb128 0x3
 741 001b 0E       		.uleb128 0xe
 742 001c 00       		.byte	0
 743 001d 00       		.byte	0
 744 001e 03       		.uleb128 0x3
 745 001f 16       		.uleb128 0x16
 746 0020 00       		.byte	0
 747 0021 03       		.uleb128 0x3
 748 0022 0E       		.uleb128 0xe
 749 0023 3A       		.uleb128 0x3a
 750 0024 0B       		.uleb128 0xb
 751 0025 3B       		.uleb128 0x3b
 752 0026 0B       		.uleb128 0xb
 753 0027 49       		.uleb128 0x49
 754 0028 13       		.uleb128 0x13
 755 0029 00       		.byte	0
 756 002a 00       		.byte	0
 757 002b 04       		.uleb128 0x4
 758 002c 24       		.uleb128 0x24
 759 002d 00       		.byte	0
 760 002e 0B       		.uleb128 0xb
 761 002f 0B       		.uleb128 0xb
 762 0030 3E       		.uleb128 0x3e
 763 0031 0B       		.uleb128 0xb
 764 0032 03       		.uleb128 0x3
 765 0033 08       		.uleb128 0x8
 766 0034 00       		.byte	0
 767 0035 00       		.byte	0
 768 0036 05       		.uleb128 0x5
 769 0037 0F       		.uleb128 0xf
 770 0038 00       		.byte	0
 771 0039 0B       		.uleb128 0xb
 772 003a 0B       		.uleb128 0xb
 773 003b 49       		.uleb128 0x49
 774 003c 13       		.uleb128 0x13
 775 003d 00       		.byte	0
 776 003e 00       		.byte	0
 777 003f 06       		.uleb128 0x6
 778 0040 2E       		.uleb128 0x2e
ARM GAS  C:\Users\karthik\AppData\Local\Temp\ccNSGslG.s 			page 16


 779 0041 01       		.byte	0x1
 780 0042 3F       		.uleb128 0x3f
 781 0043 19       		.uleb128 0x19
 782 0044 03       		.uleb128 0x3
 783 0045 0E       		.uleb128 0xe
 784 0046 3A       		.uleb128 0x3a
 785 0047 0B       		.uleb128 0xb
 786 0048 3B       		.uleb128 0x3b
 787 0049 0B       		.uleb128 0xb
 788 004a 27       		.uleb128 0x27
 789 004b 19       		.uleb128 0x19
 790 004c 11       		.uleb128 0x11
 791 004d 01       		.uleb128 0x1
 792 004e 12       		.uleb128 0x12
 793 004f 06       		.uleb128 0x6
 794 0050 40       		.uleb128 0x40
 795 0051 18       		.uleb128 0x18
 796 0052 9742     		.uleb128 0x2117
 797 0054 19       		.uleb128 0x19
 798 0055 01       		.uleb128 0x1
 799 0056 13       		.uleb128 0x13
 800 0057 00       		.byte	0
 801 0058 00       		.byte	0
 802 0059 07       		.uleb128 0x7
 803 005a 05       		.uleb128 0x5
 804 005b 00       		.byte	0
 805 005c 03       		.uleb128 0x3
 806 005d 08       		.uleb128 0x8
 807 005e 3A       		.uleb128 0x3a
 808 005f 0B       		.uleb128 0xb
 809 0060 3B       		.uleb128 0x3b
 810 0061 0B       		.uleb128 0xb
 811 0062 49       		.uleb128 0x49
 812 0063 13       		.uleb128 0x13
 813 0064 02       		.uleb128 0x2
 814 0065 17       		.uleb128 0x17
 815 0066 00       		.byte	0
 816 0067 00       		.byte	0
 817 0068 08       		.uleb128 0x8
 818 0069 05       		.uleb128 0x5
 819 006a 00       		.byte	0
 820 006b 03       		.uleb128 0x3
 821 006c 08       		.uleb128 0x8
 822 006d 3A       		.uleb128 0x3a
 823 006e 0B       		.uleb128 0xb
 824 006f 3B       		.uleb128 0x3b
 825 0070 0B       		.uleb128 0xb
 826 0071 49       		.uleb128 0x49
 827 0072 13       		.uleb128 0x13
 828 0073 02       		.uleb128 0x2
 829 0074 18       		.uleb128 0x18
 830 0075 00       		.byte	0
 831 0076 00       		.byte	0
 832 0077 09       		.uleb128 0x9
 833 0078 05       		.uleb128 0x5
 834 0079 00       		.byte	0
 835 007a 03       		.uleb128 0x3
ARM GAS  C:\Users\karthik\AppData\Local\Temp\ccNSGslG.s 			page 17


 836 007b 0E       		.uleb128 0xe
 837 007c 3A       		.uleb128 0x3a
 838 007d 0B       		.uleb128 0xb
 839 007e 3B       		.uleb128 0x3b
 840 007f 0B       		.uleb128 0xb
 841 0080 49       		.uleb128 0x49
 842 0081 13       		.uleb128 0x13
 843 0082 02       		.uleb128 0x2
 844 0083 18       		.uleb128 0x18
 845 0084 00       		.byte	0
 846 0085 00       		.byte	0
 847 0086 0A       		.uleb128 0xa
 848 0087 05       		.uleb128 0x5
 849 0088 00       		.byte	0
 850 0089 03       		.uleb128 0x3
 851 008a 0E       		.uleb128 0xe
 852 008b 3A       		.uleb128 0x3a
 853 008c 0B       		.uleb128 0xb
 854 008d 3B       		.uleb128 0x3b
 855 008e 0B       		.uleb128 0xb
 856 008f 49       		.uleb128 0x49
 857 0090 13       		.uleb128 0x13
 858 0091 02       		.uleb128 0x2
 859 0092 17       		.uleb128 0x17
 860 0093 00       		.byte	0
 861 0094 00       		.byte	0
 862 0095 0B       		.uleb128 0xb
 863 0096 34       		.uleb128 0x34
 864 0097 00       		.byte	0
 865 0098 03       		.uleb128 0x3
 866 0099 08       		.uleb128 0x8
 867 009a 3A       		.uleb128 0x3a
 868 009b 0B       		.uleb128 0xb
 869 009c 3B       		.uleb128 0x3b
 870 009d 0B       		.uleb128 0xb
 871 009e 49       		.uleb128 0x49
 872 009f 13       		.uleb128 0x13
 873 00a0 02       		.uleb128 0x2
 874 00a1 17       		.uleb128 0x17
 875 00a2 00       		.byte	0
 876 00a3 00       		.byte	0
 877 00a4 0C       		.uleb128 0xc
 878 00a5 898201   		.uleb128 0x4109
 879 00a8 00       		.byte	0
 880 00a9 11       		.uleb128 0x11
 881 00aa 01       		.uleb128 0x1
 882 00ab 31       		.uleb128 0x31
 883 00ac 13       		.uleb128 0x13
 884 00ad 00       		.byte	0
 885 00ae 00       		.byte	0
 886 00af 0D       		.uleb128 0xd
 887 00b0 898201   		.uleb128 0x4109
 888 00b3 01       		.byte	0x1
 889 00b4 11       		.uleb128 0x11
 890 00b5 01       		.uleb128 0x1
 891 00b6 31       		.uleb128 0x31
 892 00b7 13       		.uleb128 0x13
ARM GAS  C:\Users\karthik\AppData\Local\Temp\ccNSGslG.s 			page 18


 893 00b8 01       		.uleb128 0x1
 894 00b9 13       		.uleb128 0x13
 895 00ba 00       		.byte	0
 896 00bb 00       		.byte	0
 897 00bc 0E       		.uleb128 0xe
 898 00bd 8A8201   		.uleb128 0x410a
 899 00c0 00       		.byte	0
 900 00c1 02       		.uleb128 0x2
 901 00c2 18       		.uleb128 0x18
 902 00c3 9142     		.uleb128 0x2111
 903 00c5 18       		.uleb128 0x18
 904 00c6 00       		.byte	0
 905 00c7 00       		.byte	0
 906 00c8 0F       		.uleb128 0xf
 907 00c9 2E       		.uleb128 0x2e
 908 00ca 01       		.byte	0x1
 909 00cb 3F       		.uleb128 0x3f
 910 00cc 19       		.uleb128 0x19
 911 00cd 03       		.uleb128 0x3
 912 00ce 0E       		.uleb128 0xe
 913 00cf 3A       		.uleb128 0x3a
 914 00d0 0B       		.uleb128 0xb
 915 00d1 3B       		.uleb128 0x3b
 916 00d2 0B       		.uleb128 0xb
 917 00d3 49       		.uleb128 0x49
 918 00d4 13       		.uleb128 0x13
 919 00d5 11       		.uleb128 0x11
 920 00d6 01       		.uleb128 0x1
 921 00d7 12       		.uleb128 0x12
 922 00d8 06       		.uleb128 0x6
 923 00d9 40       		.uleb128 0x40
 924 00da 18       		.uleb128 0x18
 925 00db 9742     		.uleb128 0x2117
 926 00dd 19       		.uleb128 0x19
 927 00de 01       		.uleb128 0x1
 928 00df 13       		.uleb128 0x13
 929 00e0 00       		.byte	0
 930 00e1 00       		.byte	0
 931 00e2 10       		.uleb128 0x10
 932 00e3 34       		.uleb128 0x34
 933 00e4 00       		.byte	0
 934 00e5 03       		.uleb128 0x3
 935 00e6 0E       		.uleb128 0xe
 936 00e7 3A       		.uleb128 0x3a
 937 00e8 0B       		.uleb128 0xb
 938 00e9 3B       		.uleb128 0x3b
 939 00ea 0B       		.uleb128 0xb
 940 00eb 49       		.uleb128 0x49
 941 00ec 13       		.uleb128 0x13
 942 00ed 02       		.uleb128 0x2
 943 00ee 18       		.uleb128 0x18
 944 00ef 00       		.byte	0
 945 00f0 00       		.byte	0
 946 00f1 11       		.uleb128 0x11
 947 00f2 34       		.uleb128 0x34
 948 00f3 00       		.byte	0
 949 00f4 03       		.uleb128 0x3
ARM GAS  C:\Users\karthik\AppData\Local\Temp\ccNSGslG.s 			page 19


 950 00f5 08       		.uleb128 0x8
 951 00f6 3A       		.uleb128 0x3a
 952 00f7 0B       		.uleb128 0xb
 953 00f8 3B       		.uleb128 0x3b
 954 00f9 0B       		.uleb128 0xb
 955 00fa 49       		.uleb128 0x49
 956 00fb 13       		.uleb128 0x13
 957 00fc 02       		.uleb128 0x2
 958 00fd 18       		.uleb128 0x18
 959 00fe 00       		.byte	0
 960 00ff 00       		.byte	0
 961 0100 12       		.uleb128 0x12
 962 0101 898201   		.uleb128 0x4109
 963 0104 01       		.byte	0x1
 964 0105 11       		.uleb128 0x11
 965 0106 01       		.uleb128 0x1
 966 0107 31       		.uleb128 0x31
 967 0108 13       		.uleb128 0x13
 968 0109 00       		.byte	0
 969 010a 00       		.byte	0
 970 010b 13       		.uleb128 0x13
 971 010c 01       		.uleb128 0x1
 972 010d 01       		.byte	0x1
 973 010e 49       		.uleb128 0x49
 974 010f 13       		.uleb128 0x13
 975 0110 01       		.uleb128 0x1
 976 0111 13       		.uleb128 0x13
 977 0112 00       		.byte	0
 978 0113 00       		.byte	0
 979 0114 14       		.uleb128 0x14
 980 0115 21       		.uleb128 0x21
 981 0116 00       		.byte	0
 982 0117 49       		.uleb128 0x49
 983 0118 13       		.uleb128 0x13
 984 0119 2F       		.uleb128 0x2f
 985 011a 0B       		.uleb128 0xb
 986 011b 00       		.byte	0
 987 011c 00       		.byte	0
 988 011d 15       		.uleb128 0x15
 989 011e 34       		.uleb128 0x34
 990 011f 00       		.byte	0
 991 0120 03       		.uleb128 0x3
 992 0121 0E       		.uleb128 0xe
 993 0122 3A       		.uleb128 0x3a
 994 0123 0B       		.uleb128 0xb
 995 0124 3B       		.uleb128 0x3b
 996 0125 05       		.uleb128 0x5
 997 0126 49       		.uleb128 0x49
 998 0127 13       		.uleb128 0x13
 999 0128 3F       		.uleb128 0x3f
 1000 0129 19       		.uleb128 0x19
 1001 012a 3C       		.uleb128 0x3c
 1002 012b 19       		.uleb128 0x19
 1003 012c 00       		.byte	0
 1004 012d 00       		.byte	0
 1005 012e 16       		.uleb128 0x16
 1006 012f 35       		.uleb128 0x35
ARM GAS  C:\Users\karthik\AppData\Local\Temp\ccNSGslG.s 			page 20


 1007 0130 00       		.byte	0
 1008 0131 49       		.uleb128 0x49
 1009 0132 13       		.uleb128 0x13
 1010 0133 00       		.byte	0
 1011 0134 00       		.byte	0
 1012 0135 17       		.uleb128 0x17
 1013 0136 2E       		.uleb128 0x2e
 1014 0137 00       		.byte	0
 1015 0138 3F       		.uleb128 0x3f
 1016 0139 19       		.uleb128 0x19
 1017 013a 3C       		.uleb128 0x3c
 1018 013b 19       		.uleb128 0x19
 1019 013c 6E       		.uleb128 0x6e
 1020 013d 0E       		.uleb128 0xe
 1021 013e 03       		.uleb128 0x3
 1022 013f 0E       		.uleb128 0xe
 1023 0140 3A       		.uleb128 0x3a
 1024 0141 0B       		.uleb128 0xb
 1025 0142 3B       		.uleb128 0x3b
 1026 0143 0B       		.uleb128 0xb
 1027 0144 00       		.byte	0
 1028 0145 00       		.byte	0
 1029 0146 00       		.byte	0
 1030              		.section	.debug_loc,"",%progbits
 1031              	.Ldebug_loc0:
 1032              	.LLST0:
 1033 0000 00000000 		.4byte	.LVL0
 1034 0004 02000000 		.4byte	.LVL1
 1035 0008 0100     		.2byte	0x1
 1036 000a 50       		.byte	0x50
 1037 000b 02000000 		.4byte	.LVL1
 1038 000f 0A000000 		.4byte	.LFE64
 1039 0013 0400     		.2byte	0x4
 1040 0015 F3       		.byte	0xf3
 1041 0016 01       		.uleb128 0x1
 1042 0017 50       		.byte	0x50
 1043 0018 9F       		.byte	0x9f
 1044 0019 00000000 		.4byte	0
 1045 001d 00000000 		.4byte	0
 1046              	.LLST1:
 1047 0021 00000000 		.4byte	.LVL2
 1048 0025 08000000 		.4byte	.LVL4
 1049 0029 0100     		.2byte	0x1
 1050 002b 50       		.byte	0x50
 1051 002c 08000000 		.4byte	.LVL4
 1052 0030 40000000 		.4byte	.LFE65
 1053 0034 0100     		.2byte	0x1
 1054 0036 57       		.byte	0x57
 1055 0037 00000000 		.4byte	0
 1056 003b 00000000 		.4byte	0
 1057              	.LLST2:
 1058 003f 00000000 		.4byte	.LVL2
 1059 0043 08000000 		.4byte	.LVL4
 1060 0047 0100     		.2byte	0x1
 1061 0049 51       		.byte	0x51
 1062 004a 08000000 		.4byte	.LVL4
 1063 004e 40000000 		.4byte	.LFE65
ARM GAS  C:\Users\karthik\AppData\Local\Temp\ccNSGslG.s 			page 21


 1064 0052 0100     		.2byte	0x1
 1065 0054 56       		.byte	0x56
 1066 0055 00000000 		.4byte	0
 1067 0059 00000000 		.4byte	0
 1068              	.LLST3:
 1069 005d 06000000 		.4byte	.LVL3
 1070 0061 08000000 		.4byte	.LVL4
 1071 0065 0200     		.2byte	0x2
 1072 0067 30       		.byte	0x30
 1073 0068 9F       		.byte	0x9f
 1074 0069 08000000 		.4byte	.LVL4
 1075 006d 34000000 		.4byte	.LVL12
 1076 0071 0100     		.2byte	0x1
 1077 0073 55       		.byte	0x55
 1078 0074 34000000 		.4byte	.LVL12
 1079 0078 38000000 		.4byte	.LVL13
 1080 007c 0300     		.2byte	0x3
 1081 007e 75       		.byte	0x75
 1082 007f 01       		.sleb128 1
 1083 0080 9F       		.byte	0x9f
 1084 0081 38000000 		.4byte	.LVL13
 1085 0085 40000000 		.4byte	.LFE65
 1086 0089 0100     		.2byte	0x1
 1087 008b 55       		.byte	0x55
 1088 008c 00000000 		.4byte	0
 1089 0090 00000000 		.4byte	0
 1090              	.LLST4:
 1091 0094 16000000 		.4byte	.LVL7
 1092 0098 24000000 		.4byte	.LVL8
 1093 009c 0100     		.2byte	0x1
 1094 009e 50       		.byte	0x50
 1095 009f 2A000000 		.4byte	.LVL10
 1096 00a3 2D000000 		.4byte	.LVL11-1
 1097 00a7 0100     		.2byte	0x1
 1098 00a9 50       		.byte	0x50
 1099 00aa 00000000 		.4byte	0
 1100 00ae 00000000 		.4byte	0
 1101              		.section	.debug_aranges,"",%progbits
 1102 0000 2C000000 		.4byte	0x2c
 1103 0004 0200     		.2byte	0x2
 1104 0006 00000000 		.4byte	.Ldebug_info0
 1105 000a 04       		.byte	0x4
 1106 000b 00       		.byte	0
 1107 000c 0000     		.2byte	0
 1108 000e 0000     		.2byte	0
 1109 0010 00000000 		.4byte	.LFB64
 1110 0014 0A000000 		.4byte	.LFE64-.LFB64
 1111 0018 00000000 		.4byte	.LFB65
 1112 001c 40000000 		.4byte	.LFE65-.LFB65
 1113 0020 00000000 		.4byte	.LFB66
 1114 0024 9C000000 		.4byte	.LFE66-.LFB66
 1115 0028 00000000 		.4byte	0
 1116 002c 00000000 		.4byte	0
 1117              		.section	.debug_ranges,"",%progbits
 1118              	.Ldebug_ranges0:
 1119 0000 00000000 		.4byte	.LFB64
 1120 0004 0A000000 		.4byte	.LFE64
ARM GAS  C:\Users\karthik\AppData\Local\Temp\ccNSGslG.s 			page 22


 1121 0008 00000000 		.4byte	.LFB65
 1122 000c 40000000 		.4byte	.LFE65
 1123 0010 00000000 		.4byte	.LFB66
 1124 0014 9C000000 		.4byte	.LFE66
 1125 0018 00000000 		.4byte	0
 1126 001c 00000000 		.4byte	0
 1127              		.section	.debug_line,"",%progbits
 1128              	.Ldebug_line0:
 1129 0000 1F020000 		.section	.debug_str,"MS",%progbits,1
 1129      0200BC01 
 1129      00000201 
 1129      FB0E0D00 
 1129      01010101 
 1130              	.LASF9:
 1131 0000 5F5F696E 		.ascii	"__int32_t\000"
 1131      7433325F 
 1131      7400
 1132              	.LASF33:
 1133 000a 433A5C49 		.ascii	"C:\\IIITB\\Summer Term\\Summer Term\\Workspace01\\w"
 1133      49495442 
 1133      5C53756D 
 1133      6D657220 
 1133      5465726D 
 1134 0038 6974685F 		.ascii	"ith_Pointers.cydsn\000"
 1134      506F696E 
 1134      74657273 
 1134      2E637964 
 1134      736E00
 1135              	.LASF17:
 1136 004b 6164644E 		.ascii	"addNumbers\000"
 1136      756D6265 
 1136      727300
 1137              	.LASF22:
 1138 0056 6E756D31 		.ascii	"num1\000"
 1138      00
 1139              	.LASF11:
 1140 005b 666C6F61 		.ascii	"float\000"
 1140      7400
 1141              	.LASF1:
 1142 0061 756E7369 		.ascii	"unsigned char\000"
 1142      676E6564 
 1142      20636861 
 1142      7200
 1143              	.LASF31:
 1144 006f 474E5520 		.ascii	"GNU C11 5.4.1 20160609 (release) [ARM/embedded-5-br"
 1144      43313120 
 1144      352E342E 
 1144      31203230 
 1144      31363036 
 1145 00a2 616E6368 		.ascii	"anch revision 237715] -mcpu=cortex-m3 -mthumb -g -O"
 1145      20726576 
 1145      6973696F 
 1145      6E203233 
 1145      37373135 
 1146 00d5 67202D66 		.ascii	"g -ffunction-sections -ffat-lto-objects\000"
 1146      66756E63 
 1146      74696F6E 
ARM GAS  C:\Users\karthik\AppData\Local\Temp\ccNSGslG.s 			page 23


 1146      2D736563 
 1146      74696F6E 
 1147              	.LASF23:
 1148 00fd 6E756D32 		.ascii	"num2\000"
 1148      00
 1149              	.LASF5:
 1150 0102 6C6F6E67 		.ascii	"long unsigned int\000"
 1150      20756E73 
 1150      69676E65 
 1150      6420696E 
 1150      7400
 1151              	.LASF3:
 1152 0114 73686F72 		.ascii	"short unsigned int\000"
 1152      7420756E 
 1152      7369676E 
 1152      65642069 
 1152      6E7400
 1153              	.LASF28:
 1154 0127 55415254 		.ascii	"UART_Start\000"
 1154      5F537461 
 1154      727400
 1155              	.LASF34:
 1156 0132 49544D5F 		.ascii	"ITM_RxBuffer\000"
 1156      52784275 
 1156      66666572 
 1156      00
 1157              	.LASF12:
 1158 013f 646F7562 		.ascii	"double\000"
 1158      6C6500
 1159              	.LASF21:
 1160 0146 6D61696E 		.ascii	"main\000"
 1160      00
 1161              	.LASF8:
 1162 014b 756E7369 		.ascii	"unsigned int\000"
 1162      676E6564 
 1162      20696E74 
 1162      00
 1163              	.LASF7:
 1164 0158 6C6F6E67 		.ascii	"long long unsigned int\000"
 1164      206C6F6E 
 1164      6720756E 
 1164      7369676E 
 1164      65642069 
 1165              	.LASF16:
 1166 016f 72657375 		.ascii	"result\000"
 1166      6C7400
 1167              	.LASF10:
 1168 0176 696E7433 		.ascii	"int32_t\000"
 1168      325F7400 
 1169              	.LASF27:
 1170 017e 55415254 		.ascii	"UART_PutChar\000"
 1170      5F507574 
 1170      43686172 
 1170      00
 1171              	.LASF15:
 1172 018b 73697A65 		.ascii	"sizetype\000"
 1172      74797065 
ARM GAS  C:\Users\karthik\AppData\Local\Temp\ccNSGslG.s 			page 24


 1172      00
 1173              	.LASF6:
 1174 0194 6C6F6E67 		.ascii	"long long int\000"
 1174      206C6F6E 
 1174      6720696E 
 1174      7400
 1175              	.LASF32:
 1176 01a2 6D61696E 		.ascii	"main.c\000"
 1176      2E6300
 1177              	.LASF13:
 1178 01a9 63686172 		.ascii	"char\000"
 1178      00
 1179              	.LASF25:
 1180 01ae 55415254 		.ascii	"UART_GetChar\000"
 1180      5F476574 
 1180      43686172 
 1180      00
 1181              	.LASF2:
 1182 01bb 73686F72 		.ascii	"short int\000"
 1182      7420696E 
 1182      7400
 1183              	.LASF19:
 1184 01c5 62756666 		.ascii	"buffer\000"
 1184      657200
 1185              	.LASF24:
 1186 01cc 55415254 		.ascii	"UART_GetRxBufferSize\000"
 1186      5F476574 
 1186      52784275 
 1186      66666572 
 1186      53697A65 
 1187              	.LASF4:
 1188 01e1 6C6F6E67 		.ascii	"long int\000"
 1188      20696E74 
 1188      00
 1189              	.LASF14:
 1190 01ea 6C6F6E67 		.ascii	"long double\000"
 1190      20646F75 
 1190      626C6500 
 1191              	.LASF29:
 1192 01f6 73736361 		.ascii	"sscanf\000"
 1192      6E6600
 1193              	.LASF0:
 1194 01fd 7369676E 		.ascii	"signed char\000"
 1194      65642063 
 1194      68617200 
 1195              	.LASF20:
 1196 0209 6D617853 		.ascii	"maxSize\000"
 1196      697A6500 
 1197              	.LASF26:
 1198 0211 55415254 		.ascii	"UART_PutString\000"
 1198      5F507574 
 1198      53747269 
 1198      6E6700
 1199              	.LASF18:
 1200 0220 55415254 		.ascii	"UART_ReadLine\000"
 1200      5F526561 
 1200      644C696E 
ARM GAS  C:\Users\karthik\AppData\Local\Temp\ccNSGslG.s 			page 25


 1200      6500
 1201              	.LASF30:
 1202 022e 73707269 		.ascii	"sprintf\000"
 1202      6E746600 
 1203              		.ident	"GCC: (GNU Tools for ARM Embedded Processors) 5.4.1 20160609 (release) [ARM/embedded-5-bran
