ARM GAS  C:\Users\karthik\AppData\Local\Temp\ccE3npYv.s 			page 1


   1              		.syntax unified
   2              		.cpu cortex-m3
   3              		.fpu softvfp
   4              		.eabi_attribute 20, 1
   5              		.eabi_attribute 21, 1
   6              		.eabi_attribute 23, 3
   7              		.eabi_attribute 24, 1
   8              		.eabi_attribute 25, 1
   9              		.eabi_attribute 26, 1
  10              		.eabi_attribute 30, 1
  11              		.eabi_attribute 34, 1
  12              		.eabi_attribute 18, 4
  13              		.thumb
  14              		.syntax unified
  15              		.file	"main.c"
  16              		.text
  17              	.Ltext0:
  18              		.cfi_sections	.debug_frame
  19              		.section	.text.getPseudoRandom,"ax",%progbits
  20              		.align	2
  21              		.global	getPseudoRandom
  22              		.thumb
  23              		.thumb_func
  24              		.type	getPseudoRandom, %function
  25              	getPseudoRandom:
  26              	.LFB64:
  27              		.file 1 "main.c"
   1:main.c        **** #include "project.h" //User defined header file
   2:main.c        **** #include <stdio.h> // Header file to use standard input and output functions
   3:main.c        **** #include <string.h> // Header file to use string functions
   4:main.c        **** 
   5:main.c        **** // Sensor structure
   6:main.c        **** typedef struct {
   7:main.c        ****     char name[20];
   8:main.c        ****     float value;
   9:main.c        ****     char unit[10];
  10:main.c        **** } Sensor;
  11:main.c        **** 
  12:main.c        **** // Simple 16-bit LFSR-based pseudo-random number generator
  13:main.c        **** uint16_t lfsr = 0xACE1u;
  14:main.c        **** uint16_t bit;
  15:main.c        **** 
  16:main.c        **** uint16_t getPseudoRandom() {
  28              		.loc 1 16 0
  29              		.cfi_startproc
  30              		@ args = 0, pretend = 0, frame = 0
  31              		@ frame_needed = 0, uses_anonymous_args = 0
  32              		@ link register save eliminated.
  17:main.c        ****     bit  = ((lfsr >> 0) ^ (lfsr >> 2) ^ (lfsr >> 3) ^ (lfsr >> 5)) & 1;
  33              		.loc 1 17 0
  34 0000 084A     		ldr	r2, .L2
  35 0002 1388     		ldrh	r3, [r2]
  36 0004 83EA9300 		eor	r0, r3, r3, lsr #2
  37 0008 80EAD300 		eor	r0, r0, r3, lsr #3
  38 000c 80EA5310 		eor	r0, r0, r3, lsr #5
  39 0010 00F00100 		and	r0, r0, #1
  40 0014 0449     		ldr	r1, .L2+4
ARM GAS  C:\Users\karthik\AppData\Local\Temp\ccE3npYv.s 			page 2


  41 0016 0880     		strh	r0, [r1]	@ movhi
  18:main.c        ****     lfsr = (lfsr >> 1) | (bit << 15);
  42              		.loc 1 18 0
  43 0018 5B08     		lsrs	r3, r3, #1
  44 001a 43EAC030 		orr	r0, r3, r0, lsl #15
  45 001e 1080     		strh	r0, [r2]	@ movhi
  19:main.c        ****     return lfsr;
  20:main.c        **** }
  46              		.loc 1 20 0
  47 0020 7047     		bx	lr
  48              	.L3:
  49 0022 00BF     		.align	2
  50              	.L2:
  51 0024 00000000 		.word	.LANCHOR0
  52 0028 00000000 		.word	bit
  53              		.cfi_endproc
  54              	.LFE64:
  55              		.size	getPseudoRandom, .-getPseudoRandom
  56              		.global	__aeabi_i2d
  57              		.global	__aeabi_ddiv
  58              		.global	__aeabi_dadd
  59              		.global	__aeabi_d2f
  60              		.section	.text.getDummyValue,"ax",%progbits
  61              		.align	2
  62              		.global	getDummyValue
  63              		.thumb
  64              		.thumb_func
  65              		.type	getDummyValue, %function
  66              	getDummyValue:
  67              	.LFB65:
  21:main.c        **** 
  22:main.c        **** float getDummyValue(const char *name) {
  68              		.loc 1 22 0
  69              		.cfi_startproc
  70              		@ args = 0, pretend = 0, frame = 0
  71              		@ frame_needed = 0, uses_anonymous_args = 0
  72              	.LVL0:
  73 0000 38B5     		push	{r3, r4, r5, lr}
  74              		.cfi_def_cfa_offset 16
  75              		.cfi_offset 3, -16
  76              		.cfi_offset 4, -12
  77              		.cfi_offset 5, -8
  78              		.cfi_offset 14, -4
  79 0002 0446     		mov	r4, r0
  23:main.c        ****     uint16_t r = getPseudoRandom();
  80              		.loc 1 23 0
  81 0004 FFF7FEFF 		bl	getPseudoRandom
  82              	.LVL1:
  83 0008 0546     		mov	r5, r0
  84              	.LVL2:
  24:main.c        ****     if (strcmp(name, "Temperature") == 0) return 25.0 + (r % 100) / 10.0;
  85              		.loc 1 24 0
  86 000a 2B49     		ldr	r1, .L10+8
  87 000c 2046     		mov	r0, r4
  88 000e FFF7FEFF 		bl	strcmp
  89              	.LVL3:
  90 0012 A0B9     		cbnz	r0, .L5
ARM GAS  C:\Users\karthik\AppData\Local\Temp\ccE3npYv.s 			page 3


  91              		.loc 1 24 0 is_stmt 0 discriminator 1
  92 0014 2948     		ldr	r0, .L10+12
  93 0016 A0FB0530 		umull	r3, r0, r0, r5
  94 001a 4309     		lsrs	r3, r0, #5
  95 001c 6420     		movs	r0, #100
  96 001e 00FB1350 		mls	r0, r0, r3, r5
  97 0022 80B2     		uxth	r0, r0
  98 0024 FFF7FEFF 		bl	__aeabi_i2d
  99              	.LVL4:
 100 0028 0022     		movs	r2, #0
 101 002a 254B     		ldr	r3, .L10+16
 102 002c FFF7FEFF 		bl	__aeabi_ddiv
 103              	.LVL5:
 104 0030 0022     		movs	r2, #0
 105 0032 244B     		ldr	r3, .L10+20
 106 0034 FFF7FEFF 		bl	__aeabi_dadd
 107              	.LVL6:
 108 0038 FFF7FEFF 		bl	__aeabi_d2f
 109              	.LVL7:
 110 003c 38BD     		pop	{r3, r4, r5, pc}
 111              	.LVL8:
 112              	.L5:
  25:main.c        ****     if (strcmp(name, "Pressure") == 0) return 101.3 + (r % 50) / 10.0;
 113              		.loc 1 25 0 is_stmt 1
 114 003e 2249     		ldr	r1, .L10+24
 115 0040 2046     		mov	r0, r4
 116 0042 FFF7FEFF 		bl	strcmp
 117              	.LVL9:
 118 0046 A8B9     		cbnz	r0, .L7
 119              		.loc 1 25 0 is_stmt 0 discriminator 1
 120 0048 1C48     		ldr	r0, .L10+12
 121 004a A0FB0530 		umull	r3, r0, r0, r5
 122 004e 0309     		lsrs	r3, r0, #4
 123 0050 3220     		movs	r0, #50
 124 0052 00FB1350 		mls	r0, r0, r3, r5
 125 0056 80B2     		uxth	r0, r0
 126 0058 FFF7FEFF 		bl	__aeabi_i2d
 127              	.LVL10:
 128 005c 0022     		movs	r2, #0
 129 005e 184B     		ldr	r3, .L10+16
 130 0060 FFF7FEFF 		bl	__aeabi_ddiv
 131              	.LVL11:
 132 0064 12A3     		adr	r3, .L10
 133 0066 D3E90023 		ldrd	r2, [r3]
 134 006a FFF7FEFF 		bl	__aeabi_dadd
 135              	.LVL12:
 136 006e FFF7FEFF 		bl	__aeabi_d2f
 137              	.LVL13:
 138 0072 38BD     		pop	{r3, r4, r5, pc}
 139              	.LVL14:
 140              	.L7:
  26:main.c        ****     if (strcmp(name, "Humidity") == 0) return 40.0 + (r % 200) / 10.0;
 141              		.loc 1 26 0 is_stmt 1
 142 0074 1549     		ldr	r1, .L10+28
 143 0076 2046     		mov	r0, r4
 144 0078 FFF7FEFF 		bl	strcmp
 145              	.LVL15:
ARM GAS  C:\Users\karthik\AppData\Local\Temp\ccE3npYv.s 			page 4


 146 007c A0B9     		cbnz	r0, .L8
 147              		.loc 1 26 0 is_stmt 0 discriminator 1
 148 007e 0F48     		ldr	r0, .L10+12
 149 0080 A0FB0530 		umull	r3, r0, r0, r5
 150 0084 8309     		lsrs	r3, r0, #6
 151 0086 C820     		movs	r0, #200
 152 0088 00FB1350 		mls	r0, r0, r3, r5
 153 008c 80B2     		uxth	r0, r0
 154 008e FFF7FEFF 		bl	__aeabi_i2d
 155              	.LVL16:
 156 0092 0022     		movs	r2, #0
 157 0094 0A4B     		ldr	r3, .L10+16
 158 0096 FFF7FEFF 		bl	__aeabi_ddiv
 159              	.LVL17:
 160 009a 0022     		movs	r2, #0
 161 009c 0C4B     		ldr	r3, .L10+32
 162 009e FFF7FEFF 		bl	__aeabi_dadd
 163              	.LVL18:
 164 00a2 FFF7FEFF 		bl	__aeabi_d2f
 165              	.LVL19:
 166 00a6 38BD     		pop	{r3, r4, r5, pc}
 167              	.LVL20:
 168              	.L8:
  27:main.c        ****     return 0;
 169              		.loc 1 27 0 is_stmt 1
 170 00a8 0020     		movs	r0, #0
  28:main.c        **** }
 171              		.loc 1 28 0
 172 00aa 38BD     		pop	{r3, r4, r5, pc}
 173              	.LVL21:
 174              	.L11:
 175 00ac AFF30080 		.align	3
 176              	.L10:
 177 00b0 33333333 		.word	858993459
 178 00b4 33535940 		.word	1079595827
 179 00b8 00000000 		.word	.LC1
 180 00bc 1F85EB51 		.word	1374389535
 181 00c0 00002440 		.word	1076101120
 182 00c4 00003940 		.word	1077477376
 183 00c8 0C000000 		.word	.LC2
 184 00cc 18000000 		.word	.LC3
 185 00d0 00004440 		.word	1078198272
 186              		.cfi_endproc
 187              	.LFE65:
 188              		.size	getDummyValue, .-getDummyValue
 189              		.global	__aeabi_fmul
 190              		.global	__aeabi_f2iz
 191              		.section	.text.sendFormattedLineInt,"ax",%progbits
 192              		.align	2
 193              		.global	sendFormattedLineInt
 194              		.thumb
 195              		.thumb_func
 196              		.type	sendFormattedLineInt, %function
 197              	sendFormattedLineInt:
 198              	.LFB66:
  29:main.c        **** 
  30:main.c        **** void sendFormattedLineInt(const char* name, float value, const char* unit) {
ARM GAS  C:\Users\karthik\AppData\Local\Temp\ccE3npYv.s 			page 5


 199              		.loc 1 30 0
 200              		.cfi_startproc
 201              		@ args = 0, pretend = 0, frame = 64
 202              		@ frame_needed = 0, uses_anonymous_args = 0
 203              	.LVL22:
 204 0000 30B5     		push	{r4, r5, lr}
 205              		.cfi_def_cfa_offset 12
 206              		.cfi_offset 4, -12
 207              		.cfi_offset 5, -8
 208              		.cfi_offset 14, -4
 209 0002 93B0     		sub	sp, sp, #76
 210              		.cfi_def_cfa_offset 88
 211 0004 0446     		mov	r4, r0
 212 0006 0846     		mov	r0, r1
 213              	.LVL23:
 214 0008 1546     		mov	r5, r2
  31:main.c        ****     char buffer[64];
  32:main.c        ****     int scaled = (int)(value * 10);  // Convert to integer (1 decimal place)
 215              		.loc 1 32 0
 216 000a 0F49     		ldr	r1, .L14
 217              	.LVL24:
 218 000c FFF7FEFF 		bl	__aeabi_fmul
 219              	.LVL25:
 220 0010 FFF7FEFF 		bl	__aeabi_f2iz
 221              	.LVL26:
  33:main.c        ****     sprintf(buffer, "%s: %d.%d %s\r\n", name, scaled / 10, scaled % 10, unit);
 222              		.loc 1 33 0
 223 0014 0D4B     		ldr	r3, .L14+4
 224 0016 83FB0023 		smull	r2, r3, r3, r0
 225 001a C217     		asrs	r2, r0, #31
 226 001c C2EBA303 		rsb	r3, r2, r3, asr #2
 227 0020 0195     		str	r5, [sp, #4]
 228 0022 03EB8301 		add	r1, r3, r3, lsl #2
 229 0026 4A00     		lsls	r2, r1, #1
 230 0028 801A     		subs	r0, r0, r2
 231              	.LVL27:
 232 002a 0090     		str	r0, [sp]
 233 002c 2246     		mov	r2, r4
 234 002e 0849     		ldr	r1, .L14+8
 235 0030 02A8     		add	r0, sp, #8
 236 0032 FFF7FEFF 		bl	sprintf
 237              	.LVL28:
  34:main.c        ****     UART_PutString(buffer);
 238              		.loc 1 34 0
 239 0036 02A8     		add	r0, sp, #8
 240 0038 FFF7FEFF 		bl	UART_PutString
 241              	.LVL29:
  35:main.c        ****     CyDelay(10);
 242              		.loc 1 35 0
 243 003c 0A20     		movs	r0, #10
 244 003e FFF7FEFF 		bl	CyDelay
 245              	.LVL30:
  36:main.c        **** }
 246              		.loc 1 36 0
 247 0042 13B0     		add	sp, sp, #76
 248              		.cfi_def_cfa_offset 12
 249              		@ sp needed
ARM GAS  C:\Users\karthik\AppData\Local\Temp\ccE3npYv.s 			page 6


 250 0044 30BD     		pop	{r4, r5, pc}
 251              	.LVL31:
 252              	.L15:
 253 0046 00BF     		.align	2
 254              	.L14:
 255 0048 00002041 		.word	1092616192
 256 004c 67666666 		.word	1717986919
 257 0050 24000000 		.word	.LC4
 258              		.cfi_endproc
 259              	.LFE66:
 260              		.size	sendFormattedLineInt, .-sendFormattedLineInt
 261              		.section	.text.main,"ax",%progbits
 262              		.align	2
 263              		.global	main
 264              		.thumb
 265              		.thumb_func
 266              		.type	main, %function
 267              	main:
 268              	.LFB67:
  37:main.c        **** 
  38:main.c        **** int main(void) {
 269              		.loc 1 38 0
 270              		.cfi_startproc
 271              		@ args = 0, pretend = 0, frame = 112
 272              		@ frame_needed = 0, uses_anonymous_args = 0
 273 0000 70B5     		push	{r4, r5, r6, lr}
 274              		.cfi_def_cfa_offset 16
 275              		.cfi_offset 4, -16
 276              		.cfi_offset 5, -12
 277              		.cfi_offset 6, -8
 278              		.cfi_offset 14, -4
 279 0002 9CB0     		sub	sp, sp, #112
 280              		.cfi_def_cfa_offset 128
  39:main.c        ****     CyGlobalIntEnable;
 281              		.loc 1 39 0
 282              		.syntax unified
 283              	@ 39 "main.c" 1
 284 0004 62B6     		CPSIE   i
 285              	@ 0 "" 2
  40:main.c        ****     UART_Start();
 286              		.loc 1 40 0
 287              		.thumb
 288              		.syntax unified
 289 0006 FFF7FEFF 		bl	UART_Start
 290              	.LVL32:
  41:main.c        ****     CyDelay(100);  // Allow terminal time to open
 291              		.loc 1 41 0
 292 000a 6420     		movs	r0, #100
 293 000c FFF7FEFF 		bl	CyDelay
 294              	.LVL33:
  42:main.c        **** 
  43:main.c        ****     Sensor sensors[3] = {
 295              		.loc 1 43 0
 296 0010 6C22     		movs	r2, #108
 297 0012 1549     		ldr	r1, .L21
 298 0014 01A8     		add	r0, sp, #4
 299 0016 FFF7FEFF 		bl	memcpy
ARM GAS  C:\Users\karthik\AppData\Local\Temp\ccE3npYv.s 			page 7


 300              	.LVL34:
  44:main.c        ****         {"Temperature", 0, "C"},
  45:main.c        ****         {"Pressure", 0, "kPa"},
  46:main.c        ****         {"Humidity", 0, "%"}
  47:main.c        ****     };
  48:main.c        **** 
  49:main.c        ****     UART_PutString("=== Virtual Sensor Dashboard ===\r\n\r\n");
 301              		.loc 1 49 0
 302 001a 1448     		ldr	r0, .L21+4
 303 001c FFF7FEFF 		bl	UART_PutString
 304              	.LVL35:
 305              	.L19:
 306              	.LBB2:
  50:main.c        **** 
  51:main.c        ****     for (;;) {
  52:main.c        ****         for (int i = 0; i < 3; i++) {
 307              		.loc 1 52 0
 308 0020 0024     		movs	r4, #0
 309 0022 17E0     		b	.L17
 310              	.LVL36:
 311              	.L18:
  53:main.c        ****             sensors[i].value = getDummyValue(sensors[i].name);
 312              		.loc 1 53 0 discriminator 3
 313 0024 E500     		lsls	r5, r4, #3
 314 0026 2B19     		adds	r3, r5, r4
 315 0028 9E00     		lsls	r6, r3, #2
 316 002a 01AB     		add	r3, sp, #4
 317 002c 1E44     		add	r6, r6, r3
 318 002e 3046     		mov	r0, r6
 319 0030 FFF7FEFF 		bl	getDummyValue
 320              	.LVL37:
 321 0034 0146     		mov	r1, r0
 322 0036 2A19     		adds	r2, r5, r4
 323 0038 9300     		lsls	r3, r2, #2
 324 003a 1CAA     		add	r2, sp, #112
 325 003c 1344     		add	r3, r3, r2
 326 003e 43F8580C 		str	r0, [r3, #-88]	@ float
  54:main.c        ****             sendFormattedLineInt(sensors[i].name, sensors[i].value, sensors[i].unit);
 327              		.loc 1 54 0 discriminator 3
 328 0042 2544     		add	r5, r5, r4
 329 0044 AA00     		lsls	r2, r5, #2
 330 0046 1832     		adds	r2, r2, #24
 331 0048 01AB     		add	r3, sp, #4
 332 004a 1A44     		add	r2, r2, r3
 333 004c 3046     		mov	r0, r6
 334 004e FFF7FEFF 		bl	sendFormattedLineInt
 335              	.LVL38:
  52:main.c        ****             sensors[i].value = getDummyValue(sensors[i].name);
 336              		.loc 1 52 0 discriminator 3
 337 0052 0134     		adds	r4, r4, #1
 338              	.LVL39:
 339              	.L17:
  52:main.c        ****             sensors[i].value = getDummyValue(sensors[i].name);
 340              		.loc 1 52 0 is_stmt 0 discriminator 1
 341 0054 022C     		cmp	r4, #2
 342 0056 E5DD     		ble	.L18
 343              	.LBE2:
ARM GAS  C:\Users\karthik\AppData\Local\Temp\ccE3npYv.s 			page 8


  55:main.c        ****         }
  56:main.c        ****         UART_PutString("---------------------------\r\n\r\n");
 344              		.loc 1 56 0 is_stmt 1
 345 0058 0548     		ldr	r0, .L21+8
 346 005a FFF7FEFF 		bl	UART_PutString
 347              	.LVL40:
  57:main.c        ****         CyDelay(1000);
 348              		.loc 1 57 0
 349 005e 4FF47A70 		mov	r0, #1000
 350 0062 FFF7FEFF 		bl	CyDelay
 351              	.LVL41:
  58:main.c        ****     }
 352              		.loc 1 58 0
 353 0066 DBE7     		b	.L19
 354              	.L22:
 355              		.align	2
 356              	.L21:
 357 0068 00000000 		.word	.LANCHOR1
 358 006c 34000000 		.word	.LC5
 359 0070 5C000000 		.word	.LC6
 360              		.cfi_endproc
 361              	.LFE67:
 362              		.size	main, .-main
 363              		.comm	bit,2,2
 364              		.global	lfsr
 365              		.section	.rodata
 366              		.align	2
 367              		.set	.LANCHOR1,. + 0
 368              	.LC0:
 369 0000 54656D70 		.ascii	"Temperature\000"
 369      65726174 
 369      75726500 
 370 000c 00000000 		.space	8
 370      00000000 
 371 0014 00000000 		.word	0
 372 0018 4300     		.ascii	"C\000"
 373 001a 00000000 		.space	8
 373      00000000 
 374 0022 0000     		.space	2
 375 0024 50726573 		.ascii	"Pressure\000"
 375      73757265 
 375      00
 376 002d 00000000 		.space	11
 376      00000000 
 376      000000
 377 0038 00000000 		.word	0
 378 003c 6B506100 		.ascii	"kPa\000"
 379 0040 00000000 		.space	6
 379      0000
 380 0046 0000     		.space	2
 381 0048 48756D69 		.ascii	"Humidity\000"
 381      64697479 
 381      00
 382 0051 00000000 		.space	11
 382      00000000 
 382      000000
 383 005c 00000000 		.word	0
ARM GAS  C:\Users\karthik\AppData\Local\Temp\ccE3npYv.s 			page 9


 384 0060 2500     		.ascii	"%\000"
 385 0062 00000000 		.space	8
 385      00000000 
 386 006a 0000     		.space	2
 387              		.data
 388              		.align	1
 389              		.set	.LANCHOR0,. + 0
 390              		.type	lfsr, %object
 391              		.size	lfsr, 2
 392              	lfsr:
 393 0000 E1AC     		.short	-21279
 394              		.section	.rodata.str1.4,"aMS",%progbits,1
 395              		.align	2
 396              	.LC1:
 397 0000 54656D70 		.ascii	"Temperature\000"
 397      65726174 
 397      75726500 
 398              	.LC2:
 399 000c 50726573 		.ascii	"Pressure\000"
 399      73757265 
 399      00
 400 0015 000000   		.space	3
 401              	.LC3:
 402 0018 48756D69 		.ascii	"Humidity\000"
 402      64697479 
 402      00
 403 0021 000000   		.space	3
 404              	.LC4:
 405 0024 25733A20 		.ascii	"%s: %d.%d %s\015\012\000"
 405      25642E25 
 405      64202573 
 405      0D0A00
 406 0033 00       		.space	1
 407              	.LC5:
 408 0034 3D3D3D20 		.ascii	"=== Virtual Sensor Dashboard ===\015\012\015\012\000"
 408      56697274 
 408      75616C20 
 408      53656E73 
 408      6F722044 
 409 0059 000000   		.space	3
 410              	.LC6:
 411 005c 2D2D2D2D 		.ascii	"---------------------------\015\012\015\012\000"
 411      2D2D2D2D 
 411      2D2D2D2D 
 411      2D2D2D2D 
 411      2D2D2D2D 
 412              		.text
 413              	.Letext0:
 414              		.file 2 "c:\\program files (x86)\\cypress\\psoc creator\\4.4\\psoc creator\\import\\gnu\\arm\\5.4.
 415              		.file 3 "c:\\program files (x86)\\cypress\\psoc creator\\4.4\\psoc creator\\import\\gnu\\arm\\5.4.
 416              		.file 4 "Generated_Source\\PSoC5/core_cm3.h"
 417              		.file 5 "c:\\program files (x86)\\cypress\\psoc creator\\4.4\\psoc creator\\import\\gnu\\arm\\5.4.
 418              		.file 6 "c:\\program files (x86)\\cypress\\psoc creator\\4.4\\psoc creator\\import\\gnu\\arm\\5.4.
 419              		.file 7 "Generated_Source\\PSoC5/UART.h"
 420              		.file 8 "Generated_Source\\PSoC5/CyLib.h"
 421              		.section	.debug_info,"",%progbits
 422              	.Ldebug_info0:
ARM GAS  C:\Users\karthik\AppData\Local\Temp\ccE3npYv.s 			page 10


 423 0000 FA030000 		.4byte	0x3fa
 424 0004 0400     		.2byte	0x4
 425 0006 00000000 		.4byte	.Ldebug_abbrev0
 426 000a 04       		.byte	0x4
 427 000b 01       		.uleb128 0x1
 428 000c 84000000 		.4byte	.LASF32
 429 0010 0C       		.byte	0xc
 430 0011 CB010000 		.4byte	.LASF33
 431 0015 2E000000 		.4byte	.LASF34
 432 0019 00000000 		.4byte	.Ldebug_ranges0+0
 433 001d 00000000 		.4byte	0
 434 0021 00000000 		.4byte	.Ldebug_line0
 435 0025 02       		.uleb128 0x2
 436 0026 04       		.byte	0x4
 437 0027 04       		.byte	0x4
 438 0028 28000000 		.4byte	.LASF0
 439 002c 02       		.uleb128 0x2
 440 002d 01       		.byte	0x1
 441 002e 06       		.byte	0x6
 442 002f 22020000 		.4byte	.LASF1
 443 0033 02       		.uleb128 0x2
 444 0034 01       		.byte	0x1
 445 0035 08       		.byte	0x8
 446 0036 76000000 		.4byte	.LASF2
 447 003a 02       		.uleb128 0x2
 448 003b 02       		.byte	0x2
 449 003c 05       		.byte	0x5
 450 003d DE010000 		.4byte	.LASF3
 451 0041 03       		.uleb128 0x3
 452 0042 4F010000 		.4byte	.LASF5
 453 0046 02       		.byte	0x2
 454 0047 2B       		.byte	0x2b
 455 0048 4C000000 		.4byte	0x4c
 456 004c 02       		.uleb128 0x2
 457 004d 02       		.byte	0x2
 458 004e 07       		.byte	0x7
 459 004f 24010000 		.4byte	.LASF4
 460 0053 03       		.uleb128 0x3
 461 0054 14000000 		.4byte	.LASF6
 462 0058 02       		.byte	0x2
 463 0059 3F       		.byte	0x3f
 464 005a 5E000000 		.4byte	0x5e
 465 005e 02       		.uleb128 0x2
 466 005f 04       		.byte	0x4
 467 0060 05       		.byte	0x5
 468 0061 F8010000 		.4byte	.LASF7
 469 0065 02       		.uleb128 0x2
 470 0066 04       		.byte	0x4
 471 0067 07       		.byte	0x7
 472 0068 12010000 		.4byte	.LASF8
 473 006c 02       		.uleb128 0x2
 474 006d 08       		.byte	0x8
 475 006e 05       		.byte	0x5
 476 006f B6010000 		.4byte	.LASF9
 477 0073 02       		.uleb128 0x2
 478 0074 08       		.byte	0x8
 479 0075 07       		.byte	0x7
ARM GAS  C:\Users\karthik\AppData\Local\Temp\ccE3npYv.s 			page 11


 480 0076 7A010000 		.4byte	.LASF10
 481 007a 04       		.uleb128 0x4
 482 007b 04       		.byte	0x4
 483 007c 05       		.byte	0x5
 484 007d 696E7400 		.ascii	"int\000"
 485 0081 02       		.uleb128 0x2
 486 0082 04       		.byte	0x4
 487 0083 07       		.byte	0x7
 488 0084 6D010000 		.4byte	.LASF11
 489 0088 03       		.uleb128 0x3
 490 0089 EF010000 		.4byte	.LASF12
 491 008d 03       		.byte	0x3
 492 008e 24       		.byte	0x24
 493 008f 41000000 		.4byte	0x41
 494 0093 03       		.uleb128 0x3
 495 0094 9E010000 		.4byte	.LASF13
 496 0098 03       		.byte	0x3
 497 0099 2C       		.byte	0x2c
 498 009a 53000000 		.4byte	0x53
 499 009e 02       		.uleb128 0x2
 500 009f 08       		.byte	0x8
 501 00a0 04       		.byte	0x4
 502 00a1 5A010000 		.4byte	.LASF14
 503 00a5 02       		.uleb128 0x2
 504 00a6 01       		.byte	0x1
 505 00a7 08       		.byte	0x8
 506 00a8 D2010000 		.4byte	.LASF15
 507 00ac 02       		.uleb128 0x2
 508 00ad 08       		.byte	0x8
 509 00ae 04       		.byte	0x4
 510 00af 16020000 		.4byte	.LASF16
 511 00b3 02       		.uleb128 0x2
 512 00b4 04       		.byte	0x4
 513 00b5 07       		.byte	0x7
 514 00b6 A6010000 		.4byte	.LASF17
 515 00ba 05       		.uleb128 0x5
 516 00bb 04       		.byte	0x4
 517 00bc C0000000 		.4byte	0xc0
 518 00c0 06       		.uleb128 0x6
 519 00c1 A5000000 		.4byte	0xa5
 520 00c5 07       		.uleb128 0x7
 521 00c6 24       		.byte	0x24
 522 00c7 01       		.byte	0x1
 523 00c8 06       		.byte	0x6
 524 00c9 F2000000 		.4byte	0xf2
 525 00cd 08       		.uleb128 0x8
 526 00ce 1E000000 		.4byte	.LASF18
 527 00d2 01       		.byte	0x1
 528 00d3 07       		.byte	0x7
 529 00d4 F2000000 		.4byte	0xf2
 530 00d8 00       		.byte	0
 531 00d9 08       		.uleb128 0x8
 532 00da 0E000000 		.4byte	.LASF19
 533 00de 01       		.byte	0x1
 534 00df 08       		.byte	0x8
 535 00e0 25000000 		.4byte	0x25
 536 00e4 14       		.byte	0x14
ARM GAS  C:\Users\karthik\AppData\Local\Temp\ccE3npYv.s 			page 12


 537 00e5 08       		.uleb128 0x8
 538 00e6 91010000 		.4byte	.LASF20
 539 00ea 01       		.byte	0x1
 540 00eb 09       		.byte	0x9
 541 00ec 02010000 		.4byte	0x102
 542 00f0 18       		.byte	0x18
 543 00f1 00       		.byte	0
 544 00f2 09       		.uleb128 0x9
 545 00f3 A5000000 		.4byte	0xa5
 546 00f7 02010000 		.4byte	0x102
 547 00fb 0A       		.uleb128 0xa
 548 00fc B3000000 		.4byte	0xb3
 549 0100 13       		.byte	0x13
 550 0101 00       		.byte	0
 551 0102 09       		.uleb128 0x9
 552 0103 A5000000 		.4byte	0xa5
 553 0107 12010000 		.4byte	0x112
 554 010b 0A       		.uleb128 0xa
 555 010c B3000000 		.4byte	0xb3
 556 0110 09       		.byte	0x9
 557 0111 00       		.byte	0
 558 0112 03       		.uleb128 0x3
 559 0113 AF010000 		.4byte	.LASF21
 560 0117 01       		.byte	0x1
 561 0118 0A       		.byte	0xa
 562 0119 C5000000 		.4byte	0xc5
 563 011d 0B       		.uleb128 0xb
 564 011e 3D020000 		.4byte	.LASF35
 565 0122 01       		.byte	0x1
 566 0123 10       		.byte	0x10
 567 0124 88000000 		.4byte	0x88
 568 0128 00000000 		.4byte	.LFB64
 569 012c 2C000000 		.4byte	.LFE64-.LFB64
 570 0130 01       		.uleb128 0x1
 571 0131 9C       		.byte	0x9c
 572 0132 0C       		.uleb128 0xc
 573 0133 00000000 		.4byte	.LASF36
 574 0137 01       		.byte	0x1
 575 0138 16       		.byte	0x16
 576 0139 25000000 		.4byte	0x25
 577 013d 00000000 		.4byte	.LFB65
 578 0141 D4000000 		.4byte	.LFE65-.LFB65
 579 0145 01       		.uleb128 0x1
 580 0146 9C       		.byte	0x9c
 581 0147 C4010000 		.4byte	0x1c4
 582 014b 0D       		.uleb128 0xd
 583 014c 1E000000 		.4byte	.LASF18
 584 0150 01       		.byte	0x1
 585 0151 16       		.byte	0x16
 586 0152 BA000000 		.4byte	0xba
 587 0156 00000000 		.4byte	.LLST0
 588 015a 0E       		.uleb128 0xe
 589 015b 7200     		.ascii	"r\000"
 590 015d 01       		.byte	0x1
 591 015e 17       		.byte	0x17
 592 015f 88000000 		.4byte	0x88
 593 0163 2C000000 		.4byte	.LLST1
ARM GAS  C:\Users\karthik\AppData\Local\Temp\ccE3npYv.s 			page 13


 594 0167 0F       		.uleb128 0xf
 595 0168 08000000 		.4byte	.LVL1
 596 016c 1D010000 		.4byte	0x11d
 597 0170 10       		.uleb128 0x10
 598 0171 12000000 		.4byte	.LVL3
 599 0175 BD030000 		.4byte	0x3bd
 600 0179 8D010000 		.4byte	0x18d
 601 017d 11       		.uleb128 0x11
 602 017e 01       		.uleb128 0x1
 603 017f 50       		.byte	0x50
 604 0180 02       		.uleb128 0x2
 605 0181 74       		.byte	0x74
 606 0182 00       		.sleb128 0
 607 0183 11       		.uleb128 0x11
 608 0184 01       		.uleb128 0x1
 609 0185 51       		.byte	0x51
 610 0186 05       		.uleb128 0x5
 611 0187 03       		.byte	0x3
 612 0188 00000000 		.4byte	.LC1
 613 018c 00       		.byte	0
 614 018d 10       		.uleb128 0x10
 615 018e 46000000 		.4byte	.LVL9
 616 0192 BD030000 		.4byte	0x3bd
 617 0196 AA010000 		.4byte	0x1aa
 618 019a 11       		.uleb128 0x11
 619 019b 01       		.uleb128 0x1
 620 019c 50       		.byte	0x50
 621 019d 02       		.uleb128 0x2
 622 019e 74       		.byte	0x74
 623 019f 00       		.sleb128 0
 624 01a0 11       		.uleb128 0x11
 625 01a1 01       		.uleb128 0x1
 626 01a2 51       		.byte	0x51
 627 01a3 05       		.uleb128 0x5
 628 01a4 03       		.byte	0x3
 629 01a5 0C000000 		.4byte	.LC2
 630 01a9 00       		.byte	0
 631 01aa 12       		.uleb128 0x12
 632 01ab 7C000000 		.4byte	.LVL15
 633 01af BD030000 		.4byte	0x3bd
 634 01b3 11       		.uleb128 0x11
 635 01b4 01       		.uleb128 0x1
 636 01b5 50       		.byte	0x50
 637 01b6 02       		.uleb128 0x2
 638 01b7 74       		.byte	0x74
 639 01b8 00       		.sleb128 0
 640 01b9 11       		.uleb128 0x11
 641 01ba 01       		.uleb128 0x1
 642 01bb 51       		.byte	0x51
 643 01bc 05       		.uleb128 0x5
 644 01bd 03       		.byte	0x3
 645 01be 18000000 		.4byte	.LC3
 646 01c2 00       		.byte	0
 647 01c3 00       		.byte	0
 648 01c4 13       		.uleb128 0x13
 649 01c5 01020000 		.4byte	.LASF37
 650 01c9 01       		.byte	0x1
ARM GAS  C:\Users\karthik\AppData\Local\Temp\ccE3npYv.s 			page 14


 651 01ca 1E       		.byte	0x1e
 652 01cb 00000000 		.4byte	.LFB66
 653 01cf 54000000 		.4byte	.LFE66-.LFB66
 654 01d3 01       		.uleb128 0x1
 655 01d4 9C       		.byte	0x9c
 656 01d5 74020000 		.4byte	0x274
 657 01d9 0D       		.uleb128 0xd
 658 01da 1E000000 		.4byte	.LASF18
 659 01de 01       		.byte	0x1
 660 01df 1E       		.byte	0x1e
 661 01e0 BA000000 		.4byte	0xba
 662 01e4 3F000000 		.4byte	.LLST2
 663 01e8 0D       		.uleb128 0xd
 664 01e9 0E000000 		.4byte	.LASF19
 665 01ed 01       		.byte	0x1
 666 01ee 1E       		.byte	0x1e
 667 01ef 25000000 		.4byte	0x25
 668 01f3 6B000000 		.4byte	.LLST3
 669 01f7 0D       		.uleb128 0xd
 670 01f8 91010000 		.4byte	.LASF20
 671 01fc 01       		.byte	0x1
 672 01fd 1E       		.byte	0x1e
 673 01fe BA000000 		.4byte	0xba
 674 0202 99000000 		.4byte	.LLST4
 675 0206 14       		.uleb128 0x14
 676 0207 E8010000 		.4byte	.LASF22
 677 020b 01       		.byte	0x1
 678 020c 1F       		.byte	0x1f
 679 020d 74020000 		.4byte	0x274
 680 0211 03       		.uleb128 0x3
 681 0212 91       		.byte	0x91
 682 0213 B07F     		.sleb128 -80
 683 0215 15       		.uleb128 0x15
 684 0216 C4010000 		.4byte	.LASF23
 685 021a 01       		.byte	0x1
 686 021b 20       		.byte	0x20
 687 021c 7A000000 		.4byte	0x7a
 688 0220 C5000000 		.4byte	.LLST5
 689 0224 10       		.uleb128 0x10
 690 0225 36000000 		.4byte	.LVL28
 691 0229 C8030000 		.4byte	0x3c8
 692 022d 4F020000 		.4byte	0x24f
 693 0231 11       		.uleb128 0x11
 694 0232 01       		.uleb128 0x1
 695 0233 50       		.byte	0x50
 696 0234 03       		.uleb128 0x3
 697 0235 91       		.byte	0x91
 698 0236 B07F     		.sleb128 -80
 699 0238 11       		.uleb128 0x11
 700 0239 01       		.uleb128 0x1
 701 023a 51       		.byte	0x51
 702 023b 05       		.uleb128 0x5
 703 023c 03       		.byte	0x3
 704 023d 24000000 		.4byte	.LC4
 705 0241 11       		.uleb128 0x11
 706 0242 01       		.uleb128 0x1
 707 0243 52       		.byte	0x52
ARM GAS  C:\Users\karthik\AppData\Local\Temp\ccE3npYv.s 			page 15


 708 0244 02       		.uleb128 0x2
 709 0245 74       		.byte	0x74
 710 0246 00       		.sleb128 0
 711 0247 11       		.uleb128 0x11
 712 0248 02       		.uleb128 0x2
 713 0249 7D       		.byte	0x7d
 714 024a 04       		.sleb128 4
 715 024b 02       		.uleb128 0x2
 716 024c 75       		.byte	0x75
 717 024d 00       		.sleb128 0
 718 024e 00       		.byte	0
 719 024f 10       		.uleb128 0x10
 720 0250 3C000000 		.4byte	.LVL29
 721 0254 D3030000 		.4byte	0x3d3
 722 0258 64020000 		.4byte	0x264
 723 025c 11       		.uleb128 0x11
 724 025d 01       		.uleb128 0x1
 725 025e 50       		.byte	0x50
 726 025f 03       		.uleb128 0x3
 727 0260 91       		.byte	0x91
 728 0261 B07F     		.sleb128 -80
 729 0263 00       		.byte	0
 730 0264 12       		.uleb128 0x12
 731 0265 42000000 		.4byte	.LVL30
 732 0269 DE030000 		.4byte	0x3de
 733 026d 11       		.uleb128 0x11
 734 026e 01       		.uleb128 0x1
 735 026f 50       		.byte	0x50
 736 0270 01       		.uleb128 0x1
 737 0271 3A       		.byte	0x3a
 738 0272 00       		.byte	0
 739 0273 00       		.byte	0
 740 0274 09       		.uleb128 0x9
 741 0275 A5000000 		.4byte	0xa5
 742 0279 84020000 		.4byte	0x284
 743 027d 0A       		.uleb128 0xa
 744 027e B3000000 		.4byte	0xb3
 745 0282 3F       		.byte	0x3f
 746 0283 00       		.byte	0
 747 0284 16       		.uleb128 0x16
 748 0285 68010000 		.4byte	.LASF38
 749 0289 01       		.byte	0x1
 750 028a 26       		.byte	0x26
 751 028b 7A000000 		.4byte	0x7a
 752 028f 00000000 		.4byte	.LFB67
 753 0293 74000000 		.4byte	.LFE67-.LFB67
 754 0297 01       		.uleb128 0x1
 755 0298 9C       		.byte	0x9c
 756 0299 7A030000 		.4byte	0x37a
 757 029d 14       		.uleb128 0x14
 758 029e 55020000 		.4byte	.LASF24
 759 02a2 01       		.byte	0x1
 760 02a3 2B       		.byte	0x2b
 761 02a4 7A030000 		.4byte	0x37a
 762 02a8 03       		.uleb128 0x3
 763 02a9 91       		.byte	0x91
 764 02aa 847F     		.sleb128 -124
ARM GAS  C:\Users\karthik\AppData\Local\Temp\ccE3npYv.s 			page 16


 765 02ac 17       		.uleb128 0x17
 766 02ad 20000000 		.4byte	.LBB2
 767 02b1 38000000 		.4byte	.LBE2-.LBB2
 768 02b5 F9020000 		.4byte	0x2f9
 769 02b9 0E       		.uleb128 0xe
 770 02ba 6900     		.ascii	"i\000"
 771 02bc 01       		.byte	0x1
 772 02bd 34       		.byte	0x34
 773 02be 7A000000 		.4byte	0x7a
 774 02c2 D8000000 		.4byte	.LLST6
 775 02c6 10       		.uleb128 0x10
 776 02c7 34000000 		.4byte	.LVL37
 777 02cb 32010000 		.4byte	0x132
 778 02cf DA020000 		.4byte	0x2da
 779 02d3 11       		.uleb128 0x11
 780 02d4 01       		.uleb128 0x1
 781 02d5 50       		.byte	0x50
 782 02d6 02       		.uleb128 0x2
 783 02d7 76       		.byte	0x76
 784 02d8 00       		.sleb128 0
 785 02d9 00       		.byte	0
 786 02da 12       		.uleb128 0x12
 787 02db 52000000 		.4byte	.LVL38
 788 02df C4010000 		.4byte	0x1c4
 789 02e3 11       		.uleb128 0x11
 790 02e4 01       		.uleb128 0x1
 791 02e5 50       		.byte	0x50
 792 02e6 02       		.uleb128 0x2
 793 02e7 76       		.byte	0x76
 794 02e8 00       		.sleb128 0
 795 02e9 11       		.uleb128 0x11
 796 02ea 01       		.uleb128 0x1
 797 02eb 52       		.byte	0x52
 798 02ec 0A       		.uleb128 0xa
 799 02ed 75       		.byte	0x75
 800 02ee 00       		.sleb128 0
 801 02ef 32       		.byte	0x32
 802 02f0 24       		.byte	0x24
 803 02f1 91       		.byte	0x91
 804 02f2 00       		.sleb128 0
 805 02f3 22       		.byte	0x22
 806 02f4 08       		.byte	0x8
 807 02f5 64       		.byte	0x64
 808 02f6 1C       		.byte	0x1c
 809 02f7 00       		.byte	0
 810 02f8 00       		.byte	0
 811 02f9 0F       		.uleb128 0xf
 812 02fa 0A000000 		.4byte	.LVL32
 813 02fe E9030000 		.4byte	0x3e9
 814 0302 10       		.uleb128 0x10
 815 0303 10000000 		.4byte	.LVL33
 816 0307 DE030000 		.4byte	0x3de
 817 030b 16030000 		.4byte	0x316
 818 030f 11       		.uleb128 0x11
 819 0310 01       		.uleb128 0x1
 820 0311 50       		.byte	0x50
 821 0312 02       		.uleb128 0x2
ARM GAS  C:\Users\karthik\AppData\Local\Temp\ccE3npYv.s 			page 17


 822 0313 08       		.byte	0x8
 823 0314 64       		.byte	0x64
 824 0315 00       		.byte	0
 825 0316 10       		.uleb128 0x10
 826 0317 1A000000 		.4byte	.LVL34
 827 031b F4030000 		.4byte	0x3f4
 828 031f 3A030000 		.4byte	0x33a
 829 0323 11       		.uleb128 0x11
 830 0324 01       		.uleb128 0x1
 831 0325 50       		.byte	0x50
 832 0326 03       		.uleb128 0x3
 833 0327 91       		.byte	0x91
 834 0328 847F     		.sleb128 -124
 835 032a 11       		.uleb128 0x11
 836 032b 01       		.uleb128 0x1
 837 032c 51       		.byte	0x51
 838 032d 05       		.uleb128 0x5
 839 032e 03       		.byte	0x3
 840 032f 00000000 		.4byte	.LANCHOR1
 841 0333 11       		.uleb128 0x11
 842 0334 01       		.uleb128 0x1
 843 0335 52       		.byte	0x52
 844 0336 02       		.uleb128 0x2
 845 0337 08       		.byte	0x8
 846 0338 6C       		.byte	0x6c
 847 0339 00       		.byte	0
 848 033a 10       		.uleb128 0x10
 849 033b 20000000 		.4byte	.LVL35
 850 033f D3030000 		.4byte	0x3d3
 851 0343 51030000 		.4byte	0x351
 852 0347 11       		.uleb128 0x11
 853 0348 01       		.uleb128 0x1
 854 0349 50       		.byte	0x50
 855 034a 05       		.uleb128 0x5
 856 034b 03       		.byte	0x3
 857 034c 34000000 		.4byte	.LC5
 858 0350 00       		.byte	0
 859 0351 10       		.uleb128 0x10
 860 0352 5E000000 		.4byte	.LVL40
 861 0356 D3030000 		.4byte	0x3d3
 862 035a 68030000 		.4byte	0x368
 863 035e 11       		.uleb128 0x11
 864 035f 01       		.uleb128 0x1
 865 0360 50       		.byte	0x50
 866 0361 05       		.uleb128 0x5
 867 0362 03       		.byte	0x3
 868 0363 5C000000 		.4byte	.LC6
 869 0367 00       		.byte	0
 870 0368 12       		.uleb128 0x12
 871 0369 66000000 		.4byte	.LVL41
 872 036d DE030000 		.4byte	0x3de
 873 0371 11       		.uleb128 0x11
 874 0372 01       		.uleb128 0x1
 875 0373 50       		.byte	0x50
 876 0374 03       		.uleb128 0x3
 877 0375 0A       		.byte	0xa
 878 0376 E803     		.2byte	0x3e8
ARM GAS  C:\Users\karthik\AppData\Local\Temp\ccE3npYv.s 			page 18


 879 0378 00       		.byte	0
 880 0379 00       		.byte	0
 881 037a 09       		.uleb128 0x9
 882 037b 12010000 		.4byte	0x112
 883 037f 8A030000 		.4byte	0x38a
 884 0383 0A       		.uleb128 0xa
 885 0384 B3000000 		.4byte	0xb3
 886 0388 02       		.byte	0x2
 887 0389 00       		.byte	0
 888 038a 18       		.uleb128 0x18
 889 038b 42010000 		.4byte	.LASF25
 890 038f 04       		.byte	0x4
 891 0390 1207     		.2byte	0x712
 892 0392 96030000 		.4byte	0x396
 893 0396 19       		.uleb128 0x19
 894 0397 93000000 		.4byte	0x93
 895 039b 1A       		.uleb128 0x1a
 896 039c 23000000 		.4byte	.LASF26
 897 03a0 01       		.byte	0x1
 898 03a1 0D       		.byte	0xd
 899 03a2 88000000 		.4byte	0x88
 900 03a6 05       		.uleb128 0x5
 901 03a7 03       		.byte	0x3
 902 03a8 00000000 		.4byte	lfsr
 903 03ac 1B       		.uleb128 0x1b
 904 03ad 62697400 		.ascii	"bit\000"
 905 03b1 01       		.byte	0x1
 906 03b2 0E       		.byte	0xe
 907 03b3 88000000 		.4byte	0x88
 908 03b7 05       		.uleb128 0x5
 909 03b8 03       		.byte	0x3
 910 03b9 00000000 		.4byte	bit
 911 03bd 1C       		.uleb128 0x1c
 912 03be 61010000 		.4byte	.LASF27
 913 03c2 61010000 		.4byte	.LASF27
 914 03c6 05       		.byte	0x5
 915 03c7 1C       		.byte	0x1c
 916 03c8 1C       		.uleb128 0x1c
 917 03c9 96010000 		.4byte	.LASF28
 918 03cd 96010000 		.4byte	.LASF28
 919 03d1 06       		.byte	0x6
 920 03d2 E7       		.byte	0xe7
 921 03d3 1C       		.uleb128 0x1c
 922 03d4 2E020000 		.4byte	.LASF29
 923 03d8 2E020000 		.4byte	.LASF29
 924 03dc 07       		.byte	0x7
 925 03dd 8B       		.byte	0x8b
 926 03de 1C       		.uleb128 0x1c
 927 03df 4D020000 		.4byte	.LASF30
 928 03e3 4D020000 		.4byte	.LASF30
 929 03e7 08       		.byte	0x8
 930 03e8 76       		.byte	0x76
 931 03e9 1C       		.uleb128 0x1c
 932 03ea 37010000 		.4byte	.LASF31
 933 03ee 37010000 		.4byte	.LASF31
 934 03f2 07       		.byte	0x7
 935 03f3 54       		.byte	0x54
ARM GAS  C:\Users\karthik\AppData\Local\Temp\ccE3npYv.s 			page 19


 936 03f4 1D       		.uleb128 0x1d
 937 03f5 D7010000 		.4byte	.LASF39
 938 03f9 D7010000 		.4byte	.LASF39
 939 03fd 00       		.byte	0
 940              		.section	.debug_abbrev,"",%progbits
 941              	.Ldebug_abbrev0:
 942 0000 01       		.uleb128 0x1
 943 0001 11       		.uleb128 0x11
 944 0002 01       		.byte	0x1
 945 0003 25       		.uleb128 0x25
 946 0004 0E       		.uleb128 0xe
 947 0005 13       		.uleb128 0x13
 948 0006 0B       		.uleb128 0xb
 949 0007 03       		.uleb128 0x3
 950 0008 0E       		.uleb128 0xe
 951 0009 1B       		.uleb128 0x1b
 952 000a 0E       		.uleb128 0xe
 953 000b 55       		.uleb128 0x55
 954 000c 17       		.uleb128 0x17
 955 000d 11       		.uleb128 0x11
 956 000e 01       		.uleb128 0x1
 957 000f 10       		.uleb128 0x10
 958 0010 17       		.uleb128 0x17
 959 0011 00       		.byte	0
 960 0012 00       		.byte	0
 961 0013 02       		.uleb128 0x2
 962 0014 24       		.uleb128 0x24
 963 0015 00       		.byte	0
 964 0016 0B       		.uleb128 0xb
 965 0017 0B       		.uleb128 0xb
 966 0018 3E       		.uleb128 0x3e
 967 0019 0B       		.uleb128 0xb
 968 001a 03       		.uleb128 0x3
 969 001b 0E       		.uleb128 0xe
 970 001c 00       		.byte	0
 971 001d 00       		.byte	0
 972 001e 03       		.uleb128 0x3
 973 001f 16       		.uleb128 0x16
 974 0020 00       		.byte	0
 975 0021 03       		.uleb128 0x3
 976 0022 0E       		.uleb128 0xe
 977 0023 3A       		.uleb128 0x3a
 978 0024 0B       		.uleb128 0xb
 979 0025 3B       		.uleb128 0x3b
 980 0026 0B       		.uleb128 0xb
 981 0027 49       		.uleb128 0x49
 982 0028 13       		.uleb128 0x13
 983 0029 00       		.byte	0
 984 002a 00       		.byte	0
 985 002b 04       		.uleb128 0x4
 986 002c 24       		.uleb128 0x24
 987 002d 00       		.byte	0
 988 002e 0B       		.uleb128 0xb
 989 002f 0B       		.uleb128 0xb
 990 0030 3E       		.uleb128 0x3e
 991 0031 0B       		.uleb128 0xb
 992 0032 03       		.uleb128 0x3
ARM GAS  C:\Users\karthik\AppData\Local\Temp\ccE3npYv.s 			page 20


 993 0033 08       		.uleb128 0x8
 994 0034 00       		.byte	0
 995 0035 00       		.byte	0
 996 0036 05       		.uleb128 0x5
 997 0037 0F       		.uleb128 0xf
 998 0038 00       		.byte	0
 999 0039 0B       		.uleb128 0xb
 1000 003a 0B       		.uleb128 0xb
 1001 003b 49       		.uleb128 0x49
 1002 003c 13       		.uleb128 0x13
 1003 003d 00       		.byte	0
 1004 003e 00       		.byte	0
 1005 003f 06       		.uleb128 0x6
 1006 0040 26       		.uleb128 0x26
 1007 0041 00       		.byte	0
 1008 0042 49       		.uleb128 0x49
 1009 0043 13       		.uleb128 0x13
 1010 0044 00       		.byte	0
 1011 0045 00       		.byte	0
 1012 0046 07       		.uleb128 0x7
 1013 0047 13       		.uleb128 0x13
 1014 0048 01       		.byte	0x1
 1015 0049 0B       		.uleb128 0xb
 1016 004a 0B       		.uleb128 0xb
 1017 004b 3A       		.uleb128 0x3a
 1018 004c 0B       		.uleb128 0xb
 1019 004d 3B       		.uleb128 0x3b
 1020 004e 0B       		.uleb128 0xb
 1021 004f 01       		.uleb128 0x1
 1022 0050 13       		.uleb128 0x13
 1023 0051 00       		.byte	0
 1024 0052 00       		.byte	0
 1025 0053 08       		.uleb128 0x8
 1026 0054 0D       		.uleb128 0xd
 1027 0055 00       		.byte	0
 1028 0056 03       		.uleb128 0x3
 1029 0057 0E       		.uleb128 0xe
 1030 0058 3A       		.uleb128 0x3a
 1031 0059 0B       		.uleb128 0xb
 1032 005a 3B       		.uleb128 0x3b
 1033 005b 0B       		.uleb128 0xb
 1034 005c 49       		.uleb128 0x49
 1035 005d 13       		.uleb128 0x13
 1036 005e 38       		.uleb128 0x38
 1037 005f 0B       		.uleb128 0xb
 1038 0060 00       		.byte	0
 1039 0061 00       		.byte	0
 1040 0062 09       		.uleb128 0x9
 1041 0063 01       		.uleb128 0x1
 1042 0064 01       		.byte	0x1
 1043 0065 49       		.uleb128 0x49
 1044 0066 13       		.uleb128 0x13
 1045 0067 01       		.uleb128 0x1
 1046 0068 13       		.uleb128 0x13
 1047 0069 00       		.byte	0
 1048 006a 00       		.byte	0
 1049 006b 0A       		.uleb128 0xa
ARM GAS  C:\Users\karthik\AppData\Local\Temp\ccE3npYv.s 			page 21


 1050 006c 21       		.uleb128 0x21
 1051 006d 00       		.byte	0
 1052 006e 49       		.uleb128 0x49
 1053 006f 13       		.uleb128 0x13
 1054 0070 2F       		.uleb128 0x2f
 1055 0071 0B       		.uleb128 0xb
 1056 0072 00       		.byte	0
 1057 0073 00       		.byte	0
 1058 0074 0B       		.uleb128 0xb
 1059 0075 2E       		.uleb128 0x2e
 1060 0076 00       		.byte	0
 1061 0077 3F       		.uleb128 0x3f
 1062 0078 19       		.uleb128 0x19
 1063 0079 03       		.uleb128 0x3
 1064 007a 0E       		.uleb128 0xe
 1065 007b 3A       		.uleb128 0x3a
 1066 007c 0B       		.uleb128 0xb
 1067 007d 3B       		.uleb128 0x3b
 1068 007e 0B       		.uleb128 0xb
 1069 007f 49       		.uleb128 0x49
 1070 0080 13       		.uleb128 0x13
 1071 0081 11       		.uleb128 0x11
 1072 0082 01       		.uleb128 0x1
 1073 0083 12       		.uleb128 0x12
 1074 0084 06       		.uleb128 0x6
 1075 0085 40       		.uleb128 0x40
 1076 0086 18       		.uleb128 0x18
 1077 0087 9742     		.uleb128 0x2117
 1078 0089 19       		.uleb128 0x19
 1079 008a 00       		.byte	0
 1080 008b 00       		.byte	0
 1081 008c 0C       		.uleb128 0xc
 1082 008d 2E       		.uleb128 0x2e
 1083 008e 01       		.byte	0x1
 1084 008f 3F       		.uleb128 0x3f
 1085 0090 19       		.uleb128 0x19
 1086 0091 03       		.uleb128 0x3
 1087 0092 0E       		.uleb128 0xe
 1088 0093 3A       		.uleb128 0x3a
 1089 0094 0B       		.uleb128 0xb
 1090 0095 3B       		.uleb128 0x3b
 1091 0096 0B       		.uleb128 0xb
 1092 0097 27       		.uleb128 0x27
 1093 0098 19       		.uleb128 0x19
 1094 0099 49       		.uleb128 0x49
 1095 009a 13       		.uleb128 0x13
 1096 009b 11       		.uleb128 0x11
 1097 009c 01       		.uleb128 0x1
 1098 009d 12       		.uleb128 0x12
 1099 009e 06       		.uleb128 0x6
 1100 009f 40       		.uleb128 0x40
 1101 00a0 18       		.uleb128 0x18
 1102 00a1 9642     		.uleb128 0x2116
 1103 00a3 19       		.uleb128 0x19
 1104 00a4 01       		.uleb128 0x1
 1105 00a5 13       		.uleb128 0x13
 1106 00a6 00       		.byte	0
ARM GAS  C:\Users\karthik\AppData\Local\Temp\ccE3npYv.s 			page 22


 1107 00a7 00       		.byte	0
 1108 00a8 0D       		.uleb128 0xd
 1109 00a9 05       		.uleb128 0x5
 1110 00aa 00       		.byte	0
 1111 00ab 03       		.uleb128 0x3
 1112 00ac 0E       		.uleb128 0xe
 1113 00ad 3A       		.uleb128 0x3a
 1114 00ae 0B       		.uleb128 0xb
 1115 00af 3B       		.uleb128 0x3b
 1116 00b0 0B       		.uleb128 0xb
 1117 00b1 49       		.uleb128 0x49
 1118 00b2 13       		.uleb128 0x13
 1119 00b3 02       		.uleb128 0x2
 1120 00b4 17       		.uleb128 0x17
 1121 00b5 00       		.byte	0
 1122 00b6 00       		.byte	0
 1123 00b7 0E       		.uleb128 0xe
 1124 00b8 34       		.uleb128 0x34
 1125 00b9 00       		.byte	0
 1126 00ba 03       		.uleb128 0x3
 1127 00bb 08       		.uleb128 0x8
 1128 00bc 3A       		.uleb128 0x3a
 1129 00bd 0B       		.uleb128 0xb
 1130 00be 3B       		.uleb128 0x3b
 1131 00bf 0B       		.uleb128 0xb
 1132 00c0 49       		.uleb128 0x49
 1133 00c1 13       		.uleb128 0x13
 1134 00c2 02       		.uleb128 0x2
 1135 00c3 17       		.uleb128 0x17
 1136 00c4 00       		.byte	0
 1137 00c5 00       		.byte	0
 1138 00c6 0F       		.uleb128 0xf
 1139 00c7 898201   		.uleb128 0x4109
 1140 00ca 00       		.byte	0
 1141 00cb 11       		.uleb128 0x11
 1142 00cc 01       		.uleb128 0x1
 1143 00cd 31       		.uleb128 0x31
 1144 00ce 13       		.uleb128 0x13
 1145 00cf 00       		.byte	0
 1146 00d0 00       		.byte	0
 1147 00d1 10       		.uleb128 0x10
 1148 00d2 898201   		.uleb128 0x4109
 1149 00d5 01       		.byte	0x1
 1150 00d6 11       		.uleb128 0x11
 1151 00d7 01       		.uleb128 0x1
 1152 00d8 31       		.uleb128 0x31
 1153 00d9 13       		.uleb128 0x13
 1154 00da 01       		.uleb128 0x1
 1155 00db 13       		.uleb128 0x13
 1156 00dc 00       		.byte	0
 1157 00dd 00       		.byte	0
 1158 00de 11       		.uleb128 0x11
 1159 00df 8A8201   		.uleb128 0x410a
 1160 00e2 00       		.byte	0
 1161 00e3 02       		.uleb128 0x2
 1162 00e4 18       		.uleb128 0x18
 1163 00e5 9142     		.uleb128 0x2111
ARM GAS  C:\Users\karthik\AppData\Local\Temp\ccE3npYv.s 			page 23


 1164 00e7 18       		.uleb128 0x18
 1165 00e8 00       		.byte	0
 1166 00e9 00       		.byte	0
 1167 00ea 12       		.uleb128 0x12
 1168 00eb 898201   		.uleb128 0x4109
 1169 00ee 01       		.byte	0x1
 1170 00ef 11       		.uleb128 0x11
 1171 00f0 01       		.uleb128 0x1
 1172 00f1 31       		.uleb128 0x31
 1173 00f2 13       		.uleb128 0x13
 1174 00f3 00       		.byte	0
 1175 00f4 00       		.byte	0
 1176 00f5 13       		.uleb128 0x13
 1177 00f6 2E       		.uleb128 0x2e
 1178 00f7 01       		.byte	0x1
 1179 00f8 3F       		.uleb128 0x3f
 1180 00f9 19       		.uleb128 0x19
 1181 00fa 03       		.uleb128 0x3
 1182 00fb 0E       		.uleb128 0xe
 1183 00fc 3A       		.uleb128 0x3a
 1184 00fd 0B       		.uleb128 0xb
 1185 00fe 3B       		.uleb128 0x3b
 1186 00ff 0B       		.uleb128 0xb
 1187 0100 27       		.uleb128 0x27
 1188 0101 19       		.uleb128 0x19
 1189 0102 11       		.uleb128 0x11
 1190 0103 01       		.uleb128 0x1
 1191 0104 12       		.uleb128 0x12
 1192 0105 06       		.uleb128 0x6
 1193 0106 40       		.uleb128 0x40
 1194 0107 18       		.uleb128 0x18
 1195 0108 9642     		.uleb128 0x2116
 1196 010a 19       		.uleb128 0x19
 1197 010b 01       		.uleb128 0x1
 1198 010c 13       		.uleb128 0x13
 1199 010d 00       		.byte	0
 1200 010e 00       		.byte	0
 1201 010f 14       		.uleb128 0x14
 1202 0110 34       		.uleb128 0x34
 1203 0111 00       		.byte	0
 1204 0112 03       		.uleb128 0x3
 1205 0113 0E       		.uleb128 0xe
 1206 0114 3A       		.uleb128 0x3a
 1207 0115 0B       		.uleb128 0xb
 1208 0116 3B       		.uleb128 0x3b
 1209 0117 0B       		.uleb128 0xb
 1210 0118 49       		.uleb128 0x49
 1211 0119 13       		.uleb128 0x13
 1212 011a 02       		.uleb128 0x2
 1213 011b 18       		.uleb128 0x18
 1214 011c 00       		.byte	0
 1215 011d 00       		.byte	0
 1216 011e 15       		.uleb128 0x15
 1217 011f 34       		.uleb128 0x34
 1218 0120 00       		.byte	0
 1219 0121 03       		.uleb128 0x3
 1220 0122 0E       		.uleb128 0xe
ARM GAS  C:\Users\karthik\AppData\Local\Temp\ccE3npYv.s 			page 24


 1221 0123 3A       		.uleb128 0x3a
 1222 0124 0B       		.uleb128 0xb
 1223 0125 3B       		.uleb128 0x3b
 1224 0126 0B       		.uleb128 0xb
 1225 0127 49       		.uleb128 0x49
 1226 0128 13       		.uleb128 0x13
 1227 0129 02       		.uleb128 0x2
 1228 012a 17       		.uleb128 0x17
 1229 012b 00       		.byte	0
 1230 012c 00       		.byte	0
 1231 012d 16       		.uleb128 0x16
 1232 012e 2E       		.uleb128 0x2e
 1233 012f 01       		.byte	0x1
 1234 0130 3F       		.uleb128 0x3f
 1235 0131 19       		.uleb128 0x19
 1236 0132 03       		.uleb128 0x3
 1237 0133 0E       		.uleb128 0xe
 1238 0134 3A       		.uleb128 0x3a
 1239 0135 0B       		.uleb128 0xb
 1240 0136 3B       		.uleb128 0x3b
 1241 0137 0B       		.uleb128 0xb
 1242 0138 27       		.uleb128 0x27
 1243 0139 19       		.uleb128 0x19
 1244 013a 49       		.uleb128 0x49
 1245 013b 13       		.uleb128 0x13
 1246 013c 8701     		.uleb128 0x87
 1247 013e 19       		.uleb128 0x19
 1248 013f 11       		.uleb128 0x11
 1249 0140 01       		.uleb128 0x1
 1250 0141 12       		.uleb128 0x12
 1251 0142 06       		.uleb128 0x6
 1252 0143 40       		.uleb128 0x40
 1253 0144 18       		.uleb128 0x18
 1254 0145 9742     		.uleb128 0x2117
 1255 0147 19       		.uleb128 0x19
 1256 0148 01       		.uleb128 0x1
 1257 0149 13       		.uleb128 0x13
 1258 014a 00       		.byte	0
 1259 014b 00       		.byte	0
 1260 014c 17       		.uleb128 0x17
 1261 014d 0B       		.uleb128 0xb
 1262 014e 01       		.byte	0x1
 1263 014f 11       		.uleb128 0x11
 1264 0150 01       		.uleb128 0x1
 1265 0151 12       		.uleb128 0x12
 1266 0152 06       		.uleb128 0x6
 1267 0153 01       		.uleb128 0x1
 1268 0154 13       		.uleb128 0x13
 1269 0155 00       		.byte	0
 1270 0156 00       		.byte	0
 1271 0157 18       		.uleb128 0x18
 1272 0158 34       		.uleb128 0x34
 1273 0159 00       		.byte	0
 1274 015a 03       		.uleb128 0x3
 1275 015b 0E       		.uleb128 0xe
 1276 015c 3A       		.uleb128 0x3a
 1277 015d 0B       		.uleb128 0xb
ARM GAS  C:\Users\karthik\AppData\Local\Temp\ccE3npYv.s 			page 25


 1278 015e 3B       		.uleb128 0x3b
 1279 015f 05       		.uleb128 0x5
 1280 0160 49       		.uleb128 0x49
 1281 0161 13       		.uleb128 0x13
 1282 0162 3F       		.uleb128 0x3f
 1283 0163 19       		.uleb128 0x19
 1284 0164 3C       		.uleb128 0x3c
 1285 0165 19       		.uleb128 0x19
 1286 0166 00       		.byte	0
 1287 0167 00       		.byte	0
 1288 0168 19       		.uleb128 0x19
 1289 0169 35       		.uleb128 0x35
 1290 016a 00       		.byte	0
 1291 016b 49       		.uleb128 0x49
 1292 016c 13       		.uleb128 0x13
 1293 016d 00       		.byte	0
 1294 016e 00       		.byte	0
 1295 016f 1A       		.uleb128 0x1a
 1296 0170 34       		.uleb128 0x34
 1297 0171 00       		.byte	0
 1298 0172 03       		.uleb128 0x3
 1299 0173 0E       		.uleb128 0xe
 1300 0174 3A       		.uleb128 0x3a
 1301 0175 0B       		.uleb128 0xb
 1302 0176 3B       		.uleb128 0x3b
 1303 0177 0B       		.uleb128 0xb
 1304 0178 49       		.uleb128 0x49
 1305 0179 13       		.uleb128 0x13
 1306 017a 3F       		.uleb128 0x3f
 1307 017b 19       		.uleb128 0x19
 1308 017c 02       		.uleb128 0x2
 1309 017d 18       		.uleb128 0x18
 1310 017e 00       		.byte	0
 1311 017f 00       		.byte	0
 1312 0180 1B       		.uleb128 0x1b
 1313 0181 34       		.uleb128 0x34
 1314 0182 00       		.byte	0
 1315 0183 03       		.uleb128 0x3
 1316 0184 08       		.uleb128 0x8
 1317 0185 3A       		.uleb128 0x3a
 1318 0186 0B       		.uleb128 0xb
 1319 0187 3B       		.uleb128 0x3b
 1320 0188 0B       		.uleb128 0xb
 1321 0189 49       		.uleb128 0x49
 1322 018a 13       		.uleb128 0x13
 1323 018b 3F       		.uleb128 0x3f
 1324 018c 19       		.uleb128 0x19
 1325 018d 02       		.uleb128 0x2
 1326 018e 18       		.uleb128 0x18
 1327 018f 00       		.byte	0
 1328 0190 00       		.byte	0
 1329 0191 1C       		.uleb128 0x1c
 1330 0192 2E       		.uleb128 0x2e
 1331 0193 00       		.byte	0
 1332 0194 3F       		.uleb128 0x3f
 1333 0195 19       		.uleb128 0x19
 1334 0196 3C       		.uleb128 0x3c
ARM GAS  C:\Users\karthik\AppData\Local\Temp\ccE3npYv.s 			page 26


 1335 0197 19       		.uleb128 0x19
 1336 0198 6E       		.uleb128 0x6e
 1337 0199 0E       		.uleb128 0xe
 1338 019a 03       		.uleb128 0x3
 1339 019b 0E       		.uleb128 0xe
 1340 019c 3A       		.uleb128 0x3a
 1341 019d 0B       		.uleb128 0xb
 1342 019e 3B       		.uleb128 0x3b
 1343 019f 0B       		.uleb128 0xb
 1344 01a0 00       		.byte	0
 1345 01a1 00       		.byte	0
 1346 01a2 1D       		.uleb128 0x1d
 1347 01a3 2E       		.uleb128 0x2e
 1348 01a4 00       		.byte	0
 1349 01a5 3F       		.uleb128 0x3f
 1350 01a6 19       		.uleb128 0x19
 1351 01a7 3C       		.uleb128 0x3c
 1352 01a8 19       		.uleb128 0x19
 1353 01a9 6E       		.uleb128 0x6e
 1354 01aa 0E       		.uleb128 0xe
 1355 01ab 03       		.uleb128 0x3
 1356 01ac 0E       		.uleb128 0xe
 1357 01ad 00       		.byte	0
 1358 01ae 00       		.byte	0
 1359 01af 00       		.byte	0
 1360              		.section	.debug_loc,"",%progbits
 1361              	.Ldebug_loc0:
 1362              	.LLST0:
 1363 0000 00000000 		.4byte	.LVL0
 1364 0004 07000000 		.4byte	.LVL1-1
 1365 0008 0100     		.2byte	0x1
 1366 000a 50       		.byte	0x50
 1367 000b 07000000 		.4byte	.LVL1-1
 1368 000f AC000000 		.4byte	.LVL21
 1369 0013 0100     		.2byte	0x1
 1370 0015 54       		.byte	0x54
 1371 0016 AC000000 		.4byte	.LVL21
 1372 001a D4000000 		.4byte	.LFE65
 1373 001e 0400     		.2byte	0x4
 1374 0020 F3       		.byte	0xf3
 1375 0021 01       		.uleb128 0x1
 1376 0022 50       		.byte	0x50
 1377 0023 9F       		.byte	0x9f
 1378 0024 00000000 		.4byte	0
 1379 0028 00000000 		.4byte	0
 1380              	.LLST1:
 1381 002c 0A000000 		.4byte	.LVL2
 1382 0030 AC000000 		.4byte	.LVL21
 1383 0034 0100     		.2byte	0x1
 1384 0036 55       		.byte	0x55
 1385 0037 00000000 		.4byte	0
 1386 003b 00000000 		.4byte	0
 1387              	.LLST2:
 1388 003f 00000000 		.4byte	.LVL22
 1389 0043 08000000 		.4byte	.LVL23
 1390 0047 0100     		.2byte	0x1
 1391 0049 50       		.byte	0x50
ARM GAS  C:\Users\karthik\AppData\Local\Temp\ccE3npYv.s 			page 27


 1392 004a 08000000 		.4byte	.LVL23
 1393 004e 46000000 		.4byte	.LVL31
 1394 0052 0100     		.2byte	0x1
 1395 0054 54       		.byte	0x54
 1396 0055 46000000 		.4byte	.LVL31
 1397 0059 54000000 		.4byte	.LFE66
 1398 005d 0400     		.2byte	0x4
 1399 005f F3       		.byte	0xf3
 1400 0060 01       		.uleb128 0x1
 1401 0061 50       		.byte	0x50
 1402 0062 9F       		.byte	0x9f
 1403 0063 00000000 		.4byte	0
 1404 0067 00000000 		.4byte	0
 1405              	.LLST3:
 1406 006b 00000000 		.4byte	.LVL22
 1407 006f 0C000000 		.4byte	.LVL24
 1408 0073 0100     		.2byte	0x1
 1409 0075 51       		.byte	0x51
 1410 0076 0C000000 		.4byte	.LVL24
 1411 007a 0F000000 		.4byte	.LVL25-1
 1412 007e 0100     		.2byte	0x1
 1413 0080 50       		.byte	0x50
 1414 0081 0F000000 		.4byte	.LVL25-1
 1415 0085 54000000 		.4byte	.LFE66
 1416 0089 0600     		.2byte	0x6
 1417 008b F3       		.byte	0xf3
 1418 008c 03       		.uleb128 0x3
 1419 008d F5       		.byte	0xf5
 1420 008e 01       		.uleb128 0x1
 1421 008f 25       		.uleb128 0x25
 1422 0090 9F       		.byte	0x9f
 1423 0091 00000000 		.4byte	0
 1424 0095 00000000 		.4byte	0
 1425              	.LLST4:
 1426 0099 00000000 		.4byte	.LVL22
 1427 009d 0F000000 		.4byte	.LVL25-1
 1428 00a1 0100     		.2byte	0x1
 1429 00a3 52       		.byte	0x52
 1430 00a4 0F000000 		.4byte	.LVL25-1
 1431 00a8 46000000 		.4byte	.LVL31
 1432 00ac 0100     		.2byte	0x1
 1433 00ae 55       		.byte	0x55
 1434 00af 46000000 		.4byte	.LVL31
 1435 00b3 54000000 		.4byte	.LFE66
 1436 00b7 0400     		.2byte	0x4
 1437 00b9 F3       		.byte	0xf3
 1438 00ba 01       		.uleb128 0x1
 1439 00bb 52       		.byte	0x52
 1440 00bc 9F       		.byte	0x9f
 1441 00bd 00000000 		.4byte	0
 1442 00c1 00000000 		.4byte	0
 1443              	.LLST5:
 1444 00c5 14000000 		.4byte	.LVL26
 1445 00c9 2A000000 		.4byte	.LVL27
 1446 00cd 0100     		.2byte	0x1
 1447 00cf 50       		.byte	0x50
 1448 00d0 00000000 		.4byte	0
ARM GAS  C:\Users\karthik\AppData\Local\Temp\ccE3npYv.s 			page 28


 1449 00d4 00000000 		.4byte	0
 1450              	.LLST6:
 1451 00d8 20000000 		.4byte	.LVL35
 1452 00dc 24000000 		.4byte	.LVL36
 1453 00e0 0200     		.2byte	0x2
 1454 00e2 30       		.byte	0x30
 1455 00e3 9F       		.byte	0x9f
 1456 00e4 24000000 		.4byte	.LVL36
 1457 00e8 74000000 		.4byte	.LFE67
 1458 00ec 0100     		.2byte	0x1
 1459 00ee 54       		.byte	0x54
 1460 00ef 00000000 		.4byte	0
 1461 00f3 00000000 		.4byte	0
 1462              		.section	.debug_aranges,"",%progbits
 1463 0000 34000000 		.4byte	0x34
 1464 0004 0200     		.2byte	0x2
 1465 0006 00000000 		.4byte	.Ldebug_info0
 1466 000a 04       		.byte	0x4
 1467 000b 00       		.byte	0
 1468 000c 0000     		.2byte	0
 1469 000e 0000     		.2byte	0
 1470 0010 00000000 		.4byte	.LFB64
 1471 0014 2C000000 		.4byte	.LFE64-.LFB64
 1472 0018 00000000 		.4byte	.LFB65
 1473 001c D4000000 		.4byte	.LFE65-.LFB65
 1474 0020 00000000 		.4byte	.LFB66
 1475 0024 54000000 		.4byte	.LFE66-.LFB66
 1476 0028 00000000 		.4byte	.LFB67
 1477 002c 74000000 		.4byte	.LFE67-.LFB67
 1478 0030 00000000 		.4byte	0
 1479 0034 00000000 		.4byte	0
 1480              		.section	.debug_ranges,"",%progbits
 1481              	.Ldebug_ranges0:
 1482 0000 00000000 		.4byte	.LFB64
 1483 0004 2C000000 		.4byte	.LFE64
 1484 0008 00000000 		.4byte	.LFB65
 1485 000c D4000000 		.4byte	.LFE65
 1486 0010 00000000 		.4byte	.LFB66
 1487 0014 54000000 		.4byte	.LFE66
 1488 0018 00000000 		.4byte	.LFB67
 1489 001c 74000000 		.4byte	.LFE67
 1490 0020 00000000 		.4byte	0
 1491 0024 00000000 		.4byte	0
 1492              		.section	.debug_line,"",%progbits
 1493              	.Ldebug_line0:
 1494 0000 5B020000 		.section	.debug_str,"MS",%progbits,1
 1494      0200D301 
 1494      00000201 
 1494      FB0E0D00 
 1494      01010101 
 1495              	.LASF36:
 1496 0000 67657444 		.ascii	"getDummyValue\000"
 1496      756D6D79 
 1496      56616C75 
 1496      6500
 1497              	.LASF19:
 1498 000e 76616C75 		.ascii	"value\000"
ARM GAS  C:\Users\karthik\AppData\Local\Temp\ccE3npYv.s 			page 29


 1498      6500
 1499              	.LASF6:
 1500 0014 5F5F696E 		.ascii	"__int32_t\000"
 1500      7433325F 
 1500      7400
 1501              	.LASF18:
 1502 001e 6E616D65 		.ascii	"name\000"
 1502      00
 1503              	.LASF26:
 1504 0023 6C667372 		.ascii	"lfsr\000"
 1504      00
 1505              	.LASF0:
 1506 0028 666C6F61 		.ascii	"float\000"
 1506      7400
 1507              	.LASF34:
 1508 002e 433A5C49 		.ascii	"C:\\IIITB\\Summer Term\\Summer Term\\Structures\\St"
 1508      49495442 
 1508      5C53756D 
 1508      6D657220 
 1508      5465726D 
 1509 005c 72756374 		.ascii	"ruct_with_3_sensors.cydsn\000"
 1509      5F776974 
 1509      685F335F 
 1509      73656E73 
 1509      6F72732E 
 1510              	.LASF2:
 1511 0076 756E7369 		.ascii	"unsigned char\000"
 1511      676E6564 
 1511      20636861 
 1511      7200
 1512              	.LASF32:
 1513 0084 474E5520 		.ascii	"GNU C11 5.4.1 20160609 (release) [ARM/embedded-5-br"
 1513      43313120 
 1513      352E342E 
 1513      31203230 
 1513      31363036 
 1514 00b7 616E6368 		.ascii	"anch revision 237715] -mcpu=cortex-m3 -mthumb -g -O"
 1514      20726576 
 1514      6973696F 
 1514      6E203233 
 1514      37373135 
 1515 00ea 67202D66 		.ascii	"g -ffunction-sections -ffat-lto-objects\000"
 1515      66756E63 
 1515      74696F6E 
 1515      2D736563 
 1515      74696F6E 
 1516              	.LASF8:
 1517 0112 6C6F6E67 		.ascii	"long unsigned int\000"
 1517      20756E73 
 1517      69676E65 
 1517      6420696E 
 1517      7400
 1518              	.LASF4:
 1519 0124 73686F72 		.ascii	"short unsigned int\000"
 1519      7420756E 
 1519      7369676E 
 1519      65642069 
ARM GAS  C:\Users\karthik\AppData\Local\Temp\ccE3npYv.s 			page 30


 1519      6E7400
 1520              	.LASF31:
 1521 0137 55415254 		.ascii	"UART_Start\000"
 1521      5F537461 
 1521      727400
 1522              	.LASF25:
 1523 0142 49544D5F 		.ascii	"ITM_RxBuffer\000"
 1523      52784275 
 1523      66666572 
 1523      00
 1524              	.LASF5:
 1525 014f 5F5F7569 		.ascii	"__uint16_t\000"
 1525      6E743136 
 1525      5F7400
 1526              	.LASF14:
 1527 015a 646F7562 		.ascii	"double\000"
 1527      6C6500
 1528              	.LASF27:
 1529 0161 73747263 		.ascii	"strcmp\000"
 1529      6D7000
 1530              	.LASF38:
 1531 0168 6D61696E 		.ascii	"main\000"
 1531      00
 1532              	.LASF11:
 1533 016d 756E7369 		.ascii	"unsigned int\000"
 1533      676E6564 
 1533      20696E74 
 1533      00
 1534              	.LASF10:
 1535 017a 6C6F6E67 		.ascii	"long long unsigned int\000"
 1535      206C6F6E 
 1535      6720756E 
 1535      7369676E 
 1535      65642069 
 1536              	.LASF20:
 1537 0191 756E6974 		.ascii	"unit\000"
 1537      00
 1538              	.LASF28:
 1539 0196 73707269 		.ascii	"sprintf\000"
 1539      6E746600 
 1540              	.LASF13:
 1541 019e 696E7433 		.ascii	"int32_t\000"
 1541      325F7400 
 1542              	.LASF17:
 1543 01a6 73697A65 		.ascii	"sizetype\000"
 1543      74797065 
 1543      00
 1544              	.LASF21:
 1545 01af 53656E73 		.ascii	"Sensor\000"
 1545      6F7200
 1546              	.LASF9:
 1547 01b6 6C6F6E67 		.ascii	"long long int\000"
 1547      206C6F6E 
 1547      6720696E 
 1547      7400
 1548              	.LASF23:
 1549 01c4 7363616C 		.ascii	"scaled\000"
ARM GAS  C:\Users\karthik\AppData\Local\Temp\ccE3npYv.s 			page 31


 1549      656400
 1550              	.LASF33:
 1551 01cb 6D61696E 		.ascii	"main.c\000"
 1551      2E6300
 1552              	.LASF15:
 1553 01d2 63686172 		.ascii	"char\000"
 1553      00
 1554              	.LASF39:
 1555 01d7 6D656D63 		.ascii	"memcpy\000"
 1555      707900
 1556              	.LASF3:
 1557 01de 73686F72 		.ascii	"short int\000"
 1557      7420696E 
 1557      7400
 1558              	.LASF22:
 1559 01e8 62756666 		.ascii	"buffer\000"
 1559      657200
 1560              	.LASF12:
 1561 01ef 75696E74 		.ascii	"uint16_t\000"
 1561      31365F74 
 1561      00
 1562              	.LASF7:
 1563 01f8 6C6F6E67 		.ascii	"long int\000"
 1563      20696E74 
 1563      00
 1564              	.LASF37:
 1565 0201 73656E64 		.ascii	"sendFormattedLineInt\000"
 1565      466F726D 
 1565      61747465 
 1565      644C696E 
 1565      65496E74 
 1566              	.LASF16:
 1567 0216 6C6F6E67 		.ascii	"long double\000"
 1567      20646F75 
 1567      626C6500 
 1568              	.LASF1:
 1569 0222 7369676E 		.ascii	"signed char\000"
 1569      65642063 
 1569      68617200 
 1570              	.LASF29:
 1571 022e 55415254 		.ascii	"UART_PutString\000"
 1571      5F507574 
 1571      53747269 
 1571      6E6700
 1572              	.LASF35:
 1573 023d 67657450 		.ascii	"getPseudoRandom\000"
 1573      73657564 
 1573      6F52616E 
 1573      646F6D00 
 1574              	.LASF30:
 1575 024d 43794465 		.ascii	"CyDelay\000"
 1575      6C617900 
 1576              	.LASF24:
 1577 0255 73656E73 		.ascii	"sensors\000"
 1577      6F727300 
 1578              		.ident	"GCC: (GNU Tools for ARM Embedded Processors) 5.4.1 20160609 (release) [ARM/embedded-5-bran
